[21.912s] DEBUG:colcon:Command line arguments: ['/usr/bin/colcon', 'build', '--packages-select', 'my_py_pkg', '--symlink-install']
[21.912s] DEBUG:colcon:Parsed command line arguments: Namespace(allow_overriding=[], ament_cmake_args=None, base_paths=['.'], build_base='build', catkin_cmake_args=None, catkin_skip_building_tests=False, cmake_args=None, cmake_clean_cache=False, cmake_clean_first=False, cmake_force_configure=False, cmake_target=None, cmake_target_skip_unavailable=False, continue_on_error=False, event_handlers=None, executor='parallel', ignore_user_meta=False, install_base='install', log_base=None, log_level=None, main=<bound method BuildVerb.main of <colcon_core.verb.build.BuildVerb object at 0x7f86949f5610>>, merge_install=False, metas=['./colcon.meta'], packages_above=None, packages_above_and_dependencies=None, packages_above_depth=None, packages_end=None, packages_ignore=None, packages_ignore_regex=None, packages_select=['my_py_pkg'], packages_select_build_failed=False, packages_select_by_dep=None, packages_select_regex=None, packages_select_test_failures=False, packages_skip=None, packages_skip_build_finished=False, packages_skip_by_dep=None, packages_skip_regex=None, packages_skip_test_passed=False, packages_skip_up_to=None, packages_start=None, packages_up_to=None, packages_up_to_regex=None, parallel_workers=8, paths=None, symlink_install=True, test_result_base=None, verb_extension=<colcon_core.verb.build.BuildVerb object at 0x7f86949f5610>, verb_name='build', verb_parser=<colcon_defaults.argument_parser.defaults.DefaultArgumentsDecorator object at 0x7f86949ec4f0>)
[22.771s] Level 1:colcon.colcon_core.package_discovery:discover_packages(colcon_meta) check parameters
[22.771s] Level 1:colcon.colcon_core.package_discovery:discover_packages(recursive) check parameters
[22.771s] Level 1:colcon.colcon_core.package_discovery:discover_packages(ignore) check parameters
[22.771s] Level 1:colcon.colcon_core.package_discovery:discover_packages(path) check parameters
[22.771s] Level 1:colcon.colcon_core.package_discovery:discover_packages(colcon_meta) discover
[22.771s] Level 1:colcon.colcon_core.package_discovery:discover_packages(recursive) discover
[22.771s] INFO:colcon.colcon_core.package_discovery:Crawling recursively for packages in '/home/alper/ros2_ws'
[22.771s] Level 1:colcon.colcon_core.package_identification:_identify(.) by extensions ['ignore', 'ignore_ament_install']
[22.772s] Level 1:colcon.colcon_core.package_identification:_identify(.) by extension 'ignore'
[22.772s] Level 1:colcon.colcon_core.package_identification:_identify(.) by extension 'ignore_ament_install'
[22.772s] Level 1:colcon.colcon_core.package_identification:_identify(.) by extensions ['colcon_pkg']
[22.772s] Level 1:colcon.colcon_core.package_identification:_identify(.) by extension 'colcon_pkg'
[22.772s] Level 1:colcon.colcon_core.package_identification:_identify(.) by extensions ['colcon_meta']
[22.772s] Level 1:colcon.colcon_core.package_identification:_identify(.) by extension 'colcon_meta'
[22.772s] Level 1:colcon.colcon_core.package_identification:_identify(.) by extensions ['ros']
[22.772s] Level 1:colcon.colcon_core.package_identification:_identify(.) by extension 'ros'
[22.794s] Level 1:colcon.colcon_core.package_identification:_identify(.) by extensions ['cmake', 'python']
[22.794s] Level 1:colcon.colcon_core.package_identification:_identify(.) by extension 'cmake'
[22.794s] Level 1:colcon.colcon_core.package_identification:_identify(.) by extension 'python'
[22.794s] Level 1:colcon.colcon_core.package_identification:_identify(.) by extensions ['python_setup_py']
[22.794s] Level 1:colcon.colcon_core.package_identification:_identify(.) by extension 'python_setup_py'
[22.794s] Level 1:colcon.colcon_core.package_identification:_identify(build) by extensions ['ignore', 'ignore_ament_install']
[22.795s] Level 1:colcon.colcon_core.package_identification:_identify(build) by extension 'ignore'
[22.795s] Level 1:colcon.colcon_core.package_identification:_identify(build) ignored
[22.795s] Level 1:colcon.colcon_core.package_identification:_identify(install) by extensions ['ignore', 'ignore_ament_install']
[22.795s] Level 1:colcon.colcon_core.package_identification:_identify(install) by extension 'ignore'
[22.795s] Level 1:colcon.colcon_core.package_identification:_identify(install) ignored
[22.795s] Level 1:colcon.colcon_core.package_identification:_identify(log) by extensions ['ignore', 'ignore_ament_install']
[22.795s] Level 1:colcon.colcon_core.package_identification:_identify(log) by extension 'ignore'
[22.795s] Level 1:colcon.colcon_core.package_identification:_identify(log) ignored
[22.796s] Level 1:colcon.colcon_core.package_identification:_identify(src) by extensions ['ignore', 'ignore_ament_install']
[22.796s] Level 1:colcon.colcon_core.package_identification:_identify(src) by extension 'ignore'
[22.796s] Level 1:colcon.colcon_core.package_identification:_identify(src) by extension 'ignore_ament_install'
[22.796s] Level 1:colcon.colcon_core.package_identification:_identify(src) by extensions ['colcon_pkg']
[22.796s] Level 1:colcon.colcon_core.package_identification:_identify(src) by extension 'colcon_pkg'
[22.796s] Level 1:colcon.colcon_core.package_identification:_identify(src) by extensions ['colcon_meta']
[22.796s] Level 1:colcon.colcon_core.package_identification:_identify(src) by extension 'colcon_meta'
[22.796s] Level 1:colcon.colcon_core.package_identification:_identify(src) by extensions ['ros']
[22.796s] Level 1:colcon.colcon_core.package_identification:_identify(src) by extension 'ros'
[22.797s] Level 1:colcon.colcon_core.package_identification:_identify(src) by extensions ['cmake', 'python']
[22.797s] Level 1:colcon.colcon_core.package_identification:_identify(src) by extension 'cmake'
[22.797s] Level 1:colcon.colcon_core.package_identification:_identify(src) by extension 'python'
[22.797s] Level 1:colcon.colcon_core.package_identification:_identify(src) by extensions ['python_setup_py']
[22.797s] Level 1:colcon.colcon_core.package_identification:_identify(src) by extension 'python_setup_py'
[22.797s] Level 1:colcon.colcon_core.package_identification:_identify(src/my_py_pkg) by extensions ['ignore', 'ignore_ament_install']
[22.798s] Level 1:colcon.colcon_core.package_identification:_identify(src/my_py_pkg) by extension 'ignore'
[22.798s] Level 1:colcon.colcon_core.package_identification:_identify(src/my_py_pkg) by extension 'ignore_ament_install'
[22.798s] Level 1:colcon.colcon_core.package_identification:_identify(src/my_py_pkg) by extensions ['colcon_pkg']
[22.798s] Level 1:colcon.colcon_core.package_identification:_identify(src/my_py_pkg) by extension 'colcon_pkg'
[22.798s] Level 1:colcon.colcon_core.package_identification:_identify(src/my_py_pkg) by extensions ['colcon_meta']
[22.798s] Level 1:colcon.colcon_core.package_identification:_identify(src/my_py_pkg) by extension 'colcon_meta'
[22.798s] Level 1:colcon.colcon_core.package_identification:_identify(src/my_py_pkg) by extensions ['ros']
[22.798s] Level 1:colcon.colcon_core.package_identification:_identify(src/my_py_pkg) by extension 'ros'
[22.804s] DEBUG:colcon.colcon_core.package_identification:Package 'src/my_py_pkg' with type 'ros.ament_python' and name 'my_py_pkg'
[22.804s] Level 1:colcon.colcon_core.package_discovery:discover_packages(recursive) using defaults
[22.804s] Level 1:colcon.colcon_core.package_discovery:discover_packages(ignore) discover
[22.804s] Level 1:colcon.colcon_core.package_discovery:discover_packages(ignore) using defaults
[22.804s] Level 1:colcon.colcon_core.package_discovery:discover_packages(path) discover
[22.804s] Level 1:colcon.colcon_core.package_discovery:discover_packages(path) using defaults
[24.818s] Level 1:colcon.colcon_core.package_discovery:discover_packages(prefix_path) check parameters
[24.818s] Level 1:colcon.colcon_core.package_discovery:discover_packages(prefix_path) discover
[25.650s] DEBUG:colcon.colcon_installed_package_information.package_discovery:Found 1 installed packages in /home/alper/ros2_ws/install
[26.052s] DEBUG:colcon.colcon_installed_package_information.package_discovery:Found 263 installed packages in /opt/ros/foxy
[26.055s] Level 1:colcon.colcon_core.package_discovery:discover_packages(prefix_path) using defaults
[26.966s] Level 5:colcon.colcon_core.verb:set package 'my_py_pkg' build argument 'cmake_args' from command line to 'None'
[26.967s] Level 5:colcon.colcon_core.verb:set package 'my_py_pkg' build argument 'cmake_target' from command line to 'None'
[26.967s] Level 5:colcon.colcon_core.verb:set package 'my_py_pkg' build argument 'cmake_target_skip_unavailable' from command line to 'False'
[26.967s] Level 5:colcon.colcon_core.verb:set package 'my_py_pkg' build argument 'cmake_clean_cache' from command line to 'False'
[26.967s] Level 5:colcon.colcon_core.verb:set package 'my_py_pkg' build argument 'cmake_clean_first' from command line to 'False'
[26.967s] Level 5:colcon.colcon_core.verb:set package 'my_py_pkg' build argument 'cmake_force_configure' from command line to 'False'
[26.967s] Level 5:colcon.colcon_core.verb:set package 'my_py_pkg' build argument 'ament_cmake_args' from command line to 'None'
[26.967s] Level 5:colcon.colcon_core.verb:set package 'my_py_pkg' build argument 'catkin_cmake_args' from command line to 'None'
[26.967s] Level 5:colcon.colcon_core.verb:set package 'my_py_pkg' build argument 'catkin_skip_building_tests' from command line to 'False'
[26.967s] DEBUG:colcon.colcon_core.verb:Building package 'my_py_pkg' with the following arguments: {'ament_cmake_args': None, 'build_base': '/home/alper/ros2_ws/build/my_py_pkg', 'catkin_cmake_args': None, 'catkin_skip_building_tests': False, 'cmake_args': None, 'cmake_clean_cache': False, 'cmake_clean_first': False, 'cmake_force_configure': False, 'cmake_target': None, 'cmake_target_skip_unavailable': False, 'install_base': '/home/alper/ros2_ws/install/my_py_pkg', 'merge_install': False, 'path': '/home/alper/ros2_ws/src/my_py_pkg', 'symlink_install': True, 'test_result_base': None}
[27.386s] INFO:colcon.colcon_core.executor:Executing jobs using 'parallel' executor
[27.777s] DEBUG:colcon.colcon_parallel_executor.executor.parallel:run_until_complete
[27.778s] INFO:colcon.colcon_ros.task.ament_python.build:Building ROS package in '/home/alper/ros2_ws/src/my_py_pkg' with build type 'ament_python'
[27.778s] Level 1:colcon.colcon_core.shell:create_environment_hook('my_py_pkg', 'ament_prefix_path')
[28.165s] INFO:colcon.colcon_core.plugin_system:Skipping extension 'colcon_core.shell.bat': Not used on non-Windows systems
[28.165s] INFO:colcon.colcon_core.shell:Creating environment hook '/home/alper/ros2_ws/install/my_py_pkg/share/my_py_pkg/hook/ament_prefix_path.ps1'
[28.167s] INFO:colcon.colcon_core.shell:Creating environment descriptor '/home/alper/ros2_ws/install/my_py_pkg/share/my_py_pkg/hook/ament_prefix_path.dsv'
[28.168s] INFO:colcon.colcon_core.shell:Creating environment hook '/home/alper/ros2_ws/install/my_py_pkg/share/my_py_pkg/hook/ament_prefix_path.sh'
[28.569s] INFO:colcon.colcon_core.shell:Skip shell extension 'powershell' for command environment: Not usable outside of PowerShell
[28.570s] DEBUG:colcon.colcon_core.shell:Skip shell extension 'dsv' for command environment
[30.385s] INFO:colcon.colcon_core.task.python.build:Building Python package in '/home/alper/ros2_ws/src/my_py_pkg'
[30.793s] INFO:colcon.colcon_core.shell:Skip shell extension 'powershell' for command environment: Not usable outside of PowerShell
[30.793s] DEBUG:colcon.colcon_core.shell:Skip shell extension 'dsv' for command environment
[33.004s] DEBUG:colcon.colcon_core.event_handler.log_command:Invoking command in '/home/alper/ros2_ws/build/my_py_pkg': PYTHONPATH=/home/alper/ros2_ws/build/my_py_pkg/prefix_override:/home/alper/ros2_ws/install/my_py_pkg/lib/python3.8/site-packages:${PYTHONPATH} /usr/bin/python3 setup.py develop --editable --build-directory /home/alper/ros2_ws/build/my_py_pkg/build --no-deps install_data
[34.250s] Level 1:colcon.colcon_core.shell:create_environment_hook('my_py_pkg', 'pythonpath_develop')
[34.251s] DEBUG:colcon.colcon_core.event_handler.log_command:Invoked command in '/home/alper/ros2_ws/build/my_py_pkg' returned '0': PYTHONPATH=/home/alper/ros2_ws/build/my_py_pkg/prefix_override:/home/alper/ros2_ws/install/my_py_pkg/lib/python3.8/site-packages:${PYTHONPATH} /usr/bin/python3 setup.py develop --editable --build-directory /home/alper/ros2_ws/build/my_py_pkg/build --no-deps install_data
[34.660s] INFO:colcon.colcon_core.shell:Creating environment hook '/home/alper/ros2_ws/build/my_py_pkg/share/my_py_pkg/hook/pythonpath_develop.ps1'
[34.660s] INFO:colcon.colcon_core.shell:Creating environment descriptor '/home/alper/ros2_ws/build/my_py_pkg/share/my_py_pkg/hook/pythonpath_develop.dsv'
[34.661s] INFO:colcon.colcon_core.shell:Creating environment hook '/home/alper/ros2_ws/build/my_py_pkg/share/my_py_pkg/hook/pythonpath_develop.sh'
[35.065s] Level 1:colcon.colcon_core.environment:checking '/home/alper/ros2_ws/install/my_py_pkg' for CMake module files
[35.066s] Level 1:colcon.colcon_core.environment:checking '/home/alper/ros2_ws/install/my_py_pkg' for CMake config files
[35.068s] Level 1:colcon.colcon_core.environment:checking '/home/alper/ros2_ws/install/my_py_pkg/lib'
[35.068s] Level 1:colcon.colcon_core.environment:checking '/home/alper/ros2_ws/install/my_py_pkg/bin'
[35.068s] Level 1:colcon.colcon_core.environment:checking '/home/alper/ros2_ws/install/my_py_pkg/lib/pkgconfig/my_py_pkg.pc'
[35.069s] Level 1:colcon.colcon_core.environment:checking '/home/alper/ros2_ws/install/my_py_pkg/lib/python3.8/site-packages'
[35.069s] Level 1:colcon.colcon_core.shell:create_environment_hook('my_py_pkg', 'pythonpath')
[35.489s] INFO:colcon.colcon_core.shell:Creating environment hook '/home/alper/ros2_ws/install/my_py_pkg/share/my_py_pkg/hook/pythonpath.ps1'
[35.489s] INFO:colcon.colcon_core.shell:Creating environment descriptor '/home/alper/ros2_ws/install/my_py_pkg/share/my_py_pkg/hook/pythonpath.dsv'
[35.490s] INFO:colcon.colcon_core.shell:Creating environment hook '/home/alper/ros2_ws/install/my_py_pkg/share/my_py_pkg/hook/pythonpath.sh'
[35.491s] Level 1:colcon.colcon_core.environment:checking '/home/alper/ros2_ws/install/my_py_pkg/bin'
[35.491s] Level 1:colcon.colcon_core.environment:create_environment_scripts_only(my_py_pkg)
[35.908s] INFO:colcon.colcon_core.shell:Creating package script '/home/alper/ros2_ws/install/my_py_pkg/share/my_py_pkg/package.ps1'
[35.910s] INFO:colcon.colcon_core.shell:Creating package descriptor '/home/alper/ros2_ws/install/my_py_pkg/share/my_py_pkg/package.dsv'
[35.912s] INFO:colcon.colcon_core.shell:Creating package script '/home/alper/ros2_ws/install/my_py_pkg/share/my_py_pkg/package.sh'
[35.914s] INFO:colcon.colcon_core.shell:Creating package script '/home/alper/ros2_ws/install/my_py_pkg/share/my_py_pkg/package.bash'
[35.916s] INFO:colcon.colcon_core.shell:Creating package script '/home/alper/ros2_ws/install/my_py_pkg/share/my_py_pkg/package.zsh'
[35.918s] Level 1:colcon.colcon_core.environment:create_file_with_runtime_dependencies(/home/alper/ros2_ws/install/my_py_pkg/share/colcon-core/packages/my_py_pkg)
[35.919s] DEBUG:colcon.colcon_parallel_executor.executor.parallel:closing loop
[35.919s] DEBUG:colcon.colcon_parallel_executor.executor.parallel:loop closed
[35.919s] DEBUG:colcon.colcon_parallel_executor.executor.parallel:run_until_complete finished with '0'
[35.919s] DEBUG:colcon.colcon_core.event_reactor:joining thread
[36.348s] INFO:colcon.colcon_core.plugin_system:Skipping extension 'colcon_notification.desktop_notification.terminal_notifier': Not used on non-Darwin systems
[36.348s] INFO:colcon.colcon_core.plugin_system:Skipping extension 'colcon_notification.desktop_notification.win32': Not used on non-Windows systems
[36.349s] INFO:colcon.colcon_notification.desktop_notification:Sending desktop notification using 'notify2'
[36.366s] DEBUG:colcon.colcon_core.event_reactor:joined thread
[36.808s] INFO:colcon.colcon_core.shell:Creating prefix script '/home/alper/ros2_ws/install/local_setup.ps1'
[36.809s] INFO:colcon.colcon_core.shell:Creating prefix util module '/home/alper/ros2_ws/install/_local_setup_util_ps1.py'
[36.812s] INFO:colcon.colcon_core.shell:Creating prefix chain script '/home/alper/ros2_ws/install/setup.ps1'
[37.226s] INFO:colcon.colcon_core.shell:Creating prefix script '/home/alper/ros2_ws/install/local_setup.sh'
[37.228s] INFO:colcon.colcon_core.shell:Creating prefix util module '/home/alper/ros2_ws/install/_local_setup_util_sh.py'
[37.229s] INFO:colcon.colcon_core.shell:Creating prefix chain script '/home/alper/ros2_ws/install/setup.sh'
[37.628s] INFO:colcon.colcon_core.shell:Creating prefix script '/home/alper/ros2_ws/install/local_setup.bash'
[37.629s] INFO:colcon.colcon_core.shell:Creating prefix chain script '/home/alper/ros2_ws/install/setup.bash'
[38.032s] INFO:colcon.colcon_core.shell:Creating prefix script '/home/alper/ros2_ws/install/local_setup.zsh'
[38.033s] INFO:colcon.colcon_core.shell:Creating prefix chain script '/home/alper/ros2_ws/install/setup.zsh'
