[18.455s] DEBUG:colcon:Command line arguments: ['/usr/bin/colcon', 'build', '--packages-select', 'my_robot_bringup', '--symlink-install']
[18.456s] DEBUG:colcon:Parsed command line arguments: Namespace(allow_overriding=[], ament_cmake_args=None, base_paths=['.'], build_base='build', catkin_cmake_args=None, catkin_skip_building_tests=False, cmake_args=None, cmake_clean_cache=False, cmake_clean_first=False, cmake_force_configure=False, cmake_target=None, cmake_target_skip_unavailable=False, continue_on_error=False, event_handlers=None, executor='parallel', ignore_user_meta=False, install_base='install', log_base=None, log_level=None, main=<bound method BuildVerb.main of <colcon_core.verb.build.BuildVerb object at 0x7f0cb935f910>>, merge_install=False, metas=['./colcon.meta'], packages_above=None, packages_above_and_dependencies=None, packages_above_depth=None, packages_end=None, packages_ignore=None, packages_ignore_regex=None, packages_select=['my_robot_bringup'], packages_select_build_failed=False, packages_select_by_dep=None, packages_select_regex=None, packages_select_test_failures=False, packages_skip=None, packages_skip_build_finished=False, packages_skip_by_dep=None, packages_skip_regex=None, packages_skip_test_passed=False, packages_skip_up_to=None, packages_start=None, packages_up_to=None, packages_up_to_regex=None, parallel_workers=8, paths=None, symlink_install=True, test_result_base=None, verb_extension=<colcon_core.verb.build.BuildVerb object at 0x7f0cb935f910>, verb_name='build', verb_parser=<colcon_defaults.argument_parser.defaults.DefaultArgumentsDecorator object at 0x7f0cb935c910>)
[19.165s] Level 1:colcon.colcon_core.package_discovery:discover_packages(colcon_meta) check parameters
[19.165s] Level 1:colcon.colcon_core.package_discovery:discover_packages(recursive) check parameters
[19.165s] Level 1:colcon.colcon_core.package_discovery:discover_packages(ignore) check parameters
[19.166s] Level 1:colcon.colcon_core.package_discovery:discover_packages(path) check parameters
[19.166s] Level 1:colcon.colcon_core.package_discovery:discover_packages(colcon_meta) discover
[19.166s] Level 1:colcon.colcon_core.package_discovery:discover_packages(recursive) discover
[19.166s] INFO:colcon.colcon_core.package_discovery:Crawling recursively for packages in '/home/alper/ros2_ws'
[19.166s] Level 1:colcon.colcon_core.package_identification:_identify(.) by extensions ['ignore', 'ignore_ament_install']
[19.166s] Level 1:colcon.colcon_core.package_identification:_identify(.) by extension 'ignore'
[19.166s] Level 1:colcon.colcon_core.package_identification:_identify(.) by extension 'ignore_ament_install'
[19.166s] Level 1:colcon.colcon_core.package_identification:_identify(.) by extensions ['colcon_pkg']
[19.166s] Level 1:colcon.colcon_core.package_identification:_identify(.) by extension 'colcon_pkg'
[19.166s] Level 1:colcon.colcon_core.package_identification:_identify(.) by extensions ['colcon_meta']
[19.166s] Level 1:colcon.colcon_core.package_identification:_identify(.) by extension 'colcon_meta'
[19.166s] Level 1:colcon.colcon_core.package_identification:_identify(.) by extensions ['ros']
[19.167s] Level 1:colcon.colcon_core.package_identification:_identify(.) by extension 'ros'
[19.185s] Level 1:colcon.colcon_core.package_identification:_identify(.) by extensions ['cmake', 'python']
[19.185s] Level 1:colcon.colcon_core.package_identification:_identify(.) by extension 'cmake'
[19.185s] Level 1:colcon.colcon_core.package_identification:_identify(.) by extension 'python'
[19.185s] Level 1:colcon.colcon_core.package_identification:_identify(.) by extensions ['python_setup_py']
[19.185s] Level 1:colcon.colcon_core.package_identification:_identify(.) by extension 'python_setup_py'
[19.185s] Level 1:colcon.colcon_core.package_identification:_identify(build) by extensions ['ignore', 'ignore_ament_install']
[19.186s] Level 1:colcon.colcon_core.package_identification:_identify(build) by extension 'ignore'
[19.186s] Level 1:colcon.colcon_core.package_identification:_identify(build) ignored
[19.186s] Level 1:colcon.colcon_core.package_identification:_identify(install) by extensions ['ignore', 'ignore_ament_install']
[19.186s] Level 1:colcon.colcon_core.package_identification:_identify(install) by extension 'ignore'
[19.186s] Level 1:colcon.colcon_core.package_identification:_identify(install) ignored
[19.186s] Level 1:colcon.colcon_core.package_identification:_identify(log) by extensions ['ignore', 'ignore_ament_install']
[19.186s] Level 1:colcon.colcon_core.package_identification:_identify(log) by extension 'ignore'
[19.186s] Level 1:colcon.colcon_core.package_identification:_identify(log) ignored
[19.186s] Level 1:colcon.colcon_core.package_identification:_identify(src) by extensions ['ignore', 'ignore_ament_install']
[19.187s] Level 1:colcon.colcon_core.package_identification:_identify(src) by extension 'ignore'
[19.187s] Level 1:colcon.colcon_core.package_identification:_identify(src) by extension 'ignore_ament_install'
[19.187s] Level 1:colcon.colcon_core.package_identification:_identify(src) by extensions ['colcon_pkg']
[19.187s] Level 1:colcon.colcon_core.package_identification:_identify(src) by extension 'colcon_pkg'
[19.187s] Level 1:colcon.colcon_core.package_identification:_identify(src) by extensions ['colcon_meta']
[19.187s] Level 1:colcon.colcon_core.package_identification:_identify(src) by extension 'colcon_meta'
[19.187s] Level 1:colcon.colcon_core.package_identification:_identify(src) by extensions ['ros']
[19.187s] Level 1:colcon.colcon_core.package_identification:_identify(src) by extension 'ros'
[19.187s] Level 1:colcon.colcon_core.package_identification:_identify(src) by extensions ['cmake', 'python']
[19.187s] Level 1:colcon.colcon_core.package_identification:_identify(src) by extension 'cmake'
[19.187s] Level 1:colcon.colcon_core.package_identification:_identify(src) by extension 'python'
[19.187s] Level 1:colcon.colcon_core.package_identification:_identify(src) by extensions ['python_setup_py']
[19.187s] Level 1:colcon.colcon_core.package_identification:_identify(src) by extension 'python_setup_py'
[19.188s] Level 1:colcon.colcon_core.package_identification:_identify(src/my_py_pkg) by extensions ['ignore', 'ignore_ament_install']
[19.188s] Level 1:colcon.colcon_core.package_identification:_identify(src/my_py_pkg) by extension 'ignore'
[19.188s] Level 1:colcon.colcon_core.package_identification:_identify(src/my_py_pkg) by extension 'ignore_ament_install'
[19.188s] Level 1:colcon.colcon_core.package_identification:_identify(src/my_py_pkg) by extensions ['colcon_pkg']
[19.188s] Level 1:colcon.colcon_core.package_identification:_identify(src/my_py_pkg) by extension 'colcon_pkg'
[19.188s] Level 1:colcon.colcon_core.package_identification:_identify(src/my_py_pkg) by extensions ['colcon_meta']
[19.188s] Level 1:colcon.colcon_core.package_identification:_identify(src/my_py_pkg) by extension 'colcon_meta'
[19.188s] Level 1:colcon.colcon_core.package_identification:_identify(src/my_py_pkg) by extensions ['ros']
[19.188s] Level 1:colcon.colcon_core.package_identification:_identify(src/my_py_pkg) by extension 'ros'
[19.193s] DEBUG:colcon.colcon_core.package_identification:Package 'src/my_py_pkg' with type 'ros.ament_python' and name 'my_py_pkg'
[19.194s] Level 1:colcon.colcon_core.package_identification:_identify(src/my_robot_bringup) by extensions ['ignore', 'ignore_ament_install']
[19.194s] Level 1:colcon.colcon_core.package_identification:_identify(src/my_robot_bringup) by extension 'ignore'
[19.194s] Level 1:colcon.colcon_core.package_identification:_identify(src/my_robot_bringup) by extension 'ignore_ament_install'
[19.194s] Level 1:colcon.colcon_core.package_identification:_identify(src/my_robot_bringup) by extensions ['colcon_pkg']
[19.194s] Level 1:colcon.colcon_core.package_identification:_identify(src/my_robot_bringup) by extension 'colcon_pkg'
[19.194s] Level 1:colcon.colcon_core.package_identification:_identify(src/my_robot_bringup) by extensions ['colcon_meta']
[19.194s] Level 1:colcon.colcon_core.package_identification:_identify(src/my_robot_bringup) by extension 'colcon_meta'
[19.194s] Level 1:colcon.colcon_core.package_identification:_identify(src/my_robot_bringup) by extensions ['ros']
[19.194s] Level 1:colcon.colcon_core.package_identification:_identify(src/my_robot_bringup) by extension 'ros'
[19.195s] DEBUG:colcon.colcon_core.package_identification:Package 'src/my_robot_bringup' with type 'ros.ament_cmake' and name 'my_robot_bringup'
[19.195s] Level 1:colcon.colcon_core.package_identification:_identify(src/my_robot_interfaces) by extensions ['ignore', 'ignore_ament_install']
[19.195s] Level 1:colcon.colcon_core.package_identification:_identify(src/my_robot_interfaces) by extension 'ignore'
[19.196s] Level 1:colcon.colcon_core.package_identification:_identify(src/my_robot_interfaces) by extension 'ignore_ament_install'
[19.196s] Level 1:colcon.colcon_core.package_identification:_identify(src/my_robot_interfaces) by extensions ['colcon_pkg']
[19.196s] Level 1:colcon.colcon_core.package_identification:_identify(src/my_robot_interfaces) by extension 'colcon_pkg'
[19.196s] Level 1:colcon.colcon_core.package_identification:_identify(src/my_robot_interfaces) by extensions ['colcon_meta']
[19.196s] Level 1:colcon.colcon_core.package_identification:_identify(src/my_robot_interfaces) by extension 'colcon_meta'
[19.196s] Level 1:colcon.colcon_core.package_identification:_identify(src/my_robot_interfaces) by extensions ['ros']
[19.196s] Level 1:colcon.colcon_core.package_identification:_identify(src/my_robot_interfaces) by extension 'ros'
[19.197s] DEBUG:colcon.colcon_core.package_identification:Package 'src/my_robot_interfaces' with type 'ros.ament_cmake' and name 'my_robot_interfaces'
[19.197s] Level 1:colcon.colcon_core.package_discovery:discover_packages(recursive) using defaults
[19.197s] Level 1:colcon.colcon_core.package_discovery:discover_packages(ignore) discover
[19.197s] Level 1:colcon.colcon_core.package_discovery:discover_packages(ignore) using defaults
[19.197s] Level 1:colcon.colcon_core.package_discovery:discover_packages(path) discover
[19.197s] Level 1:colcon.colcon_core.package_discovery:discover_packages(path) using defaults
[20.229s] INFO:colcon.colcon_core.package_selection:Skipping not selected package 'my_robot_interfaces' in 'src/my_robot_interfaces'
[20.229s] INFO:colcon.colcon_core.package_selection:Skipping not selected package 'my_py_pkg' in 'src/my_py_pkg'
[20.906s] Level 1:colcon.colcon_core.package_discovery:discover_packages(prefix_path) check parameters
[20.906s] Level 1:colcon.colcon_core.package_discovery:discover_packages(prefix_path) discover
[21.588s] DEBUG:colcon.colcon_installed_package_information.package_discovery:Found 3 installed packages in /home/alper/ros2_ws/install
[21.923s] DEBUG:colcon.colcon_installed_package_information.package_discovery:Found 263 installed packages in /opt/ros/foxy
[21.926s] Level 1:colcon.colcon_core.package_discovery:discover_packages(prefix_path) using defaults
[22.714s] Level 5:colcon.colcon_core.verb:set package 'my_robot_bringup' build argument 'cmake_args' from command line to 'None'
[22.714s] Level 5:colcon.colcon_core.verb:set package 'my_robot_bringup' build argument 'cmake_target' from command line to 'None'
[22.714s] Level 5:colcon.colcon_core.verb:set package 'my_robot_bringup' build argument 'cmake_target_skip_unavailable' from command line to 'False'
[22.714s] Level 5:colcon.colcon_core.verb:set package 'my_robot_bringup' build argument 'cmake_clean_cache' from command line to 'False'
[22.714s] Level 5:colcon.colcon_core.verb:set package 'my_robot_bringup' build argument 'cmake_clean_first' from command line to 'False'
[22.714s] Level 5:colcon.colcon_core.verb:set package 'my_robot_bringup' build argument 'cmake_force_configure' from command line to 'False'
[22.714s] Level 5:colcon.colcon_core.verb:set package 'my_robot_bringup' build argument 'ament_cmake_args' from command line to 'None'
[22.714s] Level 5:colcon.colcon_core.verb:set package 'my_robot_bringup' build argument 'catkin_cmake_args' from command line to 'None'
[22.714s] Level 5:colcon.colcon_core.verb:set package 'my_robot_bringup' build argument 'catkin_skip_building_tests' from command line to 'False'
[22.714s] DEBUG:colcon.colcon_core.verb:Building package 'my_robot_bringup' with the following arguments: {'ament_cmake_args': None, 'build_base': '/home/alper/ros2_ws/build/my_robot_bringup', 'catkin_cmake_args': None, 'catkin_skip_building_tests': False, 'cmake_args': None, 'cmake_clean_cache': False, 'cmake_clean_first': False, 'cmake_force_configure': False, 'cmake_target': None, 'cmake_target_skip_unavailable': False, 'install_base': '/home/alper/ros2_ws/install/my_robot_bringup', 'merge_install': False, 'path': '/home/alper/ros2_ws/src/my_robot_bringup', 'symlink_install': True, 'test_result_base': None}
[23.045s] INFO:colcon.colcon_core.executor:Executing jobs using 'parallel' executor
[23.374s] DEBUG:colcon.colcon_parallel_executor.executor.parallel:run_until_complete
[23.374s] INFO:colcon.colcon_ros.task.ament_cmake.build:Building ROS package in '/home/alper/ros2_ws/src/my_robot_bringup' with build type 'ament_cmake'
[23.374s] INFO:colcon.colcon_cmake.task.cmake.build:Building CMake package in '/home/alper/ros2_ws/src/my_robot_bringup'
[23.728s] INFO:colcon.colcon_core.plugin_system:Skipping extension 'colcon_core.shell.bat': Not used on non-Windows systems
[23.728s] INFO:colcon.colcon_core.shell:Skip shell extension 'powershell' for command environment: Not usable outside of PowerShell
[23.728s] DEBUG:colcon.colcon_core.shell:Skip shell extension 'dsv' for command environment
[24.775s] DEBUG:colcon.colcon_core.event_handler.log_command:Invoking command in '/home/alper/ros2_ws/build/my_robot_bringup': CMAKE_PREFIX_PATH=${CMAKE_PREFIX_PATH}:/home/alper/ros2_ws/install/my_py_pkg:/opt/ros/foxy /usr/bin/cmake --build /home/alper/ros2_ws/build/my_robot_bringup -- -j8 -l8
[25.385s] DEBUG:colcon.colcon_core.event_handler.log_command:Invoked command in '/home/alper/ros2_ws/build/my_robot_bringup' returned '0': CMAKE_PREFIX_PATH=${CMAKE_PREFIX_PATH}:/home/alper/ros2_ws/install/my_py_pkg:/opt/ros/foxy /usr/bin/cmake --build /home/alper/ros2_ws/build/my_robot_bringup -- -j8 -l8
[25.416s] DEBUG:colcon.colcon_core.event_handler.log_command:Invoking command in '/home/alper/ros2_ws/build/my_robot_bringup': CMAKE_PREFIX_PATH=${CMAKE_PREFIX_PATH}:/home/alper/ros2_ws/install/my_py_pkg:/opt/ros/foxy /usr/bin/cmake --install /home/alper/ros2_ws/build/my_robot_bringup
[25.436s] Level 1:colcon.colcon_core.environment:create_environment_scripts_only(my_robot_bringup)
[25.437s] DEBUG:colcon.colcon_core.event_handler.log_command:Invoked command in '/home/alper/ros2_ws/build/my_robot_bringup' returned '0': CMAKE_PREFIX_PATH=${CMAKE_PREFIX_PATH}:/home/alper/ros2_ws/install/my_py_pkg:/opt/ros/foxy /usr/bin/cmake --install /home/alper/ros2_ws/build/my_robot_bringup
[25.801s] Level 1:colcon.colcon_core.environment:checking '/home/alper/ros2_ws/install/my_robot_bringup' for CMake module files
[25.802s] Level 1:colcon.colcon_core.environment:checking '/home/alper/ros2_ws/install/my_robot_bringup' for CMake config files
[25.803s] Level 1:colcon.colcon_core.shell:create_environment_hook('my_robot_bringup', 'cmake_prefix_path')
[26.156s] INFO:colcon.colcon_core.shell:Creating environment hook '/home/alper/ros2_ws/install/my_robot_bringup/share/my_robot_bringup/hook/cmake_prefix_path.ps1'
[26.157s] INFO:colcon.colcon_core.shell:Creating environment descriptor '/home/alper/ros2_ws/install/my_robot_bringup/share/my_robot_bringup/hook/cmake_prefix_path.dsv'
[26.157s] INFO:colcon.colcon_core.shell:Creating environment hook '/home/alper/ros2_ws/install/my_robot_bringup/share/my_robot_bringup/hook/cmake_prefix_path.sh'
[26.159s] Level 1:colcon.colcon_core.environment:checking '/home/alper/ros2_ws/install/my_robot_bringup/bin'
[26.159s] Level 1:colcon.colcon_core.environment:checking '/home/alper/ros2_ws/install/my_robot_bringup/lib/pkgconfig/my_robot_bringup.pc'
[26.159s] Level 1:colcon.colcon_core.environment:checking '/home/alper/ros2_ws/install/my_robot_bringup/lib/python3.8/site-packages'
[26.159s] Level 1:colcon.colcon_core.environment:checking '/home/alper/ros2_ws/install/my_robot_bringup/bin'
[26.506s] INFO:colcon.colcon_core.shell:Creating package script '/home/alper/ros2_ws/install/my_robot_bringup/share/my_robot_bringup/package.ps1'
[26.507s] INFO:colcon.colcon_core.shell:Creating package descriptor '/home/alper/ros2_ws/install/my_robot_bringup/share/my_robot_bringup/package.dsv'
[26.508s] INFO:colcon.colcon_core.shell:Creating package script '/home/alper/ros2_ws/install/my_robot_bringup/share/my_robot_bringup/package.sh'
[26.509s] INFO:colcon.colcon_core.shell:Creating package script '/home/alper/ros2_ws/install/my_robot_bringup/share/my_robot_bringup/package.bash'
[26.510s] INFO:colcon.colcon_core.shell:Creating package script '/home/alper/ros2_ws/install/my_robot_bringup/share/my_robot_bringup/package.zsh'
[26.512s] Level 1:colcon.colcon_core.environment:create_file_with_runtime_dependencies(/home/alper/ros2_ws/install/my_robot_bringup/share/colcon-core/packages/my_robot_bringup)
[26.900s] Level 1:colcon.colcon_core.environment:create_environment_scripts_only(my_robot_bringup)
[27.262s] Level 1:colcon.colcon_core.environment:checking '/home/alper/ros2_ws/install/my_robot_bringup' for CMake module files
[27.263s] Level 1:colcon.colcon_core.environment:checking '/home/alper/ros2_ws/install/my_robot_bringup' for CMake config files
[27.263s] Level 1:colcon.colcon_core.shell:create_environment_hook('my_robot_bringup', 'cmake_prefix_path')
[27.600s] INFO:colcon.colcon_core.shell:Creating environment hook '/home/alper/ros2_ws/install/my_robot_bringup/share/my_robot_bringup/hook/cmake_prefix_path.ps1'
[27.601s] INFO:colcon.colcon_core.shell:Creating environment descriptor '/home/alper/ros2_ws/install/my_robot_bringup/share/my_robot_bringup/hook/cmake_prefix_path.dsv'
[27.601s] INFO:colcon.colcon_core.shell:Creating environment hook '/home/alper/ros2_ws/install/my_robot_bringup/share/my_robot_bringup/hook/cmake_prefix_path.sh'
[27.602s] Level 1:colcon.colcon_core.environment:checking '/home/alper/ros2_ws/install/my_robot_bringup/bin'
[27.602s] Level 1:colcon.colcon_core.environment:checking '/home/alper/ros2_ws/install/my_robot_bringup/lib/pkgconfig/my_robot_bringup.pc'
[27.603s] Level 1:colcon.colcon_core.environment:checking '/home/alper/ros2_ws/install/my_robot_bringup/lib/python3.8/site-packages'
[27.603s] Level 1:colcon.colcon_core.environment:checking '/home/alper/ros2_ws/install/my_robot_bringup/bin'
[27.947s] INFO:colcon.colcon_core.shell:Creating package script '/home/alper/ros2_ws/install/my_robot_bringup/share/my_robot_bringup/package.ps1'
[27.948s] INFO:colcon.colcon_core.shell:Creating package descriptor '/home/alper/ros2_ws/install/my_robot_bringup/share/my_robot_bringup/package.dsv'
[27.949s] INFO:colcon.colcon_core.shell:Creating package script '/home/alper/ros2_ws/install/my_robot_bringup/share/my_robot_bringup/package.sh'
[27.950s] INFO:colcon.colcon_core.shell:Creating package script '/home/alper/ros2_ws/install/my_robot_bringup/share/my_robot_bringup/package.bash'
[27.950s] INFO:colcon.colcon_core.shell:Creating package script '/home/alper/ros2_ws/install/my_robot_bringup/share/my_robot_bringup/package.zsh'
[27.951s] Level 1:colcon.colcon_core.environment:create_file_with_runtime_dependencies(/home/alper/ros2_ws/install/my_robot_bringup/share/colcon-core/packages/my_robot_bringup)
[27.951s] DEBUG:colcon.colcon_parallel_executor.executor.parallel:closing loop
[27.952s] DEBUG:colcon.colcon_parallel_executor.executor.parallel:loop closed
[27.952s] DEBUG:colcon.colcon_parallel_executor.executor.parallel:run_until_complete finished with '0'
[27.952s] DEBUG:colcon.colcon_core.event_reactor:joining thread
[28.299s] INFO:colcon.colcon_core.plugin_system:Skipping extension 'colcon_notification.desktop_notification.terminal_notifier': Not used on non-Darwin systems
[28.299s] INFO:colcon.colcon_core.plugin_system:Skipping extension 'colcon_notification.desktop_notification.win32': Not used on non-Windows systems
[28.299s] INFO:colcon.colcon_notification.desktop_notification:Sending desktop notification using 'notify2'
[28.313s] DEBUG:colcon.colcon_core.event_reactor:joined thread
[28.673s] INFO:colcon.colcon_core.shell:Creating prefix script '/home/alper/ros2_ws/install/local_setup.ps1'
[28.674s] INFO:colcon.colcon_core.shell:Creating prefix util module '/home/alper/ros2_ws/install/_local_setup_util_ps1.py'
[28.677s] INFO:colcon.colcon_core.shell:Creating prefix chain script '/home/alper/ros2_ws/install/setup.ps1'
[29.019s] INFO:colcon.colcon_core.shell:Creating prefix script '/home/alper/ros2_ws/install/local_setup.sh'
[29.020s] INFO:colcon.colcon_core.shell:Creating prefix util module '/home/alper/ros2_ws/install/_local_setup_util_sh.py'
[29.020s] INFO:colcon.colcon_core.shell:Creating prefix chain script '/home/alper/ros2_ws/install/setup.sh'
[29.361s] INFO:colcon.colcon_core.shell:Creating prefix script '/home/alper/ros2_ws/install/local_setup.bash'
[29.362s] INFO:colcon.colcon_core.shell:Creating prefix chain script '/home/alper/ros2_ws/install/setup.bash'
[29.704s] INFO:colcon.colcon_core.shell:Creating prefix script '/home/alper/ros2_ws/install/local_setup.zsh'
[29.704s] INFO:colcon.colcon_core.shell:Creating prefix chain script '/home/alper/ros2_ws/install/setup.zsh'
