[1.445s] Invoking command in '/home/alper/ros2_ws/build/my_robot_bringup': AMENT_PREFIX_PATH=/home/alper/ros2_ws/install/turtlesim_catch_them_all:/home/alper/ros2_ws/install/my_py_pkg:/home/alper/ros2_ws/install/my_robot_bringup:/home/alper/ros2_ws/install/my_robot_interfaces:/opt/ros/foxy CMAKE_PREFIX_PATH=/home/alper/ros2_ws/install/my_robot_interfaces:/home/alper/ros2_ws/install/my_robot_bringup:/home/alper/ros2_ws/install/turtlesim_catch_them_all:/home/alper/ros2_ws/install/my_py_pkg:/opt/ros/foxy PYTHONPATH=/home/alper/ros2_ws/install/turtlesim_catch_them_all/lib/python3.8/site-packages:/home/alper/ros2_ws/install/my_py_pkg/lib/python3.8/site-packages:/home/alper/ros2_ws/install/my_robot_interfaces/lib/python3.8/site-packages:/home/alper/ros2_ws/build/turtlesim_catch_them_all:/home/alper/ros2_ws/build/my_py_pkg:/opt/ros/foxy/lib/python3.8/site-packages /usr/bin/cmake --build /home/alper/ros2_ws/build/my_robot_bringup -- -j8 -l8
[1.469s] Invoked command in '/home/alper/ros2_ws/build/my_robot_bringup' returned '0': AMENT_PREFIX_PATH=/home/alper/ros2_ws/install/turtlesim_catch_them_all:/home/alper/ros2_ws/install/my_py_pkg:/home/alper/ros2_ws/install/my_robot_bringup:/home/alper/ros2_ws/install/my_robot_interfaces:/opt/ros/foxy CMAKE_PREFIX_PATH=/home/alper/ros2_ws/install/my_robot_interfaces:/home/alper/ros2_ws/install/my_robot_bringup:/home/alper/ros2_ws/install/turtlesim_catch_them_all:/home/alper/ros2_ws/install/my_py_pkg:/opt/ros/foxy PYTHONPATH=/home/alper/ros2_ws/install/turtlesim_catch_them_all/lib/python3.8/site-packages:/home/alper/ros2_ws/install/my_py_pkg/lib/python3.8/site-packages:/home/alper/ros2_ws/install/my_robot_interfaces/lib/python3.8/site-packages:/home/alper/ros2_ws/build/turtlesim_catch_them_all:/home/alper/ros2_ws/build/my_py_pkg:/opt/ros/foxy/lib/python3.8/site-packages /usr/bin/cmake --build /home/alper/ros2_ws/build/my_robot_bringup -- -j8 -l8
[1.493s] Invoking command in '/home/alper/ros2_ws/build/my_robot_bringup': AMENT_PREFIX_PATH=/home/alper/ros2_ws/install/turtlesim_catch_them_all:/home/alper/ros2_ws/install/my_py_pkg:/home/alper/ros2_ws/install/my_robot_bringup:/home/alper/ros2_ws/install/my_robot_interfaces:/opt/ros/foxy CMAKE_PREFIX_PATH=/home/alper/ros2_ws/install/my_robot_interfaces:/home/alper/ros2_ws/install/my_robot_bringup:/home/alper/ros2_ws/install/turtlesim_catch_them_all:/home/alper/ros2_ws/install/my_py_pkg:/opt/ros/foxy PYTHONPATH=/home/alper/ros2_ws/install/turtlesim_catch_them_all/lib/python3.8/site-packages:/home/alper/ros2_ws/install/my_py_pkg/lib/python3.8/site-packages:/home/alper/ros2_ws/install/my_robot_interfaces/lib/python3.8/site-packages:/home/alper/ros2_ws/build/turtlesim_catch_them_all:/home/alper/ros2_ws/build/my_py_pkg:/opt/ros/foxy/lib/python3.8/site-packages /usr/bin/cmake --install /home/alper/ros2_ws/build/my_robot_bringup
[1.498s] -- Install configuration: ""
[1.499s] -- Execute custom install script
[1.499s] -- Up-to-date symlink: /home/alper/ros2_ws/install/my_robot_bringup/share/my_robot_bringup/launch/number_app.launch.py
[1.500s] -- Up-to-date symlink: /home/alper/ros2_ws/install/my_robot_bringup/share/my_robot_bringup/launch/robot_news_station.launch.py
[1.500s] -- Up-to-date symlink: /home/alper/ros2_ws/install/my_robot_bringup/share/my_robot_bringup/launch/turtlesim_catch_them_all.launch.py
[1.500s] -- Up-to-date symlink: /home/alper/ros2_ws/install/my_robot_bringup/share/ament_index/resource_index/package_run_dependencies/my_robot_bringup
[1.500s] -- Up-to-date symlink: /home/alper/ros2_ws/install/my_robot_bringup/share/ament_index/resource_index/parent_prefix_path/my_robot_bringup
[1.501s] -- Up-to-date symlink: /home/alper/ros2_ws/install/my_robot_bringup/share/my_robot_bringup/environment/ament_prefix_path.sh
[1.501s] -- Up-to-date symlink: /home/alper/ros2_ws/install/my_robot_bringup/share/my_robot_bringup/environment/ament_prefix_path.dsv
[1.501s] -- Up-to-date symlink: /home/alper/ros2_ws/install/my_robot_bringup/share/my_robot_bringup/environment/path.sh
[1.502s] -- Up-to-date symlink: /home/alper/ros2_ws/install/my_robot_bringup/share/my_robot_bringup/environment/path.dsv
[1.502s] -- Up-to-date symlink: /home/alper/ros2_ws/install/my_robot_bringup/share/my_robot_bringup/local_setup.bash
[1.502s] -- Up-to-date symlink: /home/alper/ros2_ws/install/my_robot_bringup/share/my_robot_bringup/local_setup.sh
[1.502s] -- Up-to-date symlink: /home/alper/ros2_ws/install/my_robot_bringup/share/my_robot_bringup/local_setup.zsh
[1.502s] -- Up-to-date symlink: /home/alper/ros2_ws/install/my_robot_bringup/share/my_robot_bringup/local_setup.dsv
[1.503s] -- Symlinking: /home/alper/ros2_ws/install/my_robot_bringup/share/my_robot_bringup/package.dsv
[1.508s] -- Up-to-date symlink: /home/alper/ros2_ws/install/my_robot_bringup/share/ament_index/resource_index/packages/my_robot_bringup
[1.509s] -- Up-to-date symlink: /home/alper/ros2_ws/install/my_robot_bringup/share/my_robot_bringup/cmake/my_robot_bringupConfig.cmake
[1.509s] -- Up-to-date symlink: /home/alper/ros2_ws/install/my_robot_bringup/share/my_robot_bringup/cmake/my_robot_bringupConfig-version.cmake
[1.509s] -- Up-to-date symlink: /home/alper/ros2_ws/install/my_robot_bringup/share/my_robot_bringup/package.xml
[1.512s] Invoked command in '/home/alper/ros2_ws/build/my_robot_bringup' returned '0': AMENT_PREFIX_PATH=/home/alper/ros2_ws/install/turtlesim_catch_them_all:/home/alper/ros2_ws/install/my_py_pkg:/home/alper/ros2_ws/install/my_robot_bringup:/home/alper/ros2_ws/install/my_robot_interfaces:/opt/ros/foxy CMAKE_PREFIX_PATH=/home/alper/ros2_ws/install/my_robot_interfaces:/home/alper/ros2_ws/install/my_robot_bringup:/home/alper/ros2_ws/install/turtlesim_catch_them_all:/home/alper/ros2_ws/install/my_py_pkg:/opt/ros/foxy PYTHONPATH=/home/alper/ros2_ws/install/turtlesim_catch_them_all/lib/python3.8/site-packages:/home/alper/ros2_ws/install/my_py_pkg/lib/python3.8/site-packages:/home/alper/ros2_ws/install/my_robot_interfaces/lib/python3.8/site-packages:/home/alper/ros2_ws/build/turtlesim_catch_them_all:/home/alper/ros2_ws/build/my_py_pkg:/opt/ros/foxy/lib/python3.8/site-packages /usr/bin/cmake --install /home/alper/ros2_ws/build/my_robot_bringup
