[4.473s] Invoking command in '/home/alper/ros2_ws/build/my_py_pkg': AMENT_PREFIX_PATH=/home/alper/ros2_ws/install/my_robot_interfaces:${AMENT_PREFIX_PATH} CMAKE_PREFIX_PATH=/home/alper/ros2_ws/install/my_robot_interfaces LD_LIBRARY_PATH=/home/alper/ros2_ws/install/my_robot_interfaces/lib:${LD_LIBRARY_PATH} PYTHONPATH=/home/alper/ros2_ws/build/my_py_pkg/prefix_override:/home/alper/ros2_ws/install/my_py_pkg/lib/python3.8/site-packages:/home/alper/ros2_ws/install/my_robot_interfaces/lib/python3.8/site-packages:${PYTHONPATH} /usr/bin/python3 setup.py develop --editable --build-directory /home/alper/ros2_ws/build/my_py_pkg/build --no-deps install_data
[4.967s] running develop
[5.363s] running egg_info
[5.363s] writing my_py_pkg.egg-info/PKG-INFO
[5.363s] writing dependency_links to my_py_pkg.egg-info/dependency_links.txt
[5.364s] writing entry points to my_py_pkg.egg-info/entry_points.txt
[5.364s] writing requirements to my_py_pkg.egg-info/requires.txt
[5.364s] writing top-level names to my_py_pkg.egg-info/top_level.txt
[5.433s] reading manifest file 'my_py_pkg.egg-info/SOURCES.txt'
[5.434s] writing manifest file 'my_py_pkg.egg-info/SOURCES.txt'
[5.489s] running build_ext
[5.489s] Creating /home/alper/ros2_ws/install/my_py_pkg/lib/python3.8/site-packages/my-py-pkg.egg-link (link to .)
[5.491s] Installing add_two_ints_client script to /home/alper/ros2_ws/install/my_py_pkg/lib/my_py_pkg
[5.491s] Installing add_two_ints_client_no_oop script to /home/alper/ros2_ws/install/my_py_pkg/lib/my_py_pkg
[5.491s] Installing add_two_ints_server script to /home/alper/ros2_ws/install/my_py_pkg/lib/my_py_pkg
[5.491s] Installing hw_status_publisher script to /home/alper/ros2_ws/install/my_py_pkg/lib/my_py_pkg
[5.492s] Installing number_counter script to /home/alper/ros2_ws/install/my_py_pkg/lib/my_py_pkg
[5.492s] Installing number_publisher script to /home/alper/ros2_ws/install/my_py_pkg/lib/my_py_pkg
[5.492s] Installing py_node script to /home/alper/ros2_ws/install/my_py_pkg/lib/my_py_pkg
[5.492s] Installing robot_news_station script to /home/alper/ros2_ws/install/my_py_pkg/lib/my_py_pkg
[5.493s] Installing smartphone script to /home/alper/ros2_ws/install/my_py_pkg/lib/my_py_pkg
[5.493s] 
[5.493s] Installed /home/alper/ros2_ws/build/my_py_pkg
[5.493s] running install_data
[5.495s] copying package.xml -> /home/alper/ros2_ws/install/my_py_pkg/share/my_py_pkg
[5.546s] Invoked command in '/home/alper/ros2_ws/build/my_py_pkg' returned '0': AMENT_PREFIX_PATH=/home/alper/ros2_ws/install/my_robot_interfaces:${AMENT_PREFIX_PATH} CMAKE_PREFIX_PATH=/home/alper/ros2_ws/install/my_robot_interfaces LD_LIBRARY_PATH=/home/alper/ros2_ws/install/my_robot_interfaces/lib:${LD_LIBRARY_PATH} PYTHONPATH=/home/alper/ros2_ws/build/my_py_pkg/prefix_override:/home/alper/ros2_ws/install/my_py_pkg/lib/python3.8/site-packages:/home/alper/ros2_ws/install/my_robot_interfaces/lib/python3.8/site-packages:${PYTHONPATH} /usr/bin/python3 setup.py develop --editable --build-directory /home/alper/ros2_ws/build/my_py_pkg/build --no-deps install_data
