[8.552s] Invoking command in '/home/alper/ros2_ws/src/my_py_pkg': CMAKE_PREFIX_PATH=/home/alper/ros2_ws/install/my_robot_interfaces:/home/alper/ros2_ws/install/my_robot_bringup PYTHONPATH=/home/alper/ros2_ws/build/my_py_pkg/prefix_override:/home/alper/ros2_ws/install/my_py_pkg/lib/python3.8/site-packages:/home/alper/ros2_ws/install/my_robot_interfaces/lib/python3.8/site-packages:/home/alper/ros2_ws/build/turtlesim_catch_them_all:/home/alper/ros2_ws/install/turtlesim_catch_them_all/lib/python3.8/site-packages:/home/alper/ros2_ws/build/my_py_pkg:/home/alper/ros2_ws/install/my_py_pkg/lib/python3.8/site-packages:/opt/ros/foxy/lib/python3.8/site-packages /usr/bin/python3 setup.py egg_info --egg-base ../../build/my_py_pkg build --build-base /home/alper/ros2_ws/build/my_py_pkg/build install --record /home/alper/ros2_ws/build/my_py_pkg/install.log --install-scripts $base/lib/my_py_pkg --single-version-externally-managed
[9.052s] running egg_info
[9.053s] writing ../../build/my_py_pkg/my_py_pkg.egg-info/PKG-INFO
[9.053s] writing dependency_links to ../../build/my_py_pkg/my_py_pkg.egg-info/dependency_links.txt
[9.053s] writing entry points to ../../build/my_py_pkg/my_py_pkg.egg-info/entry_points.txt
[9.054s] writing requirements to ../../build/my_py_pkg/my_py_pkg.egg-info/requires.txt
[9.054s] writing top-level names to ../../build/my_py_pkg/my_py_pkg.egg-info/top_level.txt
[9.112s] reading manifest file '../../build/my_py_pkg/my_py_pkg.egg-info/SOURCES.txt'
[9.114s] writing manifest file '../../build/my_py_pkg/my_py_pkg.egg-info/SOURCES.txt'
[9.114s] running build
[9.114s] running build_py
[9.115s] running install
[9.117s] running install_lib
[9.120s] running install_data
[9.121s] running install_egg_info
[9.125s] removing '/home/alper/ros2_ws/install/my_py_pkg/lib/python3.8/site-packages/my_py_pkg-0.0.0-py3.8.egg-info' (and everything under it)
[9.125s] Copying ../../build/my_py_pkg/my_py_pkg.egg-info to /home/alper/ros2_ws/install/my_py_pkg/lib/python3.8/site-packages/my_py_pkg-0.0.0-py3.8.egg-info
[9.127s] running install_scripts
[9.160s] Installing add_two_ints_client script to /home/alper/ros2_ws/install/my_py_pkg/lib/my_py_pkg
[9.160s] Installing add_two_ints_client_no_oop script to /home/alper/ros2_ws/install/my_py_pkg/lib/my_py_pkg
[9.161s] Installing add_two_ints_server script to /home/alper/ros2_ws/install/my_py_pkg/lib/my_py_pkg
[9.161s] Installing battery_node script to /home/alper/ros2_ws/install/my_py_pkg/lib/my_py_pkg
[9.161s] Installing hw_status_publisher script to /home/alper/ros2_ws/install/my_py_pkg/lib/my_py_pkg
[9.162s] Installing led_panel_node script to /home/alper/ros2_ws/install/my_py_pkg/lib/my_py_pkg
[9.162s] Installing number_counter script to /home/alper/ros2_ws/install/my_py_pkg/lib/my_py_pkg
[9.162s] Installing number_publisher script to /home/alper/ros2_ws/install/my_py_pkg/lib/my_py_pkg
[9.162s] Installing py_node script to /home/alper/ros2_ws/install/my_py_pkg/lib/my_py_pkg
[9.162s] Installing robot_news_station script to /home/alper/ros2_ws/install/my_py_pkg/lib/my_py_pkg
[9.163s] Installing smartphone script to /home/alper/ros2_ws/install/my_py_pkg/lib/my_py_pkg
[9.163s] writing list of installed files to '/home/alper/ros2_ws/build/my_py_pkg/install.log'
[9.215s] Invoked command in '/home/alper/ros2_ws/src/my_py_pkg' returned '0': CMAKE_PREFIX_PATH=/home/alper/ros2_ws/install/my_robot_interfaces:/home/alper/ros2_ws/install/my_robot_bringup PYTHONPATH=/home/alper/ros2_ws/build/my_py_pkg/prefix_override:/home/alper/ros2_ws/install/my_py_pkg/lib/python3.8/site-packages:/home/alper/ros2_ws/install/my_robot_interfaces/lib/python3.8/site-packages:/home/alper/ros2_ws/build/turtlesim_catch_them_all:/home/alper/ros2_ws/install/turtlesim_catch_them_all/lib/python3.8/site-packages:/home/alper/ros2_ws/build/my_py_pkg:/home/alper/ros2_ws/install/my_py_pkg/lib/python3.8/site-packages:/opt/ros/foxy/lib/python3.8/site-packages /usr/bin/python3 setup.py egg_info --egg-base ../../build/my_py_pkg build --build-base /home/alper/ros2_ws/build/my_py_pkg/build install --record /home/alper/ros2_ws/build/my_py_pkg/install.log --install-scripts $base/lib/my_py_pkg --single-version-externally-managed
