[4.515s] Invoking command in '/home/alper/ros2_ws/build/my_py_pkg': PYTHONPATH=/home/alper/ros2_ws/build/my_py_pkg/prefix_override:/home/alper/ros2_ws/install/my_py_pkg/lib/python3.8/site-packages:${PYTHONPATH} /usr/bin/python3 setup.py develop --editable --build-directory /home/alper/ros2_ws/build/my_py_pkg/build --no-deps install_data
[5.022s] running develop
[5.403s] running egg_info
[5.403s] writing my_py_pkg.egg-info/PKG-INFO
[5.403s] writing dependency_links to my_py_pkg.egg-info/dependency_links.txt
[5.404s] writing entry points to my_py_pkg.egg-info/entry_points.txt
[5.404s] writing requirements to my_py_pkg.egg-info/requires.txt
[5.404s] writing top-level names to my_py_pkg.egg-info/top_level.txt
[5.479s] reading manifest file 'my_py_pkg.egg-info/SOURCES.txt'
[5.480s] writing manifest file 'my_py_pkg.egg-info/SOURCES.txt'
[5.534s] running build_ext
[5.535s] Creating /home/alper/ros2_ws/install/my_py_pkg/lib/python3.8/site-packages/my-py-pkg.egg-link (link to .)
[5.536s] Installing add_two_ints_client_no_oop script to /home/alper/ros2_ws/install/my_py_pkg/lib/my_py_pkg
[5.536s] Installing add_two_ints_server script to /home/alper/ros2_ws/install/my_py_pkg/lib/my_py_pkg
[5.537s] Installing number_counter script to /home/alper/ros2_ws/install/my_py_pkg/lib/my_py_pkg
[5.537s] Installing number_publisher script to /home/alper/ros2_ws/install/my_py_pkg/lib/my_py_pkg
[5.537s] Installing py_node script to /home/alper/ros2_ws/install/my_py_pkg/lib/my_py_pkg
[5.537s] Installing robot_news_station script to /home/alper/ros2_ws/install/my_py_pkg/lib/my_py_pkg
[5.537s] Installing smartphone script to /home/alper/ros2_ws/install/my_py_pkg/lib/my_py_pkg
[5.538s] 
[5.538s] Installed /home/alper/ros2_ws/build/my_py_pkg
[5.538s] running install_data
[5.591s] Invoked command in '/home/alper/ros2_ws/build/my_py_pkg' returned '0': PYTHONPATH=/home/alper/ros2_ws/build/my_py_pkg/prefix_override:/home/alper/ros2_ws/install/my_py_pkg/lib/python3.8/site-packages:${PYTHONPATH} /usr/bin/python3 setup.py develop --editable --build-directory /home/alper/ros2_ws/build/my_py_pkg/build --no-deps install_data
