[8.559s] Invoking command in '/home/alper/ros2_ws/build/my_py_pkg': CMAKE_PREFIX_PATH=/home/alper/ros2_ws/install/my_robot_interfaces:/home/alper/ros2_ws/install/my_robot_bringup PYTHONPATH=/home/alper/ros2_ws/build/my_py_pkg/prefix_override:/home/alper/ros2_ws/install/my_py_pkg/lib/python3.8/site-packages:/home/alper/ros2_ws/install/my_robot_interfaces/lib/python3.8/site-packages:/home/alper/ros2_ws/build/turtlesim_catch_them_all:/home/alper/ros2_ws/install/turtlesim_catch_them_all/lib/python3.8/site-packages:/home/alper/ros2_ws/build/my_py_pkg:/home/alper/ros2_ws/install/my_py_pkg/lib/python3.8/site-packages:/opt/ros/foxy/lib/python3.8/site-packages /usr/bin/python3 setup.py develop --uninstall --editable --build-directory /home/alper/ros2_ws/build/my_py_pkg/build
[9.119s] running develop
[9.529s] Removing /home/alper/ros2_ws/install/my_py_pkg/lib/python3.8/site-packages/my-py-pkg.egg-link (link to .)
[9.599s] Invoked command in '/home/alper/ros2_ws/build/my_py_pkg' returned '0': CMAKE_PREFIX_PATH=/home/alper/ros2_ws/install/my_robot_interfaces:/home/alper/ros2_ws/install/my_robot_bringup PYTHONPATH=/home/alper/ros2_ws/build/my_py_pkg/prefix_override:/home/alper/ros2_ws/install/my_py_pkg/lib/python3.8/site-packages:/home/alper/ros2_ws/install/my_robot_interfaces/lib/python3.8/site-packages:/home/alper/ros2_ws/build/turtlesim_catch_them_all:/home/alper/ros2_ws/install/turtlesim_catch_them_all/lib/python3.8/site-packages:/home/alper/ros2_ws/build/my_py_pkg:/home/alper/ros2_ws/install/my_py_pkg/lib/python3.8/site-packages:/opt/ros/foxy/lib/python3.8/site-packages /usr/bin/python3 setup.py develop --uninstall --editable --build-directory /home/alper/ros2_ws/build/my_py_pkg/build
[9.604s] Invoking command in '/home/alper/ros2_ws/src/my_py_pkg': CMAKE_PREFIX_PATH=/home/alper/ros2_ws/install/my_robot_interfaces:/home/alper/ros2_ws/install/my_robot_bringup PYTHONPATH=/home/alper/ros2_ws/build/my_py_pkg/prefix_override:/home/alper/ros2_ws/install/my_py_pkg/lib/python3.8/site-packages:/home/alper/ros2_ws/install/my_robot_interfaces/lib/python3.8/site-packages:/home/alper/ros2_ws/build/turtlesim_catch_them_all:/home/alper/ros2_ws/install/turtlesim_catch_them_all/lib/python3.8/site-packages:/home/alper/ros2_ws/build/my_py_pkg:/home/alper/ros2_ws/install/my_py_pkg/lib/python3.8/site-packages:/opt/ros/foxy/lib/python3.8/site-packages /usr/bin/python3 setup.py egg_info --egg-base ../../build/my_py_pkg build --build-base /home/alper/ros2_ws/build/my_py_pkg/build install --record /home/alper/ros2_ws/build/my_py_pkg/install.log --install-scripts $base/lib/my_py_pkg --single-version-externally-managed
[10.140s] running egg_info
[10.141s] writing ../../build/my_py_pkg/my_py_pkg.egg-info/PKG-INFO
[10.142s] writing dependency_links to ../../build/my_py_pkg/my_py_pkg.egg-info/dependency_links.txt
[10.142s] writing entry points to ../../build/my_py_pkg/my_py_pkg.egg-info/entry_points.txt
[10.142s] writing requirements to ../../build/my_py_pkg/my_py_pkg.egg-info/requires.txt
[10.143s] writing top-level names to ../../build/my_py_pkg/my_py_pkg.egg-info/top_level.txt
[10.206s] reading manifest file '../../build/my_py_pkg/my_py_pkg.egg-info/SOURCES.txt'
[10.208s] writing manifest file '../../build/my_py_pkg/my_py_pkg.egg-info/SOURCES.txt'
[10.208s] running build
[10.208s] running build_py
[10.209s] copying my_py_pkg/hw_status_publisher.py -> /home/alper/ros2_ws/build/my_py_pkg/build/lib/my_py_pkg
[10.209s] copying my_py_pkg/number_publisher.py -> /home/alper/ros2_ws/build/my_py_pkg/build/lib/my_py_pkg
[10.209s] copying my_py_pkg/add_two_ints_client_no_oop.py -> /home/alper/ros2_ws/build/my_py_pkg/build/lib/my_py_pkg
[10.210s] copying my_py_pkg/led_panel_node.py -> /home/alper/ros2_ws/build/my_py_pkg/build/lib/my_py_pkg
[10.210s] copying my_py_pkg/add_two_ints_server.py -> /home/alper/ros2_ws/build/my_py_pkg/build/lib/my_py_pkg
[10.210s] copying my_py_pkg/battery_node.py -> /home/alper/ros2_ws/build/my_py_pkg/build/lib/my_py_pkg
[10.211s] copying my_py_pkg/robot_news_station.py -> /home/alper/ros2_ws/build/my_py_pkg/build/lib/my_py_pkg
[10.211s] copying my_py_pkg/add_two_ints_client.py -> /home/alper/ros2_ws/build/my_py_pkg/build/lib/my_py_pkg
[10.211s] copying my_py_pkg/number_counter.py -> /home/alper/ros2_ws/build/my_py_pkg/build/lib/my_py_pkg
[10.212s] running install
[10.214s] running install_lib
[10.217s] creating /home/alper/ros2_ws/install/my_py_pkg/lib/python3.8/site-packages/my_py_pkg
[10.218s] copying /home/alper/ros2_ws/build/my_py_pkg/build/lib/my_py_pkg/hw_status_publisher.py -> /home/alper/ros2_ws/install/my_py_pkg/lib/python3.8/site-packages/my_py_pkg
[10.218s] copying /home/alper/ros2_ws/build/my_py_pkg/build/lib/my_py_pkg/number_publisher.py -> /home/alper/ros2_ws/install/my_py_pkg/lib/python3.8/site-packages/my_py_pkg
[10.218s] copying /home/alper/ros2_ws/build/my_py_pkg/build/lib/my_py_pkg/add_two_ints_client_no_oop.py -> /home/alper/ros2_ws/install/my_py_pkg/lib/python3.8/site-packages/my_py_pkg
[10.219s] copying /home/alper/ros2_ws/build/my_py_pkg/build/lib/my_py_pkg/my_first_node.py -> /home/alper/ros2_ws/install/my_py_pkg/lib/python3.8/site-packages/my_py_pkg
[10.219s] copying /home/alper/ros2_ws/build/my_py_pkg/build/lib/my_py_pkg/led_panel_node.py -> /home/alper/ros2_ws/install/my_py_pkg/lib/python3.8/site-packages/my_py_pkg
[10.219s] copying /home/alper/ros2_ws/build/my_py_pkg/build/lib/my_py_pkg/add_two_ints_server.py -> /home/alper/ros2_ws/install/my_py_pkg/lib/python3.8/site-packages/my_py_pkg
[10.219s] copying /home/alper/ros2_ws/build/my_py_pkg/build/lib/my_py_pkg/battery_node.py -> /home/alper/ros2_ws/install/my_py_pkg/lib/python3.8/site-packages/my_py_pkg
[10.219s] copying /home/alper/ros2_ws/build/my_py_pkg/build/lib/my_py_pkg/robot_news_station.py -> /home/alper/ros2_ws/install/my_py_pkg/lib/python3.8/site-packages/my_py_pkg
[10.220s] copying /home/alper/ros2_ws/build/my_py_pkg/build/lib/my_py_pkg/add_two_ints_client.py -> /home/alper/ros2_ws/install/my_py_pkg/lib/python3.8/site-packages/my_py_pkg
[10.220s] copying /home/alper/ros2_ws/build/my_py_pkg/build/lib/my_py_pkg/number_counter.py -> /home/alper/ros2_ws/install/my_py_pkg/lib/python3.8/site-packages/my_py_pkg
[10.220s] copying /home/alper/ros2_ws/build/my_py_pkg/build/lib/my_py_pkg/__init__.py -> /home/alper/ros2_ws/install/my_py_pkg/lib/python3.8/site-packages/my_py_pkg
[10.220s] copying /home/alper/ros2_ws/build/my_py_pkg/build/lib/my_py_pkg/smartphone.py -> /home/alper/ros2_ws/install/my_py_pkg/lib/python3.8/site-packages/my_py_pkg
[10.220s] copying /home/alper/ros2_ws/build/my_py_pkg/build/lib/my_py_pkg/template_python_node.py -> /home/alper/ros2_ws/install/my_py_pkg/lib/python3.8/site-packages/my_py_pkg
[10.221s] byte-compiling /home/alper/ros2_ws/install/my_py_pkg/lib/python3.8/site-packages/my_py_pkg/hw_status_publisher.py to hw_status_publisher.cpython-38.pyc
[10.225s] byte-compiling /home/alper/ros2_ws/install/my_py_pkg/lib/python3.8/site-packages/my_py_pkg/number_publisher.py to number_publisher.cpython-38.pyc
[10.227s] byte-compiling /home/alper/ros2_ws/install/my_py_pkg/lib/python3.8/site-packages/my_py_pkg/add_two_ints_client_no_oop.py to add_two_ints_client_no_oop.cpython-38.pyc
[10.227s] byte-compiling /home/alper/ros2_ws/install/my_py_pkg/lib/python3.8/site-packages/my_py_pkg/my_first_node.py to my_first_node.cpython-38.pyc
[10.227s] byte-compiling /home/alper/ros2_ws/install/my_py_pkg/lib/python3.8/site-packages/my_py_pkg/led_panel_node.py to led_panel_node.cpython-38.pyc
[10.228s] byte-compiling /home/alper/ros2_ws/install/my_py_pkg/lib/python3.8/site-packages/my_py_pkg/add_two_ints_server.py to add_two_ints_server.cpython-38.pyc
[10.228s] byte-compiling /home/alper/ros2_ws/install/my_py_pkg/lib/python3.8/site-packages/my_py_pkg/battery_node.py to battery_node.cpython-38.pyc
[10.228s] byte-compiling /home/alper/ros2_ws/install/my_py_pkg/lib/python3.8/site-packages/my_py_pkg/robot_news_station.py to robot_news_station.cpython-38.pyc
[10.229s] byte-compiling /home/alper/ros2_ws/install/my_py_pkg/lib/python3.8/site-packages/my_py_pkg/add_two_ints_client.py to add_two_ints_client.cpython-38.pyc
[10.229s] byte-compiling /home/alper/ros2_ws/install/my_py_pkg/lib/python3.8/site-packages/my_py_pkg/number_counter.py to number_counter.cpython-38.pyc
[10.230s] byte-compiling /home/alper/ros2_ws/install/my_py_pkg/lib/python3.8/site-packages/my_py_pkg/__init__.py to __init__.cpython-38.pyc
[10.230s] byte-compiling /home/alper/ros2_ws/install/my_py_pkg/lib/python3.8/site-packages/my_py_pkg/smartphone.py to smartphone.cpython-38.pyc
[10.231s] byte-compiling /home/alper/ros2_ws/install/my_py_pkg/lib/python3.8/site-packages/my_py_pkg/template_python_node.py to template_python_node.cpython-38.pyc
[10.232s] running install_data
[10.233s] running install_egg_info
[10.237s] Copying ../../build/my_py_pkg/my_py_pkg.egg-info to /home/alper/ros2_ws/install/my_py_pkg/lib/python3.8/site-packages/my_py_pkg-0.0.0-py3.8.egg-info
[10.238s] running install_scripts
[10.272s] Installing add_two_ints_client script to /home/alper/ros2_ws/install/my_py_pkg/lib/my_py_pkg
[10.274s] Installing add_two_ints_client_no_oop script to /home/alper/ros2_ws/install/my_py_pkg/lib/my_py_pkg
[10.277s] Installing add_two_ints_server script to /home/alper/ros2_ws/install/my_py_pkg/lib/my_py_pkg
[10.279s] Installing battery_node script to /home/alper/ros2_ws/install/my_py_pkg/lib/my_py_pkg
[10.280s] Installing hw_status_publisher script to /home/alper/ros2_ws/install/my_py_pkg/lib/my_py_pkg
[10.280s] Installing led_panel_node script to /home/alper/ros2_ws/install/my_py_pkg/lib/my_py_pkg
[10.281s] Installing number_counter script to /home/alper/ros2_ws/install/my_py_pkg/lib/my_py_pkg
[10.284s] Installing number_publisher script to /home/alper/ros2_ws/install/my_py_pkg/lib/my_py_pkg
[10.285s] Installing py_node script to /home/alper/ros2_ws/install/my_py_pkg/lib/my_py_pkg
[10.287s] Installing robot_news_station script to /home/alper/ros2_ws/install/my_py_pkg/lib/my_py_pkg
[10.288s] Installing smartphone script to /home/alper/ros2_ws/install/my_py_pkg/lib/my_py_pkg
[10.289s] writing list of installed files to '/home/alper/ros2_ws/build/my_py_pkg/install.log'
[11.338s] Invoked command in '/home/alper/ros2_ws/src/my_py_pkg' returned '0': CMAKE_PREFIX_PATH=/home/alper/ros2_ws/install/my_robot_interfaces:/home/alper/ros2_ws/install/my_robot_bringup PYTHONPATH=/home/alper/ros2_ws/build/my_py_pkg/prefix_override:/home/alper/ros2_ws/install/my_py_pkg/lib/python3.8/site-packages:/home/alper/ros2_ws/install/my_robot_interfaces/lib/python3.8/site-packages:/home/alper/ros2_ws/build/turtlesim_catch_them_all:/home/alper/ros2_ws/install/turtlesim_catch_them_all/lib/python3.8/site-packages:/home/alper/ros2_ws/build/my_py_pkg:/home/alper/ros2_ws/install/my_py_pkg/lib/python3.8/site-packages:/opt/ros/foxy/lib/python3.8/site-packages /usr/bin/python3 setup.py egg_info --egg-base ../../build/my_py_pkg build --build-base /home/alper/ros2_ws/build/my_py_pkg/build install --record /home/alper/ros2_ws/build/my_py_pkg/install.log --install-scripts $base/lib/my_py_pkg --single-version-externally-managed
