[23.197s] DEBUG:colcon:Command line arguments: ['/usr/bin/colcon', 'build', '--packages-select', 'my_robot_bringup', '--symlink-install']
[23.198s] DEBUG:colcon:Parsed command line arguments: Namespace(allow_overriding=[], ament_cmake_args=None, base_paths=['.'], build_base='build', catkin_cmake_args=None, catkin_skip_building_tests=False, cmake_args=None, cmake_clean_cache=False, cmake_clean_first=False, cmake_force_configure=False, cmake_target=None, cmake_target_skip_unavailable=False, continue_on_error=False, event_handlers=None, executor='parallel', ignore_user_meta=False, install_base='install', log_base=None, log_level=None, main=<bound method BuildVerb.main of <colcon_core.verb.build.BuildVerb object at 0x7f0a2a6f4a60>>, merge_install=False, metas=['./colcon.meta'], packages_above=None, packages_above_and_dependencies=None, packages_above_depth=None, packages_end=None, packages_ignore=None, packages_ignore_regex=None, packages_select=['my_robot_bringup'], packages_select_build_failed=False, packages_select_by_dep=None, packages_select_regex=None, packages_select_test_failures=False, packages_skip=None, packages_skip_build_finished=False, packages_skip_by_dep=None, packages_skip_regex=None, packages_skip_test_passed=False, packages_skip_up_to=None, packages_start=None, packages_up_to=None, packages_up_to_regex=None, parallel_workers=8, paths=None, symlink_install=True, test_result_base=None, verb_extension=<colcon_core.verb.build.BuildVerb object at 0x7f0a2a6f4a60>, verb_name='build', verb_parser=<colcon_defaults.argument_parser.defaults.DefaultArgumentsDecorator object at 0x7f0a2a6f4790>)
[23.924s] Level 1:colcon.colcon_core.package_discovery:discover_packages(colcon_meta) check parameters
[23.925s] Level 1:colcon.colcon_core.package_discovery:discover_packages(recursive) check parameters
[23.925s] Level 1:colcon.colcon_core.package_discovery:discover_packages(ignore) check parameters
[23.925s] Level 1:colcon.colcon_core.package_discovery:discover_packages(path) check parameters
[23.925s] Level 1:colcon.colcon_core.package_discovery:discover_packages(colcon_meta) discover
[23.925s] Level 1:colcon.colcon_core.package_discovery:discover_packages(recursive) discover
[23.925s] INFO:colcon.colcon_core.package_discovery:Crawling recursively for packages in '/home/alper/ros2_ws'
[23.925s] Level 1:colcon.colcon_core.package_identification:_identify(.) by extensions ['ignore', 'ignore_ament_install']
[23.925s] Level 1:colcon.colcon_core.package_identification:_identify(.) by extension 'ignore'
[23.925s] Level 1:colcon.colcon_core.package_identification:_identify(.) by extension 'ignore_ament_install'
[23.925s] Level 1:colcon.colcon_core.package_identification:_identify(.) by extensions ['colcon_pkg']
[23.925s] Level 1:colcon.colcon_core.package_identification:_identify(.) by extension 'colcon_pkg'
[23.925s] Level 1:colcon.colcon_core.package_identification:_identify(.) by extensions ['colcon_meta']
[23.926s] Level 1:colcon.colcon_core.package_identification:_identify(.) by extension 'colcon_meta'
[23.926s] Level 1:colcon.colcon_core.package_identification:_identify(.) by extensions ['ros']
[23.926s] Level 1:colcon.colcon_core.package_identification:_identify(.) by extension 'ros'
[23.944s] Level 1:colcon.colcon_core.package_identification:_identify(.) by extensions ['cmake', 'python']
[23.944s] Level 1:colcon.colcon_core.package_identification:_identify(.) by extension 'cmake'
[23.944s] Level 1:colcon.colcon_core.package_identification:_identify(.) by extension 'python'
[23.944s] Level 1:colcon.colcon_core.package_identification:_identify(.) by extensions ['python_setup_py']
[23.944s] Level 1:colcon.colcon_core.package_identification:_identify(.) by extension 'python_setup_py'
[23.944s] Level 1:colcon.colcon_core.package_identification:_identify(build) by extensions ['ignore', 'ignore_ament_install']
[23.944s] Level 1:colcon.colcon_core.package_identification:_identify(build) by extension 'ignore'
[23.944s] Level 1:colcon.colcon_core.package_identification:_identify(build) ignored
[23.945s] Level 1:colcon.colcon_core.package_identification:_identify(install) by extensions ['ignore', 'ignore_ament_install']
[23.945s] Level 1:colcon.colcon_core.package_identification:_identify(install) by extension 'ignore'
[23.945s] Level 1:colcon.colcon_core.package_identification:_identify(install) ignored
[23.945s] Level 1:colcon.colcon_core.package_identification:_identify(log) by extensions ['ignore', 'ignore_ament_install']
[23.945s] Level 1:colcon.colcon_core.package_identification:_identify(log) by extension 'ignore'
[23.945s] Level 1:colcon.colcon_core.package_identification:_identify(log) ignored
[23.945s] Level 1:colcon.colcon_core.package_identification:_identify(src) by extensions ['ignore', 'ignore_ament_install']
[23.945s] Level 1:colcon.colcon_core.package_identification:_identify(src) by extension 'ignore'
[23.945s] Level 1:colcon.colcon_core.package_identification:_identify(src) by extension 'ignore_ament_install'
[23.946s] Level 1:colcon.colcon_core.package_identification:_identify(src) by extensions ['colcon_pkg']
[23.946s] Level 1:colcon.colcon_core.package_identification:_identify(src) by extension 'colcon_pkg'
[23.946s] Level 1:colcon.colcon_core.package_identification:_identify(src) by extensions ['colcon_meta']
[23.946s] Level 1:colcon.colcon_core.package_identification:_identify(src) by extension 'colcon_meta'
[23.946s] Level 1:colcon.colcon_core.package_identification:_identify(src) by extensions ['ros']
[23.946s] Level 1:colcon.colcon_core.package_identification:_identify(src) by extension 'ros'
[23.946s] Level 1:colcon.colcon_core.package_identification:_identify(src) by extensions ['cmake', 'python']
[23.946s] Level 1:colcon.colcon_core.package_identification:_identify(src) by extension 'cmake'
[23.946s] Level 1:colcon.colcon_core.package_identification:_identify(src) by extension 'python'
[23.946s] Level 1:colcon.colcon_core.package_identification:_identify(src) by extensions ['python_setup_py']
[23.946s] Level 1:colcon.colcon_core.package_identification:_identify(src) by extension 'python_setup_py'
[23.946s] Level 1:colcon.colcon_core.package_identification:_identify(src/my_py_pkg) by extensions ['ignore', 'ignore_ament_install']
[23.947s] Level 1:colcon.colcon_core.package_identification:_identify(src/my_py_pkg) by extension 'ignore'
[23.947s] Level 1:colcon.colcon_core.package_identification:_identify(src/my_py_pkg) by extension 'ignore_ament_install'
[23.947s] Level 1:colcon.colcon_core.package_identification:_identify(src/my_py_pkg) by extensions ['colcon_pkg']
[23.947s] Level 1:colcon.colcon_core.package_identification:_identify(src/my_py_pkg) by extension 'colcon_pkg'
[23.947s] Level 1:colcon.colcon_core.package_identification:_identify(src/my_py_pkg) by extensions ['colcon_meta']
[23.947s] Level 1:colcon.colcon_core.package_identification:_identify(src/my_py_pkg) by extension 'colcon_meta'
[23.947s] Level 1:colcon.colcon_core.package_identification:_identify(src/my_py_pkg) by extensions ['ros']
[23.947s] Level 1:colcon.colcon_core.package_identification:_identify(src/my_py_pkg) by extension 'ros'
[23.952s] DEBUG:colcon.colcon_core.package_identification:Package 'src/my_py_pkg' with type 'ros.ament_python' and name 'my_py_pkg'
[23.952s] Level 1:colcon.colcon_core.package_identification:_identify(src/my_robot_bringup) by extensions ['ignore', 'ignore_ament_install']
[23.953s] Level 1:colcon.colcon_core.package_identification:_identify(src/my_robot_bringup) by extension 'ignore'
[23.953s] Level 1:colcon.colcon_core.package_identification:_identify(src/my_robot_bringup) by extension 'ignore_ament_install'
[23.953s] Level 1:colcon.colcon_core.package_identification:_identify(src/my_robot_bringup) by extensions ['colcon_pkg']
[23.953s] Level 1:colcon.colcon_core.package_identification:_identify(src/my_robot_bringup) by extension 'colcon_pkg'
[23.953s] Level 1:colcon.colcon_core.package_identification:_identify(src/my_robot_bringup) by extensions ['colcon_meta']
[23.953s] Level 1:colcon.colcon_core.package_identification:_identify(src/my_robot_bringup) by extension 'colcon_meta'
[23.953s] Level 1:colcon.colcon_core.package_identification:_identify(src/my_robot_bringup) by extensions ['ros']
[23.953s] Level 1:colcon.colcon_core.package_identification:_identify(src/my_robot_bringup) by extension 'ros'
[23.954s] DEBUG:colcon.colcon_core.package_identification:Package 'src/my_robot_bringup' with type 'ros.ament_cmake' and name 'my_robot_bringup'
[23.954s] Level 1:colcon.colcon_core.package_identification:_identify(src/my_robot_interfaces) by extensions ['ignore', 'ignore_ament_install']
[23.954s] Level 1:colcon.colcon_core.package_identification:_identify(src/my_robot_interfaces) by extension 'ignore'
[23.954s] Level 1:colcon.colcon_core.package_identification:_identify(src/my_robot_interfaces) by extension 'ignore_ament_install'
[23.954s] Level 1:colcon.colcon_core.package_identification:_identify(src/my_robot_interfaces) by extensions ['colcon_pkg']
[23.954s] Level 1:colcon.colcon_core.package_identification:_identify(src/my_robot_interfaces) by extension 'colcon_pkg'
[23.955s] Level 1:colcon.colcon_core.package_identification:_identify(src/my_robot_interfaces) by extensions ['colcon_meta']
[23.955s] Level 1:colcon.colcon_core.package_identification:_identify(src/my_robot_interfaces) by extension 'colcon_meta'
[23.955s] Level 1:colcon.colcon_core.package_identification:_identify(src/my_robot_interfaces) by extensions ['ros']
[23.955s] Level 1:colcon.colcon_core.package_identification:_identify(src/my_robot_interfaces) by extension 'ros'
[23.955s] DEBUG:colcon.colcon_core.package_identification:Package 'src/my_robot_interfaces' with type 'ros.ament_cmake' and name 'my_robot_interfaces'
[23.956s] Level 1:colcon.colcon_core.package_discovery:discover_packages(recursive) using defaults
[23.956s] Level 1:colcon.colcon_core.package_discovery:discover_packages(ignore) discover
[23.956s] Level 1:colcon.colcon_core.package_discovery:discover_packages(ignore) using defaults
[23.956s] Level 1:colcon.colcon_core.package_discovery:discover_packages(path) discover
[23.956s] Level 1:colcon.colcon_core.package_discovery:discover_packages(path) using defaults
[24.992s] INFO:colcon.colcon_core.package_selection:Skipping not selected package 'my_robot_interfaces' in 'src/my_robot_interfaces'
[24.992s] INFO:colcon.colcon_core.package_selection:Skipping not selected package 'my_py_pkg' in 'src/my_py_pkg'
[25.672s] Level 1:colcon.colcon_core.package_discovery:discover_packages(prefix_path) check parameters
[25.672s] Level 1:colcon.colcon_core.package_discovery:discover_packages(prefix_path) discover
[26.356s] DEBUG:colcon.colcon_installed_package_information.package_discovery:Found 2 installed packages in /home/alper/ros2_ws/install
[26.695s] DEBUG:colcon.colcon_installed_package_information.package_discovery:Found 263 installed packages in /opt/ros/foxy
[26.698s] Level 1:colcon.colcon_core.package_discovery:discover_packages(prefix_path) using defaults
[27.478s] Level 5:colcon.colcon_core.verb:set package 'my_robot_bringup' build argument 'cmake_args' from command line to 'None'
[27.478s] Level 5:colcon.colcon_core.verb:set package 'my_robot_bringup' build argument 'cmake_target' from command line to 'None'
[27.479s] Level 5:colcon.colcon_core.verb:set package 'my_robot_bringup' build argument 'cmake_target_skip_unavailable' from command line to 'False'
[27.479s] Level 5:colcon.colcon_core.verb:set package 'my_robot_bringup' build argument 'cmake_clean_cache' from command line to 'False'
[27.479s] Level 5:colcon.colcon_core.verb:set package 'my_robot_bringup' build argument 'cmake_clean_first' from command line to 'False'
[27.479s] Level 5:colcon.colcon_core.verb:set package 'my_robot_bringup' build argument 'cmake_force_configure' from command line to 'False'
[27.479s] Level 5:colcon.colcon_core.verb:set package 'my_robot_bringup' build argument 'ament_cmake_args' from command line to 'None'
[27.479s] Level 5:colcon.colcon_core.verb:set package 'my_robot_bringup' build argument 'catkin_cmake_args' from command line to 'None'
[27.479s] Level 5:colcon.colcon_core.verb:set package 'my_robot_bringup' build argument 'catkin_skip_building_tests' from command line to 'False'
[27.479s] DEBUG:colcon.colcon_core.verb:Building package 'my_robot_bringup' with the following arguments: {'ament_cmake_args': None, 'build_base': '/home/alper/ros2_ws/build/my_robot_bringup', 'catkin_cmake_args': None, 'catkin_skip_building_tests': False, 'cmake_args': None, 'cmake_clean_cache': False, 'cmake_clean_first': False, 'cmake_force_configure': False, 'cmake_target': None, 'cmake_target_skip_unavailable': False, 'install_base': '/home/alper/ros2_ws/install/my_robot_bringup', 'merge_install': False, 'path': '/home/alper/ros2_ws/src/my_robot_bringup', 'symlink_install': True, 'test_result_base': None}
[27.816s] INFO:colcon.colcon_core.executor:Executing jobs using 'parallel' executor
[28.146s] DEBUG:colcon.colcon_parallel_executor.executor.parallel:run_until_complete
[28.146s] INFO:colcon.colcon_ros.task.ament_cmake.build:Building ROS package in '/home/alper/ros2_ws/src/my_robot_bringup' with build type 'ament_cmake'
[28.146s] INFO:colcon.colcon_cmake.task.cmake.build:Building CMake package in '/home/alper/ros2_ws/src/my_robot_bringup'
[28.492s] INFO:colcon.colcon_core.plugin_system:Skipping extension 'colcon_core.shell.bat': Not used on non-Windows systems
[28.492s] INFO:colcon.colcon_core.shell:Skip shell extension 'powershell' for command environment: Not usable outside of PowerShell
[28.492s] DEBUG:colcon.colcon_core.shell:Skip shell extension 'dsv' for command environment
[29.541s] DEBUG:colcon.colcon_core.event_handler.log_command:Invoking command in '/home/alper/ros2_ws/build/my_robot_bringup': CMAKE_PREFIX_PATH=${CMAKE_PREFIX_PATH}:/home/alper/ros2_ws/install/my_py_pkg:/opt/ros/foxy /usr/bin/cmake /home/alper/ros2_ws/src/my_robot_bringup -DAMENT_CMAKE_SYMLINK_INSTALL=1 -DCMAKE_INSTALL_PREFIX=/home/alper/ros2_ws/install/my_robot_bringup
[30.689s] DEBUG:colcon.colcon_core.event_handler.log_command:Invoked command in '/home/alper/ros2_ws/build/my_robot_bringup' returned '0': CMAKE_PREFIX_PATH=${CMAKE_PREFIX_PATH}:/home/alper/ros2_ws/install/my_py_pkg:/opt/ros/foxy /usr/bin/cmake /home/alper/ros2_ws/src/my_robot_bringup -DAMENT_CMAKE_SYMLINK_INSTALL=1 -DCMAKE_INSTALL_PREFIX=/home/alper/ros2_ws/install/my_robot_bringup
[30.695s] DEBUG:colcon.colcon_core.event_handler.log_command:Invoking command in '/home/alper/ros2_ws/build/my_robot_bringup': CMAKE_PREFIX_PATH=${CMAKE_PREFIX_PATH}:/home/alper/ros2_ws/install/my_py_pkg:/opt/ros/foxy /usr/bin/cmake --build /home/alper/ros2_ws/build/my_robot_bringup -- -j8 -l8
[30.717s] DEBUG:colcon.colcon_core.event_handler.log_command:Invoked command in '/home/alper/ros2_ws/build/my_robot_bringup' returned '0': CMAKE_PREFIX_PATH=${CMAKE_PREFIX_PATH}:/home/alper/ros2_ws/install/my_py_pkg:/opt/ros/foxy /usr/bin/cmake --build /home/alper/ros2_ws/build/my_robot_bringup -- -j8 -l8
[30.753s] DEBUG:colcon.colcon_core.event_handler.log_command:Invoking command in '/home/alper/ros2_ws/build/my_robot_bringup': CMAKE_PREFIX_PATH=${CMAKE_PREFIX_PATH}:/home/alper/ros2_ws/install/my_py_pkg:/opt/ros/foxy /usr/bin/cmake --install /home/alper/ros2_ws/build/my_robot_bringup
[30.845s] Level 1:colcon.colcon_core.environment:create_environment_scripts_only(my_robot_bringup)
[30.845s] DEBUG:colcon.colcon_core.event_handler.log_command:Invoked command in '/home/alper/ros2_ws/build/my_robot_bringup' returned '0': CMAKE_PREFIX_PATH=${CMAKE_PREFIX_PATH}:/home/alper/ros2_ws/install/my_py_pkg:/opt/ros/foxy /usr/bin/cmake --install /home/alper/ros2_ws/build/my_robot_bringup
[31.205s] Level 1:colcon.colcon_core.environment:checking '/home/alper/ros2_ws/install/my_robot_bringup' for CMake module files
[31.206s] Level 1:colcon.colcon_core.environment:checking '/home/alper/ros2_ws/install/my_robot_bringup' for CMake config files
[31.207s] Level 1:colcon.colcon_core.shell:create_environment_hook('my_robot_bringup', 'cmake_prefix_path')
[31.583s] INFO:colcon.colcon_core.shell:Creating environment hook '/home/alper/ros2_ws/install/my_robot_bringup/share/my_robot_bringup/hook/cmake_prefix_path.ps1'
[31.584s] INFO:colcon.colcon_core.shell:Creating environment descriptor '/home/alper/ros2_ws/install/my_robot_bringup/share/my_robot_bringup/hook/cmake_prefix_path.dsv'
[31.586s] INFO:colcon.colcon_core.shell:Creating environment hook '/home/alper/ros2_ws/install/my_robot_bringup/share/my_robot_bringup/hook/cmake_prefix_path.sh'
[31.588s] Level 1:colcon.colcon_core.environment:checking '/home/alper/ros2_ws/install/my_robot_bringup/bin'
[31.588s] Level 1:colcon.colcon_core.environment:checking '/home/alper/ros2_ws/install/my_robot_bringup/lib/pkgconfig/my_robot_bringup.pc'
[31.588s] Level 1:colcon.colcon_core.environment:checking '/home/alper/ros2_ws/install/my_robot_bringup/lib/python3.8/site-packages'
[31.589s] Level 1:colcon.colcon_core.environment:checking '/home/alper/ros2_ws/install/my_robot_bringup/bin'
[31.941s] INFO:colcon.colcon_core.shell:Creating package script '/home/alper/ros2_ws/install/my_robot_bringup/share/my_robot_bringup/package.ps1'
[31.943s] INFO:colcon.colcon_core.shell:Creating package descriptor '/home/alper/ros2_ws/install/my_robot_bringup/share/my_robot_bringup/package.dsv'
[31.943s] INFO:colcon.colcon_core.shell:Creating package script '/home/alper/ros2_ws/install/my_robot_bringup/share/my_robot_bringup/package.sh'
[31.944s] INFO:colcon.colcon_core.shell:Creating package script '/home/alper/ros2_ws/install/my_robot_bringup/share/my_robot_bringup/package.bash'
[31.945s] INFO:colcon.colcon_core.shell:Creating package script '/home/alper/ros2_ws/install/my_robot_bringup/share/my_robot_bringup/package.zsh'
[31.946s] Level 1:colcon.colcon_core.environment:create_file_with_runtime_dependencies(/home/alper/ros2_ws/install/my_robot_bringup/share/colcon-core/packages/my_robot_bringup)
[32.338s] Level 1:colcon.colcon_core.environment:create_environment_scripts_only(my_robot_bringup)
[32.712s] Level 1:colcon.colcon_core.environment:checking '/home/alper/ros2_ws/install/my_robot_bringup' for CMake module files
[32.713s] Level 1:colcon.colcon_core.environment:checking '/home/alper/ros2_ws/install/my_robot_bringup' for CMake config files
[32.714s] Level 1:colcon.colcon_core.shell:create_environment_hook('my_robot_bringup', 'cmake_prefix_path')
[33.054s] INFO:colcon.colcon_core.shell:Creating environment hook '/home/alper/ros2_ws/install/my_robot_bringup/share/my_robot_bringup/hook/cmake_prefix_path.ps1'
[33.055s] INFO:colcon.colcon_core.shell:Creating environment descriptor '/home/alper/ros2_ws/install/my_robot_bringup/share/my_robot_bringup/hook/cmake_prefix_path.dsv'
[33.055s] INFO:colcon.colcon_core.shell:Creating environment hook '/home/alper/ros2_ws/install/my_robot_bringup/share/my_robot_bringup/hook/cmake_prefix_path.sh'
[33.056s] Level 1:colcon.colcon_core.environment:checking '/home/alper/ros2_ws/install/my_robot_bringup/bin'
[33.056s] Level 1:colcon.colcon_core.environment:checking '/home/alper/ros2_ws/install/my_robot_bringup/lib/pkgconfig/my_robot_bringup.pc'
[33.056s] Level 1:colcon.colcon_core.environment:checking '/home/alper/ros2_ws/install/my_robot_bringup/lib/python3.8/site-packages'
[33.057s] Level 1:colcon.colcon_core.environment:checking '/home/alper/ros2_ws/install/my_robot_bringup/bin'
[33.413s] INFO:colcon.colcon_core.shell:Creating package script '/home/alper/ros2_ws/install/my_robot_bringup/share/my_robot_bringup/package.ps1'
[33.414s] INFO:colcon.colcon_core.shell:Creating package descriptor '/home/alper/ros2_ws/install/my_robot_bringup/share/my_robot_bringup/package.dsv'
[33.415s] INFO:colcon.colcon_core.shell:Creating package script '/home/alper/ros2_ws/install/my_robot_bringup/share/my_robot_bringup/package.sh'
[33.415s] INFO:colcon.colcon_core.shell:Creating package script '/home/alper/ros2_ws/install/my_robot_bringup/share/my_robot_bringup/package.bash'
[33.416s] INFO:colcon.colcon_core.shell:Creating package script '/home/alper/ros2_ws/install/my_robot_bringup/share/my_robot_bringup/package.zsh'
[33.417s] Level 1:colcon.colcon_core.environment:create_file_with_runtime_dependencies(/home/alper/ros2_ws/install/my_robot_bringup/share/colcon-core/packages/my_robot_bringup)
[33.417s] DEBUG:colcon.colcon_parallel_executor.executor.parallel:closing loop
[33.417s] DEBUG:colcon.colcon_parallel_executor.executor.parallel:loop closed
[33.418s] DEBUG:colcon.colcon_parallel_executor.executor.parallel:run_until_complete finished with '0'
[33.418s] DEBUG:colcon.colcon_core.event_reactor:joining thread
[33.779s] INFO:colcon.colcon_core.plugin_system:Skipping extension 'colcon_notification.desktop_notification.terminal_notifier': Not used on non-Darwin systems
[33.779s] INFO:colcon.colcon_core.plugin_system:Skipping extension 'colcon_notification.desktop_notification.win32': Not used on non-Windows systems
[33.779s] INFO:colcon.colcon_notification.desktop_notification:Sending desktop notification using 'notify2'
[33.793s] DEBUG:colcon.colcon_core.event_reactor:joined thread
[34.146s] INFO:colcon.colcon_core.shell:Creating prefix script '/home/alper/ros2_ws/install/local_setup.ps1'
[34.148s] INFO:colcon.colcon_core.shell:Creating prefix util module '/home/alper/ros2_ws/install/_local_setup_util_ps1.py'
[34.150s] INFO:colcon.colcon_core.shell:Creating prefix chain script '/home/alper/ros2_ws/install/setup.ps1'
[34.496s] INFO:colcon.colcon_core.shell:Creating prefix script '/home/alper/ros2_ws/install/local_setup.sh'
[34.497s] INFO:colcon.colcon_core.shell:Creating prefix util module '/home/alper/ros2_ws/install/_local_setup_util_sh.py'
[34.498s] INFO:colcon.colcon_core.shell:Creating prefix chain script '/home/alper/ros2_ws/install/setup.sh'
[34.885s] INFO:colcon.colcon_core.shell:Creating prefix script '/home/alper/ros2_ws/install/local_setup.bash'
[34.886s] INFO:colcon.colcon_core.shell:Creating prefix chain script '/home/alper/ros2_ws/install/setup.bash'
[35.234s] INFO:colcon.colcon_core.shell:Creating prefix script '/home/alper/ros2_ws/install/local_setup.zsh'
[35.234s] INFO:colcon.colcon_core.shell:Creating prefix chain script '/home/alper/ros2_ws/install/setup.zsh'
