[1.971s] Invoking command in '/home/alper/ros2_ws/build/my_robot_interfaces': CMAKE_PREFIX_PATH=${CMAKE_PREFIX_PATH}:/home/alper/ros2_ws/install/turtlesim_catch_them_all:/home/alper/ros2_ws/install/my_py_pkg:/opt/ros/foxy /usr/bin/cmake /home/alper/ros2_ws/src/my_robot_interfaces -DCMAKE_INSTALL_PREFIX=/home/alper/ros2_ws/install/my_robot_interfaces
[2.006s] -- Found ament_cmake: 0.9.12 (/opt/ros/foxy/share/ament_cmake/cmake)
[2.076s] -- Found PythonInterp: /usr/bin/python3 (found suitable version "3.8.10", minimum required is "3") 
[2.076s] -- Using PYTHON_EXECUTABLE: /usr/bin/python3
[2.628s] -- Override CMake install command with custom implementation using symlinks instead of copying resources
[2.654s] -- Found rosidl_default_generators: 1.0.1 (/opt/ros/foxy/share/rosidl_default_generators/cmake)
[2.661s] -- Using all available rosidl_typesupport_c: rosidl_typesupport_fastrtps_c;rosidl_typesupport_introspection_c
[2.668s] -- Found rosidl_adapter: 1.3.1 (/opt/ros/foxy/share/rosidl_adapter/cmake)
[2.968s] -- Using all available rosidl_typesupport_cpp: rosidl_typesupport_fastrtps_cpp;rosidl_typesupport_introspection_cpp
[3.082s] -- Found PythonInterp: /usr/bin/python3 (found version "3.8.10") 
[3.438s] -- Found ament_cmake_ros: 0.9.2 (/opt/ros/foxy/share/ament_cmake_ros/cmake)
[3.644s] -- Using all available rosidl_typesupport_c: rosidl_typesupport_fastrtps_c;rosidl_typesupport_introspection_c
[3.664s] -- Using all available rosidl_typesupport_cpp: rosidl_typesupport_fastrtps_cpp;rosidl_typesupport_introspection_cpp
[3.731s] -- Found PythonInterp: /usr/bin/python3 (found suitable version "3.8.10", minimum required is "3.5") 
[3.732s] -- Found python_cmake_module: 0.8.1 (/opt/ros/foxy/share/python_cmake_module/cmake)
[3.797s] -- Using PYTHON_EXECUTABLE: /usr/bin/python3
[3.798s] -- Using PYTHON_INCLUDE_DIRS: /usr/include/python3.8
[3.798s] -- Using PYTHON_LIBRARIES: /usr/lib/x86_64-linux-gnu/libpython3.8.so
[3.856s] -- Configuring done
[3.966s] -- Generating done
[3.972s] -- Build files have been written to: /home/alper/ros2_ws/build/my_robot_interfaces
[3.991s] Invoked command in '/home/alper/ros2_ws/build/my_robot_interfaces' returned '0': CMAKE_PREFIX_PATH=${CMAKE_PREFIX_PATH}:/home/alper/ros2_ws/install/turtlesim_catch_them_all:/home/alper/ros2_ws/install/my_py_pkg:/opt/ros/foxy /usr/bin/cmake /home/alper/ros2_ws/src/my_robot_interfaces -DCMAKE_INSTALL_PREFIX=/home/alper/ros2_ws/install/my_robot_interfaces
[3.999s] Invoking command in '/home/alper/ros2_ws/build/my_robot_interfaces': CMAKE_PREFIX_PATH=${CMAKE_PREFIX_PATH}:/home/alper/ros2_ws/install/turtlesim_catch_them_all:/home/alper/ros2_ws/install/my_py_pkg:/opt/ros/foxy /usr/bin/cmake --build /home/alper/ros2_ws/build/my_robot_interfaces -- -j8 -l8
[4.038s] [  1%] [34m[1mGenerating C code for ROS interfaces[0m
[4.050s] [  2%] [34m[1mGenerating C++ code for ROS interfaces[0m
[5.170s] [  2%] Built target my_robot_interfaces__cpp
[5.183s] [  5%] [34m[1mGenerating C++ type support dispatch for ROS interfaces[0m
[5.183s] [  5%] [34m[1mGenerating C++ type support for eProsima Fast-RTPS[0m
[5.188s] [  7%] [34m[1mGenerating C++ introspection for ROS interfaces[0m
[5.274s] [  8%] [32mBuilding C object CMakeFiles/my_robot_interfaces__rosidl_generator_c.dir/rosidl_generator_c/my_robot_interfaces/msg/detail/hardware_status__functions.c.o[0m
[5.276s] [  9%] [32mBuilding C object CMakeFiles/my_robot_interfaces__rosidl_generator_c.dir/rosidl_generator_c/my_robot_interfaces/msg/detail/led_states__functions.c.o[0m
[5.282s] [ 11%] [32mBuilding C object CMakeFiles/my_robot_interfaces__rosidl_generator_c.dir/rosidl_generator_c/my_robot_interfaces/msg/detail/turtle__functions.c.o[0m
[5.287s] [ 12%] [32mBuilding C object CMakeFiles/my_robot_interfaces__rosidl_generator_c.dir/rosidl_generator_c/my_robot_interfaces/srv/detail/compute_rectangle_area__functions.c.o[0m
[5.295s] [ 14%] [32mBuilding C object CMakeFiles/my_robot_interfaces__rosidl_generator_c.dir/rosidl_generator_c/my_robot_interfaces/msg/detail/turtle_array__functions.c.o[0m
[5.531s] [ 15%] [32mBuilding C object CMakeFiles/my_robot_interfaces__rosidl_generator_c.dir/rosidl_generator_c/my_robot_interfaces/srv/detail/set_led__functions.c.o[0m
[5.653s] [ 16%] [32m[1mLinking C shared library libmy_robot_interfaces__rosidl_generator_c.so[0m
[5.731s] [ 16%] Built target my_robot_interfaces__rosidl_generator_c
[5.740s] [ 19%] [34m[1mGenerating C introspection for ROS interfaces[0m
[5.740s] [ 19%] [34m[1mGenerating C type support dispatch for ROS interfaces[0m
[6.187s] [ 23%] [32mBuilding CXX object CMakeFiles/my_robot_interfaces__rosidl_typesupport_cpp.dir/rosidl_typesupport_cpp/my_robot_interfaces/msg/led_states__type_support.cpp.o[0m
[6.187s] [ 23%] [32mBuilding CXX object CMakeFiles/my_robot_interfaces__rosidl_typesupport_cpp.dir/rosidl_typesupport_cpp/my_robot_interfaces/msg/turtle__type_support.cpp.o[0m
[6.187s] [ 23%] [32mBuilding CXX object CMakeFiles/my_robot_interfaces__rosidl_typesupport_cpp.dir/rosidl_typesupport_cpp/my_robot_interfaces/msg/hardware_status__type_support.cpp.o[0m
[6.198s] [ 25%] [32mBuilding CXX object CMakeFiles/my_robot_interfaces__rosidl_typesupport_cpp.dir/rosidl_typesupport_cpp/my_robot_interfaces/msg/turtle_array__type_support.cpp.o[0m
[6.289s] [ 26%] [32mBuilding CXX object CMakeFiles/my_robot_interfaces__rosidl_typesupport_introspection_cpp.dir/rosidl_typesupport_introspection_cpp/my_robot_interfaces/msg/detail/hardware_status__type_support.cpp.o[0m
[6.865s] [ 28%] [32mBuilding CXX object CMakeFiles/my_robot_interfaces__rosidl_typesupport_c.dir/rosidl_typesupport_c/my_robot_interfaces/msg/hardware_status__type_support.cpp.o[0m
[6.872s] [ 29%] [32mBuilding CXX object CMakeFiles/my_robot_interfaces__rosidl_typesupport_fastrtps_cpp.dir/rosidl_typesupport_fastrtps_cpp/my_robot_interfaces/msg/detail/dds_fastrtps/hardware_status__type_support.cpp.o[0m
[7.053s] [ 30%] [32mBuilding CXX object CMakeFiles/my_robot_interfaces__rosidl_typesupport_c.dir/rosidl_typesupport_c/my_robot_interfaces/msg/led_states__type_support.cpp.o[0m
[7.160s] [ 32%] [32mBuilding CXX object CMakeFiles/my_robot_interfaces__rosidl_typesupport_c.dir/rosidl_typesupport_c/my_robot_interfaces/msg/turtle__type_support.cpp.o[0m
[7.302s] [ 33%] [32mBuilding CXX object CMakeFiles/my_robot_interfaces__rosidl_typesupport_c.dir/rosidl_typesupport_c/my_robot_interfaces/msg/turtle_array__type_support.cpp.o[0m
[7.340s] [ 35%] [32mBuilding CXX object CMakeFiles/my_robot_interfaces__rosidl_typesupport_fastrtps_cpp.dir/rosidl_typesupport_fastrtps_cpp/my_robot_interfaces/msg/detail/dds_fastrtps/led_states__type_support.cpp.o[0m
[7.341s] [ 36%] [32mBuilding CXX object CMakeFiles/my_robot_interfaces__rosidl_typesupport_introspection_cpp.dir/rosidl_typesupport_introspection_cpp/my_robot_interfaces/msg/detail/led_states__type_support.cpp.o[0m
[7.385s] [ 38%] [32mBuilding CXX object CMakeFiles/my_robot_interfaces__rosidl_typesupport_cpp.dir/rosidl_typesupport_cpp/my_robot_interfaces/srv/compute_rectangle_area__type_support.cpp.o[0m
[7.390s] [ 39%] [32mBuilding CXX object CMakeFiles/my_robot_interfaces__rosidl_typesupport_c.dir/rosidl_typesupport_c/my_robot_interfaces/srv/compute_rectangle_area__type_support.cpp.o[0m
[7.399s] [ 40%] [32mBuilding CXX object CMakeFiles/my_robot_interfaces__rosidl_typesupport_cpp.dir/rosidl_typesupport_cpp/my_robot_interfaces/srv/set_led__type_support.cpp.o[0m
[7.422s] [ 42%] [32mBuilding CXX object CMakeFiles/my_robot_interfaces__rosidl_typesupport_c.dir/rosidl_typesupport_c/my_robot_interfaces/srv/set_led__type_support.cpp.o[0m
[7.434s] [ 43%] [32mBuilding C object CMakeFiles/my_robot_interfaces__rosidl_typesupport_introspection_c.dir/rosidl_typesupport_introspection_c/my_robot_interfaces/msg/detail/hardware_status__type_support.c.o[0m
[7.494s] [ 45%] [32mBuilding C object CMakeFiles/my_robot_interfaces__rosidl_typesupport_introspection_c.dir/rosidl_typesupport_introspection_c/my_robot_interfaces/msg/detail/led_states__type_support.c.o[0m
[7.518s] [ 46%] [32mBuilding C object CMakeFiles/my_robot_interfaces__rosidl_typesupport_introspection_c.dir/rosidl_typesupport_introspection_c/my_robot_interfaces/msg/detail/turtle__type_support.c.o[0m
[7.531s] [ 47%] [32m[1mLinking CXX shared library libmy_robot_interfaces__rosidl_typesupport_c.so[0m
[7.609s] [ 49%] [32mBuilding C object CMakeFiles/my_robot_interfaces__rosidl_typesupport_introspection_c.dir/rosidl_typesupport_introspection_c/my_robot_interfaces/msg/detail/turtle_array__type_support.c.o[0m
[7.624s] [ 50%] [32mBuilding C object CMakeFiles/my_robot_interfaces__rosidl_typesupport_introspection_c.dir/rosidl_typesupport_introspection_c/my_robot_interfaces/srv/detail/compute_rectangle_area__type_support.c.o[0m
[7.664s] [ 50%] Built target my_robot_interfaces__rosidl_typesupport_c
[7.689s] [ 52%] [32mBuilding C object CMakeFiles/my_robot_interfaces__rosidl_typesupport_introspection_c.dir/rosidl_typesupport_introspection_c/my_robot_interfaces/srv/detail/set_led__type_support.c.o[0m
[7.757s] [ 53%] [32mBuilding CXX object CMakeFiles/my_robot_interfaces__rosidl_typesupport_fastrtps_cpp.dir/rosidl_typesupport_fastrtps_cpp/my_robot_interfaces/msg/detail/dds_fastrtps/turtle__type_support.cpp.o[0m
[7.794s] [ 54%] [32mBuilding CXX object CMakeFiles/my_robot_interfaces__rosidl_typesupport_introspection_cpp.dir/rosidl_typesupport_introspection_cpp/my_robot_interfaces/msg/detail/turtle__type_support.cpp.o[0m
[7.812s] [ 56%] [32m[1mLinking C shared library libmy_robot_interfaces__rosidl_typesupport_introspection_c.so[0m
[7.962s] [ 56%] Built target my_robot_interfaces__rosidl_typesupport_introspection_c
[7.989s] [ 57%] [32mBuilding CXX object CMakeFiles/my_robot_interfaces__rosidl_typesupport_introspection_cpp.dir/rosidl_typesupport_introspection_cpp/my_robot_interfaces/msg/detail/turtle_array__type_support.cpp.o[0m
[8.335s] [ 59%] [32mBuilding CXX object CMakeFiles/my_robot_interfaces__rosidl_typesupport_introspection_cpp.dir/rosidl_typesupport_introspection_cpp/my_robot_interfaces/srv/detail/compute_rectangle_area__type_support.cpp.o[0m
[8.419s] [ 60%] [32m[1mLinking CXX shared library libmy_robot_interfaces__rosidl_typesupport_cpp.so[0m
[8.477s] [ 61%] [32mBuilding CXX object CMakeFiles/my_robot_interfaces__rosidl_typesupport_introspection_cpp.dir/rosidl_typesupport_introspection_cpp/my_robot_interfaces/srv/detail/set_led__type_support.cpp.o[0m
[8.678s] [ 61%] Built target my_robot_interfaces__rosidl_typesupport_cpp
[8.722s] [ 63%] [32mBuilding CXX object CMakeFiles/my_robot_interfaces__rosidl_typesupport_fastrtps_cpp.dir/rosidl_typesupport_fastrtps_cpp/my_robot_interfaces/msg/detail/dds_fastrtps/turtle_array__type_support.cpp.o[0m
[8.802s] [ 64%] [32mBuilding CXX object CMakeFiles/my_robot_interfaces__rosidl_typesupport_fastrtps_cpp.dir/rosidl_typesupport_fastrtps_cpp/my_robot_interfaces/srv/detail/dds_fastrtps/compute_rectangle_area__type_support.cpp.o[0m
[8.870s] [ 66%] [32mBuilding CXX object CMakeFiles/my_robot_interfaces__rosidl_typesupport_fastrtps_cpp.dir/rosidl_typesupport_fastrtps_cpp/my_robot_interfaces/srv/detail/dds_fastrtps/set_led__type_support.cpp.o[0m
[9.462s] [ 67%] [32m[1mLinking CXX shared library libmy_robot_interfaces__rosidl_typesupport_introspection_cpp.so[0m
[9.627s] [ 67%] Built target my_robot_interfaces__rosidl_typesupport_introspection_cpp
[9.986s] [ 69%] [32m[1mLinking CXX shared library libmy_robot_interfaces__rosidl_typesupport_fastrtps_cpp.so[0m
[10.141s] [ 69%] Built target my_robot_interfaces__rosidl_typesupport_fastrtps_cpp
[10.150s] [ 70%] [34m[1mGenerating C type support for eProsima Fast-RTPS[0m
[10.881s] [ 73%] [32mBuilding CXX object CMakeFiles/my_robot_interfaces__rosidl_typesupport_fastrtps_c.dir/rosidl_typesupport_fastrtps_c/my_robot_interfaces/msg/detail/hardware_status__type_support_c.cpp.o[0m
[10.881s] [ 73%] [32mBuilding CXX object CMakeFiles/my_robot_interfaces__rosidl_typesupport_fastrtps_c.dir/rosidl_typesupport_fastrtps_c/my_robot_interfaces/msg/detail/led_states__type_support_c.cpp.o[0m
[10.881s] [ 74%] [32mBuilding CXX object CMakeFiles/my_robot_interfaces__rosidl_typesupport_fastrtps_c.dir/rosidl_typesupport_fastrtps_c/my_robot_interfaces/msg/detail/turtle__type_support_c.cpp.o[0m
[10.882s] [ 77%] [32mBuilding CXX object CMakeFiles/my_robot_interfaces__rosidl_typesupport_fastrtps_c.dir/rosidl_typesupport_fastrtps_c/my_robot_interfaces/srv/detail/set_led__type_support_c.cpp.o[0m
[10.882s] [ 77%] [32mBuilding CXX object CMakeFiles/my_robot_interfaces__rosidl_typesupport_fastrtps_c.dir/rosidl_typesupport_fastrtps_c/my_robot_interfaces/msg/detail/turtle_array__type_support_c.cpp.o[0m
[10.883s] [ 78%] [32mBuilding CXX object CMakeFiles/my_robot_interfaces__rosidl_typesupport_fastrtps_c.dir/rosidl_typesupport_fastrtps_c/my_robot_interfaces/srv/detail/compute_rectangle_area__type_support_c.cpp.o[0m
[11.851s] [ 80%] [32m[1mLinking CXX shared library libmy_robot_interfaces__rosidl_typesupport_fastrtps_c.so[0m
[11.997s] [ 80%] Built target my_robot_interfaces__rosidl_typesupport_fastrtps_c
[12.011s] [ 80%] Built target my_robot_interfaces
[12.026s] [ 81%] [34m[1mGenerating Python code for ROS interfaces[0m
[13.526s] [ 81%] Built target my_robot_interfaces__py
[13.554s] [ 83%] [32mBuilding C object CMakeFiles/my_robot_interfaces__python.dir/rosidl_generator_py/my_robot_interfaces/msg/_hardware_status_s.c.o[0m
[13.555s] [ 84%] [32mBuilding C object CMakeFiles/my_robot_interfaces__python.dir/rosidl_generator_py/my_robot_interfaces/msg/_turtle_s.c.o[0m
[13.555s] [ 87%] [32mBuilding C object CMakeFiles/my_robot_interfaces__python.dir/rosidl_generator_py/my_robot_interfaces/msg/_led_states_s.c.o[0m
[13.555s] [ 88%] [32mBuilding C object CMakeFiles/my_robot_interfaces__python.dir/rosidl_generator_py/my_robot_interfaces/msg/_turtle_array_s.c.o[0m
[13.555s] [ 88%] [32mBuilding C object CMakeFiles/my_robot_interfaces__python.dir/rosidl_generator_py/my_robot_interfaces/srv/_set_led_s.c.o[0m
[13.556s] [ 90%] [32mBuilding C object CMakeFiles/my_robot_interfaces__python.dir/rosidl_generator_py/my_robot_interfaces/srv/_compute_rectangle_area_s.c.o[0m
[13.771s] [ 91%] [32m[1mLinking C shared library rosidl_generator_py/my_robot_interfaces/libmy_robot_interfaces__python.so[0m
[13.815s] [ 91%] Built target my_robot_interfaces__python
[13.834s] [ 95%] [32mBuilding C object CMakeFiles/my_robot_interfaces__rosidl_typesupport_introspection_c__pyext.dir/rosidl_generator_py/my_robot_interfaces/_my_robot_interfaces_s.ep.rosidl_typesupport_introspection_c.c.o[0m
[13.834s] [ 95%] [32mBuilding C object CMakeFiles/my_robot_interfaces__rosidl_typesupport_c__pyext.dir/rosidl_generator_py/my_robot_interfaces/_my_robot_interfaces_s.ep.rosidl_typesupport_c.c.o[0m
[13.834s] [ 95%] [32mBuilding C object CMakeFiles/my_robot_interfaces__rosidl_typesupport_fastrtps_c__pyext.dir/rosidl_generator_py/my_robot_interfaces/_my_robot_interfaces_s.ep.rosidl_typesupport_fastrtps_c.c.o[0m
[14.005s] [ 97%] [32m[1mLinking CXX shared library rosidl_generator_py/my_robot_interfaces/my_robot_interfaces_s__rosidl_typesupport_fastrtps_c.cpython-38-x86_64-linux-gnu.so[0m
[14.007s] [ 98%] [32m[1mLinking C shared library rosidl_generator_py/my_robot_interfaces/my_robot_interfaces_s__rosidl_typesupport_introspection_c.cpython-38-x86_64-linux-gnu.so[0m
[14.008s] [100%] [32m[1mLinking C shared library rosidl_generator_py/my_robot_interfaces/my_robot_interfaces_s__rosidl_typesupport_c.cpython-38-x86_64-linux-gnu.so[0m
[14.045s] [100%] Built target my_robot_interfaces__rosidl_typesupport_introspection_c__pyext
[14.045s] [100%] Built target my_robot_interfaces__rosidl_typesupport_c__pyext
[14.090s] [100%] Built target my_robot_interfaces__rosidl_typesupport_fastrtps_c__pyext
[14.100s] Invoked command in '/home/alper/ros2_ws/build/my_robot_interfaces' returned '0': CMAKE_PREFIX_PATH=${CMAKE_PREFIX_PATH}:/home/alper/ros2_ws/install/turtlesim_catch_them_all:/home/alper/ros2_ws/install/my_py_pkg:/opt/ros/foxy /usr/bin/cmake --build /home/alper/ros2_ws/build/my_robot_interfaces -- -j8 -l8
[14.260s] Invoking command in '/home/alper/ros2_ws/build/my_robot_interfaces': CMAKE_PREFIX_PATH=${CMAKE_PREFIX_PATH}:/home/alper/ros2_ws/install/turtlesim_catch_them_all:/home/alper/ros2_ws/install/my_py_pkg:/opt/ros/foxy /usr/bin/cmake --install /home/alper/ros2_ws/build/my_robot_interfaces
[14.267s] -- Install configuration: ""
[14.268s] -- Execute custom install script
[14.269s] -- Up-to-date symlink: /home/alper/ros2_ws/install/my_robot_interfaces/share/ament_index/resource_index/rosidl_interfaces/my_robot_interfaces
[14.271s] -- Up-to-date symlink: /home/alper/ros2_ws/install/my_robot_interfaces/include/my_robot_interfaces/msg/detail/hardware_status__functions.h
[14.271s] -- Up-to-date symlink: /home/alper/ros2_ws/install/my_robot_interfaces/include/my_robot_interfaces/msg/detail/hardware_status__struct.h
[14.272s] -- Up-to-date symlink: /home/alper/ros2_ws/install/my_robot_interfaces/include/my_robot_interfaces/msg/detail/hardware_status__type_support.h
[14.272s] -- Up-to-date symlink: /home/alper/ros2_ws/install/my_robot_interfaces/include/my_robot_interfaces/msg/detail/led_states__functions.h
[14.272s] -- Up-to-date symlink: /home/alper/ros2_ws/install/my_robot_interfaces/include/my_robot_interfaces/msg/detail/led_states__struct.h
[14.273s] -- Up-to-date symlink: /home/alper/ros2_ws/install/my_robot_interfaces/include/my_robot_interfaces/msg/detail/led_states__type_support.h
[14.273s] -- Symlinking: /home/alper/ros2_ws/install/my_robot_interfaces/include/my_robot_interfaces/msg/detail/turtle__functions.h
[14.278s] -- Symlinking: /home/alper/ros2_ws/install/my_robot_interfaces/include/my_robot_interfaces/msg/detail/turtle__struct.h
[14.283s] -- Symlinking: /home/alper/ros2_ws/install/my_robot_interfaces/include/my_robot_interfaces/msg/detail/turtle__type_support.h
[14.288s] -- Symlinking: /home/alper/ros2_ws/install/my_robot_interfaces/include/my_robot_interfaces/msg/detail/turtle_array__functions.h
[14.292s] -- Symlinking: /home/alper/ros2_ws/install/my_robot_interfaces/include/my_robot_interfaces/msg/detail/turtle_array__struct.h
[14.297s] -- Symlinking: /home/alper/ros2_ws/install/my_robot_interfaces/include/my_robot_interfaces/msg/detail/turtle_array__type_support.h
[14.303s] -- Up-to-date symlink: /home/alper/ros2_ws/install/my_robot_interfaces/include/my_robot_interfaces/msg/hardware_status.h
[14.304s] -- Up-to-date symlink: /home/alper/ros2_ws/install/my_robot_interfaces/include/my_robot_interfaces/msg/led_states.h
[14.304s] -- Up-to-date symlink: /home/alper/ros2_ws/install/my_robot_interfaces/include/my_robot_interfaces/msg/rosidl_generator_c__visibility_control.h
[14.304s] -- Symlinking: /home/alper/ros2_ws/install/my_robot_interfaces/include/my_robot_interfaces/msg/turtle.h
[14.308s] -- Symlinking: /home/alper/ros2_ws/install/my_robot_interfaces/include/my_robot_interfaces/msg/turtle_array.h
[14.314s] -- Up-to-date symlink: /home/alper/ros2_ws/install/my_robot_interfaces/include/my_robot_interfaces/srv/compute_rectangle_area.h
[14.314s] -- Up-to-date symlink: /home/alper/ros2_ws/install/my_robot_interfaces/include/my_robot_interfaces/srv/detail/compute_rectangle_area__functions.h
[14.314s] -- Up-to-date symlink: /home/alper/ros2_ws/install/my_robot_interfaces/include/my_robot_interfaces/srv/detail/compute_rectangle_area__struct.h
[14.314s] -- Up-to-date symlink: /home/alper/ros2_ws/install/my_robot_interfaces/include/my_robot_interfaces/srv/detail/compute_rectangle_area__type_support.h
[14.314s] -- Up-to-date symlink: /home/alper/ros2_ws/install/my_robot_interfaces/include/my_robot_interfaces/srv/detail/set_led__functions.h
[14.315s] -- Up-to-date symlink: /home/alper/ros2_ws/install/my_robot_interfaces/include/my_robot_interfaces/srv/detail/set_led__struct.h
[14.315s] -- Up-to-date symlink: /home/alper/ros2_ws/install/my_robot_interfaces/include/my_robot_interfaces/srv/detail/set_led__type_support.h
[14.316s] -- Up-to-date symlink: /home/alper/ros2_ws/install/my_robot_interfaces/include/my_robot_interfaces/srv/set_led.h
[14.316s] -- Up-to-date symlink: /home/alper/ros2_ws/install/my_robot_interfaces/share/my_robot_interfaces/environment/library_path.sh
[14.316s] -- Up-to-date symlink: /home/alper/ros2_ws/install/my_robot_interfaces/share/my_robot_interfaces/environment/library_path.dsv
[14.318s] -- Up-to-date symlink: /home/alper/ros2_ws/install/my_robot_interfaces/include/my_robot_interfaces/msg/detail/hardware_status__rosidl_typesupport_fastrtps_c.h
[14.318s] -- Up-to-date symlink: /home/alper/ros2_ws/install/my_robot_interfaces/include/my_robot_interfaces/msg/detail/led_states__rosidl_typesupport_fastrtps_c.h
[14.318s] -- Symlinking: /home/alper/ros2_ws/install/my_robot_interfaces/include/my_robot_interfaces/msg/detail/turtle__rosidl_typesupport_fastrtps_c.h
[14.323s] -- Symlinking: /home/alper/ros2_ws/install/my_robot_interfaces/include/my_robot_interfaces/msg/detail/turtle_array__rosidl_typesupport_fastrtps_c.h
[14.328s] -- Up-to-date symlink: /home/alper/ros2_ws/install/my_robot_interfaces/include/my_robot_interfaces/msg/rosidl_typesupport_fastrtps_c__visibility_control.h
[14.329s] -- Up-to-date symlink: /home/alper/ros2_ws/install/my_robot_interfaces/include/my_robot_interfaces/srv/detail/compute_rectangle_area__rosidl_typesupport_fastrtps_c.h
[14.329s] -- Up-to-date symlink: /home/alper/ros2_ws/install/my_robot_interfaces/include/my_robot_interfaces/srv/detail/set_led__rosidl_typesupport_fastrtps_c.h
[14.330s] -- Up-to-date symlink: /home/alper/ros2_ws/install/my_robot_interfaces/lib/libmy_robot_interfaces__rosidl_typesupport_fastrtps_c.so
[14.331s] -- Up-to-date symlink: /home/alper/ros2_ws/install/my_robot_interfaces/include/my_robot_interfaces/msg/detail/hardware_status__rosidl_typesupport_fastrtps_cpp.hpp
[14.331s] -- Up-to-date symlink: /home/alper/ros2_ws/install/my_robot_interfaces/include/my_robot_interfaces/msg/detail/led_states__rosidl_typesupport_fastrtps_cpp.hpp
[14.331s] -- Symlinking: /home/alper/ros2_ws/install/my_robot_interfaces/include/my_robot_interfaces/msg/detail/turtle__rosidl_typesupport_fastrtps_cpp.hpp
[14.336s] -- Symlinking: /home/alper/ros2_ws/install/my_robot_interfaces/include/my_robot_interfaces/msg/detail/turtle_array__rosidl_typesupport_fastrtps_cpp.hpp
[14.341s] -- Up-to-date symlink: /home/alper/ros2_ws/install/my_robot_interfaces/include/my_robot_interfaces/msg/rosidl_typesupport_fastrtps_cpp__visibility_control.h
[14.342s] -- Up-to-date symlink: /home/alper/ros2_ws/install/my_robot_interfaces/include/my_robot_interfaces/srv/detail/compute_rectangle_area__rosidl_typesupport_fastrtps_cpp.hpp
[14.342s] -- Up-to-date symlink: /home/alper/ros2_ws/install/my_robot_interfaces/include/my_robot_interfaces/srv/detail/set_led__rosidl_typesupport_fastrtps_cpp.hpp
[14.342s] -- Up-to-date symlink: /home/alper/ros2_ws/install/my_robot_interfaces/lib/libmy_robot_interfaces__rosidl_typesupport_fastrtps_cpp.so
[14.344s] -- Up-to-date symlink: /home/alper/ros2_ws/install/my_robot_interfaces/include/my_robot_interfaces/msg/detail/hardware_status__rosidl_typesupport_introspection_c.h
[14.344s] -- Up-to-date symlink: /home/alper/ros2_ws/install/my_robot_interfaces/include/my_robot_interfaces/msg/detail/led_states__rosidl_typesupport_introspection_c.h
[14.344s] -- Symlinking: /home/alper/ros2_ws/install/my_robot_interfaces/include/my_robot_interfaces/msg/detail/turtle__rosidl_typesupport_introspection_c.h
[14.349s] -- Symlinking: /home/alper/ros2_ws/install/my_robot_interfaces/include/my_robot_interfaces/msg/detail/turtle_array__rosidl_typesupport_introspection_c.h
[14.354s] -- Up-to-date symlink: /home/alper/ros2_ws/install/my_robot_interfaces/include/my_robot_interfaces/msg/rosidl_typesupport_introspection_c__visibility_control.h
[14.354s] -- Up-to-date symlink: /home/alper/ros2_ws/install/my_robot_interfaces/include/my_robot_interfaces/srv/detail/compute_rectangle_area__rosidl_typesupport_introspection_c.h
[14.354s] -- Up-to-date symlink: /home/alper/ros2_ws/install/my_robot_interfaces/include/my_robot_interfaces/srv/detail/set_led__rosidl_typesupport_introspection_c.h
[14.355s] -- Up-to-date symlink: /home/alper/ros2_ws/install/my_robot_interfaces/include/my_robot_interfaces/msg/detail/hardware_status__builder.hpp
[14.355s] -- Up-to-date symlink: /home/alper/ros2_ws/install/my_robot_interfaces/include/my_robot_interfaces/msg/detail/hardware_status__struct.hpp
[14.356s] -- Up-to-date symlink: /home/alper/ros2_ws/install/my_robot_interfaces/include/my_robot_interfaces/msg/detail/hardware_status__traits.hpp
[14.356s] -- Up-to-date symlink: /home/alper/ros2_ws/install/my_robot_interfaces/include/my_robot_interfaces/msg/detail/hardware_status__type_support.hpp
[14.356s] -- Up-to-date symlink: /home/alper/ros2_ws/install/my_robot_interfaces/include/my_robot_interfaces/msg/detail/led_states__builder.hpp
[14.356s] -- Up-to-date symlink: /home/alper/ros2_ws/install/my_robot_interfaces/include/my_robot_interfaces/msg/detail/led_states__struct.hpp
[14.357s] -- Up-to-date symlink: /home/alper/ros2_ws/install/my_robot_interfaces/include/my_robot_interfaces/msg/detail/led_states__traits.hpp
[14.357s] -- Up-to-date symlink: /home/alper/ros2_ws/install/my_robot_interfaces/include/my_robot_interfaces/msg/detail/led_states__type_support.hpp
[14.357s] -- Symlinking: /home/alper/ros2_ws/install/my_robot_interfaces/include/my_robot_interfaces/msg/detail/turtle__builder.hpp
[14.362s] -- Symlinking: /home/alper/ros2_ws/install/my_robot_interfaces/include/my_robot_interfaces/msg/detail/turtle__struct.hpp
[14.366s] -- Symlinking: /home/alper/ros2_ws/install/my_robot_interfaces/include/my_robot_interfaces/msg/detail/turtle__traits.hpp
[14.371s] -- Symlinking: /home/alper/ros2_ws/install/my_robot_interfaces/include/my_robot_interfaces/msg/detail/turtle__type_support.hpp
[14.377s] -- Symlinking: /home/alper/ros2_ws/install/my_robot_interfaces/include/my_robot_interfaces/msg/detail/turtle_array__builder.hpp
[14.382s] -- Symlinking: /home/alper/ros2_ws/install/my_robot_interfaces/include/my_robot_interfaces/msg/detail/turtle_array__struct.hpp
[14.387s] -- Symlinking: /home/alper/ros2_ws/install/my_robot_interfaces/include/my_robot_interfaces/msg/detail/turtle_array__traits.hpp
[14.392s] -- Symlinking: /home/alper/ros2_ws/install/my_robot_interfaces/include/my_robot_interfaces/msg/detail/turtle_array__type_support.hpp
[14.397s] -- Up-to-date symlink: /home/alper/ros2_ws/install/my_robot_interfaces/include/my_robot_interfaces/msg/hardware_status.hpp
[14.397s] -- Up-to-date symlink: /home/alper/ros2_ws/install/my_robot_interfaces/include/my_robot_interfaces/msg/led_states.hpp
[14.397s] -- Up-to-date symlink: /home/alper/ros2_ws/install/my_robot_interfaces/include/my_robot_interfaces/msg/rosidl_generator_cpp__visibility_control.hpp
[14.397s] -- Symlinking: /home/alper/ros2_ws/install/my_robot_interfaces/include/my_robot_interfaces/msg/turtle.hpp
[14.402s] -- Symlinking: /home/alper/ros2_ws/install/my_robot_interfaces/include/my_robot_interfaces/msg/turtle_array.hpp
[14.408s] -- Up-to-date symlink: /home/alper/ros2_ws/install/my_robot_interfaces/include/my_robot_interfaces/srv/compute_rectangle_area.hpp
[14.408s] -- Up-to-date symlink: /home/alper/ros2_ws/install/my_robot_interfaces/include/my_robot_interfaces/srv/detail/compute_rectangle_area__builder.hpp
[14.408s] -- Up-to-date symlink: /home/alper/ros2_ws/install/my_robot_interfaces/include/my_robot_interfaces/srv/detail/compute_rectangle_area__struct.hpp
[14.408s] -- Up-to-date symlink: /home/alper/ros2_ws/install/my_robot_interfaces/include/my_robot_interfaces/srv/detail/compute_rectangle_area__traits.hpp
[14.409s] -- Up-to-date symlink: /home/alper/ros2_ws/install/my_robot_interfaces/include/my_robot_interfaces/srv/detail/compute_rectangle_area__type_support.hpp
[14.409s] -- Up-to-date symlink: /home/alper/ros2_ws/install/my_robot_interfaces/include/my_robot_interfaces/srv/detail/set_led__builder.hpp
[14.409s] -- Up-to-date symlink: /home/alper/ros2_ws/install/my_robot_interfaces/include/my_robot_interfaces/srv/detail/set_led__struct.hpp
[14.409s] -- Up-to-date symlink: /home/alper/ros2_ws/install/my_robot_interfaces/include/my_robot_interfaces/srv/detail/set_led__traits.hpp
[14.410s] -- Up-to-date symlink: /home/alper/ros2_ws/install/my_robot_interfaces/include/my_robot_interfaces/srv/detail/set_led__type_support.hpp
[14.410s] -- Up-to-date symlink: /home/alper/ros2_ws/install/my_robot_interfaces/include/my_robot_interfaces/srv/set_led.hpp
[14.411s] -- Up-to-date symlink: /home/alper/ros2_ws/install/my_robot_interfaces/include/my_robot_interfaces/msg/detail/hardware_status__rosidl_typesupport_introspection_cpp.hpp
[14.411s] -- Up-to-date symlink: /home/alper/ros2_ws/install/my_robot_interfaces/include/my_robot_interfaces/msg/detail/led_states__rosidl_typesupport_introspection_cpp.hpp
[14.411s] -- Symlinking: /home/alper/ros2_ws/install/my_robot_interfaces/include/my_robot_interfaces/msg/detail/turtle__rosidl_typesupport_introspection_cpp.hpp
[14.416s] -- Symlinking: /home/alper/ros2_ws/install/my_robot_interfaces/include/my_robot_interfaces/msg/detail/turtle_array__rosidl_typesupport_introspection_cpp.hpp
[14.421s] -- Up-to-date symlink: /home/alper/ros2_ws/install/my_robot_interfaces/include/my_robot_interfaces/srv/detail/compute_rectangle_area__rosidl_typesupport_introspection_cpp.hpp
[14.421s] -- Up-to-date symlink: /home/alper/ros2_ws/install/my_robot_interfaces/include/my_robot_interfaces/srv/detail/set_led__rosidl_typesupport_introspection_cpp.hpp
[14.422s] -- Up-to-date symlink: /home/alper/ros2_ws/install/my_robot_interfaces/share/my_robot_interfaces/environment/pythonpath.sh
[14.422s] -- Up-to-date symlink: /home/alper/ros2_ws/install/my_robot_interfaces/share/my_robot_interfaces/environment/pythonpath.dsv
[14.423s] -- Up-to-date symlink: /home/alper/ros2_ws/install/my_robot_interfaces/lib/python3.8/site-packages/my_robot_interfaces/__init__.py
[14.423s] -- Up-to-date symlink: /home/alper/ros2_ws/install/my_robot_interfaces/lib/python3.8/site-packages/my_robot_interfaces/msg/__init__.py
[14.424s] -- Up-to-date symlink: /home/alper/ros2_ws/install/my_robot_interfaces/lib/python3.8/site-packages/my_robot_interfaces/msg/_hardware_status.py
[14.424s] -- Up-to-date symlink: /home/alper/ros2_ws/install/my_robot_interfaces/lib/python3.8/site-packages/my_robot_interfaces/msg/_led_states.py
[14.424s] -- Symlinking: /home/alper/ros2_ws/install/my_robot_interfaces/lib/python3.8/site-packages/my_robot_interfaces/msg/_turtle.py
[14.429s] -- Symlinking: /home/alper/ros2_ws/install/my_robot_interfaces/lib/python3.8/site-packages/my_robot_interfaces/msg/_turtle_array.py
[14.434s] -- Up-to-date symlink: /home/alper/ros2_ws/install/my_robot_interfaces/lib/python3.8/site-packages/my_robot_interfaces/srv/__init__.py
[14.434s] -- Up-to-date symlink: /home/alper/ros2_ws/install/my_robot_interfaces/lib/python3.8/site-packages/my_robot_interfaces/srv/_compute_rectangle_area.py
[14.434s] -- Up-to-date symlink: /home/alper/ros2_ws/install/my_robot_interfaces/lib/python3.8/site-packages/my_robot_interfaces/srv/_set_led.py
[14.434s] -- Up-to-date symlink: /home/alper/ros2_ws/install/my_robot_interfaces/lib/python3.8/site-packages/my_robot_interfaces/my_robot_interfaces_s__rosidl_typesupport_fastrtps_c.cpython-38-x86_64-linux-gnu.so
[14.435s] -- Up-to-date symlink: /home/alper/ros2_ws/install/my_robot_interfaces/lib/python3.8/site-packages/my_robot_interfaces/my_robot_interfaces_s__rosidl_typesupport_introspection_c.cpython-38-x86_64-linux-gnu.so
[14.436s] -- Up-to-date symlink: /home/alper/ros2_ws/install/my_robot_interfaces/lib/python3.8/site-packages/my_robot_interfaces/my_robot_interfaces_s__rosidl_typesupport_c.cpython-38-x86_64-linux-gnu.so
[14.436s] -- Up-to-date symlink: /home/alper/ros2_ws/install/my_robot_interfaces/lib/libmy_robot_interfaces__python.so
[14.437s] -- Up-to-date symlink: /home/alper/ros2_ws/install/my_robot_interfaces/share/my_robot_interfaces/msg/HardwareStatus.idl
[14.437s] -- Up-to-date symlink: /home/alper/ros2_ws/install/my_robot_interfaces/share/my_robot_interfaces/msg/LedStates.idl
[14.437s] -- Symlinking: /home/alper/ros2_ws/install/my_robot_interfaces/share/my_robot_interfaces/msg/Turtle.idl
[14.442s] -- Symlinking: /home/alper/ros2_ws/install/my_robot_interfaces/share/my_robot_interfaces/msg/TurtleArray.idl
[14.447s] -- Up-to-date symlink: /home/alper/ros2_ws/install/my_robot_interfaces/share/my_robot_interfaces/srv/ComputeRectangleArea.idl
[14.448s] -- Up-to-date symlink: /home/alper/ros2_ws/install/my_robot_interfaces/share/my_robot_interfaces/srv/SetLed.idl
[14.448s] -- Up-to-date symlink: /home/alper/ros2_ws/install/my_robot_interfaces/share/my_robot_interfaces/msg/HardwareStatus.msg
[14.448s] -- Up-to-date symlink: /home/alper/ros2_ws/install/my_robot_interfaces/share/my_robot_interfaces/msg/LedStates.msg
[14.448s] -- Symlinking: /home/alper/ros2_ws/install/my_robot_interfaces/share/my_robot_interfaces/msg/Turtle.msg
[14.453s] -- Symlinking: /home/alper/ros2_ws/install/my_robot_interfaces/share/my_robot_interfaces/msg/TurtleArray.msg
[14.458s] -- Up-to-date symlink: /home/alper/ros2_ws/install/my_robot_interfaces/share/my_robot_interfaces/srv/ComputeRectangleArea.srv
[14.459s] -- Up-to-date symlink: /home/alper/ros2_ws/install/my_robot_interfaces/share/my_robot_interfaces/srv/ComputeRectangleArea_Request.msg
[14.459s] -- Up-to-date symlink: /home/alper/ros2_ws/install/my_robot_interfaces/share/my_robot_interfaces/srv/ComputeRectangleArea_Response.msg
[14.459s] -- Up-to-date symlink: /home/alper/ros2_ws/install/my_robot_interfaces/share/my_robot_interfaces/srv/SetLed.srv
[14.459s] -- Up-to-date symlink: /home/alper/ros2_ws/install/my_robot_interfaces/share/my_robot_interfaces/srv/SetLed_Request.msg
[14.460s] -- Up-to-date symlink: /home/alper/ros2_ws/install/my_robot_interfaces/share/my_robot_interfaces/srv/SetLed_Response.msg
[14.460s] -- Up-to-date symlink: /home/alper/ros2_ws/install/my_robot_interfaces/share/ament_index/resource_index/package_run_dependencies/my_robot_interfaces
[14.461s] -- Up-to-date symlink: /home/alper/ros2_ws/install/my_robot_interfaces/share/ament_index/resource_index/parent_prefix_path/my_robot_interfaces
[14.461s] -- Up-to-date symlink: /home/alper/ros2_ws/install/my_robot_interfaces/share/my_robot_interfaces/environment/ament_prefix_path.sh
[14.461s] -- Up-to-date symlink: /home/alper/ros2_ws/install/my_robot_interfaces/share/my_robot_interfaces/environment/ament_prefix_path.dsv
[14.462s] -- Up-to-date symlink: /home/alper/ros2_ws/install/my_robot_interfaces/share/my_robot_interfaces/environment/path.sh
[14.462s] -- Up-to-date symlink: /home/alper/ros2_ws/install/my_robot_interfaces/share/my_robot_interfaces/environment/path.dsv
[14.462s] -- Up-to-date symlink: /home/alper/ros2_ws/install/my_robot_interfaces/share/my_robot_interfaces/local_setup.bash
[14.463s] -- Up-to-date symlink: /home/alper/ros2_ws/install/my_robot_interfaces/share/my_robot_interfaces/local_setup.sh
[14.463s] -- Up-to-date symlink: /home/alper/ros2_ws/install/my_robot_interfaces/share/my_robot_interfaces/local_setup.zsh
[14.463s] -- Up-to-date symlink: /home/alper/ros2_ws/install/my_robot_interfaces/share/my_robot_interfaces/local_setup.dsv
[14.464s] -- Symlinking: /home/alper/ros2_ws/install/my_robot_interfaces/share/my_robot_interfaces/package.dsv
[14.469s] -- Up-to-date symlink: /home/alper/ros2_ws/install/my_robot_interfaces/share/ament_index/resource_index/packages/my_robot_interfaces
[14.469s] -- Up-to-date symlink: /home/alper/ros2_ws/install/my_robot_interfaces/share/my_robot_interfaces/cmake/rosidl_cmake-extras.cmake
[14.469s] -- Up-to-date symlink: /home/alper/ros2_ws/install/my_robot_interfaces/share/my_robot_interfaces/cmake/ament_cmake_export_dependencies-extras.cmake
[14.470s] -- Up-to-date symlink: /home/alper/ros2_ws/install/my_robot_interfaces/share/my_robot_interfaces/cmake/ament_cmake_export_libraries-extras.cmake
[14.470s] -- Up-to-date symlink: /home/alper/ros2_ws/install/my_robot_interfaces/share/my_robot_interfaces/cmake/ament_cmake_export_targets-extras.cmake
[14.471s] -- Up-to-date symlink: /home/alper/ros2_ws/install/my_robot_interfaces/share/my_robot_interfaces/cmake/ament_cmake_export_include_directories-extras.cmake
[14.471s] -- Up-to-date symlink: /home/alper/ros2_ws/install/my_robot_interfaces/share/my_robot_interfaces/cmake/rosidl_cmake_export_typesupport_libraries-extras.cmake
[14.471s] -- Up-to-date symlink: /home/alper/ros2_ws/install/my_robot_interfaces/share/my_robot_interfaces/cmake/rosidl_cmake_export_typesupport_targets-extras.cmake
[14.472s] -- Up-to-date symlink: /home/alper/ros2_ws/install/my_robot_interfaces/share/my_robot_interfaces/cmake/my_robot_interfacesConfig.cmake
[14.472s] -- Up-to-date symlink: /home/alper/ros2_ws/install/my_robot_interfaces/share/my_robot_interfaces/cmake/my_robot_interfacesConfig-version.cmake
[14.472s] -- Up-to-date symlink: /home/alper/ros2_ws/install/my_robot_interfaces/share/my_robot_interfaces/package.xml
[14.473s] -- Installing: /home/alper/ros2_ws/install/my_robot_interfaces/lib/libmy_robot_interfaces__rosidl_generator_c.so
[14.474s] -- Set runtime path of "/home/alper/ros2_ws/install/my_robot_interfaces/lib/libmy_robot_interfaces__rosidl_generator_c.so" to ""
[14.474s] -- Installing: /home/alper/ros2_ws/install/my_robot_interfaces/lib/libmy_robot_interfaces__rosidl_typesupport_introspection_c.so
[14.475s] -- Set runtime path of "/home/alper/ros2_ws/install/my_robot_interfaces/lib/libmy_robot_interfaces__rosidl_typesupport_introspection_c.so" to ""
[14.475s] -- Installing: /home/alper/ros2_ws/install/my_robot_interfaces/lib/libmy_robot_interfaces__rosidl_typesupport_c.so
[14.476s] -- Set runtime path of "/home/alper/ros2_ws/install/my_robot_interfaces/lib/libmy_robot_interfaces__rosidl_typesupport_c.so" to ""
[14.476s] -- Installing: /home/alper/ros2_ws/install/my_robot_interfaces/lib/libmy_robot_interfaces__rosidl_typesupport_introspection_cpp.so
[14.477s] -- Set runtime path of "/home/alper/ros2_ws/install/my_robot_interfaces/lib/libmy_robot_interfaces__rosidl_typesupport_introspection_cpp.so" to ""
[14.478s] -- Installing: /home/alper/ros2_ws/install/my_robot_interfaces/lib/libmy_robot_interfaces__rosidl_typesupport_cpp.so
[14.478s] -- Set runtime path of "/home/alper/ros2_ws/install/my_robot_interfaces/lib/libmy_robot_interfaces__rosidl_typesupport_cpp.so" to ""
[14.537s] Compiling '/home/alper/ros2_ws/install/my_robot_interfaces/lib/python3.8/site-packages/my_robot_interfaces/__init__.py'...
[14.545s] -- Up-to-date: /home/alper/ros2_ws/install/my_robot_interfaces/share/my_robot_interfaces/cmake/my_robot_interfaces__rosidl_generator_cExport.cmake
[14.545s] -- Up-to-date: /home/alper/ros2_ws/install/my_robot_interfaces/share/my_robot_interfaces/cmake/my_robot_interfaces__rosidl_generator_cExport-noconfig.cmake
[14.546s] -- Up-to-date: /home/alper/ros2_ws/install/my_robot_interfaces/share/my_robot_interfaces/cmake/my_robot_interfaces__rosidl_typesupport_introspection_cExport.cmake
[14.546s] -- Up-to-date: /home/alper/ros2_ws/install/my_robot_interfaces/share/my_robot_interfaces/cmake/my_robot_interfaces__rosidl_typesupport_introspection_cExport-noconfig.cmake
[14.546s] -- Up-to-date: /home/alper/ros2_ws/install/my_robot_interfaces/share/my_robot_interfaces/cmake/my_robot_interfaces__rosidl_typesupport_cExport.cmake
[14.546s] -- Up-to-date: /home/alper/ros2_ws/install/my_robot_interfaces/share/my_robot_interfaces/cmake/my_robot_interfaces__rosidl_typesupport_cExport-noconfig.cmake
[14.546s] -- Up-to-date: /home/alper/ros2_ws/install/my_robot_interfaces/share/my_robot_interfaces/cmake/my_robot_interfaces__rosidl_generator_cppExport.cmake
[14.547s] -- Up-to-date: /home/alper/ros2_ws/install/my_robot_interfaces/share/my_robot_interfaces/cmake/my_robot_interfaces__rosidl_typesupport_introspection_cppExport.cmake
[14.547s] -- Up-to-date: /home/alper/ros2_ws/install/my_robot_interfaces/share/my_robot_interfaces/cmake/my_robot_interfaces__rosidl_typesupport_introspection_cppExport-noconfig.cmake
[14.547s] -- Up-to-date: /home/alper/ros2_ws/install/my_robot_interfaces/share/my_robot_interfaces/cmake/my_robot_interfaces__rosidl_typesupport_cppExport.cmake
[14.547s] -- Up-to-date: /home/alper/ros2_ws/install/my_robot_interfaces/share/my_robot_interfaces/cmake/my_robot_interfaces__rosidl_typesupport_cppExport-noconfig.cmake
[14.550s] Invoked command in '/home/alper/ros2_ws/build/my_robot_interfaces' returned '0': CMAKE_PREFIX_PATH=${CMAKE_PREFIX_PATH}:/home/alper/ros2_ws/install/turtlesim_catch_them_all:/home/alper/ros2_ws/install/my_py_pkg:/opt/ros/foxy /usr/bin/cmake --install /home/alper/ros2_ws/build/my_robot_interfaces
