[6.700s] Invoking command in '/home/alper/ros2_ws/src/turtlesim_catch_them_all': CMAKE_PREFIX_PATH=/home/alper/ros2_ws/install/my_robot_interfaces:/home/alper/ros2_ws/install/my_robot_bringup PYTHONPATH=/home/alper/ros2_ws/build/turtlesim_catch_them_all/prefix_override:/home/alper/ros2_ws/install/turtlesim_catch_them_all/lib/python3.8/site-packages:/home/alper/ros2_ws/install/my_robot_interfaces/lib/python3.8/site-packages:/home/alper/ros2_ws/build/turtlesim_catch_them_all:/home/alper/ros2_ws/install/turtlesim_catch_them_all/lib/python3.8/site-packages:/home/alper/ros2_ws/build/my_py_pkg:/home/alper/ros2_ws/install/my_py_pkg/lib/python3.8/site-packages:/opt/ros/foxy/lib/python3.8/site-packages /usr/bin/python3 setup.py egg_info --egg-base ../../build/turtlesim_catch_them_all build --build-base /home/alper/ros2_ws/build/turtlesim_catch_them_all/build install --record /home/alper/ros2_ws/build/turtlesim_catch_them_all/install.log --install-scripts $base/lib/turtlesim_catch_them_all --single-version-externally-managed
[7.234s] running egg_info
[7.236s] writing ../../build/turtlesim_catch_them_all/turtlesim_catch_them_all.egg-info/PKG-INFO
[7.236s] writing dependency_links to ../../build/turtlesim_catch_them_all/turtlesim_catch_them_all.egg-info/dependency_links.txt
[7.236s] writing entry points to ../../build/turtlesim_catch_them_all/turtlesim_catch_them_all.egg-info/entry_points.txt
[7.236s] writing requirements to ../../build/turtlesim_catch_them_all/turtlesim_catch_them_all.egg-info/requires.txt
[7.237s] writing top-level names to ../../build/turtlesim_catch_them_all/turtlesim_catch_them_all.egg-info/top_level.txt
[7.297s] reading manifest file '../../build/turtlesim_catch_them_all/turtlesim_catch_them_all.egg-info/SOURCES.txt'
[7.299s] writing manifest file '../../build/turtlesim_catch_them_all/turtlesim_catch_them_all.egg-info/SOURCES.txt'
[7.300s] running build
[7.300s] running build_py
[7.300s] running install
[7.302s] running install_lib
[7.306s] running install_data
[7.307s] running install_egg_info
[7.311s] removing '/home/alper/ros2_ws/install/turtlesim_catch_them_all/lib/python3.8/site-packages/turtlesim_catch_them_all-0.0.0-py3.8.egg-info' (and everything under it)
[7.312s] Copying ../../build/turtlesim_catch_them_all/turtlesim_catch_them_all.egg-info to /home/alper/ros2_ws/install/turtlesim_catch_them_all/lib/python3.8/site-packages/turtlesim_catch_them_all-0.0.0-py3.8.egg-info
[7.313s] running install_scripts
[7.345s] Installing turtle_spawner script to /home/alper/ros2_ws/install/turtlesim_catch_them_all/lib/turtlesim_catch_them_all
[7.346s] Installing turtlesim_controller script to /home/alper/ros2_ws/install/turtlesim_catch_them_all/lib/turtlesim_catch_them_all
[7.346s] writing list of installed files to '/home/alper/ros2_ws/build/turtlesim_catch_them_all/install.log'
[7.402s] Invoked command in '/home/alper/ros2_ws/src/turtlesim_catch_them_all' returned '0': CMAKE_PREFIX_PATH=/home/alper/ros2_ws/install/my_robot_interfaces:/home/alper/ros2_ws/install/my_robot_bringup PYTHONPATH=/home/alper/ros2_ws/build/turtlesim_catch_them_all/prefix_override:/home/alper/ros2_ws/install/turtlesim_catch_them_all/lib/python3.8/site-packages:/home/alper/ros2_ws/install/my_robot_interfaces/lib/python3.8/site-packages:/home/alper/ros2_ws/build/turtlesim_catch_them_all:/home/alper/ros2_ws/install/turtlesim_catch_them_all/lib/python3.8/site-packages:/home/alper/ros2_ws/build/my_py_pkg:/home/alper/ros2_ws/install/my_py_pkg/lib/python3.8/site-packages:/opt/ros/foxy/lib/python3.8/site-packages /usr/bin/python3 setup.py egg_info --egg-base ../../build/turtlesim_catch_them_all build --build-base /home/alper/ros2_ws/build/turtlesim_catch_them_all/build install --record /home/alper/ros2_ws/build/turtlesim_catch_them_all/install.log --install-scripts $base/lib/turtlesim_catch_them_all --single-version-externally-managed
