[18.687s] DEBUG:colcon:Command line arguments: ['/usr/bin/colcon', 'build', '--symlink-install']
[18.687s] DEBUG:colcon:Parsed command line arguments: Namespace(allow_overriding=[], ament_cmake_args=None, base_paths=['.'], build_base='build', catkin_cmake_args=None, catkin_skip_building_tests=False, cmake_args=None, cmake_clean_cache=False, cmake_clean_first=False, cmake_force_configure=False, cmake_target=None, cmake_target_skip_unavailable=False, continue_on_error=False, event_handlers=None, executor='parallel', ignore_user_meta=False, install_base='install', log_base=None, log_level=None, main=<bound method BuildVerb.main of <colcon_core.verb.build.BuildVerb object at 0x7f7d806c3430>>, merge_install=False, metas=['./colcon.meta'], packages_above=None, packages_above_and_dependencies=None, packages_above_depth=None, packages_end=None, packages_ignore=None, packages_ignore_regex=None, packages_select=None, packages_select_build_failed=False, packages_select_by_dep=None, packages_select_regex=None, packages_select_test_failures=False, packages_skip=None, packages_skip_build_finished=False, packages_skip_by_dep=None, packages_skip_regex=None, packages_skip_test_passed=False, packages_skip_up_to=None, packages_start=None, packages_up_to=None, packages_up_to_regex=None, parallel_workers=8, paths=None, symlink_install=True, test_result_base=None, verb_extension=<colcon_core.verb.build.BuildVerb object at 0x7f7d806c3430>, verb_name='build', verb_parser=<colcon_defaults.argument_parser.defaults.DefaultArgumentsDecorator object at 0x7f7d806c3400>)
[19.414s] Level 1:colcon.colcon_core.package_discovery:discover_packages(colcon_meta) check parameters
[19.414s] Level 1:colcon.colcon_core.package_discovery:discover_packages(recursive) check parameters
[19.414s] Level 1:colcon.colcon_core.package_discovery:discover_packages(ignore) check parameters
[19.414s] Level 1:colcon.colcon_core.package_discovery:discover_packages(path) check parameters
[19.414s] Level 1:colcon.colcon_core.package_discovery:discover_packages(colcon_meta) discover
[19.414s] Level 1:colcon.colcon_core.package_discovery:discover_packages(recursive) discover
[19.414s] INFO:colcon.colcon_core.package_discovery:Crawling recursively for packages in '/home/alper/ros2_ws'
[19.414s] Level 1:colcon.colcon_core.package_identification:_identify(.) by extensions ['ignore', 'ignore_ament_install']
[19.415s] Level 1:colcon.colcon_core.package_identification:_identify(.) by extension 'ignore'
[19.415s] Level 1:colcon.colcon_core.package_identification:_identify(.) by extension 'ignore_ament_install'
[19.415s] Level 1:colcon.colcon_core.package_identification:_identify(.) by extensions ['colcon_pkg']
[19.415s] Level 1:colcon.colcon_core.package_identification:_identify(.) by extension 'colcon_pkg'
[19.415s] Level 1:colcon.colcon_core.package_identification:_identify(.) by extensions ['colcon_meta']
[19.415s] Level 1:colcon.colcon_core.package_identification:_identify(.) by extension 'colcon_meta'
[19.415s] Level 1:colcon.colcon_core.package_identification:_identify(.) by extensions ['ros']
[19.415s] Level 1:colcon.colcon_core.package_identification:_identify(.) by extension 'ros'
[19.437s] Level 1:colcon.colcon_core.package_identification:_identify(.) by extensions ['cmake', 'python']
[19.438s] Level 1:colcon.colcon_core.package_identification:_identify(.) by extension 'cmake'
[19.438s] Level 1:colcon.colcon_core.package_identification:_identify(.) by extension 'python'
[19.438s] Level 1:colcon.colcon_core.package_identification:_identify(.) by extensions ['python_setup_py']
[19.438s] Level 1:colcon.colcon_core.package_identification:_identify(.) by extension 'python_setup_py'
[19.438s] Level 1:colcon.colcon_core.package_identification:_identify(build) by extensions ['ignore', 'ignore_ament_install']
[19.438s] Level 1:colcon.colcon_core.package_identification:_identify(build) by extension 'ignore'
[19.438s] Level 1:colcon.colcon_core.package_identification:_identify(build) ignored
[19.438s] Level 1:colcon.colcon_core.package_identification:_identify(install) by extensions ['ignore', 'ignore_ament_install']
[19.439s] Level 1:colcon.colcon_core.package_identification:_identify(install) by extension 'ignore'
[19.439s] Level 1:colcon.colcon_core.package_identification:_identify(install) ignored
[19.439s] Level 1:colcon.colcon_core.package_identification:_identify(log) by extensions ['ignore', 'ignore_ament_install']
[19.439s] Level 1:colcon.colcon_core.package_identification:_identify(log) by extension 'ignore'
[19.439s] Level 1:colcon.colcon_core.package_identification:_identify(log) ignored
[19.439s] Level 1:colcon.colcon_core.package_identification:_identify(src) by extensions ['ignore', 'ignore_ament_install']
[19.439s] Level 1:colcon.colcon_core.package_identification:_identify(src) by extension 'ignore'
[19.439s] Level 1:colcon.colcon_core.package_identification:_identify(src) by extension 'ignore_ament_install'
[19.440s] Level 1:colcon.colcon_core.package_identification:_identify(src) by extensions ['colcon_pkg']
[19.440s] Level 1:colcon.colcon_core.package_identification:_identify(src) by extension 'colcon_pkg'
[19.440s] Level 1:colcon.colcon_core.package_identification:_identify(src) by extensions ['colcon_meta']
[19.440s] Level 1:colcon.colcon_core.package_identification:_identify(src) by extension 'colcon_meta'
[19.440s] Level 1:colcon.colcon_core.package_identification:_identify(src) by extensions ['ros']
[19.440s] Level 1:colcon.colcon_core.package_identification:_identify(src) by extension 'ros'
[19.440s] Level 1:colcon.colcon_core.package_identification:_identify(src) by extensions ['cmake', 'python']
[19.440s] Level 1:colcon.colcon_core.package_identification:_identify(src) by extension 'cmake'
[19.440s] Level 1:colcon.colcon_core.package_identification:_identify(src) by extension 'python'
[19.440s] Level 1:colcon.colcon_core.package_identification:_identify(src) by extensions ['python_setup_py']
[19.440s] Level 1:colcon.colcon_core.package_identification:_identify(src) by extension 'python_setup_py'
[19.440s] Level 1:colcon.colcon_core.package_identification:_identify(src/my_py_pkg) by extensions ['ignore', 'ignore_ament_install']
[19.441s] Level 1:colcon.colcon_core.package_identification:_identify(src/my_py_pkg) by extension 'ignore'
[19.441s] Level 1:colcon.colcon_core.package_identification:_identify(src/my_py_pkg) by extension 'ignore_ament_install'
[19.441s] Level 1:colcon.colcon_core.package_identification:_identify(src/my_py_pkg) by extensions ['colcon_pkg']
[19.441s] Level 1:colcon.colcon_core.package_identification:_identify(src/my_py_pkg) by extension 'colcon_pkg'
[19.441s] Level 1:colcon.colcon_core.package_identification:_identify(src/my_py_pkg) by extensions ['colcon_meta']
[19.441s] Level 1:colcon.colcon_core.package_identification:_identify(src/my_py_pkg) by extension 'colcon_meta'
[19.441s] Level 1:colcon.colcon_core.package_identification:_identify(src/my_py_pkg) by extensions ['ros']
[19.441s] Level 1:colcon.colcon_core.package_identification:_identify(src/my_py_pkg) by extension 'ros'
[19.447s] DEBUG:colcon.colcon_core.package_identification:Package 'src/my_py_pkg' with type 'ros.ament_python' and name 'my_py_pkg'
[19.448s] Level 1:colcon.colcon_core.package_identification:_identify(src/my_robot_interfaces) by extensions ['ignore', 'ignore_ament_install']
[19.448s] Level 1:colcon.colcon_core.package_identification:_identify(src/my_robot_interfaces) by extension 'ignore'
[19.448s] Level 1:colcon.colcon_core.package_identification:_identify(src/my_robot_interfaces) by extension 'ignore_ament_install'
[19.448s] Level 1:colcon.colcon_core.package_identification:_identify(src/my_robot_interfaces) by extensions ['colcon_pkg']
[19.448s] Level 1:colcon.colcon_core.package_identification:_identify(src/my_robot_interfaces) by extension 'colcon_pkg'
[19.448s] Level 1:colcon.colcon_core.package_identification:_identify(src/my_robot_interfaces) by extensions ['colcon_meta']
[19.448s] Level 1:colcon.colcon_core.package_identification:_identify(src/my_robot_interfaces) by extension 'colcon_meta'
[19.448s] Level 1:colcon.colcon_core.package_identification:_identify(src/my_robot_interfaces) by extensions ['ros']
[19.448s] Level 1:colcon.colcon_core.package_identification:_identify(src/my_robot_interfaces) by extension 'ros'
[19.449s] DEBUG:colcon.colcon_core.package_identification:Package 'src/my_robot_interfaces' with type 'ros.ament_cmake' and name 'my_robot_interfaces'
[19.449s] Level 1:colcon.colcon_core.package_discovery:discover_packages(recursive) using defaults
[19.449s] Level 1:colcon.colcon_core.package_discovery:discover_packages(ignore) discover
[19.449s] Level 1:colcon.colcon_core.package_discovery:discover_packages(ignore) using defaults
[19.450s] Level 1:colcon.colcon_core.package_discovery:discover_packages(path) discover
[19.450s] Level 1:colcon.colcon_core.package_discovery:discover_packages(path) using defaults
[21.149s] Level 1:colcon.colcon_core.package_discovery:discover_packages(prefix_path) check parameters
[21.149s] Level 1:colcon.colcon_core.package_discovery:discover_packages(prefix_path) discover
[21.842s] DEBUG:colcon.colcon_installed_package_information.package_discovery:Found 2 installed packages in /home/alper/ros2_ws/install
[22.185s] DEBUG:colcon.colcon_installed_package_information.package_discovery:Found 263 installed packages in /opt/ros/foxy
[22.187s] Level 1:colcon.colcon_core.package_discovery:discover_packages(prefix_path) using defaults
[22.985s] Level 5:colcon.colcon_core.verb:set package 'my_robot_interfaces' build argument 'cmake_args' from command line to 'None'
[22.985s] Level 5:colcon.colcon_core.verb:set package 'my_robot_interfaces' build argument 'cmake_target' from command line to 'None'
[22.985s] Level 5:colcon.colcon_core.verb:set package 'my_robot_interfaces' build argument 'cmake_target_skip_unavailable' from command line to 'False'
[22.986s] Level 5:colcon.colcon_core.verb:set package 'my_robot_interfaces' build argument 'cmake_clean_cache' from command line to 'False'
[22.986s] Level 5:colcon.colcon_core.verb:set package 'my_robot_interfaces' build argument 'cmake_clean_first' from command line to 'False'
[22.986s] Level 5:colcon.colcon_core.verb:set package 'my_robot_interfaces' build argument 'cmake_force_configure' from command line to 'False'
[22.986s] Level 5:colcon.colcon_core.verb:set package 'my_robot_interfaces' build argument 'ament_cmake_args' from command line to 'None'
[22.986s] Level 5:colcon.colcon_core.verb:set package 'my_robot_interfaces' build argument 'catkin_cmake_args' from command line to 'None'
[22.986s] Level 5:colcon.colcon_core.verb:set package 'my_robot_interfaces' build argument 'catkin_skip_building_tests' from command line to 'False'
[22.986s] DEBUG:colcon.colcon_core.verb:Building package 'my_robot_interfaces' with the following arguments: {'ament_cmake_args': None, 'build_base': '/home/alper/ros2_ws/build/my_robot_interfaces', 'catkin_cmake_args': None, 'catkin_skip_building_tests': False, 'cmake_args': None, 'cmake_clean_cache': False, 'cmake_clean_first': False, 'cmake_force_configure': False, 'cmake_target': None, 'cmake_target_skip_unavailable': False, 'install_base': '/home/alper/ros2_ws/install/my_robot_interfaces', 'merge_install': False, 'path': '/home/alper/ros2_ws/src/my_robot_interfaces', 'symlink_install': True, 'test_result_base': None}
[23.316s] Level 5:colcon.colcon_core.verb:set package 'my_py_pkg' build argument 'cmake_args' from command line to 'None'
[23.316s] Level 5:colcon.colcon_core.verb:set package 'my_py_pkg' build argument 'cmake_target' from command line to 'None'
[23.316s] Level 5:colcon.colcon_core.verb:set package 'my_py_pkg' build argument 'cmake_target_skip_unavailable' from command line to 'False'
[23.316s] Level 5:colcon.colcon_core.verb:set package 'my_py_pkg' build argument 'cmake_clean_cache' from command line to 'False'
[23.316s] Level 5:colcon.colcon_core.verb:set package 'my_py_pkg' build argument 'cmake_clean_first' from command line to 'False'
[23.316s] Level 5:colcon.colcon_core.verb:set package 'my_py_pkg' build argument 'cmake_force_configure' from command line to 'False'
[23.316s] Level 5:colcon.colcon_core.verb:set package 'my_py_pkg' build argument 'ament_cmake_args' from command line to 'None'
[23.316s] Level 5:colcon.colcon_core.verb:set package 'my_py_pkg' build argument 'catkin_cmake_args' from command line to 'None'
[23.316s] Level 5:colcon.colcon_core.verb:set package 'my_py_pkg' build argument 'catkin_skip_building_tests' from command line to 'False'
[23.316s] DEBUG:colcon.colcon_core.verb:Building package 'my_py_pkg' with the following arguments: {'ament_cmake_args': None, 'build_base': '/home/alper/ros2_ws/build/my_py_pkg', 'catkin_cmake_args': None, 'catkin_skip_building_tests': False, 'cmake_args': None, 'cmake_clean_cache': False, 'cmake_clean_first': False, 'cmake_force_configure': False, 'cmake_target': None, 'cmake_target_skip_unavailable': False, 'install_base': '/home/alper/ros2_ws/install/my_py_pkg', 'merge_install': False, 'path': '/home/alper/ros2_ws/src/my_py_pkg', 'symlink_install': True, 'test_result_base': None}
[23.662s] INFO:colcon.colcon_core.executor:Executing jobs using 'parallel' executor
[23.995s] DEBUG:colcon.colcon_parallel_executor.executor.parallel:run_until_complete
[23.995s] INFO:colcon.colcon_ros.task.ament_cmake.build:Building ROS package in '/home/alper/ros2_ws/src/my_robot_interfaces' with build type 'ament_cmake'
[23.995s] INFO:colcon.colcon_cmake.task.cmake.build:Building CMake package in '/home/alper/ros2_ws/src/my_robot_interfaces'
[24.344s] INFO:colcon.colcon_core.plugin_system:Skipping extension 'colcon_core.shell.bat': Not used on non-Windows systems
[24.344s] INFO:colcon.colcon_core.shell:Skip shell extension 'powershell' for command environment: Not usable outside of PowerShell
[24.344s] DEBUG:colcon.colcon_core.shell:Skip shell extension 'dsv' for command environment
[25.397s] DEBUG:colcon.colcon_core.event_handler.log_command:Invoking command in '/home/alper/ros2_ws/build/my_robot_interfaces': CMAKE_PREFIX_PATH=${CMAKE_PREFIX_PATH}:/home/alper/ros2_ws/install/my_py_pkg:/opt/ros/foxy /usr/bin/cmake /home/alper/ros2_ws/src/my_robot_interfaces -DAMENT_CMAKE_SYMLINK_INSTALL=1 -DCMAKE_INSTALL_PREFIX=/home/alper/ros2_ws/install/my_robot_interfaces
[26.922s] DEBUG:colcon.colcon_core.event_handler.log_command:Invoked command in '/home/alper/ros2_ws/build/my_robot_interfaces' returned '0': CMAKE_PREFIX_PATH=${CMAKE_PREFIX_PATH}:/home/alper/ros2_ws/install/my_py_pkg:/opt/ros/foxy /usr/bin/cmake /home/alper/ros2_ws/src/my_robot_interfaces -DAMENT_CMAKE_SYMLINK_INSTALL=1 -DCMAKE_INSTALL_PREFIX=/home/alper/ros2_ws/install/my_robot_interfaces
[26.927s] DEBUG:colcon.colcon_core.event_handler.log_command:Invoking command in '/home/alper/ros2_ws/build/my_robot_interfaces': CMAKE_PREFIX_PATH=${CMAKE_PREFIX_PATH}:/home/alper/ros2_ws/install/my_py_pkg:/opt/ros/foxy /usr/bin/cmake --build /home/alper/ros2_ws/build/my_robot_interfaces -- -j8 -l8
[32.850s] DEBUG:colcon.colcon_core.event_handler.log_command:Invoked command in '/home/alper/ros2_ws/build/my_robot_interfaces' returned '0': CMAKE_PREFIX_PATH=${CMAKE_PREFIX_PATH}:/home/alper/ros2_ws/install/my_py_pkg:/opt/ros/foxy /usr/bin/cmake --build /home/alper/ros2_ws/build/my_robot_interfaces -- -j8 -l8
[32.966s] DEBUG:colcon.colcon_core.event_handler.log_command:Invoking command in '/home/alper/ros2_ws/build/my_robot_interfaces': CMAKE_PREFIX_PATH=${CMAKE_PREFIX_PATH}:/home/alper/ros2_ws/install/my_py_pkg:/opt/ros/foxy /usr/bin/cmake --install /home/alper/ros2_ws/build/my_robot_interfaces
[33.573s] Level 1:colcon.colcon_core.environment:create_environment_scripts_only(my_robot_interfaces)
[33.573s] DEBUG:colcon.colcon_core.event_handler.log_command:Invoked command in '/home/alper/ros2_ws/build/my_robot_interfaces' returned '0': CMAKE_PREFIX_PATH=${CMAKE_PREFIX_PATH}:/home/alper/ros2_ws/install/my_py_pkg:/opt/ros/foxy /usr/bin/cmake --install /home/alper/ros2_ws/build/my_robot_interfaces
[33.925s] Level 1:colcon.colcon_core.environment:checking '/home/alper/ros2_ws/install/my_robot_interfaces' for CMake module files
[33.926s] Level 1:colcon.colcon_core.environment:checking '/home/alper/ros2_ws/install/my_robot_interfaces' for CMake config files
[33.927s] Level 1:colcon.colcon_core.shell:create_environment_hook('my_robot_interfaces', 'cmake_prefix_path')
[34.266s] INFO:colcon.colcon_core.shell:Creating environment hook '/home/alper/ros2_ws/install/my_robot_interfaces/share/my_robot_interfaces/hook/cmake_prefix_path.ps1'
[34.268s] INFO:colcon.colcon_core.shell:Creating environment descriptor '/home/alper/ros2_ws/install/my_robot_interfaces/share/my_robot_interfaces/hook/cmake_prefix_path.dsv'
[34.269s] INFO:colcon.colcon_core.shell:Creating environment hook '/home/alper/ros2_ws/install/my_robot_interfaces/share/my_robot_interfaces/hook/cmake_prefix_path.sh'
[34.270s] Level 1:colcon.colcon_core.environment:checking '/home/alper/ros2_ws/install/my_robot_interfaces/lib'
[34.270s] Level 1:colcon.colcon_core.shell:create_environment_hook('my_robot_interfaces', 'ld_library_path_lib')
[34.624s] INFO:colcon.colcon_core.shell:Creating environment hook '/home/alper/ros2_ws/install/my_robot_interfaces/share/my_robot_interfaces/hook/ld_library_path_lib.ps1'
[34.624s] INFO:colcon.colcon_core.shell:Creating environment descriptor '/home/alper/ros2_ws/install/my_robot_interfaces/share/my_robot_interfaces/hook/ld_library_path_lib.dsv'
[34.625s] INFO:colcon.colcon_core.shell:Creating environment hook '/home/alper/ros2_ws/install/my_robot_interfaces/share/my_robot_interfaces/hook/ld_library_path_lib.sh'
[34.625s] Level 1:colcon.colcon_core.environment:checking '/home/alper/ros2_ws/install/my_robot_interfaces/bin'
[34.626s] Level 1:colcon.colcon_core.environment:checking '/home/alper/ros2_ws/install/my_robot_interfaces/lib/pkgconfig/my_robot_interfaces.pc'
[34.626s] Level 1:colcon.colcon_core.environment:checking '/home/alper/ros2_ws/install/my_robot_interfaces/lib/python3.8/site-packages'
[34.626s] Level 1:colcon.colcon_core.shell:create_environment_hook('my_robot_interfaces', 'pythonpath')
[34.971s] INFO:colcon.colcon_core.shell:Creating environment hook '/home/alper/ros2_ws/install/my_robot_interfaces/share/my_robot_interfaces/hook/pythonpath.ps1'
[34.972s] INFO:colcon.colcon_core.shell:Creating environment descriptor '/home/alper/ros2_ws/install/my_robot_interfaces/share/my_robot_interfaces/hook/pythonpath.dsv'
[34.972s] INFO:colcon.colcon_core.shell:Creating environment hook '/home/alper/ros2_ws/install/my_robot_interfaces/share/my_robot_interfaces/hook/pythonpath.sh'
[34.973s] Level 1:colcon.colcon_core.environment:checking '/home/alper/ros2_ws/install/my_robot_interfaces/bin'
[35.321s] INFO:colcon.colcon_core.shell:Creating package script '/home/alper/ros2_ws/install/my_robot_interfaces/share/my_robot_interfaces/package.ps1'
[35.323s] INFO:colcon.colcon_core.shell:Creating package descriptor '/home/alper/ros2_ws/install/my_robot_interfaces/share/my_robot_interfaces/package.dsv'
[35.324s] INFO:colcon.colcon_core.shell:Creating package script '/home/alper/ros2_ws/install/my_robot_interfaces/share/my_robot_interfaces/package.sh'
[35.325s] INFO:colcon.colcon_core.shell:Creating package script '/home/alper/ros2_ws/install/my_robot_interfaces/share/my_robot_interfaces/package.bash'
[35.327s] INFO:colcon.colcon_core.shell:Creating package script '/home/alper/ros2_ws/install/my_robot_interfaces/share/my_robot_interfaces/package.zsh'
[35.328s] Level 1:colcon.colcon_core.environment:create_file_with_runtime_dependencies(/home/alper/ros2_ws/install/my_robot_interfaces/share/colcon-core/packages/my_robot_interfaces)
[35.790s] Level 1:colcon.colcon_core.environment:create_environment_scripts_only(my_robot_interfaces)
[36.133s] Level 1:colcon.colcon_core.environment:checking '/home/alper/ros2_ws/install/my_robot_interfaces' for CMake module files
[36.135s] Level 1:colcon.colcon_core.environment:checking '/home/alper/ros2_ws/install/my_robot_interfaces' for CMake config files
[36.136s] Level 1:colcon.colcon_core.shell:create_environment_hook('my_robot_interfaces', 'cmake_prefix_path')
[36.487s] INFO:colcon.colcon_core.shell:Creating environment hook '/home/alper/ros2_ws/install/my_robot_interfaces/share/my_robot_interfaces/hook/cmake_prefix_path.ps1'
[36.488s] INFO:colcon.colcon_core.shell:Creating environment descriptor '/home/alper/ros2_ws/install/my_robot_interfaces/share/my_robot_interfaces/hook/cmake_prefix_path.dsv'
[36.489s] INFO:colcon.colcon_core.shell:Creating environment hook '/home/alper/ros2_ws/install/my_robot_interfaces/share/my_robot_interfaces/hook/cmake_prefix_path.sh'
[36.490s] Level 1:colcon.colcon_core.environment:checking '/home/alper/ros2_ws/install/my_robot_interfaces/lib'
[36.490s] Level 1:colcon.colcon_core.shell:create_environment_hook('my_robot_interfaces', 'ld_library_path_lib')
[36.831s] INFO:colcon.colcon_core.shell:Creating environment hook '/home/alper/ros2_ws/install/my_robot_interfaces/share/my_robot_interfaces/hook/ld_library_path_lib.ps1'
[36.832s] INFO:colcon.colcon_core.shell:Creating environment descriptor '/home/alper/ros2_ws/install/my_robot_interfaces/share/my_robot_interfaces/hook/ld_library_path_lib.dsv'
[36.832s] INFO:colcon.colcon_core.shell:Creating environment hook '/home/alper/ros2_ws/install/my_robot_interfaces/share/my_robot_interfaces/hook/ld_library_path_lib.sh'
[36.833s] Level 1:colcon.colcon_core.environment:checking '/home/alper/ros2_ws/install/my_robot_interfaces/bin'
[36.833s] Level 1:colcon.colcon_core.environment:checking '/home/alper/ros2_ws/install/my_robot_interfaces/lib/pkgconfig/my_robot_interfaces.pc'
[36.833s] Level 1:colcon.colcon_core.environment:checking '/home/alper/ros2_ws/install/my_robot_interfaces/lib/python3.8/site-packages'
[36.833s] Level 1:colcon.colcon_core.shell:create_environment_hook('my_robot_interfaces', 'pythonpath')
[37.182s] INFO:colcon.colcon_core.shell:Creating environment hook '/home/alper/ros2_ws/install/my_robot_interfaces/share/my_robot_interfaces/hook/pythonpath.ps1'
[37.182s] INFO:colcon.colcon_core.shell:Creating environment descriptor '/home/alper/ros2_ws/install/my_robot_interfaces/share/my_robot_interfaces/hook/pythonpath.dsv'
[37.183s] INFO:colcon.colcon_core.shell:Creating environment hook '/home/alper/ros2_ws/install/my_robot_interfaces/share/my_robot_interfaces/hook/pythonpath.sh'
[37.183s] Level 1:colcon.colcon_core.environment:checking '/home/alper/ros2_ws/install/my_robot_interfaces/bin'
[37.537s] INFO:colcon.colcon_core.shell:Creating package script '/home/alper/ros2_ws/install/my_robot_interfaces/share/my_robot_interfaces/package.ps1'
[37.538s] INFO:colcon.colcon_core.shell:Creating package descriptor '/home/alper/ros2_ws/install/my_robot_interfaces/share/my_robot_interfaces/package.dsv'
[37.539s] INFO:colcon.colcon_core.shell:Creating package script '/home/alper/ros2_ws/install/my_robot_interfaces/share/my_robot_interfaces/package.sh'
[37.540s] INFO:colcon.colcon_core.shell:Creating package script '/home/alper/ros2_ws/install/my_robot_interfaces/share/my_robot_interfaces/package.bash'
[37.540s] INFO:colcon.colcon_core.shell:Creating package script '/home/alper/ros2_ws/install/my_robot_interfaces/share/my_robot_interfaces/package.zsh'
[37.541s] Level 1:colcon.colcon_core.environment:create_file_with_runtime_dependencies(/home/alper/ros2_ws/install/my_robot_interfaces/share/colcon-core/packages/my_robot_interfaces)
[37.541s] INFO:colcon.colcon_ros.task.ament_python.build:Building ROS package in '/home/alper/ros2_ws/src/my_py_pkg' with build type 'ament_python'
[37.541s] Level 1:colcon.colcon_core.shell:create_environment_hook('my_py_pkg', 'ament_prefix_path')
[37.886s] INFO:colcon.colcon_core.shell:Creating environment hook '/home/alper/ros2_ws/install/my_py_pkg/share/my_py_pkg/hook/ament_prefix_path.ps1'
[37.887s] INFO:colcon.colcon_core.shell:Creating environment descriptor '/home/alper/ros2_ws/install/my_py_pkg/share/my_py_pkg/hook/ament_prefix_path.dsv'
[37.887s] INFO:colcon.colcon_core.shell:Creating environment hook '/home/alper/ros2_ws/install/my_py_pkg/share/my_py_pkg/hook/ament_prefix_path.sh'
[38.254s] INFO:colcon.colcon_core.shell:Skip shell extension 'powershell' for command environment: Not usable outside of PowerShell
[38.254s] DEBUG:colcon.colcon_core.shell:Skip shell extension 'dsv' for command environment
[40.109s] INFO:colcon.colcon_core.task.python.build:Building Python package in '/home/alper/ros2_ws/src/my_py_pkg'
[40.522s] INFO:colcon.colcon_core.shell:Skip shell extension 'powershell' for command environment: Not usable outside of PowerShell
[40.522s] DEBUG:colcon.colcon_core.shell:Skip shell extension 'dsv' for command environment
[42.569s] DEBUG:colcon.colcon_core.event_handler.log_command:Invoking command in '/home/alper/ros2_ws/build/my_py_pkg': PYTHONPATH=/home/alper/ros2_ws/build/my_py_pkg/prefix_override:/home/alper/ros2_ws/install/my_py_pkg/lib/python3.8/site-packages:/home/alper/ros2_ws/install/my_robot_interfaces/lib/python3.8/site-packages:/home/alper/ros2_ws/build/my_py_pkg:/home/alper/ros2_ws/install/my_py_pkg/lib/python3.8/site-packages:/opt/ros/foxy/lib/python3.8/site-packages /usr/bin/python3 setup.py develop --editable --build-directory /home/alper/ros2_ws/build/my_py_pkg/build --no-deps install_data
[43.689s] Level 1:colcon.colcon_core.shell:create_environment_hook('my_py_pkg', 'pythonpath_develop')
[43.690s] DEBUG:colcon.colcon_core.event_handler.log_command:Invoked command in '/home/alper/ros2_ws/build/my_py_pkg' returned '0': PYTHONPATH=/home/alper/ros2_ws/build/my_py_pkg/prefix_override:/home/alper/ros2_ws/install/my_py_pkg/lib/python3.8/site-packages:/home/alper/ros2_ws/install/my_robot_interfaces/lib/python3.8/site-packages:/home/alper/ros2_ws/build/my_py_pkg:/home/alper/ros2_ws/install/my_py_pkg/lib/python3.8/site-packages:/opt/ros/foxy/lib/python3.8/site-packages /usr/bin/python3 setup.py develop --editable --build-directory /home/alper/ros2_ws/build/my_py_pkg/build --no-deps install_data
[44.046s] INFO:colcon.colcon_core.shell:Creating environment hook '/home/alper/ros2_ws/build/my_py_pkg/share/my_py_pkg/hook/pythonpath_develop.ps1'
[44.047s] INFO:colcon.colcon_core.shell:Creating environment descriptor '/home/alper/ros2_ws/build/my_py_pkg/share/my_py_pkg/hook/pythonpath_develop.dsv'
[44.047s] INFO:colcon.colcon_core.shell:Creating environment hook '/home/alper/ros2_ws/build/my_py_pkg/share/my_py_pkg/hook/pythonpath_develop.sh'
[44.405s] Level 1:colcon.colcon_core.environment:checking '/home/alper/ros2_ws/install/my_py_pkg' for CMake module files
[44.406s] Level 1:colcon.colcon_core.environment:checking '/home/alper/ros2_ws/install/my_py_pkg' for CMake config files
[44.407s] Level 1:colcon.colcon_core.environment:checking '/home/alper/ros2_ws/install/my_py_pkg/lib'
[44.407s] Level 1:colcon.colcon_core.environment:checking '/home/alper/ros2_ws/install/my_py_pkg/bin'
[44.407s] Level 1:colcon.colcon_core.environment:checking '/home/alper/ros2_ws/install/my_py_pkg/lib/pkgconfig/my_py_pkg.pc'
[44.407s] Level 1:colcon.colcon_core.environment:checking '/home/alper/ros2_ws/install/my_py_pkg/lib/python3.8/site-packages'
[44.407s] Level 1:colcon.colcon_core.shell:create_environment_hook('my_py_pkg', 'pythonpath')
[44.756s] INFO:colcon.colcon_core.shell:Creating environment hook '/home/alper/ros2_ws/install/my_py_pkg/share/my_py_pkg/hook/pythonpath.ps1'
[44.757s] INFO:colcon.colcon_core.shell:Creating environment descriptor '/home/alper/ros2_ws/install/my_py_pkg/share/my_py_pkg/hook/pythonpath.dsv'
[44.757s] INFO:colcon.colcon_core.shell:Creating environment hook '/home/alper/ros2_ws/install/my_py_pkg/share/my_py_pkg/hook/pythonpath.sh'
[44.758s] Level 1:colcon.colcon_core.environment:checking '/home/alper/ros2_ws/install/my_py_pkg/bin'
[44.758s] Level 1:colcon.colcon_core.environment:create_environment_scripts_only(my_py_pkg)
[45.104s] INFO:colcon.colcon_core.shell:Creating package script '/home/alper/ros2_ws/install/my_py_pkg/share/my_py_pkg/package.ps1'
[45.105s] INFO:colcon.colcon_core.shell:Creating package descriptor '/home/alper/ros2_ws/install/my_py_pkg/share/my_py_pkg/package.dsv'
[45.105s] INFO:colcon.colcon_core.shell:Creating package script '/home/alper/ros2_ws/install/my_py_pkg/share/my_py_pkg/package.sh'
[45.106s] INFO:colcon.colcon_core.shell:Creating package script '/home/alper/ros2_ws/install/my_py_pkg/share/my_py_pkg/package.bash'
[45.107s] INFO:colcon.colcon_core.shell:Creating package script '/home/alper/ros2_ws/install/my_py_pkg/share/my_py_pkg/package.zsh'
[45.107s] Level 1:colcon.colcon_core.environment:create_file_with_runtime_dependencies(/home/alper/ros2_ws/install/my_py_pkg/share/colcon-core/packages/my_py_pkg)
[45.107s] DEBUG:colcon.colcon_parallel_executor.executor.parallel:closing loop
[45.108s] DEBUG:colcon.colcon_parallel_executor.executor.parallel:loop closed
[45.108s] DEBUG:colcon.colcon_parallel_executor.executor.parallel:run_until_complete finished with '0'
[45.108s] DEBUG:colcon.colcon_core.event_reactor:joining thread
[45.477s] INFO:colcon.colcon_core.plugin_system:Skipping extension 'colcon_notification.desktop_notification.terminal_notifier': Not used on non-Darwin systems
[45.478s] INFO:colcon.colcon_core.plugin_system:Skipping extension 'colcon_notification.desktop_notification.win32': Not used on non-Windows systems
[45.478s] INFO:colcon.colcon_notification.desktop_notification:Sending desktop notification using 'notify2'
[45.493s] DEBUG:colcon.colcon_core.event_reactor:joined thread
[45.824s] INFO:colcon.colcon_core.shell:Creating prefix script '/home/alper/ros2_ws/install/local_setup.ps1'
[45.826s] INFO:colcon.colcon_core.shell:Creating prefix util module '/home/alper/ros2_ws/install/_local_setup_util_ps1.py'
[45.829s] INFO:colcon.colcon_core.shell:Creating prefix chain script '/home/alper/ros2_ws/install/setup.ps1'
[46.164s] INFO:colcon.colcon_core.shell:Creating prefix script '/home/alper/ros2_ws/install/local_setup.sh'
[46.166s] INFO:colcon.colcon_core.shell:Creating prefix util module '/home/alper/ros2_ws/install/_local_setup_util_sh.py'
[46.166s] INFO:colcon.colcon_core.shell:Creating prefix chain script '/home/alper/ros2_ws/install/setup.sh'
[46.516s] INFO:colcon.colcon_core.shell:Creating prefix script '/home/alper/ros2_ws/install/local_setup.bash'
[46.517s] INFO:colcon.colcon_core.shell:Creating prefix chain script '/home/alper/ros2_ws/install/setup.bash'
[46.854s] INFO:colcon.colcon_core.shell:Creating prefix script '/home/alper/ros2_ws/install/local_setup.zsh'
[46.855s] INFO:colcon.colcon_core.shell:Creating prefix chain script '/home/alper/ros2_ws/install/setup.zsh'
