[4.474s] Invoking command in '/home/alper/ros2_ws/build/my_py_pkg': PYTHONPATH=/home/alper/ros2_ws/build/my_py_pkg/prefix_override:/home/alper/ros2_ws/install/my_py_pkg/lib/python3.8/site-packages:${PYTHONPATH} /usr/bin/python3 setup.py develop --uninstall --editable --build-directory /home/alper/ros2_ws/build/my_py_pkg/build
[4.978s] running develop
[5.346s] Removing /home/alper/ros2_ws/install/my_py_pkg/lib/python3.8/site-packages/my-py-pkg.egg-link (link to .)
[5.388s] Invoked command in '/home/alper/ros2_ws/build/my_py_pkg' returned '0': PYTHONPATH=/home/alper/ros2_ws/build/my_py_pkg/prefix_override:/home/alper/ros2_ws/install/my_py_pkg/lib/python3.8/site-packages:${PYTHONPATH} /usr/bin/python3 setup.py develop --uninstall --editable --build-directory /home/alper/ros2_ws/build/my_py_pkg/build
[5.393s] Invoking command in '/home/alper/ros2_ws/src/my_py_pkg': PYTHONPATH=/home/alper/ros2_ws/build/my_py_pkg/prefix_override:/home/alper/ros2_ws/install/my_py_pkg/lib/python3.8/site-packages:${PYTHONPATH} /usr/bin/python3 setup.py egg_info --egg-base ../../build/my_py_pkg build --build-base /home/alper/ros2_ws/build/my_py_pkg/build install --record /home/alper/ros2_ws/build/my_py_pkg/install.log --install-scripts $base/lib/my_py_pkg --single-version-externally-managed
[5.860s] running egg_info
[5.862s] writing ../../build/my_py_pkg/my_py_pkg.egg-info/PKG-INFO
[5.863s] writing dependency_links to ../../build/my_py_pkg/my_py_pkg.egg-info/dependency_links.txt
[5.863s] writing entry points to ../../build/my_py_pkg/my_py_pkg.egg-info/entry_points.txt
[5.863s] writing requirements to ../../build/my_py_pkg/my_py_pkg.egg-info/requires.txt
[5.864s] writing top-level names to ../../build/my_py_pkg/my_py_pkg.egg-info/top_level.txt
[5.920s] reading manifest file '../../build/my_py_pkg/my_py_pkg.egg-info/SOURCES.txt'
[5.921s] writing manifest file '../../build/my_py_pkg/my_py_pkg.egg-info/SOURCES.txt'
[5.921s] running build
[5.921s] running build_py
[5.922s] creating /home/alper/ros2_ws/build/my_py_pkg/build
[5.922s] creating /home/alper/ros2_ws/build/my_py_pkg/build/lib
[5.922s] creating /home/alper/ros2_ws/build/my_py_pkg/build/lib/my_py_pkg
[5.922s] copying my_py_pkg/number_publisher.py -> /home/alper/ros2_ws/build/my_py_pkg/build/lib/my_py_pkg
[5.922s] copying my_py_pkg/my_first_node.py -> /home/alper/ros2_ws/build/my_py_pkg/build/lib/my_py_pkg
[5.922s] copying my_py_pkg/robot_news_station.py -> /home/alper/ros2_ws/build/my_py_pkg/build/lib/my_py_pkg
[5.922s] copying my_py_pkg/number_counter.py -> /home/alper/ros2_ws/build/my_py_pkg/build/lib/my_py_pkg
[5.923s] copying my_py_pkg/__init__.py -> /home/alper/ros2_ws/build/my_py_pkg/build/lib/my_py_pkg
[5.923s] copying my_py_pkg/smartphone.py -> /home/alper/ros2_ws/build/my_py_pkg/build/lib/my_py_pkg
[5.923s] copying my_py_pkg/template_python_node.py -> /home/alper/ros2_ws/build/my_py_pkg/build/lib/my_py_pkg
[5.923s] running install
[5.924s] running install_lib
[5.926s] creating /home/alper/ros2_ws/install/my_py_pkg/lib/python3.8/site-packages/my_py_pkg
[5.926s] copying /home/alper/ros2_ws/build/my_py_pkg/build/lib/my_py_pkg/number_publisher.py -> /home/alper/ros2_ws/install/my_py_pkg/lib/python3.8/site-packages/my_py_pkg
[5.926s] copying /home/alper/ros2_ws/build/my_py_pkg/build/lib/my_py_pkg/my_first_node.py -> /home/alper/ros2_ws/install/my_py_pkg/lib/python3.8/site-packages/my_py_pkg
[5.926s] copying /home/alper/ros2_ws/build/my_py_pkg/build/lib/my_py_pkg/robot_news_station.py -> /home/alper/ros2_ws/install/my_py_pkg/lib/python3.8/site-packages/my_py_pkg
[5.927s] copying /home/alper/ros2_ws/build/my_py_pkg/build/lib/my_py_pkg/number_counter.py -> /home/alper/ros2_ws/install/my_py_pkg/lib/python3.8/site-packages/my_py_pkg
[5.927s] copying /home/alper/ros2_ws/build/my_py_pkg/build/lib/my_py_pkg/__init__.py -> /home/alper/ros2_ws/install/my_py_pkg/lib/python3.8/site-packages/my_py_pkg
[5.927s] copying /home/alper/ros2_ws/build/my_py_pkg/build/lib/my_py_pkg/smartphone.py -> /home/alper/ros2_ws/install/my_py_pkg/lib/python3.8/site-packages/my_py_pkg
[5.927s] copying /home/alper/ros2_ws/build/my_py_pkg/build/lib/my_py_pkg/template_python_node.py -> /home/alper/ros2_ws/install/my_py_pkg/lib/python3.8/site-packages/my_py_pkg
[5.928s] byte-compiling /home/alper/ros2_ws/install/my_py_pkg/lib/python3.8/site-packages/my_py_pkg/number_publisher.py to number_publisher.cpython-38.pyc
[5.930s] byte-compiling /home/alper/ros2_ws/install/my_py_pkg/lib/python3.8/site-packages/my_py_pkg/my_first_node.py to my_first_node.cpython-38.pyc
[5.930s] byte-compiling /home/alper/ros2_ws/install/my_py_pkg/lib/python3.8/site-packages/my_py_pkg/robot_news_station.py to robot_news_station.cpython-38.pyc
[5.931s] byte-compiling /home/alper/ros2_ws/install/my_py_pkg/lib/python3.8/site-packages/my_py_pkg/number_counter.py to number_counter.cpython-38.pyc
[5.931s] byte-compiling /home/alper/ros2_ws/install/my_py_pkg/lib/python3.8/site-packages/my_py_pkg/__init__.py to __init__.cpython-38.pyc
[5.931s] byte-compiling /home/alper/ros2_ws/install/my_py_pkg/lib/python3.8/site-packages/my_py_pkg/smartphone.py to smartphone.cpython-38.pyc
[5.932s] byte-compiling /home/alper/ros2_ws/install/my_py_pkg/lib/python3.8/site-packages/my_py_pkg/template_python_node.py to template_python_node.cpython-38.pyc
[5.932s] running install_data
[5.933s] running install_egg_info
[5.936s] Copying ../../build/my_py_pkg/my_py_pkg.egg-info to /home/alper/ros2_ws/install/my_py_pkg/lib/python3.8/site-packages/my_py_pkg-0.0.0-py3.8.egg-info
[5.938s] running install_scripts
[5.965s] Installing number_counter script to /home/alper/ros2_ws/install/my_py_pkg/lib/my_py_pkg
[5.965s] Installing number_publisher script to /home/alper/ros2_ws/install/my_py_pkg/lib/my_py_pkg
[5.965s] Installing py_node script to /home/alper/ros2_ws/install/my_py_pkg/lib/my_py_pkg
[5.965s] Installing robot_news_station script to /home/alper/ros2_ws/install/my_py_pkg/lib/my_py_pkg
[5.965s] Installing smartphone script to /home/alper/ros2_ws/install/my_py_pkg/lib/my_py_pkg
[5.966s] writing list of installed files to '/home/alper/ros2_ws/build/my_py_pkg/install.log'
[6.002s] Invoked command in '/home/alper/ros2_ws/src/my_py_pkg' returned '0': PYTHONPATH=/home/alper/ros2_ws/build/my_py_pkg/prefix_override:/home/alper/ros2_ws/install/my_py_pkg/lib/python3.8/site-packages:${PYTHONPATH} /usr/bin/python3 setup.py egg_info --egg-base ../../build/my_py_pkg build --build-base /home/alper/ros2_ws/build/my_py_pkg/build install --record /home/alper/ros2_ws/build/my_py_pkg/install.log --install-scripts $base/lib/my_py_pkg --single-version-externally-managed
