[18.975s] DEBUG:colcon:Command line arguments: ['/usr/bin/colcon', 'build', '--packages-select', 'my_py_pkg', '--symlink-install']
[18.975s] DEBUG:colcon:Parsed command line arguments: Namespace(allow_overriding=[], ament_cmake_args=None, base_paths=['.'], build_base='build', catkin_cmake_args=None, catkin_skip_building_tests=False, cmake_args=None, cmake_clean_cache=False, cmake_clean_first=False, cmake_force_configure=False, cmake_target=None, cmake_target_skip_unavailable=False, continue_on_error=False, event_handlers=None, executor='parallel', ignore_user_meta=False, install_base='install', log_base=None, log_level=None, main=<bound method BuildVerb.main of <colcon_core.verb.build.BuildVerb object at 0x7ff79ae0c160>>, merge_install=False, metas=['./colcon.meta'], packages_above=None, packages_above_and_dependencies=None, packages_above_depth=None, packages_end=None, packages_ignore=None, packages_ignore_regex=None, packages_select=['my_py_pkg'], packages_select_build_failed=False, packages_select_by_dep=None, packages_select_regex=None, packages_select_test_failures=False, packages_skip=None, packages_skip_build_finished=False, packages_skip_by_dep=None, packages_skip_regex=None, packages_skip_test_passed=False, packages_skip_up_to=None, packages_start=None, packages_up_to=None, packages_up_to_regex=None, parallel_workers=8, paths=None, symlink_install=True, test_result_base=None, verb_extension=<colcon_core.verb.build.BuildVerb object at 0x7ff79ae0c160>, verb_name='build', verb_parser=<colcon_defaults.argument_parser.defaults.DefaultArgumentsDecorator object at 0x7ff79ae0cb50>)
[19.684s] Level 1:colcon.colcon_core.package_discovery:discover_packages(colcon_meta) check parameters
[19.684s] Level 1:colcon.colcon_core.package_discovery:discover_packages(recursive) check parameters
[19.684s] Level 1:colcon.colcon_core.package_discovery:discover_packages(ignore) check parameters
[19.684s] Level 1:colcon.colcon_core.package_discovery:discover_packages(path) check parameters
[19.684s] Level 1:colcon.colcon_core.package_discovery:discover_packages(colcon_meta) discover
[19.684s] Level 1:colcon.colcon_core.package_discovery:discover_packages(recursive) discover
[19.684s] INFO:colcon.colcon_core.package_discovery:Crawling recursively for packages in '/home/alper/ros2_ws'
[19.685s] Level 1:colcon.colcon_core.package_identification:_identify(.) by extensions ['ignore', 'ignore_ament_install']
[19.685s] Level 1:colcon.colcon_core.package_identification:_identify(.) by extension 'ignore'
[19.685s] Level 1:colcon.colcon_core.package_identification:_identify(.) by extension 'ignore_ament_install'
[19.685s] Level 1:colcon.colcon_core.package_identification:_identify(.) by extensions ['colcon_pkg']
[19.685s] Level 1:colcon.colcon_core.package_identification:_identify(.) by extension 'colcon_pkg'
[19.685s] Level 1:colcon.colcon_core.package_identification:_identify(.) by extensions ['colcon_meta']
[19.685s] Level 1:colcon.colcon_core.package_identification:_identify(.) by extension 'colcon_meta'
[19.685s] Level 1:colcon.colcon_core.package_identification:_identify(.) by extensions ['ros']
[19.685s] Level 1:colcon.colcon_core.package_identification:_identify(.) by extension 'ros'
[19.703s] Level 1:colcon.colcon_core.package_identification:_identify(.) by extensions ['cmake', 'python']
[19.703s] Level 1:colcon.colcon_core.package_identification:_identify(.) by extension 'cmake'
[19.703s] Level 1:colcon.colcon_core.package_identification:_identify(.) by extension 'python'
[19.703s] Level 1:colcon.colcon_core.package_identification:_identify(.) by extensions ['python_setup_py']
[19.703s] Level 1:colcon.colcon_core.package_identification:_identify(.) by extension 'python_setup_py'
[19.704s] Level 1:colcon.colcon_core.package_identification:_identify(build) by extensions ['ignore', 'ignore_ament_install']
[19.704s] Level 1:colcon.colcon_core.package_identification:_identify(build) by extension 'ignore'
[19.704s] Level 1:colcon.colcon_core.package_identification:_identify(build) ignored
[19.704s] Level 1:colcon.colcon_core.package_identification:_identify(install) by extensions ['ignore', 'ignore_ament_install']
[19.704s] Level 1:colcon.colcon_core.package_identification:_identify(install) by extension 'ignore'
[19.704s] Level 1:colcon.colcon_core.package_identification:_identify(install) ignored
[19.704s] Level 1:colcon.colcon_core.package_identification:_identify(log) by extensions ['ignore', 'ignore_ament_install']
[19.704s] Level 1:colcon.colcon_core.package_identification:_identify(log) by extension 'ignore'
[19.705s] Level 1:colcon.colcon_core.package_identification:_identify(log) ignored
[19.705s] Level 1:colcon.colcon_core.package_identification:_identify(src) by extensions ['ignore', 'ignore_ament_install']
[19.705s] Level 1:colcon.colcon_core.package_identification:_identify(src) by extension 'ignore'
[19.705s] Level 1:colcon.colcon_core.package_identification:_identify(src) by extension 'ignore_ament_install'
[19.705s] Level 1:colcon.colcon_core.package_identification:_identify(src) by extensions ['colcon_pkg']
[19.705s] Level 1:colcon.colcon_core.package_identification:_identify(src) by extension 'colcon_pkg'
[19.705s] Level 1:colcon.colcon_core.package_identification:_identify(src) by extensions ['colcon_meta']
[19.705s] Level 1:colcon.colcon_core.package_identification:_identify(src) by extension 'colcon_meta'
[19.705s] Level 1:colcon.colcon_core.package_identification:_identify(src) by extensions ['ros']
[19.705s] Level 1:colcon.colcon_core.package_identification:_identify(src) by extension 'ros'
[19.705s] Level 1:colcon.colcon_core.package_identification:_identify(src) by extensions ['cmake', 'python']
[19.705s] Level 1:colcon.colcon_core.package_identification:_identify(src) by extension 'cmake'
[19.706s] Level 1:colcon.colcon_core.package_identification:_identify(src) by extension 'python'
[19.706s] Level 1:colcon.colcon_core.package_identification:_identify(src) by extensions ['python_setup_py']
[19.706s] Level 1:colcon.colcon_core.package_identification:_identify(src) by extension 'python_setup_py'
[19.706s] Level 1:colcon.colcon_core.package_identification:_identify(src/my_py_pkg) by extensions ['ignore', 'ignore_ament_install']
[19.706s] Level 1:colcon.colcon_core.package_identification:_identify(src/my_py_pkg) by extension 'ignore'
[19.706s] Level 1:colcon.colcon_core.package_identification:_identify(src/my_py_pkg) by extension 'ignore_ament_install'
[19.706s] Level 1:colcon.colcon_core.package_identification:_identify(src/my_py_pkg) by extensions ['colcon_pkg']
[19.706s] Level 1:colcon.colcon_core.package_identification:_identify(src/my_py_pkg) by extension 'colcon_pkg'
[19.706s] Level 1:colcon.colcon_core.package_identification:_identify(src/my_py_pkg) by extensions ['colcon_meta']
[19.706s] Level 1:colcon.colcon_core.package_identification:_identify(src/my_py_pkg) by extension 'colcon_meta'
[19.706s] Level 1:colcon.colcon_core.package_identification:_identify(src/my_py_pkg) by extensions ['ros']
[19.706s] Level 1:colcon.colcon_core.package_identification:_identify(src/my_py_pkg) by extension 'ros'
[19.711s] DEBUG:colcon.colcon_core.package_identification:Package 'src/my_py_pkg' with type 'ros.ament_python' and name 'my_py_pkg'
[19.711s] Level 1:colcon.colcon_core.package_discovery:discover_packages(recursive) using defaults
[19.711s] Level 1:colcon.colcon_core.package_discovery:discover_packages(ignore) discover
[19.711s] Level 1:colcon.colcon_core.package_discovery:discover_packages(ignore) using defaults
[19.711s] Level 1:colcon.colcon_core.package_discovery:discover_packages(path) discover
[19.711s] Level 1:colcon.colcon_core.package_discovery:discover_packages(path) using defaults
[21.364s] Level 1:colcon.colcon_core.package_discovery:discover_packages(prefix_path) check parameters
[21.364s] Level 1:colcon.colcon_core.package_discovery:discover_packages(prefix_path) discover
[22.050s] DEBUG:colcon.colcon_installed_package_information.package_discovery:Found 1 installed packages in /home/alper/ros2_ws/install
[22.390s] DEBUG:colcon.colcon_installed_package_information.package_discovery:Found 263 installed packages in /opt/ros/foxy
[22.393s] Level 1:colcon.colcon_core.package_discovery:discover_packages(prefix_path) using defaults
[23.175s] Level 5:colcon.colcon_core.verb:set package 'my_py_pkg' build argument 'cmake_args' from command line to 'None'
[23.175s] Level 5:colcon.colcon_core.verb:set package 'my_py_pkg' build argument 'cmake_target' from command line to 'None'
[23.175s] Level 5:colcon.colcon_core.verb:set package 'my_py_pkg' build argument 'cmake_target_skip_unavailable' from command line to 'False'
[23.175s] Level 5:colcon.colcon_core.verb:set package 'my_py_pkg' build argument 'cmake_clean_cache' from command line to 'False'
[23.175s] Level 5:colcon.colcon_core.verb:set package 'my_py_pkg' build argument 'cmake_clean_first' from command line to 'False'
[23.175s] Level 5:colcon.colcon_core.verb:set package 'my_py_pkg' build argument 'cmake_force_configure' from command line to 'False'
[23.175s] Level 5:colcon.colcon_core.verb:set package 'my_py_pkg' build argument 'ament_cmake_args' from command line to 'None'
[23.175s] Level 5:colcon.colcon_core.verb:set package 'my_py_pkg' build argument 'catkin_cmake_args' from command line to 'None'
[23.176s] Level 5:colcon.colcon_core.verb:set package 'my_py_pkg' build argument 'catkin_skip_building_tests' from command line to 'False'
[23.176s] DEBUG:colcon.colcon_core.verb:Building package 'my_py_pkg' with the following arguments: {'ament_cmake_args': None, 'build_base': '/home/alper/ros2_ws/build/my_py_pkg', 'catkin_cmake_args': None, 'catkin_skip_building_tests': False, 'cmake_args': None, 'cmake_clean_cache': False, 'cmake_clean_first': False, 'cmake_force_configure': False, 'cmake_target': None, 'cmake_target_skip_unavailable': False, 'install_base': '/home/alper/ros2_ws/install/my_py_pkg', 'merge_install': False, 'path': '/home/alper/ros2_ws/src/my_py_pkg', 'symlink_install': True, 'test_result_base': None}
[23.499s] INFO:colcon.colcon_core.executor:Executing jobs using 'parallel' executor
[23.835s] DEBUG:colcon.colcon_parallel_executor.executor.parallel:run_until_complete
[23.836s] INFO:colcon.colcon_ros.task.ament_python.build:Building ROS package in '/home/alper/ros2_ws/src/my_py_pkg' with build type 'ament_python'
[23.836s] Level 1:colcon.colcon_core.shell:create_environment_hook('my_py_pkg', 'ament_prefix_path')
[24.170s] INFO:colcon.colcon_core.plugin_system:Skipping extension 'colcon_core.shell.bat': Not used on non-Windows systems
[24.170s] INFO:colcon.colcon_core.shell:Creating environment hook '/home/alper/ros2_ws/install/my_py_pkg/share/my_py_pkg/hook/ament_prefix_path.ps1'
[24.171s] INFO:colcon.colcon_core.shell:Creating environment descriptor '/home/alper/ros2_ws/install/my_py_pkg/share/my_py_pkg/hook/ament_prefix_path.dsv'
[24.172s] INFO:colcon.colcon_core.shell:Creating environment hook '/home/alper/ros2_ws/install/my_py_pkg/share/my_py_pkg/hook/ament_prefix_path.sh'
[24.513s] INFO:colcon.colcon_core.shell:Skip shell extension 'powershell' for command environment: Not usable outside of PowerShell
[24.513s] DEBUG:colcon.colcon_core.shell:Skip shell extension 'dsv' for command environment
[26.056s] INFO:colcon.colcon_core.task.python.build:Building Python package in '/home/alper/ros2_ws/src/my_py_pkg'
[26.389s] INFO:colcon.colcon_core.shell:Skip shell extension 'powershell' for command environment: Not usable outside of PowerShell
[26.389s] DEBUG:colcon.colcon_core.shell:Skip shell extension 'dsv' for command environment
[28.246s] DEBUG:colcon.colcon_core.task.python.build:While undoing a previous installation files outside the Python library path are being ignored: /home/alper/ros2_ws/install/my_py_pkg/share/ament_index/resource_index/packages/my_py_pkg
[28.246s] DEBUG:colcon.colcon_core.task.python.build:While undoing a previous installation files outside the Python library path are being ignored: /home/alper/ros2_ws/install/my_py_pkg/share/my_py_pkg/package.xml
[28.247s] DEBUG:colcon.colcon_core.task.python.build:While undoing a previous installation files outside the Python library path are being ignored: /home/alper/ros2_ws/install/my_py_pkg/lib/my_py_pkg/number_counter
[28.247s] DEBUG:colcon.colcon_core.task.python.build:While undoing a previous installation files outside the Python library path are being ignored: /home/alper/ros2_ws/install/my_py_pkg/lib/my_py_pkg/number_publisher
[28.247s] DEBUG:colcon.colcon_core.task.python.build:While undoing a previous installation files outside the Python library path are being ignored: /home/alper/ros2_ws/install/my_py_pkg/lib/my_py_pkg/py_node
[28.247s] DEBUG:colcon.colcon_core.task.python.build:While undoing a previous installation files outside the Python library path are being ignored: /home/alper/ros2_ws/install/my_py_pkg/lib/my_py_pkg/robot_news_station
[28.247s] DEBUG:colcon.colcon_core.task.python.build:While undoing a previous installation files outside the Python library path are being ignored: /home/alper/ros2_ws/install/my_py_pkg/lib/my_py_pkg/smartphone
[28.249s] DEBUG:colcon.colcon_core.event_handler.log_command:Invoking command in '/home/alper/ros2_ws/build/my_py_pkg': PYTHONPATH=/home/alper/ros2_ws/build/my_py_pkg/prefix_override:/home/alper/ros2_ws/install/my_py_pkg/lib/python3.8/site-packages:${PYTHONPATH} /usr/bin/python3 setup.py develop --editable --build-directory /home/alper/ros2_ws/build/my_py_pkg/build --no-deps install_data
[29.312s] Level 1:colcon.colcon_core.shell:create_environment_hook('my_py_pkg', 'pythonpath_develop')
[29.313s] DEBUG:colcon.colcon_core.event_handler.log_command:Invoked command in '/home/alper/ros2_ws/build/my_py_pkg' returned '0': PYTHONPATH=/home/alper/ros2_ws/build/my_py_pkg/prefix_override:/home/alper/ros2_ws/install/my_py_pkg/lib/python3.8/site-packages:${PYTHONPATH} /usr/bin/python3 setup.py develop --editable --build-directory /home/alper/ros2_ws/build/my_py_pkg/build --no-deps install_data
[29.670s] INFO:colcon.colcon_core.shell:Creating environment hook '/home/alper/ros2_ws/build/my_py_pkg/share/my_py_pkg/hook/pythonpath_develop.ps1'
[29.671s] INFO:colcon.colcon_core.shell:Creating environment descriptor '/home/alper/ros2_ws/build/my_py_pkg/share/my_py_pkg/hook/pythonpath_develop.dsv'
[29.671s] INFO:colcon.colcon_core.shell:Creating environment hook '/home/alper/ros2_ws/build/my_py_pkg/share/my_py_pkg/hook/pythonpath_develop.sh'
[30.012s] Level 1:colcon.colcon_core.environment:checking '/home/alper/ros2_ws/install/my_py_pkg' for CMake module files
[30.013s] Level 1:colcon.colcon_core.environment:checking '/home/alper/ros2_ws/install/my_py_pkg' for CMake config files
[30.014s] Level 1:colcon.colcon_core.environment:checking '/home/alper/ros2_ws/install/my_py_pkg/lib'
[30.014s] Level 1:colcon.colcon_core.environment:checking '/home/alper/ros2_ws/install/my_py_pkg/bin'
[30.014s] Level 1:colcon.colcon_core.environment:checking '/home/alper/ros2_ws/install/my_py_pkg/lib/pkgconfig/my_py_pkg.pc'
[30.015s] Level 1:colcon.colcon_core.environment:checking '/home/alper/ros2_ws/install/my_py_pkg/lib/python3.8/site-packages'
[30.015s] Level 1:colcon.colcon_core.shell:create_environment_hook('my_py_pkg', 'pythonpath')
[30.356s] INFO:colcon.colcon_core.shell:Creating environment hook '/home/alper/ros2_ws/install/my_py_pkg/share/my_py_pkg/hook/pythonpath.ps1'
[30.357s] INFO:colcon.colcon_core.shell:Creating environment descriptor '/home/alper/ros2_ws/install/my_py_pkg/share/my_py_pkg/hook/pythonpath.dsv'
[30.357s] INFO:colcon.colcon_core.shell:Creating environment hook '/home/alper/ros2_ws/install/my_py_pkg/share/my_py_pkg/hook/pythonpath.sh'
[30.358s] Level 1:colcon.colcon_core.environment:checking '/home/alper/ros2_ws/install/my_py_pkg/bin'
[30.358s] Level 1:colcon.colcon_core.environment:create_environment_scripts_only(my_py_pkg)
[30.690s] INFO:colcon.colcon_core.shell:Creating package script '/home/alper/ros2_ws/install/my_py_pkg/share/my_py_pkg/package.ps1'
[30.692s] INFO:colcon.colcon_core.shell:Creating package descriptor '/home/alper/ros2_ws/install/my_py_pkg/share/my_py_pkg/package.dsv'
[30.693s] INFO:colcon.colcon_core.shell:Creating package script '/home/alper/ros2_ws/install/my_py_pkg/share/my_py_pkg/package.sh'
[30.694s] INFO:colcon.colcon_core.shell:Creating package script '/home/alper/ros2_ws/install/my_py_pkg/share/my_py_pkg/package.bash'
[30.695s] INFO:colcon.colcon_core.shell:Creating package script '/home/alper/ros2_ws/install/my_py_pkg/share/my_py_pkg/package.zsh'
[30.696s] Level 1:colcon.colcon_core.environment:create_file_with_runtime_dependencies(/home/alper/ros2_ws/install/my_py_pkg/share/colcon-core/packages/my_py_pkg)
[30.696s] DEBUG:colcon.colcon_parallel_executor.executor.parallel:closing loop
[30.697s] DEBUG:colcon.colcon_parallel_executor.executor.parallel:loop closed
[30.697s] DEBUG:colcon.colcon_parallel_executor.executor.parallel:run_until_complete finished with '0'
[30.697s] DEBUG:colcon.colcon_core.event_reactor:joining thread
[31.044s] INFO:colcon.colcon_core.plugin_system:Skipping extension 'colcon_notification.desktop_notification.terminal_notifier': Not used on non-Darwin systems
[31.044s] INFO:colcon.colcon_core.plugin_system:Skipping extension 'colcon_notification.desktop_notification.win32': Not used on non-Windows systems
[31.045s] INFO:colcon.colcon_notification.desktop_notification:Sending desktop notification using 'notify2'
[31.061s] DEBUG:colcon.colcon_core.event_reactor:joined thread
[31.411s] INFO:colcon.colcon_core.shell:Creating prefix script '/home/alper/ros2_ws/install/local_setup.ps1'
[31.413s] INFO:colcon.colcon_core.shell:Creating prefix util module '/home/alper/ros2_ws/install/_local_setup_util_ps1.py'
[31.415s] INFO:colcon.colcon_core.shell:Creating prefix chain script '/home/alper/ros2_ws/install/setup.ps1'
[31.752s] INFO:colcon.colcon_core.shell:Creating prefix script '/home/alper/ros2_ws/install/local_setup.sh'
[31.753s] INFO:colcon.colcon_core.shell:Creating prefix util module '/home/alper/ros2_ws/install/_local_setup_util_sh.py'
[31.754s] INFO:colcon.colcon_core.shell:Creating prefix chain script '/home/alper/ros2_ws/install/setup.sh'
[32.084s] INFO:colcon.colcon_core.shell:Creating prefix script '/home/alper/ros2_ws/install/local_setup.bash'
[32.085s] INFO:colcon.colcon_core.shell:Creating prefix chain script '/home/alper/ros2_ws/install/setup.bash'
[32.418s] INFO:colcon.colcon_core.shell:Creating prefix script '/home/alper/ros2_ws/install/local_setup.zsh'
[32.418s] INFO:colcon.colcon_core.shell:Creating prefix chain script '/home/alper/ros2_ws/install/setup.zsh'
