[18.794s] DEBUG:colcon:Command line arguments: ['/usr/bin/colcon', 'build']
[18.794s] DEBUG:colcon:Parsed command line arguments: Namespace(allow_overriding=[], ament_cmake_args=None, base_paths=['.'], build_base='build', catkin_cmake_args=None, catkin_skip_building_tests=False, cmake_args=None, cmake_clean_cache=False, cmake_clean_first=False, cmake_force_configure=False, cmake_target=None, cmake_target_skip_unavailable=False, continue_on_error=False, event_handlers=None, executor='parallel', ignore_user_meta=False, install_base='install', log_base=None, log_level=None, main=<bound method BuildVerb.main of <colcon_core.verb.build.BuildVerb object at 0x7f1ec2854460>>, merge_install=False, metas=['./colcon.meta'], packages_above=None, packages_above_and_dependencies=None, packages_above_depth=None, packages_end=None, packages_ignore=None, packages_ignore_regex=None, packages_select=None, packages_select_build_failed=False, packages_select_by_dep=None, packages_select_regex=None, packages_select_test_failures=False, packages_skip=None, packages_skip_build_finished=False, packages_skip_by_dep=None, packages_skip_regex=None, packages_skip_test_passed=False, packages_skip_up_to=None, packages_start=None, packages_up_to=None, packages_up_to_regex=None, parallel_workers=8, paths=None, symlink_install=False, test_result_base=None, verb_extension=<colcon_core.verb.build.BuildVerb object at 0x7f1ec2854460>, verb_name='build', verb_parser=<colcon_defaults.argument_parser.defaults.DefaultArgumentsDecorator object at 0x7f1ec2848eb0>)
[19.544s] Level 1:colcon.colcon_core.package_discovery:discover_packages(colcon_meta) check parameters
[19.544s] Level 1:colcon.colcon_core.package_discovery:discover_packages(recursive) check parameters
[19.544s] Level 1:colcon.colcon_core.package_discovery:discover_packages(ignore) check parameters
[19.544s] Level 1:colcon.colcon_core.package_discovery:discover_packages(path) check parameters
[19.544s] Level 1:colcon.colcon_core.package_discovery:discover_packages(colcon_meta) discover
[19.544s] Level 1:colcon.colcon_core.package_discovery:discover_packages(recursive) discover
[19.544s] INFO:colcon.colcon_core.package_discovery:Crawling recursively for packages in '/home/alper/ros2_ws'
[19.544s] Level 1:colcon.colcon_core.package_identification:_identify(.) by extensions ['ignore', 'ignore_ament_install']
[19.545s] Level 1:colcon.colcon_core.package_identification:_identify(.) by extension 'ignore'
[19.545s] Level 1:colcon.colcon_core.package_identification:_identify(.) by extension 'ignore_ament_install'
[19.545s] Level 1:colcon.colcon_core.package_identification:_identify(.) by extensions ['colcon_pkg']
[19.545s] Level 1:colcon.colcon_core.package_identification:_identify(.) by extension 'colcon_pkg'
[19.545s] Level 1:colcon.colcon_core.package_identification:_identify(.) by extensions ['colcon_meta']
[19.545s] Level 1:colcon.colcon_core.package_identification:_identify(.) by extension 'colcon_meta'
[19.545s] Level 1:colcon.colcon_core.package_identification:_identify(.) by extensions ['ros']
[19.545s] Level 1:colcon.colcon_core.package_identification:_identify(.) by extension 'ros'
[19.567s] Level 1:colcon.colcon_core.package_identification:_identify(.) by extensions ['cmake', 'python']
[19.567s] Level 1:colcon.colcon_core.package_identification:_identify(.) by extension 'cmake'
[19.567s] Level 1:colcon.colcon_core.package_identification:_identify(.) by extension 'python'
[19.567s] Level 1:colcon.colcon_core.package_identification:_identify(.) by extensions ['python_setup_py']
[19.567s] Level 1:colcon.colcon_core.package_identification:_identify(.) by extension 'python_setup_py'
[19.567s] Level 1:colcon.colcon_core.package_identification:_identify(build) by extensions ['ignore', 'ignore_ament_install']
[19.568s] Level 1:colcon.colcon_core.package_identification:_identify(build) by extension 'ignore'
[19.568s] Level 1:colcon.colcon_core.package_identification:_identify(build) ignored
[19.568s] Level 1:colcon.colcon_core.package_identification:_identify(install) by extensions ['ignore', 'ignore_ament_install']
[19.568s] Level 1:colcon.colcon_core.package_identification:_identify(install) by extension 'ignore'
[19.568s] Level 1:colcon.colcon_core.package_identification:_identify(install) ignored
[19.568s] Level 1:colcon.colcon_core.package_identification:_identify(log) by extensions ['ignore', 'ignore_ament_install']
[19.568s] Level 1:colcon.colcon_core.package_identification:_identify(log) by extension 'ignore'
[19.568s] Level 1:colcon.colcon_core.package_identification:_identify(log) ignored
[19.569s] Level 1:colcon.colcon_core.package_identification:_identify(src) by extensions ['ignore', 'ignore_ament_install']
[19.569s] Level 1:colcon.colcon_core.package_identification:_identify(src) by extension 'ignore'
[19.569s] Level 1:colcon.colcon_core.package_identification:_identify(src) by extension 'ignore_ament_install'
[19.569s] Level 1:colcon.colcon_core.package_identification:_identify(src) by extensions ['colcon_pkg']
[19.569s] Level 1:colcon.colcon_core.package_identification:_identify(src) by extension 'colcon_pkg'
[19.569s] Level 1:colcon.colcon_core.package_identification:_identify(src) by extensions ['colcon_meta']
[19.569s] Level 1:colcon.colcon_core.package_identification:_identify(src) by extension 'colcon_meta'
[19.569s] Level 1:colcon.colcon_core.package_identification:_identify(src) by extensions ['ros']
[19.569s] Level 1:colcon.colcon_core.package_identification:_identify(src) by extension 'ros'
[19.569s] Level 1:colcon.colcon_core.package_identification:_identify(src) by extensions ['cmake', 'python']
[19.569s] Level 1:colcon.colcon_core.package_identification:_identify(src) by extension 'cmake'
[19.569s] Level 1:colcon.colcon_core.package_identification:_identify(src) by extension 'python'
[19.569s] Level 1:colcon.colcon_core.package_identification:_identify(src) by extensions ['python_setup_py']
[19.570s] Level 1:colcon.colcon_core.package_identification:_identify(src) by extension 'python_setup_py'
[19.570s] Level 1:colcon.colcon_core.package_identification:_identify(src/my_py_pkg) by extensions ['ignore', 'ignore_ament_install']
[19.570s] Level 1:colcon.colcon_core.package_identification:_identify(src/my_py_pkg) by extension 'ignore'
[19.570s] Level 1:colcon.colcon_core.package_identification:_identify(src/my_py_pkg) by extension 'ignore_ament_install'
[19.570s] Level 1:colcon.colcon_core.package_identification:_identify(src/my_py_pkg) by extensions ['colcon_pkg']
[19.570s] Level 1:colcon.colcon_core.package_identification:_identify(src/my_py_pkg) by extension 'colcon_pkg'
[19.570s] Level 1:colcon.colcon_core.package_identification:_identify(src/my_py_pkg) by extensions ['colcon_meta']
[19.570s] Level 1:colcon.colcon_core.package_identification:_identify(src/my_py_pkg) by extension 'colcon_meta'
[19.570s] Level 1:colcon.colcon_core.package_identification:_identify(src/my_py_pkg) by extensions ['ros']
[19.570s] Level 1:colcon.colcon_core.package_identification:_identify(src/my_py_pkg) by extension 'ros'
[19.576s] DEBUG:colcon.colcon_core.package_identification:Package 'src/my_py_pkg' with type 'ros.ament_python' and name 'my_py_pkg'
[19.576s] Level 1:colcon.colcon_core.package_identification:_identify(src/my_robot_bringup) by extensions ['ignore', 'ignore_ament_install']
[19.576s] Level 1:colcon.colcon_core.package_identification:_identify(src/my_robot_bringup) by extension 'ignore'
[19.576s] Level 1:colcon.colcon_core.package_identification:_identify(src/my_robot_bringup) by extension 'ignore_ament_install'
[19.576s] Level 1:colcon.colcon_core.package_identification:_identify(src/my_robot_bringup) by extensions ['colcon_pkg']
[19.576s] Level 1:colcon.colcon_core.package_identification:_identify(src/my_robot_bringup) by extension 'colcon_pkg'
[19.576s] Level 1:colcon.colcon_core.package_identification:_identify(src/my_robot_bringup) by extensions ['colcon_meta']
[19.577s] Level 1:colcon.colcon_core.package_identification:_identify(src/my_robot_bringup) by extension 'colcon_meta'
[19.577s] Level 1:colcon.colcon_core.package_identification:_identify(src/my_robot_bringup) by extensions ['ros']
[19.577s] Level 1:colcon.colcon_core.package_identification:_identify(src/my_robot_bringup) by extension 'ros'
[19.578s] DEBUG:colcon.colcon_core.package_identification:Package 'src/my_robot_bringup' with type 'ros.ament_cmake' and name 'my_robot_bringup'
[19.578s] Level 1:colcon.colcon_core.package_identification:_identify(src/my_robot_interfaces) by extensions ['ignore', 'ignore_ament_install']
[19.578s] Level 1:colcon.colcon_core.package_identification:_identify(src/my_robot_interfaces) by extension 'ignore'
[19.578s] Level 1:colcon.colcon_core.package_identification:_identify(src/my_robot_interfaces) by extension 'ignore_ament_install'
[19.578s] Level 1:colcon.colcon_core.package_identification:_identify(src/my_robot_interfaces) by extensions ['colcon_pkg']
[19.578s] Level 1:colcon.colcon_core.package_identification:_identify(src/my_robot_interfaces) by extension 'colcon_pkg'
[19.578s] Level 1:colcon.colcon_core.package_identification:_identify(src/my_robot_interfaces) by extensions ['colcon_meta']
[19.578s] Level 1:colcon.colcon_core.package_identification:_identify(src/my_robot_interfaces) by extension 'colcon_meta'
[19.578s] Level 1:colcon.colcon_core.package_identification:_identify(src/my_robot_interfaces) by extensions ['ros']
[19.578s] Level 1:colcon.colcon_core.package_identification:_identify(src/my_robot_interfaces) by extension 'ros'
[19.579s] DEBUG:colcon.colcon_core.package_identification:Package 'src/my_robot_interfaces' with type 'ros.ament_cmake' and name 'my_robot_interfaces'
[19.580s] Level 1:colcon.colcon_core.package_identification:_identify(src/turtlesim_catch_them_all) by extensions ['ignore', 'ignore_ament_install']
[19.580s] Level 1:colcon.colcon_core.package_identification:_identify(src/turtlesim_catch_them_all) by extension 'ignore'
[19.580s] Level 1:colcon.colcon_core.package_identification:_identify(src/turtlesim_catch_them_all) by extension 'ignore_ament_install'
[19.580s] Level 1:colcon.colcon_core.package_identification:_identify(src/turtlesim_catch_them_all) by extensions ['colcon_pkg']
[19.580s] Level 1:colcon.colcon_core.package_identification:_identify(src/turtlesim_catch_them_all) by extension 'colcon_pkg'
[19.580s] Level 1:colcon.colcon_core.package_identification:_identify(src/turtlesim_catch_them_all) by extensions ['colcon_meta']
[19.580s] Level 1:colcon.colcon_core.package_identification:_identify(src/turtlesim_catch_them_all) by extension 'colcon_meta'
[19.580s] Level 1:colcon.colcon_core.package_identification:_identify(src/turtlesim_catch_them_all) by extensions ['ros']
[19.580s] Level 1:colcon.colcon_core.package_identification:_identify(src/turtlesim_catch_them_all) by extension 'ros'
[19.582s] DEBUG:colcon.colcon_core.package_identification:Package 'src/turtlesim_catch_them_all' with type 'ros.ament_python' and name 'turtlesim_catch_them_all'
[19.582s] Level 1:colcon.colcon_core.package_discovery:discover_packages(recursive) using defaults
[19.582s] Level 1:colcon.colcon_core.package_discovery:discover_packages(ignore) discover
[19.582s] Level 1:colcon.colcon_core.package_discovery:discover_packages(ignore) using defaults
[19.582s] Level 1:colcon.colcon_core.package_discovery:discover_packages(path) discover
[19.582s] Level 1:colcon.colcon_core.package_discovery:discover_packages(path) using defaults
[21.298s] Level 1:colcon.colcon_core.package_discovery:discover_packages(prefix_path) check parameters
[21.298s] Level 1:colcon.colcon_core.package_discovery:discover_packages(prefix_path) discover
[21.979s] DEBUG:colcon.colcon_installed_package_information.package_discovery:Found 4 installed packages in /home/alper/ros2_ws/install
[22.327s] DEBUG:colcon.colcon_installed_package_information.package_discovery:Found 263 installed packages in /opt/ros/foxy
[22.329s] Level 1:colcon.colcon_core.package_discovery:discover_packages(prefix_path) using defaults
[23.163s] Level 5:colcon.colcon_core.verb:set package 'my_robot_interfaces' build argument 'cmake_args' from command line to 'None'
[23.163s] Level 5:colcon.colcon_core.verb:set package 'my_robot_interfaces' build argument 'cmake_target' from command line to 'None'
[23.163s] Level 5:colcon.colcon_core.verb:set package 'my_robot_interfaces' build argument 'cmake_target_skip_unavailable' from command line to 'False'
[23.163s] Level 5:colcon.colcon_core.verb:set package 'my_robot_interfaces' build argument 'cmake_clean_cache' from command line to 'False'
[23.163s] Level 5:colcon.colcon_core.verb:set package 'my_robot_interfaces' build argument 'cmake_clean_first' from command line to 'False'
[23.163s] Level 5:colcon.colcon_core.verb:set package 'my_robot_interfaces' build argument 'cmake_force_configure' from command line to 'False'
[23.163s] Level 5:colcon.colcon_core.verb:set package 'my_robot_interfaces' build argument 'ament_cmake_args' from command line to 'None'
[23.163s] Level 5:colcon.colcon_core.verb:set package 'my_robot_interfaces' build argument 'catkin_cmake_args' from command line to 'None'
[23.163s] Level 5:colcon.colcon_core.verb:set package 'my_robot_interfaces' build argument 'catkin_skip_building_tests' from command line to 'False'
[23.163s] DEBUG:colcon.colcon_core.verb:Building package 'my_robot_interfaces' with the following arguments: {'ament_cmake_args': None, 'build_base': '/home/alper/ros2_ws/build/my_robot_interfaces', 'catkin_cmake_args': None, 'catkin_skip_building_tests': False, 'cmake_args': None, 'cmake_clean_cache': False, 'cmake_clean_first': False, 'cmake_force_configure': False, 'cmake_target': None, 'cmake_target_skip_unavailable': False, 'install_base': '/home/alper/ros2_ws/install/my_robot_interfaces', 'merge_install': False, 'path': '/home/alper/ros2_ws/src/my_robot_interfaces', 'symlink_install': False, 'test_result_base': None}
[23.495s] Level 5:colcon.colcon_core.verb:set package 'my_py_pkg' build argument 'cmake_args' from command line to 'None'
[23.495s] Level 5:colcon.colcon_core.verb:set package 'my_py_pkg' build argument 'cmake_target' from command line to 'None'
[23.495s] Level 5:colcon.colcon_core.verb:set package 'my_py_pkg' build argument 'cmake_target_skip_unavailable' from command line to 'False'
[23.495s] Level 5:colcon.colcon_core.verb:set package 'my_py_pkg' build argument 'cmake_clean_cache' from command line to 'False'
[23.495s] Level 5:colcon.colcon_core.verb:set package 'my_py_pkg' build argument 'cmake_clean_first' from command line to 'False'
[23.495s] Level 5:colcon.colcon_core.verb:set package 'my_py_pkg' build argument 'cmake_force_configure' from command line to 'False'
[23.495s] Level 5:colcon.colcon_core.verb:set package 'my_py_pkg' build argument 'ament_cmake_args' from command line to 'None'
[23.495s] Level 5:colcon.colcon_core.verb:set package 'my_py_pkg' build argument 'catkin_cmake_args' from command line to 'None'
[23.495s] Level 5:colcon.colcon_core.verb:set package 'my_py_pkg' build argument 'catkin_skip_building_tests' from command line to 'False'
[23.495s] DEBUG:colcon.colcon_core.verb:Building package 'my_py_pkg' with the following arguments: {'ament_cmake_args': None, 'build_base': '/home/alper/ros2_ws/build/my_py_pkg', 'catkin_cmake_args': None, 'catkin_skip_building_tests': False, 'cmake_args': None, 'cmake_clean_cache': False, 'cmake_clean_first': False, 'cmake_force_configure': False, 'cmake_target': None, 'cmake_target_skip_unavailable': False, 'install_base': '/home/alper/ros2_ws/install/my_py_pkg', 'merge_install': False, 'path': '/home/alper/ros2_ws/src/my_py_pkg', 'symlink_install': False, 'test_result_base': None}
[23.834s] Level 5:colcon.colcon_core.verb:set package 'turtlesim_catch_them_all' build argument 'cmake_args' from command line to 'None'
[23.834s] Level 5:colcon.colcon_core.verb:set package 'turtlesim_catch_them_all' build argument 'cmake_target' from command line to 'None'
[23.834s] Level 5:colcon.colcon_core.verb:set package 'turtlesim_catch_them_all' build argument 'cmake_target_skip_unavailable' from command line to 'False'
[23.834s] Level 5:colcon.colcon_core.verb:set package 'turtlesim_catch_them_all' build argument 'cmake_clean_cache' from command line to 'False'
[23.834s] Level 5:colcon.colcon_core.verb:set package 'turtlesim_catch_them_all' build argument 'cmake_clean_first' from command line to 'False'
[23.834s] Level 5:colcon.colcon_core.verb:set package 'turtlesim_catch_them_all' build argument 'cmake_force_configure' from command line to 'False'
[23.834s] Level 5:colcon.colcon_core.verb:set package 'turtlesim_catch_them_all' build argument 'ament_cmake_args' from command line to 'None'
[23.835s] Level 5:colcon.colcon_core.verb:set package 'turtlesim_catch_them_all' build argument 'catkin_cmake_args' from command line to 'None'
[23.835s] Level 5:colcon.colcon_core.verb:set package 'turtlesim_catch_them_all' build argument 'catkin_skip_building_tests' from command line to 'False'
[23.835s] DEBUG:colcon.colcon_core.verb:Building package 'turtlesim_catch_them_all' with the following arguments: {'ament_cmake_args': None, 'build_base': '/home/alper/ros2_ws/build/turtlesim_catch_them_all', 'catkin_cmake_args': None, 'catkin_skip_building_tests': False, 'cmake_args': None, 'cmake_clean_cache': False, 'cmake_clean_first': False, 'cmake_force_configure': False, 'cmake_target': None, 'cmake_target_skip_unavailable': False, 'install_base': '/home/alper/ros2_ws/install/turtlesim_catch_them_all', 'merge_install': False, 'path': '/home/alper/ros2_ws/src/turtlesim_catch_them_all', 'symlink_install': False, 'test_result_base': None}
[24.173s] Level 5:colcon.colcon_core.verb:set package 'my_robot_bringup' build argument 'cmake_args' from command line to 'None'
[24.173s] Level 5:colcon.colcon_core.verb:set package 'my_robot_bringup' build argument 'cmake_target' from command line to 'None'
[24.173s] Level 5:colcon.colcon_core.verb:set package 'my_robot_bringup' build argument 'cmake_target_skip_unavailable' from command line to 'False'
[24.173s] Level 5:colcon.colcon_core.verb:set package 'my_robot_bringup' build argument 'cmake_clean_cache' from command line to 'False'
[24.173s] Level 5:colcon.colcon_core.verb:set package 'my_robot_bringup' build argument 'cmake_clean_first' from command line to 'False'
[24.174s] Level 5:colcon.colcon_core.verb:set package 'my_robot_bringup' build argument 'cmake_force_configure' from command line to 'False'
[24.174s] Level 5:colcon.colcon_core.verb:set package 'my_robot_bringup' build argument 'ament_cmake_args' from command line to 'None'
[24.174s] Level 5:colcon.colcon_core.verb:set package 'my_robot_bringup' build argument 'catkin_cmake_args' from command line to 'None'
[24.174s] Level 5:colcon.colcon_core.verb:set package 'my_robot_bringup' build argument 'catkin_skip_building_tests' from command line to 'False'
[24.174s] DEBUG:colcon.colcon_core.verb:Building package 'my_robot_bringup' with the following arguments: {'ament_cmake_args': None, 'build_base': '/home/alper/ros2_ws/build/my_robot_bringup', 'catkin_cmake_args': None, 'catkin_skip_building_tests': False, 'cmake_args': None, 'cmake_clean_cache': False, 'cmake_clean_first': False, 'cmake_force_configure': False, 'cmake_target': None, 'cmake_target_skip_unavailable': False, 'install_base': '/home/alper/ros2_ws/install/my_robot_bringup', 'merge_install': False, 'path': '/home/alper/ros2_ws/src/my_robot_bringup', 'symlink_install': False, 'test_result_base': None}
[24.508s] INFO:colcon.colcon_core.executor:Executing jobs using 'parallel' executor
[24.844s] DEBUG:colcon.colcon_parallel_executor.executor.parallel:run_until_complete
[24.844s] INFO:colcon.colcon_ros.task.ament_cmake.build:Building ROS package in '/home/alper/ros2_ws/src/my_robot_interfaces' with build type 'ament_cmake'
[24.844s] INFO:colcon.colcon_cmake.task.cmake.build:Building CMake package in '/home/alper/ros2_ws/src/my_robot_interfaces'
[25.270s] INFO:colcon.colcon_core.plugin_system:Skipping extension 'colcon_core.shell.bat': Not used on non-Windows systems
[25.270s] INFO:colcon.colcon_core.shell:Skip shell extension 'powershell' for command environment: Not usable outside of PowerShell
[25.270s] DEBUG:colcon.colcon_core.shell:Skip shell extension 'dsv' for command environment
[26.356s] DEBUG:colcon.colcon_core.event_handler.log_command:Invoking command in '/home/alper/ros2_ws/build/my_robot_interfaces': CMAKE_PREFIX_PATH=${CMAKE_PREFIX_PATH}:/home/alper/ros2_ws/install/turtlesim_catch_them_all:/home/alper/ros2_ws/install/my_py_pkg:/opt/ros/foxy /usr/bin/cmake --build /home/alper/ros2_ws/build/my_robot_interfaces -- -j8 -l8
[26.591s] DEBUG:colcon.colcon_core.event_handler.log_command:Invoked command in '/home/alper/ros2_ws/build/my_robot_interfaces' returned '0': CMAKE_PREFIX_PATH=${CMAKE_PREFIX_PATH}:/home/alper/ros2_ws/install/turtlesim_catch_them_all:/home/alper/ros2_ws/install/my_py_pkg:/opt/ros/foxy /usr/bin/cmake --build /home/alper/ros2_ws/build/my_robot_interfaces -- -j8 -l8
[26.762s] DEBUG:colcon.colcon_core.event_handler.log_command:Invoking command in '/home/alper/ros2_ws/build/my_robot_interfaces': CMAKE_PREFIX_PATH=${CMAKE_PREFIX_PATH}:/home/alper/ros2_ws/install/turtlesim_catch_them_all:/home/alper/ros2_ws/install/my_py_pkg:/opt/ros/foxy /usr/bin/cmake --install /home/alper/ros2_ws/build/my_robot_interfaces
[26.903s] Level 1:colcon.colcon_core.environment:create_environment_scripts_only(my_robot_interfaces)
[26.904s] DEBUG:colcon.colcon_core.event_handler.log_command:Invoked command in '/home/alper/ros2_ws/build/my_robot_interfaces' returned '0': CMAKE_PREFIX_PATH=${CMAKE_PREFIX_PATH}:/home/alper/ros2_ws/install/turtlesim_catch_them_all:/home/alper/ros2_ws/install/my_py_pkg:/opt/ros/foxy /usr/bin/cmake --install /home/alper/ros2_ws/build/my_robot_interfaces
[27.256s] Level 1:colcon.colcon_core.environment:checking '/home/alper/ros2_ws/install/my_robot_interfaces' for CMake module files
[27.257s] Level 1:colcon.colcon_core.environment:checking '/home/alper/ros2_ws/install/my_robot_interfaces' for CMake config files
[27.259s] Level 1:colcon.colcon_core.shell:create_environment_hook('my_robot_interfaces', 'cmake_prefix_path')
[27.603s] INFO:colcon.colcon_core.shell:Creating environment hook '/home/alper/ros2_ws/install/my_robot_interfaces/share/my_robot_interfaces/hook/cmake_prefix_path.ps1'
[27.605s] INFO:colcon.colcon_core.shell:Creating environment descriptor '/home/alper/ros2_ws/install/my_robot_interfaces/share/my_robot_interfaces/hook/cmake_prefix_path.dsv'
[27.606s] INFO:colcon.colcon_core.shell:Creating environment hook '/home/alper/ros2_ws/install/my_robot_interfaces/share/my_robot_interfaces/hook/cmake_prefix_path.sh'
[27.608s] Level 1:colcon.colcon_core.environment:checking '/home/alper/ros2_ws/install/my_robot_interfaces/lib'
[27.608s] Level 1:colcon.colcon_core.shell:create_environment_hook('my_robot_interfaces', 'ld_library_path_lib')
[27.948s] INFO:colcon.colcon_core.shell:Creating environment hook '/home/alper/ros2_ws/install/my_robot_interfaces/share/my_robot_interfaces/hook/ld_library_path_lib.ps1'
[27.949s] INFO:colcon.colcon_core.shell:Creating environment descriptor '/home/alper/ros2_ws/install/my_robot_interfaces/share/my_robot_interfaces/hook/ld_library_path_lib.dsv'
[27.950s] INFO:colcon.colcon_core.shell:Creating environment hook '/home/alper/ros2_ws/install/my_robot_interfaces/share/my_robot_interfaces/hook/ld_library_path_lib.sh'
[27.950s] Level 1:colcon.colcon_core.environment:checking '/home/alper/ros2_ws/install/my_robot_interfaces/bin'
[27.951s] Level 1:colcon.colcon_core.environment:checking '/home/alper/ros2_ws/install/my_robot_interfaces/lib/pkgconfig/my_robot_interfaces.pc'
[27.951s] Level 1:colcon.colcon_core.environment:checking '/home/alper/ros2_ws/install/my_robot_interfaces/lib/python3.8/site-packages'
[27.951s] Level 1:colcon.colcon_core.shell:create_environment_hook('my_robot_interfaces', 'pythonpath')
[28.295s] INFO:colcon.colcon_core.shell:Creating environment hook '/home/alper/ros2_ws/install/my_robot_interfaces/share/my_robot_interfaces/hook/pythonpath.ps1'
[28.295s] INFO:colcon.colcon_core.shell:Creating environment descriptor '/home/alper/ros2_ws/install/my_robot_interfaces/share/my_robot_interfaces/hook/pythonpath.dsv'
[28.296s] INFO:colcon.colcon_core.shell:Creating environment hook '/home/alper/ros2_ws/install/my_robot_interfaces/share/my_robot_interfaces/hook/pythonpath.sh'
[28.296s] Level 1:colcon.colcon_core.environment:checking '/home/alper/ros2_ws/install/my_robot_interfaces/bin'
[28.666s] INFO:colcon.colcon_core.shell:Creating package script '/home/alper/ros2_ws/install/my_robot_interfaces/share/my_robot_interfaces/package.ps1'
[28.668s] INFO:colcon.colcon_core.shell:Creating package descriptor '/home/alper/ros2_ws/install/my_robot_interfaces/share/my_robot_interfaces/package.dsv'
[28.670s] INFO:colcon.colcon_core.shell:Creating package script '/home/alper/ros2_ws/install/my_robot_interfaces/share/my_robot_interfaces/package.sh'
[28.671s] INFO:colcon.colcon_core.shell:Creating package script '/home/alper/ros2_ws/install/my_robot_interfaces/share/my_robot_interfaces/package.bash'
[28.673s] INFO:colcon.colcon_core.shell:Creating package script '/home/alper/ros2_ws/install/my_robot_interfaces/share/my_robot_interfaces/package.zsh'
[28.674s] Level 1:colcon.colcon_core.environment:create_file_with_runtime_dependencies(/home/alper/ros2_ws/install/my_robot_interfaces/share/colcon-core/packages/my_robot_interfaces)
[29.208s] Level 1:colcon.colcon_core.environment:create_environment_scripts_only(my_robot_interfaces)
[29.560s] Level 1:colcon.colcon_core.environment:checking '/home/alper/ros2_ws/install/my_robot_interfaces' for CMake module files
[29.561s] Level 1:colcon.colcon_core.environment:checking '/home/alper/ros2_ws/install/my_robot_interfaces' for CMake config files
[29.563s] Level 1:colcon.colcon_core.shell:create_environment_hook('my_robot_interfaces', 'cmake_prefix_path')
[29.928s] INFO:colcon.colcon_core.shell:Creating environment hook '/home/alper/ros2_ws/install/my_robot_interfaces/share/my_robot_interfaces/hook/cmake_prefix_path.ps1'
[29.929s] INFO:colcon.colcon_core.shell:Creating environment descriptor '/home/alper/ros2_ws/install/my_robot_interfaces/share/my_robot_interfaces/hook/cmake_prefix_path.dsv'
[29.929s] INFO:colcon.colcon_core.shell:Creating environment hook '/home/alper/ros2_ws/install/my_robot_interfaces/share/my_robot_interfaces/hook/cmake_prefix_path.sh'
[29.931s] Level 1:colcon.colcon_core.environment:checking '/home/alper/ros2_ws/install/my_robot_interfaces/lib'
[29.931s] Level 1:colcon.colcon_core.shell:create_environment_hook('my_robot_interfaces', 'ld_library_path_lib')
[30.288s] INFO:colcon.colcon_core.shell:Creating environment hook '/home/alper/ros2_ws/install/my_robot_interfaces/share/my_robot_interfaces/hook/ld_library_path_lib.ps1'
[30.289s] INFO:colcon.colcon_core.shell:Creating environment descriptor '/home/alper/ros2_ws/install/my_robot_interfaces/share/my_robot_interfaces/hook/ld_library_path_lib.dsv'
[30.289s] INFO:colcon.colcon_core.shell:Creating environment hook '/home/alper/ros2_ws/install/my_robot_interfaces/share/my_robot_interfaces/hook/ld_library_path_lib.sh'
[30.290s] Level 1:colcon.colcon_core.environment:checking '/home/alper/ros2_ws/install/my_robot_interfaces/bin'
[30.290s] Level 1:colcon.colcon_core.environment:checking '/home/alper/ros2_ws/install/my_robot_interfaces/lib/pkgconfig/my_robot_interfaces.pc'
[30.291s] Level 1:colcon.colcon_core.environment:checking '/home/alper/ros2_ws/install/my_robot_interfaces/lib/python3.8/site-packages'
[30.291s] Level 1:colcon.colcon_core.shell:create_environment_hook('my_robot_interfaces', 'pythonpath')
[30.644s] INFO:colcon.colcon_core.shell:Creating environment hook '/home/alper/ros2_ws/install/my_robot_interfaces/share/my_robot_interfaces/hook/pythonpath.ps1'
[30.645s] INFO:colcon.colcon_core.shell:Creating environment descriptor '/home/alper/ros2_ws/install/my_robot_interfaces/share/my_robot_interfaces/hook/pythonpath.dsv'
[30.646s] INFO:colcon.colcon_core.shell:Creating environment hook '/home/alper/ros2_ws/install/my_robot_interfaces/share/my_robot_interfaces/hook/pythonpath.sh'
[30.647s] Level 1:colcon.colcon_core.environment:checking '/home/alper/ros2_ws/install/my_robot_interfaces/bin'
[31.006s] INFO:colcon.colcon_core.shell:Creating package script '/home/alper/ros2_ws/install/my_robot_interfaces/share/my_robot_interfaces/package.ps1'
[31.007s] INFO:colcon.colcon_core.shell:Creating package descriptor '/home/alper/ros2_ws/install/my_robot_interfaces/share/my_robot_interfaces/package.dsv'
[31.008s] INFO:colcon.colcon_core.shell:Creating package script '/home/alper/ros2_ws/install/my_robot_interfaces/share/my_robot_interfaces/package.sh'
[31.009s] INFO:colcon.colcon_core.shell:Creating package script '/home/alper/ros2_ws/install/my_robot_interfaces/share/my_robot_interfaces/package.bash'
[31.009s] INFO:colcon.colcon_core.shell:Creating package script '/home/alper/ros2_ws/install/my_robot_interfaces/share/my_robot_interfaces/package.zsh'
[31.010s] Level 1:colcon.colcon_core.environment:create_file_with_runtime_dependencies(/home/alper/ros2_ws/install/my_robot_interfaces/share/colcon-core/packages/my_robot_interfaces)
[31.011s] INFO:colcon.colcon_ros.task.ament_python.build:Building ROS package in '/home/alper/ros2_ws/src/my_py_pkg' with build type 'ament_python'
[31.011s] Level 1:colcon.colcon_core.shell:create_environment_hook('my_py_pkg', 'ament_prefix_path')
[31.367s] INFO:colcon.colcon_core.shell:Creating environment hook '/home/alper/ros2_ws/install/my_py_pkg/share/my_py_pkg/hook/ament_prefix_path.ps1'
[31.368s] INFO:colcon.colcon_core.shell:Creating environment descriptor '/home/alper/ros2_ws/install/my_py_pkg/share/my_py_pkg/hook/ament_prefix_path.dsv'
[31.369s] INFO:colcon.colcon_core.shell:Creating environment hook '/home/alper/ros2_ws/install/my_py_pkg/share/my_py_pkg/hook/ament_prefix_path.sh'
[31.722s] INFO:colcon.colcon_core.shell:Skip shell extension 'powershell' for command environment: Not usable outside of PowerShell
[31.722s] DEBUG:colcon.colcon_core.shell:Skip shell extension 'dsv' for command environment
[32.809s] INFO:colcon.colcon_ros.task.ament_python.build:Building ROS package in '/home/alper/ros2_ws/src/turtlesim_catch_them_all' with build type 'ament_python'
[32.810s] Level 1:colcon.colcon_core.shell:create_environment_hook('turtlesim_catch_them_all', 'ament_prefix_path')
[33.172s] INFO:colcon.colcon_core.shell:Creating environment hook '/home/alper/ros2_ws/install/turtlesim_catch_them_all/share/turtlesim_catch_them_all/hook/ament_prefix_path.ps1'
[33.172s] INFO:colcon.colcon_core.shell:Creating environment descriptor '/home/alper/ros2_ws/install/turtlesim_catch_them_all/share/turtlesim_catch_them_all/hook/ament_prefix_path.dsv'
[33.173s] INFO:colcon.colcon_core.shell:Creating environment hook '/home/alper/ros2_ws/install/turtlesim_catch_them_all/share/turtlesim_catch_them_all/hook/ament_prefix_path.sh'
[33.525s] INFO:colcon.colcon_core.shell:Skip shell extension 'powershell' for command environment: Not usable outside of PowerShell
[33.525s] DEBUG:colcon.colcon_core.shell:Skip shell extension 'dsv' for command environment
[35.146s] INFO:colcon.colcon_core.task.python.build:Building Python package in '/home/alper/ros2_ws/src/my_py_pkg'
[35.503s] INFO:colcon.colcon_core.shell:Skip shell extension 'powershell' for command environment: Not usable outside of PowerShell
[35.503s] DEBUG:colcon.colcon_core.shell:Skip shell extension 'dsv' for command environment
[37.136s] INFO:colcon.colcon_core.task.python.build:Building Python package in '/home/alper/ros2_ws/src/turtlesim_catch_them_all'
[37.525s] INFO:colcon.colcon_core.shell:Skip shell extension 'powershell' for command environment: Not usable outside of PowerShell
[37.525s] DEBUG:colcon.colcon_core.shell:Skip shell extension 'dsv' for command environment
[39.572s] DEBUG:colcon.colcon_core.event_handler.log_command:Invoking command in '/home/alper/ros2_ws/build/my_py_pkg': CMAKE_PREFIX_PATH=/home/alper/ros2_ws/install/my_robot_interfaces:/home/alper/ros2_ws/install/my_robot_bringup PYTHONPATH=/home/alper/ros2_ws/build/my_py_pkg/prefix_override:/home/alper/ros2_ws/install/my_py_pkg/lib/python3.8/site-packages:/home/alper/ros2_ws/install/my_robot_interfaces/lib/python3.8/site-packages:/home/alper/ros2_ws/build/turtlesim_catch_them_all:/home/alper/ros2_ws/install/turtlesim_catch_them_all/lib/python3.8/site-packages:/home/alper/ros2_ws/build/my_py_pkg:/home/alper/ros2_ws/install/my_py_pkg/lib/python3.8/site-packages:/opt/ros/foxy/lib/python3.8/site-packages /usr/bin/python3 setup.py develop --uninstall --editable --build-directory /home/alper/ros2_ws/build/my_py_pkg/build
[39.578s] DEBUG:colcon.colcon_core.event_handler.log_command:Invoking command in '/home/alper/ros2_ws/build/turtlesim_catch_them_all': CMAKE_PREFIX_PATH=/home/alper/ros2_ws/install/my_robot_interfaces:/home/alper/ros2_ws/install/my_robot_bringup PYTHONPATH=/home/alper/ros2_ws/build/turtlesim_catch_them_all/prefix_override:/home/alper/ros2_ws/install/turtlesim_catch_them_all/lib/python3.8/site-packages:/home/alper/ros2_ws/install/my_robot_interfaces/lib/python3.8/site-packages:/home/alper/ros2_ws/build/turtlesim_catch_them_all:/home/alper/ros2_ws/install/turtlesim_catch_them_all/lib/python3.8/site-packages:/home/alper/ros2_ws/build/my_py_pkg:/home/alper/ros2_ws/install/my_py_pkg/lib/python3.8/site-packages:/opt/ros/foxy/lib/python3.8/site-packages /usr/bin/python3 setup.py develop --uninstall --editable --build-directory /home/alper/ros2_ws/build/turtlesim_catch_them_all/build
[40.559s] DEBUG:colcon.colcon_core.event_handler.log_command:Invoked command in '/home/alper/ros2_ws/build/turtlesim_catch_them_all' returned '0': CMAKE_PREFIX_PATH=/home/alper/ros2_ws/install/my_robot_interfaces:/home/alper/ros2_ws/install/my_robot_bringup PYTHONPATH=/home/alper/ros2_ws/build/turtlesim_catch_them_all/prefix_override:/home/alper/ros2_ws/install/turtlesim_catch_them_all/lib/python3.8/site-packages:/home/alper/ros2_ws/install/my_robot_interfaces/lib/python3.8/site-packages:/home/alper/ros2_ws/build/turtlesim_catch_them_all:/home/alper/ros2_ws/install/turtlesim_catch_them_all/lib/python3.8/site-packages:/home/alper/ros2_ws/build/my_py_pkg:/home/alper/ros2_ws/install/my_py_pkg/lib/python3.8/site-packages:/opt/ros/foxy/lib/python3.8/site-packages /usr/bin/python3 setup.py develop --uninstall --editable --build-directory /home/alper/ros2_ws/build/turtlesim_catch_them_all/build
[40.569s] DEBUG:colcon.colcon_core.event_handler.log_command:Invoking command in '/home/alper/ros2_ws/src/turtlesim_catch_them_all': CMAKE_PREFIX_PATH=/home/alper/ros2_ws/install/my_robot_interfaces:/home/alper/ros2_ws/install/my_robot_bringup PYTHONPATH=/home/alper/ros2_ws/build/turtlesim_catch_them_all/prefix_override:/home/alper/ros2_ws/install/turtlesim_catch_them_all/lib/python3.8/site-packages:/home/alper/ros2_ws/install/my_robot_interfaces/lib/python3.8/site-packages:/home/alper/ros2_ws/build/turtlesim_catch_them_all:/home/alper/ros2_ws/install/turtlesim_catch_them_all/lib/python3.8/site-packages:/home/alper/ros2_ws/build/my_py_pkg:/home/alper/ros2_ws/install/my_py_pkg/lib/python3.8/site-packages:/opt/ros/foxy/lib/python3.8/site-packages /usr/bin/python3 setup.py egg_info --egg-base ../../build/turtlesim_catch_them_all build --build-base /home/alper/ros2_ws/build/turtlesim_catch_them_all/build install --record /home/alper/ros2_ws/build/turtlesim_catch_them_all/install.log --install-scripts $base/lib/turtlesim_catch_them_all --single-version-externally-managed
[40.611s] DEBUG:colcon.colcon_core.event_handler.log_command:Invoked command in '/home/alper/ros2_ws/build/my_py_pkg' returned '0': CMAKE_PREFIX_PATH=/home/alper/ros2_ws/install/my_robot_interfaces:/home/alper/ros2_ws/install/my_robot_bringup PYTHONPATH=/home/alper/ros2_ws/build/my_py_pkg/prefix_override:/home/alper/ros2_ws/install/my_py_pkg/lib/python3.8/site-packages:/home/alper/ros2_ws/install/my_robot_interfaces/lib/python3.8/site-packages:/home/alper/ros2_ws/build/turtlesim_catch_them_all:/home/alper/ros2_ws/install/turtlesim_catch_them_all/lib/python3.8/site-packages:/home/alper/ros2_ws/build/my_py_pkg:/home/alper/ros2_ws/install/my_py_pkg/lib/python3.8/site-packages:/opt/ros/foxy/lib/python3.8/site-packages /usr/bin/python3 setup.py develop --uninstall --editable --build-directory /home/alper/ros2_ws/build/my_py_pkg/build
[40.617s] DEBUG:colcon.colcon_core.event_handler.log_command:Invoking command in '/home/alper/ros2_ws/src/my_py_pkg': CMAKE_PREFIX_PATH=/home/alper/ros2_ws/install/my_robot_interfaces:/home/alper/ros2_ws/install/my_robot_bringup PYTHONPATH=/home/alper/ros2_ws/build/my_py_pkg/prefix_override:/home/alper/ros2_ws/install/my_py_pkg/lib/python3.8/site-packages:/home/alper/ros2_ws/install/my_robot_interfaces/lib/python3.8/site-packages:/home/alper/ros2_ws/build/turtlesim_catch_them_all:/home/alper/ros2_ws/install/turtlesim_catch_them_all/lib/python3.8/site-packages:/home/alper/ros2_ws/build/my_py_pkg:/home/alper/ros2_ws/install/my_py_pkg/lib/python3.8/site-packages:/opt/ros/foxy/lib/python3.8/site-packages /usr/bin/python3 setup.py egg_info --egg-base ../../build/my_py_pkg build --build-base /home/alper/ros2_ws/build/my_py_pkg/build install --record /home/alper/ros2_ws/build/my_py_pkg/install.log --install-scripts $base/lib/my_py_pkg --single-version-externally-managed
[41.229s] DEBUG:colcon.colcon_core.event_handler.log_command:Invoked command in '/home/alper/ros2_ws/src/turtlesim_catch_them_all' returned '0': CMAKE_PREFIX_PATH=/home/alper/ros2_ws/install/my_robot_interfaces:/home/alper/ros2_ws/install/my_robot_bringup PYTHONPATH=/home/alper/ros2_ws/build/turtlesim_catch_them_all/prefix_override:/home/alper/ros2_ws/install/turtlesim_catch_them_all/lib/python3.8/site-packages:/home/alper/ros2_ws/install/my_robot_interfaces/lib/python3.8/site-packages:/home/alper/ros2_ws/build/turtlesim_catch_them_all:/home/alper/ros2_ws/install/turtlesim_catch_them_all/lib/python3.8/site-packages:/home/alper/ros2_ws/build/my_py_pkg:/home/alper/ros2_ws/install/my_py_pkg/lib/python3.8/site-packages:/opt/ros/foxy/lib/python3.8/site-packages /usr/bin/python3 setup.py egg_info --egg-base ../../build/turtlesim_catch_them_all build --build-base /home/alper/ros2_ws/build/turtlesim_catch_them_all/build install --record /home/alper/ros2_ws/build/turtlesim_catch_them_all/install.log --install-scripts $base/lib/turtlesim_catch_them_all --single-version-externally-managed
[41.619s] Level 1:colcon.colcon_core.environment:checking '/home/alper/ros2_ws/install/turtlesim_catch_them_all' for CMake module files
[41.620s] Level 1:colcon.colcon_core.environment:checking '/home/alper/ros2_ws/install/turtlesim_catch_them_all' for CMake config files
[41.621s] Level 1:colcon.colcon_core.environment:checking '/home/alper/ros2_ws/install/turtlesim_catch_them_all/lib'
[41.621s] Level 1:colcon.colcon_core.environment:checking '/home/alper/ros2_ws/install/turtlesim_catch_them_all/bin'
[41.622s] Level 1:colcon.colcon_core.environment:checking '/home/alper/ros2_ws/install/turtlesim_catch_them_all/lib/pkgconfig/turtlesim_catch_them_all.pc'
[41.622s] Level 1:colcon.colcon_core.environment:checking '/home/alper/ros2_ws/install/turtlesim_catch_them_all/lib/python3.8/site-packages'
[41.622s] Level 1:colcon.colcon_core.shell:create_environment_hook('turtlesim_catch_them_all', 'pythonpath')
[41.991s] INFO:colcon.colcon_core.shell:Creating environment hook '/home/alper/ros2_ws/install/turtlesim_catch_them_all/share/turtlesim_catch_them_all/hook/pythonpath.ps1'
[41.992s] INFO:colcon.colcon_core.shell:Creating environment descriptor '/home/alper/ros2_ws/install/turtlesim_catch_them_all/share/turtlesim_catch_them_all/hook/pythonpath.dsv'
[41.993s] INFO:colcon.colcon_core.shell:Creating environment hook '/home/alper/ros2_ws/install/turtlesim_catch_them_all/share/turtlesim_catch_them_all/hook/pythonpath.sh'
[41.993s] Level 1:colcon.colcon_core.environment:checking '/home/alper/ros2_ws/install/turtlesim_catch_them_all/bin'
[41.993s] Level 1:colcon.colcon_core.environment:create_environment_scripts_only(turtlesim_catch_them_all)
[42.344s] INFO:colcon.colcon_core.shell:Creating package script '/home/alper/ros2_ws/install/turtlesim_catch_them_all/share/turtlesim_catch_them_all/package.ps1'
[42.345s] INFO:colcon.colcon_core.shell:Creating package descriptor '/home/alper/ros2_ws/install/turtlesim_catch_them_all/share/turtlesim_catch_them_all/package.dsv'
[42.346s] INFO:colcon.colcon_core.shell:Creating package script '/home/alper/ros2_ws/install/turtlesim_catch_them_all/share/turtlesim_catch_them_all/package.sh'
[42.346s] INFO:colcon.colcon_core.shell:Creating package script '/home/alper/ros2_ws/install/turtlesim_catch_them_all/share/turtlesim_catch_them_all/package.bash'
[42.347s] INFO:colcon.colcon_core.shell:Creating package script '/home/alper/ros2_ws/install/turtlesim_catch_them_all/share/turtlesim_catch_them_all/package.zsh'
[42.348s] Level 1:colcon.colcon_core.environment:create_file_with_runtime_dependencies(/home/alper/ros2_ws/install/turtlesim_catch_them_all/share/colcon-core/packages/turtlesim_catch_them_all)
[42.350s] DEBUG:colcon.colcon_core.event_handler.log_command:Invoked command in '/home/alper/ros2_ws/src/my_py_pkg' returned '0': CMAKE_PREFIX_PATH=/home/alper/ros2_ws/install/my_robot_interfaces:/home/alper/ros2_ws/install/my_robot_bringup PYTHONPATH=/home/alper/ros2_ws/build/my_py_pkg/prefix_override:/home/alper/ros2_ws/install/my_py_pkg/lib/python3.8/site-packages:/home/alper/ros2_ws/install/my_robot_interfaces/lib/python3.8/site-packages:/home/alper/ros2_ws/build/turtlesim_catch_them_all:/home/alper/ros2_ws/install/turtlesim_catch_them_all/lib/python3.8/site-packages:/home/alper/ros2_ws/build/my_py_pkg:/home/alper/ros2_ws/install/my_py_pkg/lib/python3.8/site-packages:/opt/ros/foxy/lib/python3.8/site-packages /usr/bin/python3 setup.py egg_info --egg-base ../../build/my_py_pkg build --build-base /home/alper/ros2_ws/build/my_py_pkg/build install --record /home/alper/ros2_ws/build/my_py_pkg/install.log --install-scripts $base/lib/my_py_pkg --single-version-externally-managed
[42.722s] Level 1:colcon.colcon_core.environment:checking '/home/alper/ros2_ws/install/my_py_pkg' for CMake module files
[42.723s] Level 1:colcon.colcon_core.environment:checking '/home/alper/ros2_ws/install/my_py_pkg' for CMake config files
[42.724s] Level 1:colcon.colcon_core.environment:checking '/home/alper/ros2_ws/install/my_py_pkg/lib'
[42.725s] Level 1:colcon.colcon_core.environment:checking '/home/alper/ros2_ws/install/my_py_pkg/bin'
[42.725s] Level 1:colcon.colcon_core.environment:checking '/home/alper/ros2_ws/install/my_py_pkg/lib/pkgconfig/my_py_pkg.pc'
[42.725s] Level 1:colcon.colcon_core.environment:checking '/home/alper/ros2_ws/install/my_py_pkg/lib/python3.8/site-packages'
[42.725s] Level 1:colcon.colcon_core.shell:create_environment_hook('my_py_pkg', 'pythonpath')
[43.097s] INFO:colcon.colcon_core.shell:Creating environment hook '/home/alper/ros2_ws/install/my_py_pkg/share/my_py_pkg/hook/pythonpath.ps1'
[43.097s] INFO:colcon.colcon_core.shell:Creating environment descriptor '/home/alper/ros2_ws/install/my_py_pkg/share/my_py_pkg/hook/pythonpath.dsv'
[43.098s] INFO:colcon.colcon_core.shell:Creating environment hook '/home/alper/ros2_ws/install/my_py_pkg/share/my_py_pkg/hook/pythonpath.sh'
[43.099s] Level 1:colcon.colcon_core.environment:checking '/home/alper/ros2_ws/install/my_py_pkg/bin'
[43.099s] Level 1:colcon.colcon_core.environment:create_environment_scripts_only(my_py_pkg)
[43.454s] INFO:colcon.colcon_core.shell:Creating package script '/home/alper/ros2_ws/install/my_py_pkg/share/my_py_pkg/package.ps1'
[43.455s] INFO:colcon.colcon_core.shell:Creating package descriptor '/home/alper/ros2_ws/install/my_py_pkg/share/my_py_pkg/package.dsv'
[43.455s] INFO:colcon.colcon_core.shell:Creating package script '/home/alper/ros2_ws/install/my_py_pkg/share/my_py_pkg/package.sh'
[43.456s] INFO:colcon.colcon_core.shell:Creating package script '/home/alper/ros2_ws/install/my_py_pkg/share/my_py_pkg/package.bash'
[43.456s] INFO:colcon.colcon_core.shell:Creating package script '/home/alper/ros2_ws/install/my_py_pkg/share/my_py_pkg/package.zsh'
[43.457s] Level 1:colcon.colcon_core.environment:create_file_with_runtime_dependencies(/home/alper/ros2_ws/install/my_py_pkg/share/colcon-core/packages/my_py_pkg)
[43.457s] INFO:colcon.colcon_ros.task.ament_cmake.build:Building ROS package in '/home/alper/ros2_ws/src/my_robot_bringup' with build type 'ament_cmake'
[43.458s] INFO:colcon.colcon_cmake.task.cmake.build:Building CMake package in '/home/alper/ros2_ws/src/my_robot_bringup'
[43.825s] INFO:colcon.colcon_core.shell:Skip shell extension 'powershell' for command environment: Not usable outside of PowerShell
[43.825s] DEBUG:colcon.colcon_core.shell:Skip shell extension 'dsv' for command environment
[44.930s] DEBUG:colcon.colcon_core.event_handler.log_command:Invoking command in '/home/alper/ros2_ws/build/my_robot_bringup': AMENT_PREFIX_PATH=/home/alper/ros2_ws/install/turtlesim_catch_them_all:/home/alper/ros2_ws/install/my_py_pkg:/home/alper/ros2_ws/install/my_robot_bringup:/home/alper/ros2_ws/install/my_robot_interfaces:/opt/ros/foxy CMAKE_PREFIX_PATH=/home/alper/ros2_ws/install/my_robot_interfaces:/home/alper/ros2_ws/install/my_robot_bringup:/home/alper/ros2_ws/install/turtlesim_catch_them_all:/home/alper/ros2_ws/install/my_py_pkg:/opt/ros/foxy PYTHONPATH=/home/alper/ros2_ws/install/turtlesim_catch_them_all/lib/python3.8/site-packages:/home/alper/ros2_ws/install/my_py_pkg/lib/python3.8/site-packages:/home/alper/ros2_ws/install/my_robot_interfaces/lib/python3.8/site-packages:/home/alper/ros2_ws/build/turtlesim_catch_them_all:/home/alper/ros2_ws/build/my_py_pkg:/opt/ros/foxy/lib/python3.8/site-packages /usr/bin/cmake /home/alper/ros2_ws/src/my_robot_bringup -DCMAKE_INSTALL_PREFIX=/home/alper/ros2_ws/install/my_robot_bringup
[45.574s] DEBUG:colcon.colcon_core.event_handler.log_command:Invoked command in '/home/alper/ros2_ws/build/my_robot_bringup' returned '0': AMENT_PREFIX_PATH=/home/alper/ros2_ws/install/turtlesim_catch_them_all:/home/alper/ros2_ws/install/my_py_pkg:/home/alper/ros2_ws/install/my_robot_bringup:/home/alper/ros2_ws/install/my_robot_interfaces:/opt/ros/foxy CMAKE_PREFIX_PATH=/home/alper/ros2_ws/install/my_robot_interfaces:/home/alper/ros2_ws/install/my_robot_bringup:/home/alper/ros2_ws/install/turtlesim_catch_them_all:/home/alper/ros2_ws/install/my_py_pkg:/opt/ros/foxy PYTHONPATH=/home/alper/ros2_ws/install/turtlesim_catch_them_all/lib/python3.8/site-packages:/home/alper/ros2_ws/install/my_py_pkg/lib/python3.8/site-packages:/home/alper/ros2_ws/install/my_robot_interfaces/lib/python3.8/site-packages:/home/alper/ros2_ws/build/turtlesim_catch_them_all:/home/alper/ros2_ws/build/my_py_pkg:/opt/ros/foxy/lib/python3.8/site-packages /usr/bin/cmake /home/alper/ros2_ws/src/my_robot_bringup -DCMAKE_INSTALL_PREFIX=/home/alper/ros2_ws/install/my_robot_bringup
[45.578s] DEBUG:colcon.colcon_core.event_handler.log_command:Invoking command in '/home/alper/ros2_ws/build/my_robot_bringup': AMENT_PREFIX_PATH=/home/alper/ros2_ws/install/turtlesim_catch_them_all:/home/alper/ros2_ws/install/my_py_pkg:/home/alper/ros2_ws/install/my_robot_bringup:/home/alper/ros2_ws/install/my_robot_interfaces:/opt/ros/foxy CMAKE_PREFIX_PATH=/home/alper/ros2_ws/install/my_robot_interfaces:/home/alper/ros2_ws/install/my_robot_bringup:/home/alper/ros2_ws/install/turtlesim_catch_them_all:/home/alper/ros2_ws/install/my_py_pkg:/opt/ros/foxy PYTHONPATH=/home/alper/ros2_ws/install/turtlesim_catch_them_all/lib/python3.8/site-packages:/home/alper/ros2_ws/install/my_py_pkg/lib/python3.8/site-packages:/home/alper/ros2_ws/install/my_robot_interfaces/lib/python3.8/site-packages:/home/alper/ros2_ws/build/turtlesim_catch_them_all:/home/alper/ros2_ws/build/my_py_pkg:/opt/ros/foxy/lib/python3.8/site-packages /usr/bin/cmake --build /home/alper/ros2_ws/build/my_robot_bringup -- -j8 -l8
[45.603s] DEBUG:colcon.colcon_core.event_handler.log_command:Invoked command in '/home/alper/ros2_ws/build/my_robot_bringup' returned '0': AMENT_PREFIX_PATH=/home/alper/ros2_ws/install/turtlesim_catch_them_all:/home/alper/ros2_ws/install/my_py_pkg:/home/alper/ros2_ws/install/my_robot_bringup:/home/alper/ros2_ws/install/my_robot_interfaces:/opt/ros/foxy CMAKE_PREFIX_PATH=/home/alper/ros2_ws/install/my_robot_interfaces:/home/alper/ros2_ws/install/my_robot_bringup:/home/alper/ros2_ws/install/turtlesim_catch_them_all:/home/alper/ros2_ws/install/my_py_pkg:/opt/ros/foxy PYTHONPATH=/home/alper/ros2_ws/install/turtlesim_catch_them_all/lib/python3.8/site-packages:/home/alper/ros2_ws/install/my_py_pkg/lib/python3.8/site-packages:/home/alper/ros2_ws/install/my_robot_interfaces/lib/python3.8/site-packages:/home/alper/ros2_ws/build/turtlesim_catch_them_all:/home/alper/ros2_ws/build/my_py_pkg:/opt/ros/foxy/lib/python3.8/site-packages /usr/bin/cmake --build /home/alper/ros2_ws/build/my_robot_bringup -- -j8 -l8
[45.630s] DEBUG:colcon.colcon_core.event_handler.log_command:Invoking command in '/home/alper/ros2_ws/build/my_robot_bringup': AMENT_PREFIX_PATH=/home/alper/ros2_ws/install/turtlesim_catch_them_all:/home/alper/ros2_ws/install/my_py_pkg:/home/alper/ros2_ws/install/my_robot_bringup:/home/alper/ros2_ws/install/my_robot_interfaces:/opt/ros/foxy CMAKE_PREFIX_PATH=/home/alper/ros2_ws/install/my_robot_interfaces:/home/alper/ros2_ws/install/my_robot_bringup:/home/alper/ros2_ws/install/turtlesim_catch_them_all:/home/alper/ros2_ws/install/my_py_pkg:/opt/ros/foxy PYTHONPATH=/home/alper/ros2_ws/install/turtlesim_catch_them_all/lib/python3.8/site-packages:/home/alper/ros2_ws/install/my_py_pkg/lib/python3.8/site-packages:/home/alper/ros2_ws/install/my_robot_interfaces/lib/python3.8/site-packages:/home/alper/ros2_ws/build/turtlesim_catch_them_all:/home/alper/ros2_ws/build/my_py_pkg:/opt/ros/foxy/lib/python3.8/site-packages /usr/bin/cmake --install /home/alper/ros2_ws/build/my_robot_bringup
[45.655s] Level 1:colcon.colcon_core.environment:create_environment_scripts_only(my_robot_bringup)
[45.656s] DEBUG:colcon.colcon_core.event_handler.log_command:Invoked command in '/home/alper/ros2_ws/build/my_robot_bringup' returned '0': AMENT_PREFIX_PATH=/home/alper/ros2_ws/install/turtlesim_catch_them_all:/home/alper/ros2_ws/install/my_py_pkg:/home/alper/ros2_ws/install/my_robot_bringup:/home/alper/ros2_ws/install/my_robot_interfaces:/opt/ros/foxy CMAKE_PREFIX_PATH=/home/alper/ros2_ws/install/my_robot_interfaces:/home/alper/ros2_ws/install/my_robot_bringup:/home/alper/ros2_ws/install/turtlesim_catch_them_all:/home/alper/ros2_ws/install/my_py_pkg:/opt/ros/foxy PYTHONPATH=/home/alper/ros2_ws/install/turtlesim_catch_them_all/lib/python3.8/site-packages:/home/alper/ros2_ws/install/my_py_pkg/lib/python3.8/site-packages:/home/alper/ros2_ws/install/my_robot_interfaces/lib/python3.8/site-packages:/home/alper/ros2_ws/build/turtlesim_catch_them_all:/home/alper/ros2_ws/build/my_py_pkg:/opt/ros/foxy/lib/python3.8/site-packages /usr/bin/cmake --install /home/alper/ros2_ws/build/my_robot_bringup
[46.032s] Level 1:colcon.colcon_core.environment:checking '/home/alper/ros2_ws/install/my_robot_bringup' for CMake module files
[46.033s] Level 1:colcon.colcon_core.environment:checking '/home/alper/ros2_ws/install/my_robot_bringup' for CMake config files
[46.033s] Level 1:colcon.colcon_core.shell:create_environment_hook('my_robot_bringup', 'cmake_prefix_path')
[46.386s] INFO:colcon.colcon_core.shell:Creating environment hook '/home/alper/ros2_ws/install/my_robot_bringup/share/my_robot_bringup/hook/cmake_prefix_path.ps1'
[46.387s] INFO:colcon.colcon_core.shell:Creating environment descriptor '/home/alper/ros2_ws/install/my_robot_bringup/share/my_robot_bringup/hook/cmake_prefix_path.dsv'
[46.387s] INFO:colcon.colcon_core.shell:Creating environment hook '/home/alper/ros2_ws/install/my_robot_bringup/share/my_robot_bringup/hook/cmake_prefix_path.sh'
[46.388s] Level 1:colcon.colcon_core.environment:checking '/home/alper/ros2_ws/install/my_robot_bringup/bin'
[46.388s] Level 1:colcon.colcon_core.environment:checking '/home/alper/ros2_ws/install/my_robot_bringup/lib/pkgconfig/my_robot_bringup.pc'
[46.388s] Level 1:colcon.colcon_core.environment:checking '/home/alper/ros2_ws/install/my_robot_bringup/lib/python3.8/site-packages'
[46.389s] Level 1:colcon.colcon_core.environment:checking '/home/alper/ros2_ws/install/my_robot_bringup/bin'
[46.739s] INFO:colcon.colcon_core.shell:Creating package script '/home/alper/ros2_ws/install/my_robot_bringup/share/my_robot_bringup/package.ps1'
[46.740s] INFO:colcon.colcon_core.shell:Creating package descriptor '/home/alper/ros2_ws/install/my_robot_bringup/share/my_robot_bringup/package.dsv'
[46.740s] INFO:colcon.colcon_core.shell:Creating package script '/home/alper/ros2_ws/install/my_robot_bringup/share/my_robot_bringup/package.sh'
[46.741s] INFO:colcon.colcon_core.shell:Creating package script '/home/alper/ros2_ws/install/my_robot_bringup/share/my_robot_bringup/package.bash'
[46.741s] INFO:colcon.colcon_core.shell:Creating package script '/home/alper/ros2_ws/install/my_robot_bringup/share/my_robot_bringup/package.zsh'
[46.742s] Level 1:colcon.colcon_core.environment:create_file_with_runtime_dependencies(/home/alper/ros2_ws/install/my_robot_bringup/share/colcon-core/packages/my_robot_bringup)
[47.117s] Level 1:colcon.colcon_core.environment:create_environment_scripts_only(my_robot_bringup)
[47.461s] Level 1:colcon.colcon_core.environment:checking '/home/alper/ros2_ws/install/my_robot_bringup' for CMake module files
[47.462s] Level 1:colcon.colcon_core.environment:checking '/home/alper/ros2_ws/install/my_robot_bringup' for CMake config files
[47.463s] Level 1:colcon.colcon_core.shell:create_environment_hook('my_robot_bringup', 'cmake_prefix_path')
[47.816s] INFO:colcon.colcon_core.shell:Creating environment hook '/home/alper/ros2_ws/install/my_robot_bringup/share/my_robot_bringup/hook/cmake_prefix_path.ps1'
[47.817s] INFO:colcon.colcon_core.shell:Creating environment descriptor '/home/alper/ros2_ws/install/my_robot_bringup/share/my_robot_bringup/hook/cmake_prefix_path.dsv'
[47.817s] INFO:colcon.colcon_core.shell:Creating environment hook '/home/alper/ros2_ws/install/my_robot_bringup/share/my_robot_bringup/hook/cmake_prefix_path.sh'
[47.818s] Level 1:colcon.colcon_core.environment:checking '/home/alper/ros2_ws/install/my_robot_bringup/bin'
[47.818s] Level 1:colcon.colcon_core.environment:checking '/home/alper/ros2_ws/install/my_robot_bringup/lib/pkgconfig/my_robot_bringup.pc'
[47.819s] Level 1:colcon.colcon_core.environment:checking '/home/alper/ros2_ws/install/my_robot_bringup/lib/python3.8/site-packages'
[47.819s] Level 1:colcon.colcon_core.environment:checking '/home/alper/ros2_ws/install/my_robot_bringup/bin'
[48.195s] INFO:colcon.colcon_core.shell:Creating package script '/home/alper/ros2_ws/install/my_robot_bringup/share/my_robot_bringup/package.ps1'
[48.196s] INFO:colcon.colcon_core.shell:Creating package descriptor '/home/alper/ros2_ws/install/my_robot_bringup/share/my_robot_bringup/package.dsv'
[48.196s] INFO:colcon.colcon_core.shell:Creating package script '/home/alper/ros2_ws/install/my_robot_bringup/share/my_robot_bringup/package.sh'
[48.197s] INFO:colcon.colcon_core.shell:Creating package script '/home/alper/ros2_ws/install/my_robot_bringup/share/my_robot_bringup/package.bash'
[48.198s] INFO:colcon.colcon_core.shell:Creating package script '/home/alper/ros2_ws/install/my_robot_bringup/share/my_robot_bringup/package.zsh'
[48.198s] Level 1:colcon.colcon_core.environment:create_file_with_runtime_dependencies(/home/alper/ros2_ws/install/my_robot_bringup/share/colcon-core/packages/my_robot_bringup)
[48.199s] DEBUG:colcon.colcon_parallel_executor.executor.parallel:closing loop
[48.199s] DEBUG:colcon.colcon_parallel_executor.executor.parallel:loop closed
[48.199s] DEBUG:colcon.colcon_parallel_executor.executor.parallel:run_until_complete finished with '0'
[48.199s] DEBUG:colcon.colcon_core.event_reactor:joining thread
[48.566s] INFO:colcon.colcon_core.plugin_system:Skipping extension 'colcon_notification.desktop_notification.terminal_notifier': Not used on non-Darwin systems
[48.566s] INFO:colcon.colcon_core.plugin_system:Skipping extension 'colcon_notification.desktop_notification.win32': Not used on non-Windows systems
[48.566s] INFO:colcon.colcon_notification.desktop_notification:Sending desktop notification using 'notify2'
[48.583s] DEBUG:colcon.colcon_core.event_reactor:joined thread
[48.988s] INFO:colcon.colcon_core.shell:Creating prefix script '/home/alper/ros2_ws/install/local_setup.ps1'
[48.990s] INFO:colcon.colcon_core.shell:Creating prefix util module '/home/alper/ros2_ws/install/_local_setup_util_ps1.py'
[48.993s] INFO:colcon.colcon_core.shell:Creating prefix chain script '/home/alper/ros2_ws/install/setup.ps1'
[49.529s] INFO:colcon.colcon_core.shell:Creating prefix script '/home/alper/ros2_ws/install/local_setup.sh'
[49.530s] INFO:colcon.colcon_core.shell:Creating prefix util module '/home/alper/ros2_ws/install/_local_setup_util_sh.py'
[49.531s] INFO:colcon.colcon_core.shell:Creating prefix chain script '/home/alper/ros2_ws/install/setup.sh'
[50.078s] INFO:colcon.colcon_core.shell:Creating prefix script '/home/alper/ros2_ws/install/local_setup.bash'
[50.080s] INFO:colcon.colcon_core.shell:Creating prefix chain script '/home/alper/ros2_ws/install/setup.bash'
[50.629s] INFO:colcon.colcon_core.shell:Creating prefix script '/home/alper/ros2_ws/install/local_setup.zsh'
[50.630s] INFO:colcon.colcon_core.shell:Creating prefix chain script '/home/alper/ros2_ws/install/setup.zsh'
