[1.512s] Invoking command in '/home/alper/ros2_ws/build/my_robot_interfaces': CMAKE_PREFIX_PATH=${CMAKE_PREFIX_PATH}:/home/alper/ros2_ws/install/turtlesim_catch_them_all:/home/alper/ros2_ws/install/my_py_pkg:/opt/ros/foxy /usr/bin/cmake --build /home/alper/ros2_ws/build/my_robot_interfaces -- -j8 -l8
[1.578s] [  1%] Built target my_robot_interfaces__cpp
[1.588s] [ 12%] Built target my_robot_interfaces__rosidl_generator_c
[1.612s] [ 24%] Built target my_robot_interfaces__rosidl_typesupport_c
[1.613s] [ 35%] Built target my_robot_interfaces__rosidl_typesupport_introspection_c
[1.614s] [ 54%] Built target my_robot_interfaces__rosidl_typesupport_introspection_cpp
[1.614s] [ 58%] Built target my_robot_interfaces__rosidl_typesupport_cpp
[1.619s] [ 69%] Built target my_robot_interfaces__rosidl_typesupport_fastrtps_cpp
[1.655s] [ 81%] Built target my_robot_interfaces__rosidl_typesupport_fastrtps_c
[1.668s] [ 81%] Built target my_robot_interfaces
[1.684s] [ 82%] Built target my_robot_interfaces__py
[1.719s] [ 92%] Built target my_robot_interfaces__python
[1.739s] [100%] Built target my_robot_interfaces__rosidl_typesupport_c__pyext
[1.739s] [100%] Built target my_robot_interfaces__rosidl_typesupport_fastrtps_c__pyext
[1.739s] [100%] Built target my_robot_interfaces__rosidl_typesupport_introspection_c__pyext
[1.747s] Invoked command in '/home/alper/ros2_ws/build/my_robot_interfaces' returned '0': CMAKE_PREFIX_PATH=${CMAKE_PREFIX_PATH}:/home/alper/ros2_ws/install/turtlesim_catch_them_all:/home/alper/ros2_ws/install/my_py_pkg:/opt/ros/foxy /usr/bin/cmake --build /home/alper/ros2_ws/build/my_robot_interfaces -- -j8 -l8
[1.917s] Invoking command in '/home/alper/ros2_ws/build/my_robot_interfaces': CMAKE_PREFIX_PATH=${CMAKE_PREFIX_PATH}:/home/alper/ros2_ws/install/turtlesim_catch_them_all:/home/alper/ros2_ws/install/my_py_pkg:/opt/ros/foxy /usr/bin/cmake --install /home/alper/ros2_ws/build/my_robot_interfaces
[1.923s] -- Install configuration: ""
[1.924s] -- Execute custom install script
[1.925s] -- Up-to-date symlink: /home/alper/ros2_ws/install/my_robot_interfaces/share/ament_index/resource_index/rosidl_interfaces/my_robot_interfaces
[1.928s] -- Up-to-date symlink: /home/alper/ros2_ws/install/my_robot_interfaces/include/my_robot_interfaces/msg/detail/hardware_status__functions.h
[1.928s] -- Up-to-date symlink: /home/alper/ros2_ws/install/my_robot_interfaces/include/my_robot_interfaces/msg/detail/hardware_status__struct.h
[1.928s] -- Up-to-date symlink: /home/alper/ros2_ws/install/my_robot_interfaces/include/my_robot_interfaces/msg/detail/hardware_status__type_support.h
[1.928s] -- Up-to-date symlink: /home/alper/ros2_ws/install/my_robot_interfaces/include/my_robot_interfaces/msg/detail/led_states__functions.h
[1.928s] -- Up-to-date symlink: /home/alper/ros2_ws/install/my_robot_interfaces/include/my_robot_interfaces/msg/detail/led_states__struct.h
[1.929s] -- Up-to-date symlink: /home/alper/ros2_ws/install/my_robot_interfaces/include/my_robot_interfaces/msg/detail/led_states__type_support.h
[1.929s] -- Up-to-date symlink: /home/alper/ros2_ws/install/my_robot_interfaces/include/my_robot_interfaces/msg/detail/turtle__functions.h
[1.929s] -- Up-to-date symlink: /home/alper/ros2_ws/install/my_robot_interfaces/include/my_robot_interfaces/msg/detail/turtle__struct.h
[1.929s] -- Up-to-date symlink: /home/alper/ros2_ws/install/my_robot_interfaces/include/my_robot_interfaces/msg/detail/turtle__type_support.h
[1.929s] -- Up-to-date symlink: /home/alper/ros2_ws/install/my_robot_interfaces/include/my_robot_interfaces/msg/detail/turtle_array__functions.h
[1.930s] -- Up-to-date symlink: /home/alper/ros2_ws/install/my_robot_interfaces/include/my_robot_interfaces/msg/detail/turtle_array__struct.h
[1.930s] -- Up-to-date symlink: /home/alper/ros2_ws/install/my_robot_interfaces/include/my_robot_interfaces/msg/detail/turtle_array__type_support.h
[1.930s] -- Up-to-date symlink: /home/alper/ros2_ws/install/my_robot_interfaces/include/my_robot_interfaces/msg/hardware_status.h
[1.931s] -- Up-to-date symlink: /home/alper/ros2_ws/install/my_robot_interfaces/include/my_robot_interfaces/msg/led_states.h
[1.931s] -- Up-to-date symlink: /home/alper/ros2_ws/install/my_robot_interfaces/include/my_robot_interfaces/msg/rosidl_generator_c__visibility_control.h
[1.931s] -- Up-to-date symlink: /home/alper/ros2_ws/install/my_robot_interfaces/include/my_robot_interfaces/msg/turtle.h
[1.931s] -- Up-to-date symlink: /home/alper/ros2_ws/install/my_robot_interfaces/include/my_robot_interfaces/msg/turtle_array.h
[1.932s] -- Up-to-date symlink: /home/alper/ros2_ws/install/my_robot_interfaces/include/my_robot_interfaces/srv/catch_turtle.h
[1.932s] -- Up-to-date symlink: /home/alper/ros2_ws/install/my_robot_interfaces/include/my_robot_interfaces/srv/compute_rectangle_area.h
[1.932s] -- Up-to-date symlink: /home/alper/ros2_ws/install/my_robot_interfaces/include/my_robot_interfaces/srv/detail/catch_turtle__functions.h
[1.933s] -- Up-to-date symlink: /home/alper/ros2_ws/install/my_robot_interfaces/include/my_robot_interfaces/srv/detail/catch_turtle__struct.h
[1.933s] -- Up-to-date symlink: /home/alper/ros2_ws/install/my_robot_interfaces/include/my_robot_interfaces/srv/detail/catch_turtle__type_support.h
[1.933s] -- Up-to-date symlink: /home/alper/ros2_ws/install/my_robot_interfaces/include/my_robot_interfaces/srv/detail/compute_rectangle_area__functions.h
[1.933s] -- Up-to-date symlink: /home/alper/ros2_ws/install/my_robot_interfaces/include/my_robot_interfaces/srv/detail/compute_rectangle_area__struct.h
[1.934s] -- Up-to-date symlink: /home/alper/ros2_ws/install/my_robot_interfaces/include/my_robot_interfaces/srv/detail/compute_rectangle_area__type_support.h
[1.934s] -- Up-to-date symlink: /home/alper/ros2_ws/install/my_robot_interfaces/include/my_robot_interfaces/srv/detail/set_led__functions.h
[1.934s] -- Up-to-date symlink: /home/alper/ros2_ws/install/my_robot_interfaces/include/my_robot_interfaces/srv/detail/set_led__struct.h
[1.935s] -- Up-to-date symlink: /home/alper/ros2_ws/install/my_robot_interfaces/include/my_robot_interfaces/srv/detail/set_led__type_support.h
[1.935s] -- Up-to-date symlink: /home/alper/ros2_ws/install/my_robot_interfaces/include/my_robot_interfaces/srv/set_led.h
[1.936s] -- Up-to-date symlink: /home/alper/ros2_ws/install/my_robot_interfaces/share/my_robot_interfaces/environment/library_path.sh
[1.936s] -- Up-to-date symlink: /home/alper/ros2_ws/install/my_robot_interfaces/share/my_robot_interfaces/environment/library_path.dsv
[1.937s] -- Up-to-date symlink: /home/alper/ros2_ws/install/my_robot_interfaces/include/my_robot_interfaces/msg/detail/hardware_status__rosidl_typesupport_fastrtps_c.h
[1.937s] -- Up-to-date symlink: /home/alper/ros2_ws/install/my_robot_interfaces/include/my_robot_interfaces/msg/detail/led_states__rosidl_typesupport_fastrtps_c.h
[1.937s] -- Up-to-date symlink: /home/alper/ros2_ws/install/my_robot_interfaces/include/my_robot_interfaces/msg/detail/turtle__rosidl_typesupport_fastrtps_c.h
[1.938s] -- Up-to-date symlink: /home/alper/ros2_ws/install/my_robot_interfaces/include/my_robot_interfaces/msg/detail/turtle_array__rosidl_typesupport_fastrtps_c.h
[1.938s] -- Up-to-date symlink: /home/alper/ros2_ws/install/my_robot_interfaces/include/my_robot_interfaces/msg/rosidl_typesupport_fastrtps_c__visibility_control.h
[1.938s] -- Up-to-date symlink: /home/alper/ros2_ws/install/my_robot_interfaces/include/my_robot_interfaces/srv/detail/catch_turtle__rosidl_typesupport_fastrtps_c.h
[1.939s] -- Up-to-date symlink: /home/alper/ros2_ws/install/my_robot_interfaces/include/my_robot_interfaces/srv/detail/compute_rectangle_area__rosidl_typesupport_fastrtps_c.h
[1.939s] -- Up-to-date symlink: /home/alper/ros2_ws/install/my_robot_interfaces/include/my_robot_interfaces/srv/detail/set_led__rosidl_typesupport_fastrtps_c.h
[1.940s] -- Up-to-date symlink: /home/alper/ros2_ws/install/my_robot_interfaces/lib/libmy_robot_interfaces__rosidl_typesupport_fastrtps_c.so
[1.941s] -- Up-to-date symlink: /home/alper/ros2_ws/install/my_robot_interfaces/include/my_robot_interfaces/msg/detail/hardware_status__rosidl_typesupport_fastrtps_cpp.hpp
[1.942s] -- Up-to-date symlink: /home/alper/ros2_ws/install/my_robot_interfaces/include/my_robot_interfaces/msg/detail/led_states__rosidl_typesupport_fastrtps_cpp.hpp
[1.942s] -- Up-to-date symlink: /home/alper/ros2_ws/install/my_robot_interfaces/include/my_robot_interfaces/msg/detail/turtle__rosidl_typesupport_fastrtps_cpp.hpp
[1.942s] -- Up-to-date symlink: /home/alper/ros2_ws/install/my_robot_interfaces/include/my_robot_interfaces/msg/detail/turtle_array__rosidl_typesupport_fastrtps_cpp.hpp
[1.943s] -- Up-to-date symlink: /home/alper/ros2_ws/install/my_robot_interfaces/include/my_robot_interfaces/msg/rosidl_typesupport_fastrtps_cpp__visibility_control.h
[1.943s] -- Up-to-date symlink: /home/alper/ros2_ws/install/my_robot_interfaces/include/my_robot_interfaces/srv/detail/catch_turtle__rosidl_typesupport_fastrtps_cpp.hpp
[1.943s] -- Up-to-date symlink: /home/alper/ros2_ws/install/my_robot_interfaces/include/my_robot_interfaces/srv/detail/compute_rectangle_area__rosidl_typesupport_fastrtps_cpp.hpp
[1.944s] -- Up-to-date symlink: /home/alper/ros2_ws/install/my_robot_interfaces/include/my_robot_interfaces/srv/detail/set_led__rosidl_typesupport_fastrtps_cpp.hpp
[1.944s] -- Up-to-date symlink: /home/alper/ros2_ws/install/my_robot_interfaces/lib/libmy_robot_interfaces__rosidl_typesupport_fastrtps_cpp.so
[1.946s] -- Up-to-date symlink: /home/alper/ros2_ws/install/my_robot_interfaces/include/my_robot_interfaces/msg/detail/hardware_status__rosidl_typesupport_introspection_c.h
[1.946s] -- Up-to-date symlink: /home/alper/ros2_ws/install/my_robot_interfaces/include/my_robot_interfaces/msg/detail/led_states__rosidl_typesupport_introspection_c.h
[1.946s] -- Up-to-date symlink: /home/alper/ros2_ws/install/my_robot_interfaces/include/my_robot_interfaces/msg/detail/turtle__rosidl_typesupport_introspection_c.h
[1.946s] -- Up-to-date symlink: /home/alper/ros2_ws/install/my_robot_interfaces/include/my_robot_interfaces/msg/detail/turtle_array__rosidl_typesupport_introspection_c.h
[1.947s] -- Up-to-date symlink: /home/alper/ros2_ws/install/my_robot_interfaces/include/my_robot_interfaces/msg/rosidl_typesupport_introspection_c__visibility_control.h
[1.947s] -- Up-to-date symlink: /home/alper/ros2_ws/install/my_robot_interfaces/include/my_robot_interfaces/srv/detail/catch_turtle__rosidl_typesupport_introspection_c.h
[1.947s] -- Up-to-date symlink: /home/alper/ros2_ws/install/my_robot_interfaces/include/my_robot_interfaces/srv/detail/compute_rectangle_area__rosidl_typesupport_introspection_c.h
[1.947s] -- Up-to-date symlink: /home/alper/ros2_ws/install/my_robot_interfaces/include/my_robot_interfaces/srv/detail/set_led__rosidl_typesupport_introspection_c.h
[1.949s] -- Up-to-date symlink: /home/alper/ros2_ws/install/my_robot_interfaces/include/my_robot_interfaces/msg/detail/hardware_status__builder.hpp
[1.949s] -- Up-to-date symlink: /home/alper/ros2_ws/install/my_robot_interfaces/include/my_robot_interfaces/msg/detail/hardware_status__struct.hpp
[1.950s] -- Up-to-date symlink: /home/alper/ros2_ws/install/my_robot_interfaces/include/my_robot_interfaces/msg/detail/hardware_status__traits.hpp
[1.950s] -- Up-to-date symlink: /home/alper/ros2_ws/install/my_robot_interfaces/include/my_robot_interfaces/msg/detail/hardware_status__type_support.hpp
[1.950s] -- Up-to-date symlink: /home/alper/ros2_ws/install/my_robot_interfaces/include/my_robot_interfaces/msg/detail/led_states__builder.hpp
[1.951s] -- Up-to-date symlink: /home/alper/ros2_ws/install/my_robot_interfaces/include/my_robot_interfaces/msg/detail/led_states__struct.hpp
[1.951s] -- Up-to-date symlink: /home/alper/ros2_ws/install/my_robot_interfaces/include/my_robot_interfaces/msg/detail/led_states__traits.hpp
[1.951s] -- Up-to-date symlink: /home/alper/ros2_ws/install/my_robot_interfaces/include/my_robot_interfaces/msg/detail/led_states__type_support.hpp
[1.951s] -- Up-to-date symlink: /home/alper/ros2_ws/install/my_robot_interfaces/include/my_robot_interfaces/msg/detail/turtle__builder.hpp
[1.952s] -- Up-to-date symlink: /home/alper/ros2_ws/install/my_robot_interfaces/include/my_robot_interfaces/msg/detail/turtle__struct.hpp
[1.952s] -- Up-to-date symlink: /home/alper/ros2_ws/install/my_robot_interfaces/include/my_robot_interfaces/msg/detail/turtle__traits.hpp
[1.952s] -- Up-to-date symlink: /home/alper/ros2_ws/install/my_robot_interfaces/include/my_robot_interfaces/msg/detail/turtle__type_support.hpp
[1.952s] -- Up-to-date symlink: /home/alper/ros2_ws/install/my_robot_interfaces/include/my_robot_interfaces/msg/detail/turtle_array__builder.hpp
[1.952s] -- Up-to-date symlink: /home/alper/ros2_ws/install/my_robot_interfaces/include/my_robot_interfaces/msg/detail/turtle_array__struct.hpp
[1.953s] -- Up-to-date symlink: /home/alper/ros2_ws/install/my_robot_interfaces/include/my_robot_interfaces/msg/detail/turtle_array__traits.hpp
[1.953s] -- Up-to-date symlink: /home/alper/ros2_ws/install/my_robot_interfaces/include/my_robot_interfaces/msg/detail/turtle_array__type_support.hpp
[1.953s] -- Up-to-date symlink: /home/alper/ros2_ws/install/my_robot_interfaces/include/my_robot_interfaces/msg/hardware_status.hpp
[1.954s] -- Up-to-date symlink: /home/alper/ros2_ws/install/my_robot_interfaces/include/my_robot_interfaces/msg/led_states.hpp
[1.954s] -- Up-to-date symlink: /home/alper/ros2_ws/install/my_robot_interfaces/include/my_robot_interfaces/msg/rosidl_generator_cpp__visibility_control.hpp
[1.954s] -- Up-to-date symlink: /home/alper/ros2_ws/install/my_robot_interfaces/include/my_robot_interfaces/msg/turtle.hpp
[1.954s] -- Up-to-date symlink: /home/alper/ros2_ws/install/my_robot_interfaces/include/my_robot_interfaces/msg/turtle_array.hpp
[1.955s] -- Up-to-date symlink: /home/alper/ros2_ws/install/my_robot_interfaces/include/my_robot_interfaces/srv/catch_turtle.hpp
[1.955s] -- Up-to-date symlink: /home/alper/ros2_ws/install/my_robot_interfaces/include/my_robot_interfaces/srv/compute_rectangle_area.hpp
[1.955s] -- Up-to-date symlink: /home/alper/ros2_ws/install/my_robot_interfaces/include/my_robot_interfaces/srv/detail/catch_turtle__builder.hpp
[1.955s] -- Up-to-date symlink: /home/alper/ros2_ws/install/my_robot_interfaces/include/my_robot_interfaces/srv/detail/catch_turtle__struct.hpp
[1.956s] -- Up-to-date symlink: /home/alper/ros2_ws/install/my_robot_interfaces/include/my_robot_interfaces/srv/detail/catch_turtle__traits.hpp
[1.956s] -- Up-to-date symlink: /home/alper/ros2_ws/install/my_robot_interfaces/include/my_robot_interfaces/srv/detail/catch_turtle__type_support.hpp
[1.956s] -- Up-to-date symlink: /home/alper/ros2_ws/install/my_robot_interfaces/include/my_robot_interfaces/srv/detail/compute_rectangle_area__builder.hpp
[1.957s] -- Up-to-date symlink: /home/alper/ros2_ws/install/my_robot_interfaces/include/my_robot_interfaces/srv/detail/compute_rectangle_area__struct.hpp
[1.957s] -- Up-to-date symlink: /home/alper/ros2_ws/install/my_robot_interfaces/include/my_robot_interfaces/srv/detail/compute_rectangle_area__traits.hpp
[1.957s] -- Up-to-date symlink: /home/alper/ros2_ws/install/my_robot_interfaces/include/my_robot_interfaces/srv/detail/compute_rectangle_area__type_support.hpp
[1.958s] -- Up-to-date symlink: /home/alper/ros2_ws/install/my_robot_interfaces/include/my_robot_interfaces/srv/detail/set_led__builder.hpp
[1.958s] -- Up-to-date symlink: /home/alper/ros2_ws/install/my_robot_interfaces/include/my_robot_interfaces/srv/detail/set_led__struct.hpp
[1.958s] -- Up-to-date symlink: /home/alper/ros2_ws/install/my_robot_interfaces/include/my_robot_interfaces/srv/detail/set_led__traits.hpp
[1.959s] -- Up-to-date symlink: /home/alper/ros2_ws/install/my_robot_interfaces/include/my_robot_interfaces/srv/detail/set_led__type_support.hpp
[1.959s] -- Up-to-date symlink: /home/alper/ros2_ws/install/my_robot_interfaces/include/my_robot_interfaces/srv/set_led.hpp
[1.960s] -- Up-to-date symlink: /home/alper/ros2_ws/install/my_robot_interfaces/include/my_robot_interfaces/msg/detail/hardware_status__rosidl_typesupport_introspection_cpp.hpp
[1.961s] -- Up-to-date symlink: /home/alper/ros2_ws/install/my_robot_interfaces/include/my_robot_interfaces/msg/detail/led_states__rosidl_typesupport_introspection_cpp.hpp
[1.961s] -- Up-to-date symlink: /home/alper/ros2_ws/install/my_robot_interfaces/include/my_robot_interfaces/msg/detail/turtle__rosidl_typesupport_introspection_cpp.hpp
[1.961s] -- Up-to-date symlink: /home/alper/ros2_ws/install/my_robot_interfaces/include/my_robot_interfaces/msg/detail/turtle_array__rosidl_typesupport_introspection_cpp.hpp
[1.961s] -- Up-to-date symlink: /home/alper/ros2_ws/install/my_robot_interfaces/include/my_robot_interfaces/srv/detail/catch_turtle__rosidl_typesupport_introspection_cpp.hpp
[1.962s] -- Up-to-date symlink: /home/alper/ros2_ws/install/my_robot_interfaces/include/my_robot_interfaces/srv/detail/compute_rectangle_area__rosidl_typesupport_introspection_cpp.hpp
[1.962s] -- Up-to-date symlink: /home/alper/ros2_ws/install/my_robot_interfaces/include/my_robot_interfaces/srv/detail/set_led__rosidl_typesupport_introspection_cpp.hpp
[1.962s] -- Up-to-date symlink: /home/alper/ros2_ws/install/my_robot_interfaces/share/my_robot_interfaces/environment/pythonpath.sh
[1.962s] -- Up-to-date symlink: /home/alper/ros2_ws/install/my_robot_interfaces/share/my_robot_interfaces/environment/pythonpath.dsv
[1.963s] -- Up-to-date symlink: /home/alper/ros2_ws/install/my_robot_interfaces/lib/python3.8/site-packages/my_robot_interfaces/__init__.py
[1.963s] -- Up-to-date symlink: /home/alper/ros2_ws/install/my_robot_interfaces/lib/python3.8/site-packages/my_robot_interfaces/msg/__init__.py
[1.964s] -- Up-to-date symlink: /home/alper/ros2_ws/install/my_robot_interfaces/lib/python3.8/site-packages/my_robot_interfaces/msg/_hardware_status.py
[1.964s] -- Up-to-date symlink: /home/alper/ros2_ws/install/my_robot_interfaces/lib/python3.8/site-packages/my_robot_interfaces/msg/_led_states.py
[1.964s] -- Up-to-date symlink: /home/alper/ros2_ws/install/my_robot_interfaces/lib/python3.8/site-packages/my_robot_interfaces/msg/_turtle.py
[1.964s] -- Up-to-date symlink: /home/alper/ros2_ws/install/my_robot_interfaces/lib/python3.8/site-packages/my_robot_interfaces/msg/_turtle_array.py
[1.965s] -- Up-to-date symlink: /home/alper/ros2_ws/install/my_robot_interfaces/lib/python3.8/site-packages/my_robot_interfaces/srv/__init__.py
[1.965s] -- Up-to-date symlink: /home/alper/ros2_ws/install/my_robot_interfaces/lib/python3.8/site-packages/my_robot_interfaces/srv/_catch_turtle.py
[1.965s] -- Up-to-date symlink: /home/alper/ros2_ws/install/my_robot_interfaces/lib/python3.8/site-packages/my_robot_interfaces/srv/_compute_rectangle_area.py
[1.966s] -- Up-to-date symlink: /home/alper/ros2_ws/install/my_robot_interfaces/lib/python3.8/site-packages/my_robot_interfaces/srv/_set_led.py
[1.966s] -- Up-to-date symlink: /home/alper/ros2_ws/install/my_robot_interfaces/lib/python3.8/site-packages/my_robot_interfaces/my_robot_interfaces_s__rosidl_typesupport_fastrtps_c.cpython-38-x86_64-linux-gnu.so
[1.967s] -- Up-to-date symlink: /home/alper/ros2_ws/install/my_robot_interfaces/lib/python3.8/site-packages/my_robot_interfaces/my_robot_interfaces_s__rosidl_typesupport_introspection_c.cpython-38-x86_64-linux-gnu.so
[1.967s] -- Up-to-date symlink: /home/alper/ros2_ws/install/my_robot_interfaces/lib/python3.8/site-packages/my_robot_interfaces/my_robot_interfaces_s__rosidl_typesupport_c.cpython-38-x86_64-linux-gnu.so
[1.968s] -- Up-to-date symlink: /home/alper/ros2_ws/install/my_robot_interfaces/lib/libmy_robot_interfaces__python.so
[1.968s] -- Up-to-date symlink: /home/alper/ros2_ws/install/my_robot_interfaces/share/my_robot_interfaces/msg/HardwareStatus.idl
[1.969s] -- Up-to-date symlink: /home/alper/ros2_ws/install/my_robot_interfaces/share/my_robot_interfaces/msg/LedStates.idl
[1.969s] -- Up-to-date symlink: /home/alper/ros2_ws/install/my_robot_interfaces/share/my_robot_interfaces/msg/Turtle.idl
[1.969s] -- Up-to-date symlink: /home/alper/ros2_ws/install/my_robot_interfaces/share/my_robot_interfaces/msg/TurtleArray.idl
[1.970s] -- Up-to-date symlink: /home/alper/ros2_ws/install/my_robot_interfaces/share/my_robot_interfaces/srv/ComputeRectangleArea.idl
[1.970s] -- Up-to-date symlink: /home/alper/ros2_ws/install/my_robot_interfaces/share/my_robot_interfaces/srv/SetLed.idl
[1.971s] -- Up-to-date symlink: /home/alper/ros2_ws/install/my_robot_interfaces/share/my_robot_interfaces/srv/CatchTurtle.idl
[1.971s] -- Up-to-date symlink: /home/alper/ros2_ws/install/my_robot_interfaces/share/my_robot_interfaces/msg/HardwareStatus.msg
[1.971s] -- Up-to-date symlink: /home/alper/ros2_ws/install/my_robot_interfaces/share/my_robot_interfaces/msg/LedStates.msg
[1.972s] -- Up-to-date symlink: /home/alper/ros2_ws/install/my_robot_interfaces/share/my_robot_interfaces/msg/Turtle.msg
[1.972s] -- Up-to-date symlink: /home/alper/ros2_ws/install/my_robot_interfaces/share/my_robot_interfaces/msg/TurtleArray.msg
[1.972s] -- Up-to-date symlink: /home/alper/ros2_ws/install/my_robot_interfaces/share/my_robot_interfaces/srv/ComputeRectangleArea.srv
[1.973s] -- Up-to-date symlink: /home/alper/ros2_ws/install/my_robot_interfaces/share/my_robot_interfaces/srv/ComputeRectangleArea_Request.msg
[1.973s] -- Up-to-date symlink: /home/alper/ros2_ws/install/my_robot_interfaces/share/my_robot_interfaces/srv/ComputeRectangleArea_Response.msg
[1.973s] -- Up-to-date symlink: /home/alper/ros2_ws/install/my_robot_interfaces/share/my_robot_interfaces/srv/SetLed.srv
[1.974s] -- Up-to-date symlink: /home/alper/ros2_ws/install/my_robot_interfaces/share/my_robot_interfaces/srv/SetLed_Request.msg
[1.974s] -- Up-to-date symlink: /home/alper/ros2_ws/install/my_robot_interfaces/share/my_robot_interfaces/srv/SetLed_Response.msg
[1.975s] -- Up-to-date symlink: /home/alper/ros2_ws/install/my_robot_interfaces/share/my_robot_interfaces/srv/CatchTurtle.srv
[1.975s] -- Up-to-date symlink: /home/alper/ros2_ws/install/my_robot_interfaces/share/my_robot_interfaces/srv/CatchTurtle_Request.msg
[1.975s] -- Up-to-date symlink: /home/alper/ros2_ws/install/my_robot_interfaces/share/my_robot_interfaces/srv/CatchTurtle_Response.msg
[1.976s] -- Up-to-date symlink: /home/alper/ros2_ws/install/my_robot_interfaces/share/ament_index/resource_index/package_run_dependencies/my_robot_interfaces
[1.976s] -- Up-to-date symlink: /home/alper/ros2_ws/install/my_robot_interfaces/share/ament_index/resource_index/parent_prefix_path/my_robot_interfaces
[1.977s] -- Up-to-date symlink: /home/alper/ros2_ws/install/my_robot_interfaces/share/my_robot_interfaces/environment/ament_prefix_path.sh
[1.977s] -- Up-to-date symlink: /home/alper/ros2_ws/install/my_robot_interfaces/share/my_robot_interfaces/environment/ament_prefix_path.dsv
[1.978s] -- Up-to-date symlink: /home/alper/ros2_ws/install/my_robot_interfaces/share/my_robot_interfaces/environment/path.sh
[1.978s] -- Up-to-date symlink: /home/alper/ros2_ws/install/my_robot_interfaces/share/my_robot_interfaces/environment/path.dsv
[1.978s] -- Up-to-date symlink: /home/alper/ros2_ws/install/my_robot_interfaces/share/my_robot_interfaces/local_setup.bash
[1.979s] -- Up-to-date symlink: /home/alper/ros2_ws/install/my_robot_interfaces/share/my_robot_interfaces/local_setup.sh
[1.979s] -- Up-to-date symlink: /home/alper/ros2_ws/install/my_robot_interfaces/share/my_robot_interfaces/local_setup.zsh
[1.979s] -- Up-to-date symlink: /home/alper/ros2_ws/install/my_robot_interfaces/share/my_robot_interfaces/local_setup.dsv
[1.980s] -- Symlinking: /home/alper/ros2_ws/install/my_robot_interfaces/share/my_robot_interfaces/package.dsv
[1.986s] -- Up-to-date symlink: /home/alper/ros2_ws/install/my_robot_interfaces/share/ament_index/resource_index/packages/my_robot_interfaces
[1.986s] -- Up-to-date symlink: /home/alper/ros2_ws/install/my_robot_interfaces/share/my_robot_interfaces/cmake/rosidl_cmake-extras.cmake
[1.987s] -- Up-to-date symlink: /home/alper/ros2_ws/install/my_robot_interfaces/share/my_robot_interfaces/cmake/ament_cmake_export_dependencies-extras.cmake
[1.987s] -- Up-to-date symlink: /home/alper/ros2_ws/install/my_robot_interfaces/share/my_robot_interfaces/cmake/ament_cmake_export_libraries-extras.cmake
[1.988s] -- Up-to-date symlink: /home/alper/ros2_ws/install/my_robot_interfaces/share/my_robot_interfaces/cmake/ament_cmake_export_targets-extras.cmake
[1.988s] -- Up-to-date symlink: /home/alper/ros2_ws/install/my_robot_interfaces/share/my_robot_interfaces/cmake/ament_cmake_export_include_directories-extras.cmake
[1.988s] -- Up-to-date symlink: /home/alper/ros2_ws/install/my_robot_interfaces/share/my_robot_interfaces/cmake/rosidl_cmake_export_typesupport_libraries-extras.cmake
[1.989s] -- Up-to-date symlink: /home/alper/ros2_ws/install/my_robot_interfaces/share/my_robot_interfaces/cmake/rosidl_cmake_export_typesupport_targets-extras.cmake
[1.989s] -- Up-to-date symlink: /home/alper/ros2_ws/install/my_robot_interfaces/share/my_robot_interfaces/cmake/my_robot_interfacesConfig.cmake
[1.989s] -- Up-to-date symlink: /home/alper/ros2_ws/install/my_robot_interfaces/share/my_robot_interfaces/cmake/my_robot_interfacesConfig-version.cmake
[1.990s] -- Up-to-date symlink: /home/alper/ros2_ws/install/my_robot_interfaces/share/my_robot_interfaces/package.xml
[1.990s] -- Up-to-date: /home/alper/ros2_ws/install/my_robot_interfaces/lib/libmy_robot_interfaces__rosidl_generator_c.so
[1.991s] -- Up-to-date: /home/alper/ros2_ws/install/my_robot_interfaces/lib/libmy_robot_interfaces__rosidl_typesupport_introspection_c.so
[1.991s] -- Up-to-date: /home/alper/ros2_ws/install/my_robot_interfaces/lib/libmy_robot_interfaces__rosidl_typesupport_c.so
[1.992s] -- Up-to-date: /home/alper/ros2_ws/install/my_robot_interfaces/lib/libmy_robot_interfaces__rosidl_typesupport_introspection_cpp.so
[1.992s] -- Up-to-date: /home/alper/ros2_ws/install/my_robot_interfaces/lib/libmy_robot_interfaces__rosidl_typesupport_cpp.so
[2.055s] -- Up-to-date: /home/alper/ros2_ws/install/my_robot_interfaces/share/my_robot_interfaces/cmake/my_robot_interfaces__rosidl_generator_cExport.cmake
[2.055s] -- Up-to-date: /home/alper/ros2_ws/install/my_robot_interfaces/share/my_robot_interfaces/cmake/my_robot_interfaces__rosidl_generator_cExport-noconfig.cmake
[2.056s] -- Up-to-date: /home/alper/ros2_ws/install/my_robot_interfaces/share/my_robot_interfaces/cmake/my_robot_interfaces__rosidl_typesupport_introspection_cExport.cmake
[2.056s] -- Up-to-date: /home/alper/ros2_ws/install/my_robot_interfaces/share/my_robot_interfaces/cmake/my_robot_interfaces__rosidl_typesupport_introspection_cExport-noconfig.cmake
[2.056s] -- Up-to-date: /home/alper/ros2_ws/install/my_robot_interfaces/share/my_robot_interfaces/cmake/my_robot_interfaces__rosidl_typesupport_cExport.cmake
[2.056s] -- Up-to-date: /home/alper/ros2_ws/install/my_robot_interfaces/share/my_robot_interfaces/cmake/my_robot_interfaces__rosidl_typesupport_cExport-noconfig.cmake
[2.056s] -- Up-to-date: /home/alper/ros2_ws/install/my_robot_interfaces/share/my_robot_interfaces/cmake/my_robot_interfaces__rosidl_generator_cppExport.cmake
[2.056s] -- Up-to-date: /home/alper/ros2_ws/install/my_robot_interfaces/share/my_robot_interfaces/cmake/my_robot_interfaces__rosidl_typesupport_introspection_cppExport.cmake
[2.057s] -- Up-to-date: /home/alper/ros2_ws/install/my_robot_interfaces/share/my_robot_interfaces/cmake/my_robot_interfaces__rosidl_typesupport_introspection_cppExport-noconfig.cmake
[2.057s] -- Up-to-date: /home/alper/ros2_ws/install/my_robot_interfaces/share/my_robot_interfaces/cmake/my_robot_interfaces__rosidl_typesupport_cppExport.cmake
[2.057s] -- Up-to-date: /home/alper/ros2_ws/install/my_robot_interfaces/share/my_robot_interfaces/cmake/my_robot_interfaces__rosidl_typesupport_cppExport-noconfig.cmake
[2.060s] Invoked command in '/home/alper/ros2_ws/build/my_robot_interfaces' returned '0': CMAKE_PREFIX_PATH=${CMAKE_PREFIX_PATH}:/home/alper/ros2_ws/install/turtlesim_catch_them_all:/home/alper/ros2_ws/install/my_py_pkg:/opt/ros/foxy /usr/bin/cmake --install /home/alper/ros2_ws/build/my_robot_interfaces
