[5.386s] Invoking command in '/home/alper/ros2_ws/build/my_py_pkg': PYTHONPATH=/home/alper/ros2_ws/build/my_py_pkg/prefix_override:/home/alper/ros2_ws/install/my_py_pkg/lib/python3.8/site-packages:${PYTHONPATH} /usr/bin/python3 setup.py develop --editable --build-directory /home/alper/ros2_ws/build/my_py_pkg/build --no-deps install_data
[5.945s] running develop
[6.364s] running egg_info
[6.365s] writing my_py_pkg.egg-info/PKG-INFO
[6.365s] writing dependency_links to my_py_pkg.egg-info/dependency_links.txt
[6.366s] writing entry points to my_py_pkg.egg-info/entry_points.txt
[6.366s] writing requirements to my_py_pkg.egg-info/requires.txt
[6.366s] writing top-level names to my_py_pkg.egg-info/top_level.txt
[6.443s] reading manifest file 'my_py_pkg.egg-info/SOURCES.txt'
[6.445s] writing manifest file 'my_py_pkg.egg-info/SOURCES.txt'
[6.507s] running build_ext
[6.508s] Creating /home/alper/ros2_ws/install/my_py_pkg/lib/python3.8/site-packages/my-py-pkg.egg-link (link to .)
[6.509s] Installing add_two_ints_server script to /home/alper/ros2_ws/install/my_py_pkg/lib/my_py_pkg
[6.509s] Installing number_counter script to /home/alper/ros2_ws/install/my_py_pkg/lib/my_py_pkg
[6.509s] Installing number_publisher script to /home/alper/ros2_ws/install/my_py_pkg/lib/my_py_pkg
[6.509s] Installing py_node script to /home/alper/ros2_ws/install/my_py_pkg/lib/my_py_pkg
[6.510s] Installing robot_news_station script to /home/alper/ros2_ws/install/my_py_pkg/lib/my_py_pkg
[6.510s] Installing smartphone script to /home/alper/ros2_ws/install/my_py_pkg/lib/my_py_pkg
[6.510s] 
[6.510s] Installed /home/alper/ros2_ws/build/my_py_pkg
[6.511s] running install_data
[6.577s] Invoked command in '/home/alper/ros2_ws/build/my_py_pkg' returned '0': PYTHONPATH=/home/alper/ros2_ws/build/my_py_pkg/prefix_override:/home/alper/ros2_ws/install/my_py_pkg/lib/python3.8/site-packages:${PYTHONPATH} /usr/bin/python3 setup.py develop --editable --build-directory /home/alper/ros2_ws/build/my_py_pkg/build --no-deps install_data
