[1.398s] Invoking command in '/home/alper/ros2_ws/build/my_robot_bringup': CMAKE_PREFIX_PATH=${CMAKE_PREFIX_PATH}:/home/alper/ros2_ws/install/my_py_pkg:/opt/ros/foxy /usr/bin/cmake --build /home/alper/ros2_ws/build/my_robot_bringup -- -j8 -l8
[1.421s] -- Found ament_cmake: 0.9.12 (/opt/ros/foxy/share/ament_cmake/cmake)
[1.465s] -- Using PYTHON_EXECUTABLE: /usr/bin/python3
[1.885s] -- Override CMake install command with custom implementation using symlinks instead of copying resources
[1.992s] -- Configuring done
[1.996s] -- Generating done
[1.997s] -- Build files have been written to: /home/alper/ros2_ws/build/my_robot_bringup
[2.010s] Invoked command in '/home/alper/ros2_ws/build/my_robot_bringup' returned '0': CMAKE_PREFIX_PATH=${CMAKE_PREFIX_PATH}:/home/alper/ros2_ws/install/my_py_pkg:/opt/ros/foxy /usr/bin/cmake --build /home/alper/ros2_ws/build/my_robot_bringup -- -j8 -l8
[2.041s] Invoking command in '/home/alper/ros2_ws/build/my_robot_bringup': CMAKE_PREFIX_PATH=${CMAKE_PREFIX_PATH}:/home/alper/ros2_ws/install/my_py_pkg:/opt/ros/foxy /usr/bin/cmake --install /home/alper/ros2_ws/build/my_robot_bringup
[2.046s] -- Install configuration: ""
[2.046s] -- Execute custom install script
[2.047s] -- Up-to-date symlink: /home/alper/ros2_ws/install/my_robot_bringup/share/my_robot_bringup/launch/number_app.launch.py
[2.047s] -- Symlinking: /home/alper/ros2_ws/install/my_robot_bringup/share/my_robot_bringup/launch/robot_news_station.launch.py
[2.052s] -- Up-to-date symlink: /home/alper/ros2_ws/install/my_robot_bringup/share/ament_index/resource_index/package_run_dependencies/my_robot_bringup
[2.052s] -- Up-to-date symlink: /home/alper/ros2_ws/install/my_robot_bringup/share/ament_index/resource_index/parent_prefix_path/my_robot_bringup
[2.052s] -- Up-to-date symlink: /home/alper/ros2_ws/install/my_robot_bringup/share/my_robot_bringup/environment/ament_prefix_path.sh
[2.053s] -- Up-to-date symlink: /home/alper/ros2_ws/install/my_robot_bringup/share/my_robot_bringup/environment/ament_prefix_path.dsv
[2.053s] -- Up-to-date symlink: /home/alper/ros2_ws/install/my_robot_bringup/share/my_robot_bringup/environment/path.sh
[2.053s] -- Up-to-date symlink: /home/alper/ros2_ws/install/my_robot_bringup/share/my_robot_bringup/environment/path.dsv
[2.054s] -- Up-to-date symlink: /home/alper/ros2_ws/install/my_robot_bringup/share/my_robot_bringup/local_setup.bash
[2.054s] -- Up-to-date symlink: /home/alper/ros2_ws/install/my_robot_bringup/share/my_robot_bringup/local_setup.sh
[2.054s] -- Up-to-date symlink: /home/alper/ros2_ws/install/my_robot_bringup/share/my_robot_bringup/local_setup.zsh
[2.054s] -- Up-to-date symlink: /home/alper/ros2_ws/install/my_robot_bringup/share/my_robot_bringup/local_setup.dsv
[2.055s] -- Symlinking: /home/alper/ros2_ws/install/my_robot_bringup/share/my_robot_bringup/package.dsv
[2.060s] -- Up-to-date symlink: /home/alper/ros2_ws/install/my_robot_bringup/share/ament_index/resource_index/packages/my_robot_bringup
[2.060s] -- Up-to-date symlink: /home/alper/ros2_ws/install/my_robot_bringup/share/my_robot_bringup/cmake/my_robot_bringupConfig.cmake
[2.060s] -- Up-to-date symlink: /home/alper/ros2_ws/install/my_robot_bringup/share/my_robot_bringup/cmake/my_robot_bringupConfig-version.cmake
[2.060s] -- Up-to-date symlink: /home/alper/ros2_ws/install/my_robot_bringup/share/my_robot_bringup/package.xml
[2.062s] Invoked command in '/home/alper/ros2_ws/build/my_robot_bringup' returned '0': CMAKE_PREFIX_PATH=${CMAKE_PREFIX_PATH}:/home/alper/ros2_ws/install/my_py_pkg:/opt/ros/foxy /usr/bin/cmake --install /home/alper/ros2_ws/build/my_robot_bringup
