[4.710s] Invoking command in '/home/alper/ros2_ws/build/turtlesim_catch_them_all': PYTHONPATH=/home/alper/ros2_ws/build/turtlesim_catch_them_all/prefix_override:/home/alper/ros2_ws/install/turtlesim_catch_them_all/lib/python3.8/site-packages:${PYTHONPATH} /usr/bin/python3 setup.py develop --editable --build-directory /home/alper/ros2_ws/build/turtlesim_catch_them_all/build --no-deps install_data
[5.226s] running develop
[5.611s] running egg_info
[5.611s] creating turtlesim_catch_them_all.egg-info
[5.612s] writing turtlesim_catch_them_all.egg-info/PKG-INFO
[5.612s] writing dependency_links to turtlesim_catch_them_all.egg-info/dependency_links.txt
[5.612s] writing entry points to turtlesim_catch_them_all.egg-info/entry_points.txt
[5.613s] writing requirements to turtlesim_catch_them_all.egg-info/requires.txt
[5.613s] writing top-level names to turtlesim_catch_them_all.egg-info/top_level.txt
[5.616s] writing manifest file 'turtlesim_catch_them_all.egg-info/SOURCES.txt'
[5.686s] reading manifest file 'turtlesim_catch_them_all.egg-info/SOURCES.txt'
[5.687s] writing manifest file 'turtlesim_catch_them_all.egg-info/SOURCES.txt'
[5.744s] running build_ext
[5.745s] Creating /home/alper/ros2_ws/install/turtlesim_catch_them_all/lib/python3.8/site-packages/site.py
[5.748s] Creating /home/alper/ros2_ws/install/turtlesim_catch_them_all/lib/python3.8/site-packages/turtlesim-catch-them-all.egg-link (link to .)
[5.749s] Installing turtlesim_controller script to /home/alper/ros2_ws/install/turtlesim_catch_them_all/lib/turtlesim_catch_them_all
[5.749s] 
[5.749s] Installed /home/alper/ros2_ws/build/turtlesim_catch_them_all
[5.749s] running install_data
[5.750s] creating /home/alper/ros2_ws/install/turtlesim_catch_them_all/share/ament_index
[5.750s] creating /home/alper/ros2_ws/install/turtlesim_catch_them_all/share/ament_index/resource_index
[5.750s] creating /home/alper/ros2_ws/install/turtlesim_catch_them_all/share/ament_index/resource_index/packages
[5.750s] copying resource/turtlesim_catch_them_all -> /home/alper/ros2_ws/install/turtlesim_catch_them_all/share/ament_index/resource_index/packages
[5.750s] copying package.xml -> /home/alper/ros2_ws/install/turtlesim_catch_them_all/share/turtlesim_catch_them_all
[5.803s] Invoked command in '/home/alper/ros2_ws/build/turtlesim_catch_them_all' returned '0': PYTHONPATH=/home/alper/ros2_ws/build/turtlesim_catch_them_all/prefix_override:/home/alper/ros2_ws/install/turtlesim_catch_them_all/lib/python3.8/site-packages:${PYTHONPATH} /usr/bin/python3 setup.py develop --editable --build-directory /home/alper/ros2_ws/build/turtlesim_catch_them_all/build --no-deps install_data
