[18.452s] DEBUG:colcon:Command line arguments: ['/usr/bin/colcon', 'build', '--packages-select', 'my__py_pkg', '--symlink-install']
[18.452s] DEBUG:colcon:Parsed command line arguments: Namespace(allow_overriding=[], ament_cmake_args=None, base_paths=['.'], build_base='build', catkin_cmake_args=None, catkin_skip_building_tests=False, cmake_args=None, cmake_clean_cache=False, cmake_clean_first=False, cmake_force_configure=False, cmake_target=None, cmake_target_skip_unavailable=False, continue_on_error=False, event_handlers=None, executor='parallel', ignore_user_meta=False, install_base='install', log_base=None, log_level=None, main=<bound method BuildVerb.main of <colcon_core.verb.build.BuildVerb object at 0x7fef53842d30>>, merge_install=False, metas=['./colcon.meta'], packages_above=None, packages_above_and_dependencies=None, packages_above_depth=None, packages_end=None, packages_ignore=None, packages_ignore_regex=None, packages_select=['my__py_pkg'], packages_select_build_failed=False, packages_select_by_dep=None, packages_select_regex=None, packages_select_test_failures=False, packages_skip=None, packages_skip_build_finished=False, packages_skip_by_dep=None, packages_skip_regex=None, packages_skip_test_passed=False, packages_skip_up_to=None, packages_start=None, packages_up_to=None, packages_up_to_regex=None, parallel_workers=8, paths=None, symlink_install=True, test_result_base=None, verb_extension=<colcon_core.verb.build.BuildVerb object at 0x7fef53842d30>, verb_name='build', verb_parser=<colcon_defaults.argument_parser.defaults.DefaultArgumentsDecorator object at 0x7fef53834d60>)
[19.164s] Level 1:colcon.colcon_core.package_discovery:discover_packages(colcon_meta) check parameters
[19.164s] Level 1:colcon.colcon_core.package_discovery:discover_packages(recursive) check parameters
[19.164s] Level 1:colcon.colcon_core.package_discovery:discover_packages(ignore) check parameters
[19.164s] Level 1:colcon.colcon_core.package_discovery:discover_packages(path) check parameters
[19.164s] Level 1:colcon.colcon_core.package_discovery:discover_packages(colcon_meta) discover
[19.164s] Level 1:colcon.colcon_core.package_discovery:discover_packages(recursive) discover
[19.164s] INFO:colcon.colcon_core.package_discovery:Crawling recursively for packages in '/home/alper/ros2_ws'
[19.164s] Level 1:colcon.colcon_core.package_identification:_identify(.) by extensions ['ignore', 'ignore_ament_install']
[19.164s] Level 1:colcon.colcon_core.package_identification:_identify(.) by extension 'ignore'
[19.165s] Level 1:colcon.colcon_core.package_identification:_identify(.) by extension 'ignore_ament_install'
[19.165s] Level 1:colcon.colcon_core.package_identification:_identify(.) by extensions ['colcon_pkg']
[19.165s] Level 1:colcon.colcon_core.package_identification:_identify(.) by extension 'colcon_pkg'
[19.165s] Level 1:colcon.colcon_core.package_identification:_identify(.) by extensions ['colcon_meta']
[19.165s] Level 1:colcon.colcon_core.package_identification:_identify(.) by extension 'colcon_meta'
[19.165s] Level 1:colcon.colcon_core.package_identification:_identify(.) by extensions ['ros']
[19.165s] Level 1:colcon.colcon_core.package_identification:_identify(.) by extension 'ros'
[19.183s] Level 1:colcon.colcon_core.package_identification:_identify(.) by extensions ['cmake', 'python']
[19.183s] Level 1:colcon.colcon_core.package_identification:_identify(.) by extension 'cmake'
[19.183s] Level 1:colcon.colcon_core.package_identification:_identify(.) by extension 'python'
[19.183s] Level 1:colcon.colcon_core.package_identification:_identify(.) by extensions ['python_setup_py']
[19.183s] Level 1:colcon.colcon_core.package_identification:_identify(.) by extension 'python_setup_py'
[19.184s] Level 1:colcon.colcon_core.package_identification:_identify(build) by extensions ['ignore', 'ignore_ament_install']
[19.184s] Level 1:colcon.colcon_core.package_identification:_identify(build) by extension 'ignore'
[19.184s] Level 1:colcon.colcon_core.package_identification:_identify(build) ignored
[19.184s] Level 1:colcon.colcon_core.package_identification:_identify(install) by extensions ['ignore', 'ignore_ament_install']
[19.184s] Level 1:colcon.colcon_core.package_identification:_identify(install) by extension 'ignore'
[19.184s] Level 1:colcon.colcon_core.package_identification:_identify(install) ignored
[19.184s] Level 1:colcon.colcon_core.package_identification:_identify(log) by extensions ['ignore', 'ignore_ament_install']
[19.185s] Level 1:colcon.colcon_core.package_identification:_identify(log) by extension 'ignore'
[19.185s] Level 1:colcon.colcon_core.package_identification:_identify(log) ignored
[19.185s] Level 1:colcon.colcon_core.package_identification:_identify(src) by extensions ['ignore', 'ignore_ament_install']
[19.185s] Level 1:colcon.colcon_core.package_identification:_identify(src) by extension 'ignore'
[19.185s] Level 1:colcon.colcon_core.package_identification:_identify(src) by extension 'ignore_ament_install'
[19.185s] Level 1:colcon.colcon_core.package_identification:_identify(src) by extensions ['colcon_pkg']
[19.185s] Level 1:colcon.colcon_core.package_identification:_identify(src) by extension 'colcon_pkg'
[19.185s] Level 1:colcon.colcon_core.package_identification:_identify(src) by extensions ['colcon_meta']
[19.185s] Level 1:colcon.colcon_core.package_identification:_identify(src) by extension 'colcon_meta'
[19.185s] Level 1:colcon.colcon_core.package_identification:_identify(src) by extensions ['ros']
[19.185s] Level 1:colcon.colcon_core.package_identification:_identify(src) by extension 'ros'
[19.186s] Level 1:colcon.colcon_core.package_identification:_identify(src) by extensions ['cmake', 'python']
[19.186s] Level 1:colcon.colcon_core.package_identification:_identify(src) by extension 'cmake'
[19.186s] Level 1:colcon.colcon_core.package_identification:_identify(src) by extension 'python'
[19.186s] Level 1:colcon.colcon_core.package_identification:_identify(src) by extensions ['python_setup_py']
[19.186s] Level 1:colcon.colcon_core.package_identification:_identify(src) by extension 'python_setup_py'
[19.186s] Level 1:colcon.colcon_core.package_identification:_identify(src/my_py_pkg) by extensions ['ignore', 'ignore_ament_install']
[19.186s] Level 1:colcon.colcon_core.package_identification:_identify(src/my_py_pkg) by extension 'ignore'
[19.186s] Level 1:colcon.colcon_core.package_identification:_identify(src/my_py_pkg) by extension 'ignore_ament_install'
[19.186s] Level 1:colcon.colcon_core.package_identification:_identify(src/my_py_pkg) by extensions ['colcon_pkg']
[19.186s] Level 1:colcon.colcon_core.package_identification:_identify(src/my_py_pkg) by extension 'colcon_pkg'
[19.186s] Level 1:colcon.colcon_core.package_identification:_identify(src/my_py_pkg) by extensions ['colcon_meta']
[19.186s] Level 1:colcon.colcon_core.package_identification:_identify(src/my_py_pkg) by extension 'colcon_meta'
[19.186s] Level 1:colcon.colcon_core.package_identification:_identify(src/my_py_pkg) by extensions ['ros']
[19.186s] Level 1:colcon.colcon_core.package_identification:_identify(src/my_py_pkg) by extension 'ros'
[19.191s] DEBUG:colcon.colcon_core.package_identification:Package 'src/my_py_pkg' with type 'ros.ament_python' and name 'my_py_pkg'
[19.191s] Level 1:colcon.colcon_core.package_discovery:discover_packages(recursive) using defaults
[19.191s] Level 1:colcon.colcon_core.package_discovery:discover_packages(ignore) discover
[19.192s] Level 1:colcon.colcon_core.package_discovery:discover_packages(ignore) using defaults
[19.192s] Level 1:colcon.colcon_core.package_discovery:discover_packages(path) discover
[19.192s] Level 1:colcon.colcon_core.package_discovery:discover_packages(path) using defaults
[19.520s] WARNING:colcon.colcon_core.package_selection:ignoring unknown package 'my__py_pkg' in --packages-select
[20.233s] INFO:colcon.colcon_core.package_selection:Skipping not selected package 'my_py_pkg' in 'src/my_py_pkg'
[20.908s] Level 1:colcon.colcon_core.package_discovery:discover_packages(prefix_path) check parameters
[20.908s] Level 1:colcon.colcon_core.package_discovery:discover_packages(prefix_path) discover
[21.634s] DEBUG:colcon.colcon_installed_package_information.package_discovery:Found 1 installed packages in /home/alper/ros2_ws/install
[22.034s] DEBUG:colcon.colcon_installed_package_information.package_discovery:Found 263 installed packages in /opt/ros/foxy
[22.037s] Level 1:colcon.colcon_core.package_discovery:discover_packages(prefix_path) using defaults
[22.825s] INFO:colcon.colcon_core.executor:Executing jobs using 'parallel' executor
[23.174s] DEBUG:colcon.colcon_parallel_executor.executor.parallel:run_until_complete
[23.174s] DEBUG:colcon.colcon_parallel_executor.executor.parallel:closing loop
[23.174s] DEBUG:colcon.colcon_parallel_executor.executor.parallel:loop closed
[23.174s] DEBUG:colcon.colcon_parallel_executor.executor.parallel:run_until_complete finished with '0'
[23.174s] DEBUG:colcon.colcon_core.event_reactor:joining thread
[23.521s] INFO:colcon.colcon_core.plugin_system:Skipping extension 'colcon_notification.desktop_notification.terminal_notifier': Not used on non-Darwin systems
[23.521s] INFO:colcon.colcon_core.plugin_system:Skipping extension 'colcon_notification.desktop_notification.win32': Not used on non-Windows systems
[23.521s] INFO:colcon.colcon_notification.desktop_notification:Sending desktop notification using 'notify2'
[23.539s] DEBUG:colcon.colcon_core.event_reactor:joined thread
[23.871s] INFO:colcon.colcon_core.plugin_system:Skipping extension 'colcon_core.shell.bat': Not used on non-Windows systems
[23.872s] INFO:colcon.colcon_core.shell:Creating prefix script '/home/alper/ros2_ws/install/local_setup.ps1'
[23.873s] INFO:colcon.colcon_core.shell:Creating prefix util module '/home/alper/ros2_ws/install/_local_setup_util_ps1.py'
[23.875s] INFO:colcon.colcon_core.shell:Creating prefix chain script '/home/alper/ros2_ws/install/setup.ps1'
[24.216s] INFO:colcon.colcon_core.shell:Creating prefix script '/home/alper/ros2_ws/install/local_setup.sh'
[24.217s] INFO:colcon.colcon_core.shell:Creating prefix util module '/home/alper/ros2_ws/install/_local_setup_util_sh.py'
[24.217s] INFO:colcon.colcon_core.shell:Creating prefix chain script '/home/alper/ros2_ws/install/setup.sh'
[24.550s] INFO:colcon.colcon_core.shell:Creating prefix script '/home/alper/ros2_ws/install/local_setup.bash'
[24.551s] INFO:colcon.colcon_core.shell:Creating prefix chain script '/home/alper/ros2_ws/install/setup.bash'
[24.886s] INFO:colcon.colcon_core.shell:Creating prefix script '/home/alper/ros2_ws/install/local_setup.zsh'
[24.886s] INFO:colcon.colcon_core.shell:Creating prefix chain script '/home/alper/ros2_ws/install/setup.zsh'
