[21.541s] DEBUG:colcon:Command line arguments: ['/usr/bin/colcon', 'build', '--packages-select', 'my_robot_intefaces']
[21.541s] DEBUG:colcon:Parsed command line arguments: Namespace(allow_overriding=[], ament_cmake_args=None, base_paths=['.'], build_base='build', catkin_cmake_args=None, catkin_skip_building_tests=False, cmake_args=None, cmake_clean_cache=False, cmake_clean_first=False, cmake_force_configure=False, cmake_target=None, cmake_target_skip_unavailable=False, continue_on_error=False, event_handlers=None, executor='parallel', ignore_user_meta=False, install_base='install', log_base=None, log_level=None, main=<bound method BuildVerb.main of <colcon_core.verb.build.BuildVerb object at 0x7f53e5330af0>>, merge_install=False, metas=['./colcon.meta'], packages_above=None, packages_above_and_dependencies=None, packages_above_depth=None, packages_end=None, packages_ignore=None, packages_ignore_regex=None, packages_select=['my_robot_intefaces'], packages_select_build_failed=False, packages_select_by_dep=None, packages_select_regex=None, packages_select_test_failures=False, packages_skip=None, packages_skip_build_finished=False, packages_skip_by_dep=None, packages_skip_regex=None, packages_skip_test_passed=False, packages_skip_up_to=None, packages_start=None, packages_up_to=None, packages_up_to_regex=None, parallel_workers=8, paths=None, symlink_install=False, test_result_base=None, verb_extension=<colcon_core.verb.build.BuildVerb object at 0x7f53e5330af0>, verb_name='build', verb_parser=<colcon_defaults.argument_parser.defaults.DefaultArgumentsDecorator object at 0x7f53e532acd0>)
[22.355s] Level 1:colcon.colcon_core.package_discovery:discover_packages(colcon_meta) check parameters
[22.355s] Level 1:colcon.colcon_core.package_discovery:discover_packages(recursive) check parameters
[22.355s] Level 1:colcon.colcon_core.package_discovery:discover_packages(ignore) check parameters
[22.355s] Level 1:colcon.colcon_core.package_discovery:discover_packages(path) check parameters
[22.355s] Level 1:colcon.colcon_core.package_discovery:discover_packages(colcon_meta) discover
[22.356s] Level 1:colcon.colcon_core.package_discovery:discover_packages(recursive) discover
[22.356s] INFO:colcon.colcon_core.package_discovery:Crawling recursively for packages in '/home/alper/ros2_ws'
[22.356s] Level 1:colcon.colcon_core.package_identification:_identify(.) by extensions ['ignore', 'ignore_ament_install']
[22.356s] Level 1:colcon.colcon_core.package_identification:_identify(.) by extension 'ignore'
[22.356s] Level 1:colcon.colcon_core.package_identification:_identify(.) by extension 'ignore_ament_install'
[22.356s] Level 1:colcon.colcon_core.package_identification:_identify(.) by extensions ['colcon_pkg']
[22.356s] Level 1:colcon.colcon_core.package_identification:_identify(.) by extension 'colcon_pkg'
[22.356s] Level 1:colcon.colcon_core.package_identification:_identify(.) by extensions ['colcon_meta']
[22.356s] Level 1:colcon.colcon_core.package_identification:_identify(.) by extension 'colcon_meta'
[22.356s] Level 1:colcon.colcon_core.package_identification:_identify(.) by extensions ['ros']
[22.356s] Level 1:colcon.colcon_core.package_identification:_identify(.) by extension 'ros'
[22.379s] Level 1:colcon.colcon_core.package_identification:_identify(.) by extensions ['cmake', 'python']
[22.379s] Level 1:colcon.colcon_core.package_identification:_identify(.) by extension 'cmake'
[22.379s] Level 1:colcon.colcon_core.package_identification:_identify(.) by extension 'python'
[22.379s] Level 1:colcon.colcon_core.package_identification:_identify(.) by extensions ['python_setup_py']
[22.379s] Level 1:colcon.colcon_core.package_identification:_identify(.) by extension 'python_setup_py'
[22.379s] Level 1:colcon.colcon_core.package_identification:_identify(build) by extensions ['ignore', 'ignore_ament_install']
[22.379s] Level 1:colcon.colcon_core.package_identification:_identify(build) by extension 'ignore'
[22.379s] Level 1:colcon.colcon_core.package_identification:_identify(build) ignored
[22.380s] Level 1:colcon.colcon_core.package_identification:_identify(install) by extensions ['ignore', 'ignore_ament_install']
[22.380s] Level 1:colcon.colcon_core.package_identification:_identify(install) by extension 'ignore'
[22.380s] Level 1:colcon.colcon_core.package_identification:_identify(install) ignored
[22.380s] Level 1:colcon.colcon_core.package_identification:_identify(log) by extensions ['ignore', 'ignore_ament_install']
[22.380s] Level 1:colcon.colcon_core.package_identification:_identify(log) by extension 'ignore'
[22.380s] Level 1:colcon.colcon_core.package_identification:_identify(log) ignored
[22.380s] Level 1:colcon.colcon_core.package_identification:_identify(src) by extensions ['ignore', 'ignore_ament_install']
[22.381s] Level 1:colcon.colcon_core.package_identification:_identify(src) by extension 'ignore'
[22.381s] Level 1:colcon.colcon_core.package_identification:_identify(src) by extension 'ignore_ament_install'
[22.381s] Level 1:colcon.colcon_core.package_identification:_identify(src) by extensions ['colcon_pkg']
[22.381s] Level 1:colcon.colcon_core.package_identification:_identify(src) by extension 'colcon_pkg'
[22.381s] Level 1:colcon.colcon_core.package_identification:_identify(src) by extensions ['colcon_meta']
[22.381s] Level 1:colcon.colcon_core.package_identification:_identify(src) by extension 'colcon_meta'
[22.381s] Level 1:colcon.colcon_core.package_identification:_identify(src) by extensions ['ros']
[22.381s] Level 1:colcon.colcon_core.package_identification:_identify(src) by extension 'ros'
[22.381s] Level 1:colcon.colcon_core.package_identification:_identify(src) by extensions ['cmake', 'python']
[22.381s] Level 1:colcon.colcon_core.package_identification:_identify(src) by extension 'cmake'
[22.381s] Level 1:colcon.colcon_core.package_identification:_identify(src) by extension 'python'
[22.381s] Level 1:colcon.colcon_core.package_identification:_identify(src) by extensions ['python_setup_py']
[22.381s] Level 1:colcon.colcon_core.package_identification:_identify(src) by extension 'python_setup_py'
[22.382s] Level 1:colcon.colcon_core.package_identification:_identify(src/my_py_pkg) by extensions ['ignore', 'ignore_ament_install']
[22.382s] Level 1:colcon.colcon_core.package_identification:_identify(src/my_py_pkg) by extension 'ignore'
[22.382s] Level 1:colcon.colcon_core.package_identification:_identify(src/my_py_pkg) by extension 'ignore_ament_install'
[22.382s] Level 1:colcon.colcon_core.package_identification:_identify(src/my_py_pkg) by extensions ['colcon_pkg']
[22.382s] Level 1:colcon.colcon_core.package_identification:_identify(src/my_py_pkg) by extension 'colcon_pkg'
[22.382s] Level 1:colcon.colcon_core.package_identification:_identify(src/my_py_pkg) by extensions ['colcon_meta']
[22.382s] Level 1:colcon.colcon_core.package_identification:_identify(src/my_py_pkg) by extension 'colcon_meta'
[22.382s] Level 1:colcon.colcon_core.package_identification:_identify(src/my_py_pkg) by extensions ['ros']
[22.382s] Level 1:colcon.colcon_core.package_identification:_identify(src/my_py_pkg) by extension 'ros'
[22.388s] DEBUG:colcon.colcon_core.package_identification:Package 'src/my_py_pkg' with type 'ros.ament_python' and name 'my_py_pkg'
[22.388s] Level 1:colcon.colcon_core.package_identification:_identify(src/my_robot_interfaces) by extensions ['ignore', 'ignore_ament_install']
[22.388s] Level 1:colcon.colcon_core.package_identification:_identify(src/my_robot_interfaces) by extension 'ignore'
[22.388s] Level 1:colcon.colcon_core.package_identification:_identify(src/my_robot_interfaces) by extension 'ignore_ament_install'
[22.389s] Level 1:colcon.colcon_core.package_identification:_identify(src/my_robot_interfaces) by extensions ['colcon_pkg']
[22.389s] Level 1:colcon.colcon_core.package_identification:_identify(src/my_robot_interfaces) by extension 'colcon_pkg'
[22.389s] Level 1:colcon.colcon_core.package_identification:_identify(src/my_robot_interfaces) by extensions ['colcon_meta']
[22.389s] Level 1:colcon.colcon_core.package_identification:_identify(src/my_robot_interfaces) by extension 'colcon_meta'
[22.389s] Level 1:colcon.colcon_core.package_identification:_identify(src/my_robot_interfaces) by extensions ['ros']
[22.389s] Level 1:colcon.colcon_core.package_identification:_identify(src/my_robot_interfaces) by extension 'ros'
[22.390s] DEBUG:colcon.colcon_core.package_identification:Package 'src/my_robot_interfaces' with type 'ros.ament_cmake' and name 'my_robot_interfaces'
[22.390s] Level 1:colcon.colcon_core.package_discovery:discover_packages(recursive) using defaults
[22.390s] Level 1:colcon.colcon_core.package_discovery:discover_packages(ignore) discover
[22.390s] Level 1:colcon.colcon_core.package_discovery:discover_packages(ignore) using defaults
[22.390s] Level 1:colcon.colcon_core.package_discovery:discover_packages(path) discover
[22.390s] Level 1:colcon.colcon_core.package_discovery:discover_packages(path) using defaults
[22.770s] WARNING:colcon.colcon_core.package_selection:ignoring unknown package 'my_robot_intefaces' in --packages-select
[23.555s] INFO:colcon.colcon_core.package_selection:Skipping not selected package 'my_robot_interfaces' in 'src/my_robot_interfaces'
[23.555s] INFO:colcon.colcon_core.package_selection:Skipping not selected package 'my_py_pkg' in 'src/my_py_pkg'
[24.312s] Level 1:colcon.colcon_core.package_discovery:discover_packages(prefix_path) check parameters
[24.312s] Level 1:colcon.colcon_core.package_discovery:discover_packages(prefix_path) discover
[25.080s] DEBUG:colcon.colcon_installed_package_information.package_discovery:Found 2 installed packages in /home/alper/ros2_ws/install
[25.460s] DEBUG:colcon.colcon_installed_package_information.package_discovery:Found 263 installed packages in /opt/ros/foxy
[25.463s] Level 1:colcon.colcon_core.package_discovery:discover_packages(prefix_path) using defaults
[26.339s] INFO:colcon.colcon_core.executor:Executing jobs using 'parallel' executor
[26.711s] DEBUG:colcon.colcon_parallel_executor.executor.parallel:run_until_complete
[26.712s] DEBUG:colcon.colcon_parallel_executor.executor.parallel:closing loop
[26.712s] DEBUG:colcon.colcon_parallel_executor.executor.parallel:loop closed
[26.712s] DEBUG:colcon.colcon_parallel_executor.executor.parallel:run_until_complete finished with '0'
[26.712s] DEBUG:colcon.colcon_core.event_reactor:joining thread
[27.098s] INFO:colcon.colcon_core.plugin_system:Skipping extension 'colcon_notification.desktop_notification.terminal_notifier': Not used on non-Darwin systems
[27.098s] INFO:colcon.colcon_core.plugin_system:Skipping extension 'colcon_notification.desktop_notification.win32': Not used on non-Windows systems
[27.098s] INFO:colcon.colcon_notification.desktop_notification:Sending desktop notification using 'notify2'
[27.114s] DEBUG:colcon.colcon_core.event_reactor:joined thread
[27.490s] INFO:colcon.colcon_core.plugin_system:Skipping extension 'colcon_core.shell.bat': Not used on non-Windows systems
[27.490s] INFO:colcon.colcon_core.shell:Creating prefix script '/home/alper/ros2_ws/install/local_setup.ps1'
[27.492s] INFO:colcon.colcon_core.shell:Creating prefix util module '/home/alper/ros2_ws/install/_local_setup_util_ps1.py'
[27.494s] INFO:colcon.colcon_core.shell:Creating prefix chain script '/home/alper/ros2_ws/install/setup.ps1'
[27.903s] INFO:colcon.colcon_core.shell:Creating prefix script '/home/alper/ros2_ws/install/local_setup.sh'
[27.904s] INFO:colcon.colcon_core.shell:Creating prefix util module '/home/alper/ros2_ws/install/_local_setup_util_sh.py'
[27.905s] INFO:colcon.colcon_core.shell:Creating prefix chain script '/home/alper/ros2_ws/install/setup.sh'
[28.289s] INFO:colcon.colcon_core.shell:Creating prefix script '/home/alper/ros2_ws/install/local_setup.bash'
[28.290s] INFO:colcon.colcon_core.shell:Creating prefix chain script '/home/alper/ros2_ws/install/setup.bash'
[28.673s] INFO:colcon.colcon_core.shell:Creating prefix script '/home/alper/ros2_ws/install/local_setup.zsh'
[28.674s] INFO:colcon.colcon_core.shell:Creating prefix chain script '/home/alper/ros2_ws/install/setup.zsh'
