[21.957s] DEBUG:colcon:Command line arguments: ['/usr/bin/colcon', 'build', '--packages-select', 'turtlesim_catch_them_all', '--symlink-install']
[21.957s] DEBUG:colcon:Parsed command line arguments: Namespace(allow_overriding=[], ament_cmake_args=None, base_paths=['.'], build_base='build', catkin_cmake_args=None, catkin_skip_building_tests=False, cmake_args=None, cmake_clean_cache=False, cmake_clean_first=False, cmake_force_configure=False, cmake_target=None, cmake_target_skip_unavailable=False, continue_on_error=False, event_handlers=None, executor='parallel', ignore_user_meta=False, install_base='install', log_base=None, log_level=None, main=<bound method BuildVerb.main of <colcon_core.verb.build.BuildVerb object at 0x7f52ffe70040>>, merge_install=False, metas=['./colcon.meta'], packages_above=None, packages_above_and_dependencies=None, packages_above_depth=None, packages_end=None, packages_ignore=None, packages_ignore_regex=None, packages_select=['turtlesim_catch_them_all'], packages_select_build_failed=False, packages_select_by_dep=None, packages_select_regex=None, packages_select_test_failures=False, packages_skip=None, packages_skip_build_finished=False, packages_skip_by_dep=None, packages_skip_regex=None, packages_skip_test_passed=False, packages_skip_up_to=None, packages_start=None, packages_up_to=None, packages_up_to_regex=None, parallel_workers=8, paths=None, symlink_install=True, test_result_base=None, verb_extension=<colcon_core.verb.build.BuildVerb object at 0x7f52ffe70040>, verb_name='build', verb_parser=<colcon_defaults.argument_parser.defaults.DefaultArgumentsDecorator object at 0x7f52ffe75ca0>)
[22.792s] Level 1:colcon.colcon_core.package_discovery:discover_packages(colcon_meta) check parameters
[22.792s] Level 1:colcon.colcon_core.package_discovery:discover_packages(recursive) check parameters
[22.792s] Level 1:colcon.colcon_core.package_discovery:discover_packages(ignore) check parameters
[22.792s] Level 1:colcon.colcon_core.package_discovery:discover_packages(path) check parameters
[22.792s] Level 1:colcon.colcon_core.package_discovery:discover_packages(colcon_meta) discover
[22.792s] Level 1:colcon.colcon_core.package_discovery:discover_packages(recursive) discover
[22.792s] INFO:colcon.colcon_core.package_discovery:Crawling recursively for packages in '/home/alper/ros2_ws'
[22.792s] Level 1:colcon.colcon_core.package_identification:_identify(.) by extensions ['ignore', 'ignore_ament_install']
[22.793s] Level 1:colcon.colcon_core.package_identification:_identify(.) by extension 'ignore'
[22.793s] Level 1:colcon.colcon_core.package_identification:_identify(.) by extension 'ignore_ament_install'
[22.793s] Level 1:colcon.colcon_core.package_identification:_identify(.) by extensions ['colcon_pkg']
[22.793s] Level 1:colcon.colcon_core.package_identification:_identify(.) by extension 'colcon_pkg'
[22.793s] Level 1:colcon.colcon_core.package_identification:_identify(.) by extensions ['colcon_meta']
[22.793s] Level 1:colcon.colcon_core.package_identification:_identify(.) by extension 'colcon_meta'
[22.793s] Level 1:colcon.colcon_core.package_identification:_identify(.) by extensions ['ros']
[22.793s] Level 1:colcon.colcon_core.package_identification:_identify(.) by extension 'ros'
[22.814s] Level 1:colcon.colcon_core.package_identification:_identify(.) by extensions ['cmake', 'python']
[22.815s] Level 1:colcon.colcon_core.package_identification:_identify(.) by extension 'cmake'
[22.815s] Level 1:colcon.colcon_core.package_identification:_identify(.) by extension 'python'
[22.815s] Level 1:colcon.colcon_core.package_identification:_identify(.) by extensions ['python_setup_py']
[22.815s] Level 1:colcon.colcon_core.package_identification:_identify(.) by extension 'python_setup_py'
[22.815s] Level 1:colcon.colcon_core.package_identification:_identify(build) by extensions ['ignore', 'ignore_ament_install']
[22.815s] Level 1:colcon.colcon_core.package_identification:_identify(build) by extension 'ignore'
[22.815s] Level 1:colcon.colcon_core.package_identification:_identify(build) ignored
[22.815s] Level 1:colcon.colcon_core.package_identification:_identify(install) by extensions ['ignore', 'ignore_ament_install']
[22.816s] Level 1:colcon.colcon_core.package_identification:_identify(install) by extension 'ignore'
[22.816s] Level 1:colcon.colcon_core.package_identification:_identify(install) ignored
[22.816s] Level 1:colcon.colcon_core.package_identification:_identify(log) by extensions ['ignore', 'ignore_ament_install']
[22.816s] Level 1:colcon.colcon_core.package_identification:_identify(log) by extension 'ignore'
[22.816s] Level 1:colcon.colcon_core.package_identification:_identify(log) ignored
[22.816s] Level 1:colcon.colcon_core.package_identification:_identify(src) by extensions ['ignore', 'ignore_ament_install']
[22.816s] Level 1:colcon.colcon_core.package_identification:_identify(src) by extension 'ignore'
[22.816s] Level 1:colcon.colcon_core.package_identification:_identify(src) by extension 'ignore_ament_install'
[22.816s] Level 1:colcon.colcon_core.package_identification:_identify(src) by extensions ['colcon_pkg']
[22.816s] Level 1:colcon.colcon_core.package_identification:_identify(src) by extension 'colcon_pkg'
[22.817s] Level 1:colcon.colcon_core.package_identification:_identify(src) by extensions ['colcon_meta']
[22.817s] Level 1:colcon.colcon_core.package_identification:_identify(src) by extension 'colcon_meta'
[22.817s] Level 1:colcon.colcon_core.package_identification:_identify(src) by extensions ['ros']
[22.817s] Level 1:colcon.colcon_core.package_identification:_identify(src) by extension 'ros'
[22.817s] Level 1:colcon.colcon_core.package_identification:_identify(src) by extensions ['cmake', 'python']
[22.817s] Level 1:colcon.colcon_core.package_identification:_identify(src) by extension 'cmake'
[22.817s] Level 1:colcon.colcon_core.package_identification:_identify(src) by extension 'python'
[22.817s] Level 1:colcon.colcon_core.package_identification:_identify(src) by extensions ['python_setup_py']
[22.817s] Level 1:colcon.colcon_core.package_identification:_identify(src) by extension 'python_setup_py'
[22.817s] Level 1:colcon.colcon_core.package_identification:_identify(src/my_py_pkg) by extensions ['ignore', 'ignore_ament_install']
[22.817s] Level 1:colcon.colcon_core.package_identification:_identify(src/my_py_pkg) by extension 'ignore'
[22.817s] Level 1:colcon.colcon_core.package_identification:_identify(src/my_py_pkg) by extension 'ignore_ament_install'
[22.818s] Level 1:colcon.colcon_core.package_identification:_identify(src/my_py_pkg) by extensions ['colcon_pkg']
[22.818s] Level 1:colcon.colcon_core.package_identification:_identify(src/my_py_pkg) by extension 'colcon_pkg'
[22.818s] Level 1:colcon.colcon_core.package_identification:_identify(src/my_py_pkg) by extensions ['colcon_meta']
[22.818s] Level 1:colcon.colcon_core.package_identification:_identify(src/my_py_pkg) by extension 'colcon_meta'
[22.818s] Level 1:colcon.colcon_core.package_identification:_identify(src/my_py_pkg) by extensions ['ros']
[22.818s] Level 1:colcon.colcon_core.package_identification:_identify(src/my_py_pkg) by extension 'ros'
[22.824s] DEBUG:colcon.colcon_core.package_identification:Package 'src/my_py_pkg' with type 'ros.ament_python' and name 'my_py_pkg'
[22.824s] Level 1:colcon.colcon_core.package_identification:_identify(src/my_robot_bringup) by extensions ['ignore', 'ignore_ament_install']
[22.824s] Level 1:colcon.colcon_core.package_identification:_identify(src/my_robot_bringup) by extension 'ignore'
[22.825s] Level 1:colcon.colcon_core.package_identification:_identify(src/my_robot_bringup) by extension 'ignore_ament_install'
[22.825s] Level 1:colcon.colcon_core.package_identification:_identify(src/my_robot_bringup) by extensions ['colcon_pkg']
[22.825s] Level 1:colcon.colcon_core.package_identification:_identify(src/my_robot_bringup) by extension 'colcon_pkg'
[22.825s] Level 1:colcon.colcon_core.package_identification:_identify(src/my_robot_bringup) by extensions ['colcon_meta']
[22.825s] Level 1:colcon.colcon_core.package_identification:_identify(src/my_robot_bringup) by extension 'colcon_meta'
[22.825s] Level 1:colcon.colcon_core.package_identification:_identify(src/my_robot_bringup) by extensions ['ros']
[22.825s] Level 1:colcon.colcon_core.package_identification:_identify(src/my_robot_bringup) by extension 'ros'
[22.826s] DEBUG:colcon.colcon_core.package_identification:Package 'src/my_robot_bringup' with type 'ros.ament_cmake' and name 'my_robot_bringup'
[22.827s] Level 1:colcon.colcon_core.package_identification:_identify(src/my_robot_interfaces) by extensions ['ignore', 'ignore_ament_install']
[22.827s] Level 1:colcon.colcon_core.package_identification:_identify(src/my_robot_interfaces) by extension 'ignore'
[22.827s] Level 1:colcon.colcon_core.package_identification:_identify(src/my_robot_interfaces) by extension 'ignore_ament_install'
[22.827s] Level 1:colcon.colcon_core.package_identification:_identify(src/my_robot_interfaces) by extensions ['colcon_pkg']
[22.827s] Level 1:colcon.colcon_core.package_identification:_identify(src/my_robot_interfaces) by extension 'colcon_pkg'
[22.827s] Level 1:colcon.colcon_core.package_identification:_identify(src/my_robot_interfaces) by extensions ['colcon_meta']
[22.827s] Level 1:colcon.colcon_core.package_identification:_identify(src/my_robot_interfaces) by extension 'colcon_meta'
[22.827s] Level 1:colcon.colcon_core.package_identification:_identify(src/my_robot_interfaces) by extensions ['ros']
[22.827s] Level 1:colcon.colcon_core.package_identification:_identify(src/my_robot_interfaces) by extension 'ros'
[22.828s] DEBUG:colcon.colcon_core.package_identification:Package 'src/my_robot_interfaces' with type 'ros.ament_cmake' and name 'my_robot_interfaces'
[22.829s] Level 1:colcon.colcon_core.package_identification:_identify(src/turtlesim_catch_them_all) by extensions ['ignore', 'ignore_ament_install']
[22.829s] Level 1:colcon.colcon_core.package_identification:_identify(src/turtlesim_catch_them_all) by extension 'ignore'
[22.829s] Level 1:colcon.colcon_core.package_identification:_identify(src/turtlesim_catch_them_all) by extension 'ignore_ament_install'
[22.829s] Level 1:colcon.colcon_core.package_identification:_identify(src/turtlesim_catch_them_all) by extensions ['colcon_pkg']
[22.829s] Level 1:colcon.colcon_core.package_identification:_identify(src/turtlesim_catch_them_all) by extension 'colcon_pkg'
[22.829s] Level 1:colcon.colcon_core.package_identification:_identify(src/turtlesim_catch_them_all) by extensions ['colcon_meta']
[22.829s] Level 1:colcon.colcon_core.package_identification:_identify(src/turtlesim_catch_them_all) by extension 'colcon_meta'
[22.829s] Level 1:colcon.colcon_core.package_identification:_identify(src/turtlesim_catch_them_all) by extensions ['ros']
[22.829s] Level 1:colcon.colcon_core.package_identification:_identify(src/turtlesim_catch_them_all) by extension 'ros'
[22.831s] DEBUG:colcon.colcon_core.package_identification:Package 'src/turtlesim_catch_them_all' with type 'ros.ament_python' and name 'turtlesim_catch_them_all'
[22.831s] Level 1:colcon.colcon_core.package_discovery:discover_packages(recursive) using defaults
[22.831s] Level 1:colcon.colcon_core.package_discovery:discover_packages(ignore) discover
[22.831s] Level 1:colcon.colcon_core.package_discovery:discover_packages(ignore) using defaults
[22.831s] Level 1:colcon.colcon_core.package_discovery:discover_packages(path) discover
[22.831s] Level 1:colcon.colcon_core.package_discovery:discover_packages(path) using defaults
[23.957s] INFO:colcon.colcon_core.package_selection:Skipping not selected package 'my_robot_interfaces' in 'src/my_robot_interfaces'
[23.957s] INFO:colcon.colcon_core.package_selection:Skipping not selected package 'my_py_pkg' in 'src/my_py_pkg'
[23.957s] INFO:colcon.colcon_core.package_selection:Skipping not selected package 'my_robot_bringup' in 'src/my_robot_bringup'
[24.690s] Level 1:colcon.colcon_core.package_discovery:discover_packages(prefix_path) check parameters
[24.690s] Level 1:colcon.colcon_core.package_discovery:discover_packages(prefix_path) discover
[25.444s] DEBUG:colcon.colcon_installed_package_information.package_discovery:Found 3 installed packages in /home/alper/ros2_ws/install
[25.874s] DEBUG:colcon.colcon_installed_package_information.package_discovery:Found 263 installed packages in /opt/ros/foxy
[25.877s] Level 1:colcon.colcon_core.package_discovery:discover_packages(prefix_path) using defaults
[26.769s] Level 5:colcon.colcon_core.verb:set package 'turtlesim_catch_them_all' build argument 'cmake_args' from command line to 'None'
[26.770s] Level 5:colcon.colcon_core.verb:set package 'turtlesim_catch_them_all' build argument 'cmake_target' from command line to 'None'
[26.770s] Level 5:colcon.colcon_core.verb:set package 'turtlesim_catch_them_all' build argument 'cmake_target_skip_unavailable' from command line to 'False'
[26.770s] Level 5:colcon.colcon_core.verb:set package 'turtlesim_catch_them_all' build argument 'cmake_clean_cache' from command line to 'False'
[26.770s] Level 5:colcon.colcon_core.verb:set package 'turtlesim_catch_them_all' build argument 'cmake_clean_first' from command line to 'False'
[26.770s] Level 5:colcon.colcon_core.verb:set package 'turtlesim_catch_them_all' build argument 'cmake_force_configure' from command line to 'False'
[26.770s] Level 5:colcon.colcon_core.verb:set package 'turtlesim_catch_them_all' build argument 'ament_cmake_args' from command line to 'None'
[26.770s] Level 5:colcon.colcon_core.verb:set package 'turtlesim_catch_them_all' build argument 'catkin_cmake_args' from command line to 'None'
[26.770s] Level 5:colcon.colcon_core.verb:set package 'turtlesim_catch_them_all' build argument 'catkin_skip_building_tests' from command line to 'False'
[26.770s] DEBUG:colcon.colcon_core.verb:Building package 'turtlesim_catch_them_all' with the following arguments: {'ament_cmake_args': None, 'build_base': '/home/alper/ros2_ws/build/turtlesim_catch_them_all', 'catkin_cmake_args': None, 'catkin_skip_building_tests': False, 'cmake_args': None, 'cmake_clean_cache': False, 'cmake_clean_first': False, 'cmake_force_configure': False, 'cmake_target': None, 'cmake_target_skip_unavailable': False, 'install_base': '/home/alper/ros2_ws/install/turtlesim_catch_them_all', 'merge_install': False, 'path': '/home/alper/ros2_ws/src/turtlesim_catch_them_all', 'symlink_install': True, 'test_result_base': None}
[27.110s] INFO:colcon.colcon_core.executor:Executing jobs using 'parallel' executor
[27.468s] DEBUG:colcon.colcon_parallel_executor.executor.parallel:run_until_complete
[27.468s] INFO:colcon.colcon_ros.task.ament_python.build:Building ROS package in '/home/alper/ros2_ws/src/turtlesim_catch_them_all' with build type 'ament_python'
[27.469s] Level 1:colcon.colcon_core.shell:create_environment_hook('turtlesim_catch_them_all', 'ament_prefix_path')
[27.823s] INFO:colcon.colcon_core.plugin_system:Skipping extension 'colcon_core.shell.bat': Not used on non-Windows systems
[27.823s] INFO:colcon.colcon_core.shell:Creating environment hook '/home/alper/ros2_ws/install/turtlesim_catch_them_all/share/turtlesim_catch_them_all/hook/ament_prefix_path.ps1'
[27.825s] INFO:colcon.colcon_core.shell:Creating environment descriptor '/home/alper/ros2_ws/install/turtlesim_catch_them_all/share/turtlesim_catch_them_all/hook/ament_prefix_path.dsv'
[27.826s] INFO:colcon.colcon_core.shell:Creating environment hook '/home/alper/ros2_ws/install/turtlesim_catch_them_all/share/turtlesim_catch_them_all/hook/ament_prefix_path.sh'
[28.181s] INFO:colcon.colcon_core.shell:Skip shell extension 'powershell' for command environment: Not usable outside of PowerShell
[28.181s] DEBUG:colcon.colcon_core.shell:Skip shell extension 'dsv' for command environment
[29.776s] INFO:colcon.colcon_core.task.python.build:Building Python package in '/home/alper/ros2_ws/src/turtlesim_catch_them_all'
[30.129s] INFO:colcon.colcon_core.shell:Skip shell extension 'powershell' for command environment: Not usable outside of PowerShell
[30.129s] DEBUG:colcon.colcon_core.shell:Skip shell extension 'dsv' for command environment
[32.179s] DEBUG:colcon.colcon_core.event_handler.log_command:Invoking command in '/home/alper/ros2_ws/build/turtlesim_catch_them_all': PYTHONPATH=/home/alper/ros2_ws/build/turtlesim_catch_them_all/prefix_override:/home/alper/ros2_ws/install/turtlesim_catch_them_all/lib/python3.8/site-packages:${PYTHONPATH} /usr/bin/python3 setup.py develop --editable --build-directory /home/alper/ros2_ws/build/turtlesim_catch_them_all/build --no-deps install_data
[33.271s] Level 1:colcon.colcon_core.shell:create_environment_hook('turtlesim_catch_them_all', 'pythonpath_develop')
[33.272s] DEBUG:colcon.colcon_core.event_handler.log_command:Invoked command in '/home/alper/ros2_ws/build/turtlesim_catch_them_all' returned '0': PYTHONPATH=/home/alper/ros2_ws/build/turtlesim_catch_them_all/prefix_override:/home/alper/ros2_ws/install/turtlesim_catch_them_all/lib/python3.8/site-packages:${PYTHONPATH} /usr/bin/python3 setup.py develop --editable --build-directory /home/alper/ros2_ws/build/turtlesim_catch_them_all/build --no-deps install_data
[33.643s] INFO:colcon.colcon_core.shell:Creating environment hook '/home/alper/ros2_ws/build/turtlesim_catch_them_all/share/turtlesim_catch_them_all/hook/pythonpath_develop.ps1'
[33.644s] INFO:colcon.colcon_core.shell:Creating environment descriptor '/home/alper/ros2_ws/build/turtlesim_catch_them_all/share/turtlesim_catch_them_all/hook/pythonpath_develop.dsv'
[33.644s] INFO:colcon.colcon_core.shell:Creating environment hook '/home/alper/ros2_ws/build/turtlesim_catch_them_all/share/turtlesim_catch_them_all/hook/pythonpath_develop.sh'
[34.004s] Level 1:colcon.colcon_core.environment:checking '/home/alper/ros2_ws/install/turtlesim_catch_them_all' for CMake module files
[34.004s] Level 1:colcon.colcon_core.environment:checking '/home/alper/ros2_ws/install/turtlesim_catch_them_all' for CMake config files
[34.006s] Level 1:colcon.colcon_core.environment:checking '/home/alper/ros2_ws/install/turtlesim_catch_them_all/lib'
[34.006s] Level 1:colcon.colcon_core.environment:checking '/home/alper/ros2_ws/install/turtlesim_catch_them_all/bin'
[34.006s] Level 1:colcon.colcon_core.environment:checking '/home/alper/ros2_ws/install/turtlesim_catch_them_all/lib/pkgconfig/turtlesim_catch_them_all.pc'
[34.006s] Level 1:colcon.colcon_core.environment:checking '/home/alper/ros2_ws/install/turtlesim_catch_them_all/lib/python3.8/site-packages'
[34.007s] Level 1:colcon.colcon_core.shell:create_environment_hook('turtlesim_catch_them_all', 'pythonpath')
[34.371s] INFO:colcon.colcon_core.shell:Creating environment hook '/home/alper/ros2_ws/install/turtlesim_catch_them_all/share/turtlesim_catch_them_all/hook/pythonpath.ps1'
[34.371s] INFO:colcon.colcon_core.shell:Creating environment descriptor '/home/alper/ros2_ws/install/turtlesim_catch_them_all/share/turtlesim_catch_them_all/hook/pythonpath.dsv'
[34.372s] INFO:colcon.colcon_core.shell:Creating environment hook '/home/alper/ros2_ws/install/turtlesim_catch_them_all/share/turtlesim_catch_them_all/hook/pythonpath.sh'
[34.373s] Level 1:colcon.colcon_core.environment:checking '/home/alper/ros2_ws/install/turtlesim_catch_them_all/bin'
[34.373s] Level 1:colcon.colcon_core.environment:create_environment_scripts_only(turtlesim_catch_them_all)
[34.735s] INFO:colcon.colcon_core.shell:Creating package script '/home/alper/ros2_ws/install/turtlesim_catch_them_all/share/turtlesim_catch_them_all/package.ps1'
[34.737s] INFO:colcon.colcon_core.shell:Creating package descriptor '/home/alper/ros2_ws/install/turtlesim_catch_them_all/share/turtlesim_catch_them_all/package.dsv'
[34.738s] INFO:colcon.colcon_core.shell:Creating package script '/home/alper/ros2_ws/install/turtlesim_catch_them_all/share/turtlesim_catch_them_all/package.sh'
[34.739s] INFO:colcon.colcon_core.shell:Creating package script '/home/alper/ros2_ws/install/turtlesim_catch_them_all/share/turtlesim_catch_them_all/package.bash'
[34.740s] INFO:colcon.colcon_core.shell:Creating package script '/home/alper/ros2_ws/install/turtlesim_catch_them_all/share/turtlesim_catch_them_all/package.zsh'
[34.742s] Level 1:colcon.colcon_core.environment:create_file_with_runtime_dependencies(/home/alper/ros2_ws/install/turtlesim_catch_them_all/share/colcon-core/packages/turtlesim_catch_them_all)
[34.743s] DEBUG:colcon.colcon_parallel_executor.executor.parallel:closing loop
[34.743s] DEBUG:colcon.colcon_parallel_executor.executor.parallel:loop closed
[34.743s] DEBUG:colcon.colcon_parallel_executor.executor.parallel:run_until_complete finished with '0'
[34.743s] DEBUG:colcon.colcon_core.event_reactor:joining thread
[35.112s] INFO:colcon.colcon_core.plugin_system:Skipping extension 'colcon_notification.desktop_notification.terminal_notifier': Not used on non-Darwin systems
[35.113s] INFO:colcon.colcon_core.plugin_system:Skipping extension 'colcon_notification.desktop_notification.win32': Not used on non-Windows systems
[35.113s] INFO:colcon.colcon_notification.desktop_notification:Sending desktop notification using 'notify2'
[35.129s] DEBUG:colcon.colcon_core.event_reactor:joined thread
[35.514s] INFO:colcon.colcon_core.shell:Creating prefix script '/home/alper/ros2_ws/install/local_setup.ps1'
[35.516s] INFO:colcon.colcon_core.shell:Creating prefix util module '/home/alper/ros2_ws/install/_local_setup_util_ps1.py'
[35.518s] INFO:colcon.colcon_core.shell:Creating prefix chain script '/home/alper/ros2_ws/install/setup.ps1'
[35.864s] INFO:colcon.colcon_core.shell:Creating prefix script '/home/alper/ros2_ws/install/local_setup.sh'
[35.865s] INFO:colcon.colcon_core.shell:Creating prefix util module '/home/alper/ros2_ws/install/_local_setup_util_sh.py'
[35.866s] INFO:colcon.colcon_core.shell:Creating prefix chain script '/home/alper/ros2_ws/install/setup.sh'
[36.206s] INFO:colcon.colcon_core.shell:Creating prefix script '/home/alper/ros2_ws/install/local_setup.bash'
[36.206s] INFO:colcon.colcon_core.shell:Creating prefix chain script '/home/alper/ros2_ws/install/setup.bash'
[36.547s] INFO:colcon.colcon_core.shell:Creating prefix script '/home/alper/ros2_ws/install/local_setup.zsh'
[36.548s] INFO:colcon.colcon_core.shell:Creating prefix chain script '/home/alper/ros2_ws/install/setup.zsh'
