[1.471s] Invoking command in '/home/alper/ros2_ws/build/my_robot_bringup': AMENT_PREFIX_PATH=/home/alper/ros2_ws/install/turtlesim_catch_them_all:/home/alper/ros2_ws/install/my_py_pkg:/home/alper/ros2_ws/install/my_robot_bringup:/home/alper/ros2_ws/install/my_robot_interfaces:/opt/ros/foxy CMAKE_PREFIX_PATH=/home/alper/ros2_ws/install/my_robot_interfaces:/home/alper/ros2_ws/install/my_robot_bringup:/home/alper/ros2_ws/install/turtlesim_catch_them_all:/home/alper/ros2_ws/install/my_py_pkg:/opt/ros/foxy PYTHONPATH=/home/alper/ros2_ws/install/turtlesim_catch_them_all/lib/python3.8/site-packages:/home/alper/ros2_ws/install/my_py_pkg/lib/python3.8/site-packages:/home/alper/ros2_ws/install/my_robot_interfaces/lib/python3.8/site-packages:/home/alper/ros2_ws/build/turtlesim_catch_them_all:/home/alper/ros2_ws/build/my_py_pkg:/opt/ros/foxy/lib/python3.8/site-packages /usr/bin/cmake /home/alper/ros2_ws/src/my_robot_bringup -DCMAKE_INSTALL_PREFIX=/home/alper/ros2_ws/install/my_robot_bringup
[1.488s] -- Found ament_cmake: 0.9.12 (/opt/ros/foxy/share/ament_cmake/cmake)
[1.537s] -- Using PYTHON_EXECUTABLE: /usr/bin/python3
[1.986s] -- Override CMake install command with custom implementation using symlinks instead of copying resources
[2.104s] -- Configuring done
[2.111s] -- Generating done
[2.112s] -- Build files have been written to: /home/alper/ros2_ws/build/my_robot_bringup
[2.115s] Invoked command in '/home/alper/ros2_ws/build/my_robot_bringup' returned '0': AMENT_PREFIX_PATH=/home/alper/ros2_ws/install/turtlesim_catch_them_all:/home/alper/ros2_ws/install/my_py_pkg:/home/alper/ros2_ws/install/my_robot_bringup:/home/alper/ros2_ws/install/my_robot_interfaces:/opt/ros/foxy CMAKE_PREFIX_PATH=/home/alper/ros2_ws/install/my_robot_interfaces:/home/alper/ros2_ws/install/my_robot_bringup:/home/alper/ros2_ws/install/turtlesim_catch_them_all:/home/alper/ros2_ws/install/my_py_pkg:/opt/ros/foxy PYTHONPATH=/home/alper/ros2_ws/install/turtlesim_catch_them_all/lib/python3.8/site-packages:/home/alper/ros2_ws/install/my_py_pkg/lib/python3.8/site-packages:/home/alper/ros2_ws/install/my_robot_interfaces/lib/python3.8/site-packages:/home/alper/ros2_ws/build/turtlesim_catch_them_all:/home/alper/ros2_ws/build/my_py_pkg:/opt/ros/foxy/lib/python3.8/site-packages /usr/bin/cmake /home/alper/ros2_ws/src/my_robot_bringup -DCMAKE_INSTALL_PREFIX=/home/alper/ros2_ws/install/my_robot_bringup
[2.119s] Invoking command in '/home/alper/ros2_ws/build/my_robot_bringup': AMENT_PREFIX_PATH=/home/alper/ros2_ws/install/turtlesim_catch_them_all:/home/alper/ros2_ws/install/my_py_pkg:/home/alper/ros2_ws/install/my_robot_bringup:/home/alper/ros2_ws/install/my_robot_interfaces:/opt/ros/foxy CMAKE_PREFIX_PATH=/home/alper/ros2_ws/install/my_robot_interfaces:/home/alper/ros2_ws/install/my_robot_bringup:/home/alper/ros2_ws/install/turtlesim_catch_them_all:/home/alper/ros2_ws/install/my_py_pkg:/opt/ros/foxy PYTHONPATH=/home/alper/ros2_ws/install/turtlesim_catch_them_all/lib/python3.8/site-packages:/home/alper/ros2_ws/install/my_py_pkg/lib/python3.8/site-packages:/home/alper/ros2_ws/install/my_robot_interfaces/lib/python3.8/site-packages:/home/alper/ros2_ws/build/turtlesim_catch_them_all:/home/alper/ros2_ws/build/my_py_pkg:/opt/ros/foxy/lib/python3.8/site-packages /usr/bin/cmake --build /home/alper/ros2_ws/build/my_robot_bringup -- -j8 -l8
[2.144s] Invoked command in '/home/alper/ros2_ws/build/my_robot_bringup' returned '0': AMENT_PREFIX_PATH=/home/alper/ros2_ws/install/turtlesim_catch_them_all:/home/alper/ros2_ws/install/my_py_pkg:/home/alper/ros2_ws/install/my_robot_bringup:/home/alper/ros2_ws/install/my_robot_interfaces:/opt/ros/foxy CMAKE_PREFIX_PATH=/home/alper/ros2_ws/install/my_robot_interfaces:/home/alper/ros2_ws/install/my_robot_bringup:/home/alper/ros2_ws/install/turtlesim_catch_them_all:/home/alper/ros2_ws/install/my_py_pkg:/opt/ros/foxy PYTHONPATH=/home/alper/ros2_ws/install/turtlesim_catch_them_all/lib/python3.8/site-packages:/home/alper/ros2_ws/install/my_py_pkg/lib/python3.8/site-packages:/home/alper/ros2_ws/install/my_robot_interfaces/lib/python3.8/site-packages:/home/alper/ros2_ws/build/turtlesim_catch_them_all:/home/alper/ros2_ws/build/my_py_pkg:/opt/ros/foxy/lib/python3.8/site-packages /usr/bin/cmake --build /home/alper/ros2_ws/build/my_robot_bringup -- -j8 -l8
[2.171s] Invoking command in '/home/alper/ros2_ws/build/my_robot_bringup': AMENT_PREFIX_PATH=/home/alper/ros2_ws/install/turtlesim_catch_them_all:/home/alper/ros2_ws/install/my_py_pkg:/home/alper/ros2_ws/install/my_robot_bringup:/home/alper/ros2_ws/install/my_robot_interfaces:/opt/ros/foxy CMAKE_PREFIX_PATH=/home/alper/ros2_ws/install/my_robot_interfaces:/home/alper/ros2_ws/install/my_robot_bringup:/home/alper/ros2_ws/install/turtlesim_catch_them_all:/home/alper/ros2_ws/install/my_py_pkg:/opt/ros/foxy PYTHONPATH=/home/alper/ros2_ws/install/turtlesim_catch_them_all/lib/python3.8/site-packages:/home/alper/ros2_ws/install/my_py_pkg/lib/python3.8/site-packages:/home/alper/ros2_ws/install/my_robot_interfaces/lib/python3.8/site-packages:/home/alper/ros2_ws/build/turtlesim_catch_them_all:/home/alper/ros2_ws/build/my_py_pkg:/opt/ros/foxy/lib/python3.8/site-packages /usr/bin/cmake --install /home/alper/ros2_ws/build/my_robot_bringup
[2.177s] -- Install configuration: ""
[2.177s] -- Execute custom install script
[2.178s] -- Up-to-date symlink: /home/alper/ros2_ws/install/my_robot_bringup/share/my_robot_bringup/launch/number_app.launch.py
[2.178s] -- Up-to-date symlink: /home/alper/ros2_ws/install/my_robot_bringup/share/my_robot_bringup/launch/robot_news_station.launch.py
[2.179s] -- Symlinking: /home/alper/ros2_ws/install/my_robot_bringup/share/my_robot_bringup/launch/turtlesim_catch_them_all.launch.py
[2.184s] -- Up-to-date symlink: /home/alper/ros2_ws/install/my_robot_bringup/share/ament_index/resource_index/package_run_dependencies/my_robot_bringup
[2.184s] -- Up-to-date symlink: /home/alper/ros2_ws/install/my_robot_bringup/share/ament_index/resource_index/parent_prefix_path/my_robot_bringup
[2.185s] -- Up-to-date symlink: /home/alper/ros2_ws/install/my_robot_bringup/share/my_robot_bringup/environment/ament_prefix_path.sh
[2.185s] -- Up-to-date symlink: /home/alper/ros2_ws/install/my_robot_bringup/share/my_robot_bringup/environment/ament_prefix_path.dsv
[2.186s] -- Up-to-date symlink: /home/alper/ros2_ws/install/my_robot_bringup/share/my_robot_bringup/environment/path.sh
[2.186s] -- Up-to-date symlink: /home/alper/ros2_ws/install/my_robot_bringup/share/my_robot_bringup/environment/path.dsv
[2.187s] -- Up-to-date symlink: /home/alper/ros2_ws/install/my_robot_bringup/share/my_robot_bringup/local_setup.bash
[2.187s] -- Up-to-date symlink: /home/alper/ros2_ws/install/my_robot_bringup/share/my_robot_bringup/local_setup.sh
[2.188s] -- Up-to-date symlink: /home/alper/ros2_ws/install/my_robot_bringup/share/my_robot_bringup/local_setup.zsh
[2.188s] -- Up-to-date symlink: /home/alper/ros2_ws/install/my_robot_bringup/share/my_robot_bringup/local_setup.dsv
[2.188s] -- Symlinking: /home/alper/ros2_ws/install/my_robot_bringup/share/my_robot_bringup/package.dsv
[2.194s] -- Up-to-date symlink: /home/alper/ros2_ws/install/my_robot_bringup/share/ament_index/resource_index/packages/my_robot_bringup
[2.194s] -- Up-to-date symlink: /home/alper/ros2_ws/install/my_robot_bringup/share/my_robot_bringup/cmake/my_robot_bringupConfig.cmake
[2.194s] -- Up-to-date symlink: /home/alper/ros2_ws/install/my_robot_bringup/share/my_robot_bringup/cmake/my_robot_bringupConfig-version.cmake
[2.195s] -- Up-to-date symlink: /home/alper/ros2_ws/install/my_robot_bringup/share/my_robot_bringup/package.xml
[2.197s] Invoked command in '/home/alper/ros2_ws/build/my_robot_bringup' returned '0': AMENT_PREFIX_PATH=/home/alper/ros2_ws/install/turtlesim_catch_them_all:/home/alper/ros2_ws/install/my_py_pkg:/home/alper/ros2_ws/install/my_robot_bringup:/home/alper/ros2_ws/install/my_robot_interfaces:/opt/ros/foxy CMAKE_PREFIX_PATH=/home/alper/ros2_ws/install/my_robot_interfaces:/home/alper/ros2_ws/install/my_robot_bringup:/home/alper/ros2_ws/install/turtlesim_catch_them_all:/home/alper/ros2_ws/install/my_py_pkg:/opt/ros/foxy PYTHONPATH=/home/alper/ros2_ws/install/turtlesim_catch_them_all/lib/python3.8/site-packages:/home/alper/ros2_ws/install/my_py_pkg/lib/python3.8/site-packages:/home/alper/ros2_ws/install/my_robot_interfaces/lib/python3.8/site-packages:/home/alper/ros2_ws/build/turtlesim_catch_them_all:/home/alper/ros2_ws/build/my_py_pkg:/opt/ros/foxy/lib/python3.8/site-packages /usr/bin/cmake --install /home/alper/ros2_ws/build/my_robot_bringup
