[18.366s] DEBUG:colcon:Command line arguments: ['/usr/bin/colcon', 'build', '--packages-select', 'turtlesim_catch_them_all', '--symlink-install']
[18.367s] DEBUG:colcon:Parsed command line arguments: Namespace(allow_overriding=[], ament_cmake_args=None, base_paths=['.'], build_base='build', catkin_cmake_args=None, catkin_skip_building_tests=False, cmake_args=None, cmake_clean_cache=False, cmake_clean_first=False, cmake_force_configure=False, cmake_target=None, cmake_target_skip_unavailable=False, continue_on_error=False, event_handlers=None, executor='parallel', ignore_user_meta=False, install_base='install', log_base=None, log_level=None, main=<bound method BuildVerb.main of <colcon_core.verb.build.BuildVerb object at 0x7fb25ae29c70>>, merge_install=False, metas=['./colcon.meta'], packages_above=None, packages_above_and_dependencies=None, packages_above_depth=None, packages_end=None, packages_ignore=None, packages_ignore_regex=None, packages_select=['turtlesim_catch_them_all'], packages_select_build_failed=False, packages_select_by_dep=None, packages_select_regex=None, packages_select_test_failures=False, packages_skip=None, packages_skip_build_finished=False, packages_skip_by_dep=None, packages_skip_regex=None, packages_skip_test_passed=False, packages_skip_up_to=None, packages_start=None, packages_up_to=None, packages_up_to_regex=None, parallel_workers=8, paths=None, symlink_install=True, test_result_base=None, verb_extension=<colcon_core.verb.build.BuildVerb object at 0x7fb25ae29c70>, verb_name='build', verb_parser=<colcon_defaults.argument_parser.defaults.DefaultArgumentsDecorator object at 0x7fb25ae2be50>)
[19.079s] Level 1:colcon.colcon_core.package_discovery:discover_packages(colcon_meta) check parameters
[19.080s] Level 1:colcon.colcon_core.package_discovery:discover_packages(recursive) check parameters
[19.080s] Level 1:colcon.colcon_core.package_discovery:discover_packages(ignore) check parameters
[19.080s] Level 1:colcon.colcon_core.package_discovery:discover_packages(path) check parameters
[19.080s] Level 1:colcon.colcon_core.package_discovery:discover_packages(colcon_meta) discover
[19.080s] Level 1:colcon.colcon_core.package_discovery:discover_packages(recursive) discover
[19.080s] INFO:colcon.colcon_core.package_discovery:Crawling recursively for packages in '/home/alper/ros2_ws'
[19.080s] Level 1:colcon.colcon_core.package_identification:_identify(.) by extensions ['ignore', 'ignore_ament_install']
[19.080s] Level 1:colcon.colcon_core.package_identification:_identify(.) by extension 'ignore'
[19.081s] Level 1:colcon.colcon_core.package_identification:_identify(.) by extension 'ignore_ament_install'
[19.081s] Level 1:colcon.colcon_core.package_identification:_identify(.) by extensions ['colcon_pkg']
[19.081s] Level 1:colcon.colcon_core.package_identification:_identify(.) by extension 'colcon_pkg'
[19.081s] Level 1:colcon.colcon_core.package_identification:_identify(.) by extensions ['colcon_meta']
[19.081s] Level 1:colcon.colcon_core.package_identification:_identify(.) by extension 'colcon_meta'
[19.081s] Level 1:colcon.colcon_core.package_identification:_identify(.) by extensions ['ros']
[19.081s] Level 1:colcon.colcon_core.package_identification:_identify(.) by extension 'ros'
[19.102s] Level 1:colcon.colcon_core.package_identification:_identify(.) by extensions ['cmake', 'python']
[19.102s] Level 1:colcon.colcon_core.package_identification:_identify(.) by extension 'cmake'
[19.102s] Level 1:colcon.colcon_core.package_identification:_identify(.) by extension 'python'
[19.102s] Level 1:colcon.colcon_core.package_identification:_identify(.) by extensions ['python_setup_py']
[19.102s] Level 1:colcon.colcon_core.package_identification:_identify(.) by extension 'python_setup_py'
[19.102s] Level 1:colcon.colcon_core.package_identification:_identify(build) by extensions ['ignore', 'ignore_ament_install']
[19.102s] Level 1:colcon.colcon_core.package_identification:_identify(build) by extension 'ignore'
[19.103s] Level 1:colcon.colcon_core.package_identification:_identify(build) ignored
[19.103s] Level 1:colcon.colcon_core.package_identification:_identify(install) by extensions ['ignore', 'ignore_ament_install']
[19.103s] Level 1:colcon.colcon_core.package_identification:_identify(install) by extension 'ignore'
[19.103s] Level 1:colcon.colcon_core.package_identification:_identify(install) ignored
[19.103s] Level 1:colcon.colcon_core.package_identification:_identify(log) by extensions ['ignore', 'ignore_ament_install']
[19.103s] Level 1:colcon.colcon_core.package_identification:_identify(log) by extension 'ignore'
[19.103s] Level 1:colcon.colcon_core.package_identification:_identify(log) ignored
[19.103s] Level 1:colcon.colcon_core.package_identification:_identify(src) by extensions ['ignore', 'ignore_ament_install']
[19.104s] Level 1:colcon.colcon_core.package_identification:_identify(src) by extension 'ignore'
[19.104s] Level 1:colcon.colcon_core.package_identification:_identify(src) by extension 'ignore_ament_install'
[19.104s] Level 1:colcon.colcon_core.package_identification:_identify(src) by extensions ['colcon_pkg']
[19.104s] Level 1:colcon.colcon_core.package_identification:_identify(src) by extension 'colcon_pkg'
[19.104s] Level 1:colcon.colcon_core.package_identification:_identify(src) by extensions ['colcon_meta']
[19.104s] Level 1:colcon.colcon_core.package_identification:_identify(src) by extension 'colcon_meta'
[19.104s] Level 1:colcon.colcon_core.package_identification:_identify(src) by extensions ['ros']
[19.104s] Level 1:colcon.colcon_core.package_identification:_identify(src) by extension 'ros'
[19.104s] Level 1:colcon.colcon_core.package_identification:_identify(src) by extensions ['cmake', 'python']
[19.104s] Level 1:colcon.colcon_core.package_identification:_identify(src) by extension 'cmake'
[19.104s] Level 1:colcon.colcon_core.package_identification:_identify(src) by extension 'python'
[19.104s] Level 1:colcon.colcon_core.package_identification:_identify(src) by extensions ['python_setup_py']
[19.104s] Level 1:colcon.colcon_core.package_identification:_identify(src) by extension 'python_setup_py'
[19.105s] Level 1:colcon.colcon_core.package_identification:_identify(src/my_py_pkg) by extensions ['ignore', 'ignore_ament_install']
[19.105s] Level 1:colcon.colcon_core.package_identification:_identify(src/my_py_pkg) by extension 'ignore'
[19.105s] Level 1:colcon.colcon_core.package_identification:_identify(src/my_py_pkg) by extension 'ignore_ament_install'
[19.105s] Level 1:colcon.colcon_core.package_identification:_identify(src/my_py_pkg) by extensions ['colcon_pkg']
[19.105s] Level 1:colcon.colcon_core.package_identification:_identify(src/my_py_pkg) by extension 'colcon_pkg'
[19.105s] Level 1:colcon.colcon_core.package_identification:_identify(src/my_py_pkg) by extensions ['colcon_meta']
[19.105s] Level 1:colcon.colcon_core.package_identification:_identify(src/my_py_pkg) by extension 'colcon_meta'
[19.105s] Level 1:colcon.colcon_core.package_identification:_identify(src/my_py_pkg) by extensions ['ros']
[19.105s] Level 1:colcon.colcon_core.package_identification:_identify(src/my_py_pkg) by extension 'ros'
[19.110s] DEBUG:colcon.colcon_core.package_identification:Package 'src/my_py_pkg' with type 'ros.ament_python' and name 'my_py_pkg'
[19.110s] Level 1:colcon.colcon_core.package_identification:_identify(src/my_robot_bringup) by extensions ['ignore', 'ignore_ament_install']
[19.110s] Level 1:colcon.colcon_core.package_identification:_identify(src/my_robot_bringup) by extension 'ignore'
[19.110s] Level 1:colcon.colcon_core.package_identification:_identify(src/my_robot_bringup) by extension 'ignore_ament_install'
[19.110s] Level 1:colcon.colcon_core.package_identification:_identify(src/my_robot_bringup) by extensions ['colcon_pkg']
[19.110s] Level 1:colcon.colcon_core.package_identification:_identify(src/my_robot_bringup) by extension 'colcon_pkg'
[19.110s] Level 1:colcon.colcon_core.package_identification:_identify(src/my_robot_bringup) by extensions ['colcon_meta']
[19.110s] Level 1:colcon.colcon_core.package_identification:_identify(src/my_robot_bringup) by extension 'colcon_meta'
[19.111s] Level 1:colcon.colcon_core.package_identification:_identify(src/my_robot_bringup) by extensions ['ros']
[19.111s] Level 1:colcon.colcon_core.package_identification:_identify(src/my_robot_bringup) by extension 'ros'
[19.111s] DEBUG:colcon.colcon_core.package_identification:Package 'src/my_robot_bringup' with type 'ros.ament_cmake' and name 'my_robot_bringup'
[19.111s] Level 1:colcon.colcon_core.package_identification:_identify(src/my_robot_interfaces) by extensions ['ignore', 'ignore_ament_install']
[19.112s] Level 1:colcon.colcon_core.package_identification:_identify(src/my_robot_interfaces) by extension 'ignore'
[19.112s] Level 1:colcon.colcon_core.package_identification:_identify(src/my_robot_interfaces) by extension 'ignore_ament_install'
[19.112s] Level 1:colcon.colcon_core.package_identification:_identify(src/my_robot_interfaces) by extensions ['colcon_pkg']
[19.112s] Level 1:colcon.colcon_core.package_identification:_identify(src/my_robot_interfaces) by extension 'colcon_pkg'
[19.112s] Level 1:colcon.colcon_core.package_identification:_identify(src/my_robot_interfaces) by extensions ['colcon_meta']
[19.112s] Level 1:colcon.colcon_core.package_identification:_identify(src/my_robot_interfaces) by extension 'colcon_meta'
[19.112s] Level 1:colcon.colcon_core.package_identification:_identify(src/my_robot_interfaces) by extensions ['ros']
[19.112s] Level 1:colcon.colcon_core.package_identification:_identify(src/my_robot_interfaces) by extension 'ros'
[19.113s] DEBUG:colcon.colcon_core.package_identification:Package 'src/my_robot_interfaces' with type 'ros.ament_cmake' and name 'my_robot_interfaces'
[19.113s] Level 1:colcon.colcon_core.package_identification:_identify(src/turtlesim_catch_them_all) by extensions ['ignore', 'ignore_ament_install']
[19.113s] Level 1:colcon.colcon_core.package_identification:_identify(src/turtlesim_catch_them_all) by extension 'ignore'
[19.113s] Level 1:colcon.colcon_core.package_identification:_identify(src/turtlesim_catch_them_all) by extension 'ignore_ament_install'
[19.113s] Level 1:colcon.colcon_core.package_identification:_identify(src/turtlesim_catch_them_all) by extensions ['colcon_pkg']
[19.113s] Level 1:colcon.colcon_core.package_identification:_identify(src/turtlesim_catch_them_all) by extension 'colcon_pkg'
[19.113s] Level 1:colcon.colcon_core.package_identification:_identify(src/turtlesim_catch_them_all) by extensions ['colcon_meta']
[19.114s] Level 1:colcon.colcon_core.package_identification:_identify(src/turtlesim_catch_them_all) by extension 'colcon_meta'
[19.114s] Level 1:colcon.colcon_core.package_identification:_identify(src/turtlesim_catch_them_all) by extensions ['ros']
[19.114s] Level 1:colcon.colcon_core.package_identification:_identify(src/turtlesim_catch_them_all) by extension 'ros'
[19.115s] DEBUG:colcon.colcon_core.package_identification:Package 'src/turtlesim_catch_them_all' with type 'ros.ament_python' and name 'turtlesim_catch_them_all'
[19.115s] Level 1:colcon.colcon_core.package_discovery:discover_packages(recursive) using defaults
[19.115s] Level 1:colcon.colcon_core.package_discovery:discover_packages(ignore) discover
[19.115s] Level 1:colcon.colcon_core.package_discovery:discover_packages(ignore) using defaults
[19.115s] Level 1:colcon.colcon_core.package_discovery:discover_packages(path) discover
[19.115s] Level 1:colcon.colcon_core.package_discovery:discover_packages(path) using defaults
[20.139s] INFO:colcon.colcon_core.package_selection:Skipping not selected package 'my_robot_interfaces' in 'src/my_robot_interfaces'
[20.139s] INFO:colcon.colcon_core.package_selection:Skipping not selected package 'my_py_pkg' in 'src/my_py_pkg'
[20.139s] INFO:colcon.colcon_core.package_selection:Skipping not selected package 'my_robot_bringup' in 'src/my_robot_bringup'
[20.806s] Level 1:colcon.colcon_core.package_discovery:discover_packages(prefix_path) check parameters
[20.806s] Level 1:colcon.colcon_core.package_discovery:discover_packages(prefix_path) discover
[21.487s] DEBUG:colcon.colcon_installed_package_information.package_discovery:Found 4 installed packages in /home/alper/ros2_ws/install
[21.821s] DEBUG:colcon.colcon_installed_package_information.package_discovery:Found 263 installed packages in /opt/ros/foxy
[21.824s] Level 1:colcon.colcon_core.package_discovery:discover_packages(prefix_path) using defaults
[22.635s] Level 5:colcon.colcon_core.verb:set package 'turtlesim_catch_them_all' build argument 'cmake_args' from command line to 'None'
[22.635s] Level 5:colcon.colcon_core.verb:set package 'turtlesim_catch_them_all' build argument 'cmake_target' from command line to 'None'
[22.635s] Level 5:colcon.colcon_core.verb:set package 'turtlesim_catch_them_all' build argument 'cmake_target_skip_unavailable' from command line to 'False'
[22.635s] Level 5:colcon.colcon_core.verb:set package 'turtlesim_catch_them_all' build argument 'cmake_clean_cache' from command line to 'False'
[22.635s] Level 5:colcon.colcon_core.verb:set package 'turtlesim_catch_them_all' build argument 'cmake_clean_first' from command line to 'False'
[22.635s] Level 5:colcon.colcon_core.verb:set package 'turtlesim_catch_them_all' build argument 'cmake_force_configure' from command line to 'False'
[22.635s] Level 5:colcon.colcon_core.verb:set package 'turtlesim_catch_them_all' build argument 'ament_cmake_args' from command line to 'None'
[22.635s] Level 5:colcon.colcon_core.verb:set package 'turtlesim_catch_them_all' build argument 'catkin_cmake_args' from command line to 'None'
[22.635s] Level 5:colcon.colcon_core.verb:set package 'turtlesim_catch_them_all' build argument 'catkin_skip_building_tests' from command line to 'False'
[22.635s] DEBUG:colcon.colcon_core.verb:Building package 'turtlesim_catch_them_all' with the following arguments: {'ament_cmake_args': None, 'build_base': '/home/alper/ros2_ws/build/turtlesim_catch_them_all', 'catkin_cmake_args': None, 'catkin_skip_building_tests': False, 'cmake_args': None, 'cmake_clean_cache': False, 'cmake_clean_first': False, 'cmake_force_configure': False, 'cmake_target': None, 'cmake_target_skip_unavailable': False, 'install_base': '/home/alper/ros2_ws/install/turtlesim_catch_them_all', 'merge_install': False, 'path': '/home/alper/ros2_ws/src/turtlesim_catch_them_all', 'symlink_install': True, 'test_result_base': None}
[22.966s] INFO:colcon.colcon_core.executor:Executing jobs using 'parallel' executor
[23.309s] DEBUG:colcon.colcon_parallel_executor.executor.parallel:run_until_complete
[23.310s] INFO:colcon.colcon_ros.task.ament_python.build:Building ROS package in '/home/alper/ros2_ws/src/turtlesim_catch_them_all' with build type 'ament_python'
[23.310s] Level 1:colcon.colcon_core.shell:create_environment_hook('turtlesim_catch_them_all', 'ament_prefix_path')
[23.665s] INFO:colcon.colcon_core.plugin_system:Skipping extension 'colcon_core.shell.bat': Not used on non-Windows systems
[23.665s] INFO:colcon.colcon_core.shell:Creating environment hook '/home/alper/ros2_ws/install/turtlesim_catch_them_all/share/turtlesim_catch_them_all/hook/ament_prefix_path.ps1'
[23.666s] INFO:colcon.colcon_core.shell:Creating environment descriptor '/home/alper/ros2_ws/install/turtlesim_catch_them_all/share/turtlesim_catch_them_all/hook/ament_prefix_path.dsv'
[23.667s] INFO:colcon.colcon_core.shell:Creating environment hook '/home/alper/ros2_ws/install/turtlesim_catch_them_all/share/turtlesim_catch_them_all/hook/ament_prefix_path.sh'
[24.006s] INFO:colcon.colcon_core.shell:Skip shell extension 'powershell' for command environment: Not usable outside of PowerShell
[24.006s] DEBUG:colcon.colcon_core.shell:Skip shell extension 'dsv' for command environment
[25.600s] INFO:colcon.colcon_core.task.python.build:Building Python package in '/home/alper/ros2_ws/src/turtlesim_catch_them_all'
[25.944s] INFO:colcon.colcon_core.shell:Skip shell extension 'powershell' for command environment: Not usable outside of PowerShell
[25.944s] DEBUG:colcon.colcon_core.shell:Skip shell extension 'dsv' for command environment
[27.884s] DEBUG:colcon.colcon_core.event_handler.log_command:Invoking command in '/home/alper/ros2_ws/build/turtlesim_catch_them_all': CMAKE_PREFIX_PATH=/home/alper/ros2_ws/install/my_robot_interfaces:/home/alper/ros2_ws/install/my_robot_bringup PYTHONPATH=/home/alper/ros2_ws/build/turtlesim_catch_them_all/prefix_override:/home/alper/ros2_ws/install/turtlesim_catch_them_all/lib/python3.8/site-packages:/home/alper/ros2_ws/install/my_robot_interfaces/lib/python3.8/site-packages:/home/alper/ros2_ws/build/turtlesim_catch_them_all:/home/alper/ros2_ws/install/turtlesim_catch_them_all/lib/python3.8/site-packages:/home/alper/ros2_ws/build/my_py_pkg:/home/alper/ros2_ws/install/my_py_pkg/lib/python3.8/site-packages:/opt/ros/foxy/lib/python3.8/site-packages /usr/bin/python3 setup.py develop --editable --build-directory /home/alper/ros2_ws/build/turtlesim_catch_them_all/build --no-deps install_data
[28.980s] Level 1:colcon.colcon_core.shell:create_environment_hook('turtlesim_catch_them_all', 'pythonpath_develop')
[28.981s] DEBUG:colcon.colcon_core.event_handler.log_command:Invoked command in '/home/alper/ros2_ws/build/turtlesim_catch_them_all' returned '0': CMAKE_PREFIX_PATH=/home/alper/ros2_ws/install/my_robot_interfaces:/home/alper/ros2_ws/install/my_robot_bringup PYTHONPATH=/home/alper/ros2_ws/build/turtlesim_catch_them_all/prefix_override:/home/alper/ros2_ws/install/turtlesim_catch_them_all/lib/python3.8/site-packages:/home/alper/ros2_ws/install/my_robot_interfaces/lib/python3.8/site-packages:/home/alper/ros2_ws/build/turtlesim_catch_them_all:/home/alper/ros2_ws/install/turtlesim_catch_them_all/lib/python3.8/site-packages:/home/alper/ros2_ws/build/my_py_pkg:/home/alper/ros2_ws/install/my_py_pkg/lib/python3.8/site-packages:/opt/ros/foxy/lib/python3.8/site-packages /usr/bin/python3 setup.py develop --editable --build-directory /home/alper/ros2_ws/build/turtlesim_catch_them_all/build --no-deps install_data
[29.325s] INFO:colcon.colcon_core.shell:Creating environment hook '/home/alper/ros2_ws/build/turtlesim_catch_them_all/share/turtlesim_catch_them_all/hook/pythonpath_develop.ps1'
[29.326s] INFO:colcon.colcon_core.shell:Creating environment descriptor '/home/alper/ros2_ws/build/turtlesim_catch_them_all/share/turtlesim_catch_them_all/hook/pythonpath_develop.dsv'
[29.326s] INFO:colcon.colcon_core.shell:Creating environment hook '/home/alper/ros2_ws/build/turtlesim_catch_them_all/share/turtlesim_catch_them_all/hook/pythonpath_develop.sh'
[29.672s] Level 1:colcon.colcon_core.environment:checking '/home/alper/ros2_ws/install/turtlesim_catch_them_all' for CMake module files
[29.673s] Level 1:colcon.colcon_core.environment:checking '/home/alper/ros2_ws/install/turtlesim_catch_them_all' for CMake config files
[29.675s] Level 1:colcon.colcon_core.environment:checking '/home/alper/ros2_ws/install/turtlesim_catch_them_all/lib'
[29.675s] Level 1:colcon.colcon_core.environment:checking '/home/alper/ros2_ws/install/turtlesim_catch_them_all/bin'
[29.675s] Level 1:colcon.colcon_core.environment:checking '/home/alper/ros2_ws/install/turtlesim_catch_them_all/lib/pkgconfig/turtlesim_catch_them_all.pc'
[29.675s] Level 1:colcon.colcon_core.environment:checking '/home/alper/ros2_ws/install/turtlesim_catch_them_all/lib/python3.8/site-packages'
[29.675s] Level 1:colcon.colcon_core.shell:create_environment_hook('turtlesim_catch_them_all', 'pythonpath')
[30.015s] INFO:colcon.colcon_core.shell:Creating environment hook '/home/alper/ros2_ws/install/turtlesim_catch_them_all/share/turtlesim_catch_them_all/hook/pythonpath.ps1'
[30.016s] INFO:colcon.colcon_core.shell:Creating environment descriptor '/home/alper/ros2_ws/install/turtlesim_catch_them_all/share/turtlesim_catch_them_all/hook/pythonpath.dsv'
[30.017s] INFO:colcon.colcon_core.shell:Creating environment hook '/home/alper/ros2_ws/install/turtlesim_catch_them_all/share/turtlesim_catch_them_all/hook/pythonpath.sh'
[30.018s] Level 1:colcon.colcon_core.environment:checking '/home/alper/ros2_ws/install/turtlesim_catch_them_all/bin'
[30.018s] Level 1:colcon.colcon_core.environment:create_environment_scripts_only(turtlesim_catch_them_all)
[30.362s] INFO:colcon.colcon_core.shell:Creating package script '/home/alper/ros2_ws/install/turtlesim_catch_them_all/share/turtlesim_catch_them_all/package.ps1'
[30.363s] INFO:colcon.colcon_core.shell:Creating package descriptor '/home/alper/ros2_ws/install/turtlesim_catch_them_all/share/turtlesim_catch_them_all/package.dsv'
[30.364s] INFO:colcon.colcon_core.shell:Creating package script '/home/alper/ros2_ws/install/turtlesim_catch_them_all/share/turtlesim_catch_them_all/package.sh'
[30.366s] INFO:colcon.colcon_core.shell:Creating package script '/home/alper/ros2_ws/install/turtlesim_catch_them_all/share/turtlesim_catch_them_all/package.bash'
[30.367s] INFO:colcon.colcon_core.shell:Creating package script '/home/alper/ros2_ws/install/turtlesim_catch_them_all/share/turtlesim_catch_them_all/package.zsh'
[30.368s] Level 1:colcon.colcon_core.environment:create_file_with_runtime_dependencies(/home/alper/ros2_ws/install/turtlesim_catch_them_all/share/colcon-core/packages/turtlesim_catch_them_all)
[30.368s] DEBUG:colcon.colcon_parallel_executor.executor.parallel:closing loop
[30.369s] DEBUG:colcon.colcon_parallel_executor.executor.parallel:loop closed
[30.369s] DEBUG:colcon.colcon_parallel_executor.executor.parallel:run_until_complete finished with '0'
[30.369s] DEBUG:colcon.colcon_core.event_reactor:joining thread
[30.714s] INFO:colcon.colcon_core.plugin_system:Skipping extension 'colcon_notification.desktop_notification.terminal_notifier': Not used on non-Darwin systems
[30.715s] INFO:colcon.colcon_core.plugin_system:Skipping extension 'colcon_notification.desktop_notification.win32': Not used on non-Windows systems
[30.715s] INFO:colcon.colcon_notification.desktop_notification:Sending desktop notification using 'notify2'
[30.730s] DEBUG:colcon.colcon_core.event_reactor:joined thread
[31.058s] INFO:colcon.colcon_core.shell:Creating prefix script '/home/alper/ros2_ws/install/local_setup.ps1'
[31.060s] INFO:colcon.colcon_core.shell:Creating prefix util module '/home/alper/ros2_ws/install/_local_setup_util_ps1.py'
[31.062s] INFO:colcon.colcon_core.shell:Creating prefix chain script '/home/alper/ros2_ws/install/setup.ps1'
[31.404s] INFO:colcon.colcon_core.shell:Creating prefix script '/home/alper/ros2_ws/install/local_setup.sh'
[31.405s] INFO:colcon.colcon_core.shell:Creating prefix util module '/home/alper/ros2_ws/install/_local_setup_util_sh.py'
[31.406s] INFO:colcon.colcon_core.shell:Creating prefix chain script '/home/alper/ros2_ws/install/setup.sh'
[31.748s] INFO:colcon.colcon_core.shell:Creating prefix script '/home/alper/ros2_ws/install/local_setup.bash'
[31.749s] INFO:colcon.colcon_core.shell:Creating prefix chain script '/home/alper/ros2_ws/install/setup.bash'
[32.085s] INFO:colcon.colcon_core.shell:Creating prefix script '/home/alper/ros2_ws/install/local_setup.zsh'
[32.086s] INFO:colcon.colcon_core.shell:Creating prefix chain script '/home/alper/ros2_ws/install/setup.zsh'
