[18.663s] DEBUG:colcon:Command line arguments: ['/usr/bin/colcon', 'build', '--symlink-install']
[18.663s] DEBUG:colcon:Parsed command line arguments: Namespace(allow_overriding=[], ament_cmake_args=None, base_paths=['.'], build_base='build', catkin_cmake_args=None, catkin_skip_building_tests=False, cmake_args=None, cmake_clean_cache=False, cmake_clean_first=False, cmake_force_configure=False, cmake_target=None, cmake_target_skip_unavailable=False, continue_on_error=False, event_handlers=None, executor='parallel', ignore_user_meta=False, install_base='install', log_base=None, log_level=None, main=<bound method BuildVerb.main of <colcon_core.verb.build.BuildVerb object at 0x7fc488813550>>, merge_install=False, metas=['./colcon.meta'], packages_above=None, packages_above_and_dependencies=None, packages_above_depth=None, packages_end=None, packages_ignore=None, packages_ignore_regex=None, packages_select=None, packages_select_build_failed=False, packages_select_by_dep=None, packages_select_regex=None, packages_select_test_failures=False, packages_skip=None, packages_skip_build_finished=False, packages_skip_by_dep=None, packages_skip_regex=None, packages_skip_test_passed=False, packages_skip_up_to=None, packages_start=None, packages_up_to=None, packages_up_to_regex=None, parallel_workers=8, paths=None, symlink_install=True, test_result_base=None, verb_extension=<colcon_core.verb.build.BuildVerb object at 0x7fc488813550>, verb_name='build', verb_parser=<colcon_defaults.argument_parser.defaults.DefaultArgumentsDecorator object at 0x7fc488813940>)
[19.393s] Level 1:colcon.colcon_core.package_discovery:discover_packages(colcon_meta) check parameters
[19.393s] Level 1:colcon.colcon_core.package_discovery:discover_packages(recursive) check parameters
[19.393s] Level 1:colcon.colcon_core.package_discovery:discover_packages(ignore) check parameters
[19.393s] Level 1:colcon.colcon_core.package_discovery:discover_packages(path) check parameters
[19.394s] Level 1:colcon.colcon_core.package_discovery:discover_packages(colcon_meta) discover
[19.394s] Level 1:colcon.colcon_core.package_discovery:discover_packages(recursive) discover
[19.394s] INFO:colcon.colcon_core.package_discovery:Crawling recursively for packages in '/home/alper/ros2_ws'
[19.394s] Level 1:colcon.colcon_core.package_identification:_identify(.) by extensions ['ignore', 'ignore_ament_install']
[19.394s] Level 1:colcon.colcon_core.package_identification:_identify(.) by extension 'ignore'
[19.394s] Level 1:colcon.colcon_core.package_identification:_identify(.) by extension 'ignore_ament_install'
[19.394s] Level 1:colcon.colcon_core.package_identification:_identify(.) by extensions ['colcon_pkg']
[19.394s] Level 1:colcon.colcon_core.package_identification:_identify(.) by extension 'colcon_pkg'
[19.394s] Level 1:colcon.colcon_core.package_identification:_identify(.) by extensions ['colcon_meta']
[19.394s] Level 1:colcon.colcon_core.package_identification:_identify(.) by extension 'colcon_meta'
[19.394s] Level 1:colcon.colcon_core.package_identification:_identify(.) by extensions ['ros']
[19.394s] Level 1:colcon.colcon_core.package_identification:_identify(.) by extension 'ros'
[19.412s] Level 1:colcon.colcon_core.package_identification:_identify(.) by extensions ['cmake', 'python']
[19.413s] Level 1:colcon.colcon_core.package_identification:_identify(.) by extension 'cmake'
[19.413s] Level 1:colcon.colcon_core.package_identification:_identify(.) by extension 'python'
[19.413s] Level 1:colcon.colcon_core.package_identification:_identify(.) by extensions ['python_setup_py']
[19.413s] Level 1:colcon.colcon_core.package_identification:_identify(.) by extension 'python_setup_py'
[19.413s] Level 1:colcon.colcon_core.package_identification:_identify(build) by extensions ['ignore', 'ignore_ament_install']
[19.413s] Level 1:colcon.colcon_core.package_identification:_identify(build) by extension 'ignore'
[19.413s] Level 1:colcon.colcon_core.package_identification:_identify(build) ignored
[19.413s] Level 1:colcon.colcon_core.package_identification:_identify(install) by extensions ['ignore', 'ignore_ament_install']
[19.414s] Level 1:colcon.colcon_core.package_identification:_identify(install) by extension 'ignore'
[19.414s] Level 1:colcon.colcon_core.package_identification:_identify(install) ignored
[19.414s] Level 1:colcon.colcon_core.package_identification:_identify(log) by extensions ['ignore', 'ignore_ament_install']
[19.414s] Level 1:colcon.colcon_core.package_identification:_identify(log) by extension 'ignore'
[19.414s] Level 1:colcon.colcon_core.package_identification:_identify(log) ignored
[19.414s] Level 1:colcon.colcon_core.package_identification:_identify(src) by extensions ['ignore', 'ignore_ament_install']
[19.414s] Level 1:colcon.colcon_core.package_identification:_identify(src) by extension 'ignore'
[19.414s] Level 1:colcon.colcon_core.package_identification:_identify(src) by extension 'ignore_ament_install'
[19.414s] Level 1:colcon.colcon_core.package_identification:_identify(src) by extensions ['colcon_pkg']
[19.414s] Level 1:colcon.colcon_core.package_identification:_identify(src) by extension 'colcon_pkg'
[19.415s] Level 1:colcon.colcon_core.package_identification:_identify(src) by extensions ['colcon_meta']
[19.415s] Level 1:colcon.colcon_core.package_identification:_identify(src) by extension 'colcon_meta'
[19.415s] Level 1:colcon.colcon_core.package_identification:_identify(src) by extensions ['ros']
[19.415s] Level 1:colcon.colcon_core.package_identification:_identify(src) by extension 'ros'
[19.415s] Level 1:colcon.colcon_core.package_identification:_identify(src) by extensions ['cmake', 'python']
[19.415s] Level 1:colcon.colcon_core.package_identification:_identify(src) by extension 'cmake'
[19.415s] Level 1:colcon.colcon_core.package_identification:_identify(src) by extension 'python'
[19.415s] Level 1:colcon.colcon_core.package_identification:_identify(src) by extensions ['python_setup_py']
[19.415s] Level 1:colcon.colcon_core.package_identification:_identify(src) by extension 'python_setup_py'
[19.415s] Level 1:colcon.colcon_core.package_identification:_identify(src/my_py_pkg) by extensions ['ignore', 'ignore_ament_install']
[19.415s] Level 1:colcon.colcon_core.package_identification:_identify(src/my_py_pkg) by extension 'ignore'
[19.415s] Level 1:colcon.colcon_core.package_identification:_identify(src/my_py_pkg) by extension 'ignore_ament_install'
[19.416s] Level 1:colcon.colcon_core.package_identification:_identify(src/my_py_pkg) by extensions ['colcon_pkg']
[19.416s] Level 1:colcon.colcon_core.package_identification:_identify(src/my_py_pkg) by extension 'colcon_pkg'
[19.416s] Level 1:colcon.colcon_core.package_identification:_identify(src/my_py_pkg) by extensions ['colcon_meta']
[19.416s] Level 1:colcon.colcon_core.package_identification:_identify(src/my_py_pkg) by extension 'colcon_meta'
[19.416s] Level 1:colcon.colcon_core.package_identification:_identify(src/my_py_pkg) by extensions ['ros']
[19.416s] Level 1:colcon.colcon_core.package_identification:_identify(src/my_py_pkg) by extension 'ros'
[19.421s] DEBUG:colcon.colcon_core.package_identification:Package 'src/my_py_pkg' with type 'ros.ament_python' and name 'my_py_pkg'
[19.421s] Level 1:colcon.colcon_core.package_identification:_identify(src/my_robot_interfaces) by extensions ['ignore', 'ignore_ament_install']
[19.421s] Level 1:colcon.colcon_core.package_identification:_identify(src/my_robot_interfaces) by extension 'ignore'
[19.421s] Level 1:colcon.colcon_core.package_identification:_identify(src/my_robot_interfaces) by extension 'ignore_ament_install'
[19.422s] Level 1:colcon.colcon_core.package_identification:_identify(src/my_robot_interfaces) by extensions ['colcon_pkg']
[19.422s] Level 1:colcon.colcon_core.package_identification:_identify(src/my_robot_interfaces) by extension 'colcon_pkg'
[19.422s] Level 1:colcon.colcon_core.package_identification:_identify(src/my_robot_interfaces) by extensions ['colcon_meta']
[19.422s] Level 1:colcon.colcon_core.package_identification:_identify(src/my_robot_interfaces) by extension 'colcon_meta'
[19.422s] Level 1:colcon.colcon_core.package_identification:_identify(src/my_robot_interfaces) by extensions ['ros']
[19.422s] Level 1:colcon.colcon_core.package_identification:_identify(src/my_robot_interfaces) by extension 'ros'
[19.423s] DEBUG:colcon.colcon_core.package_identification:Package 'src/my_robot_interfaces' with type 'ros.ament_cmake' and name 'my_robot_interfaces'
[19.423s] Level 1:colcon.colcon_core.package_discovery:discover_packages(recursive) using defaults
[19.423s] Level 1:colcon.colcon_core.package_discovery:discover_packages(ignore) discover
[19.423s] Level 1:colcon.colcon_core.package_discovery:discover_packages(ignore) using defaults
[19.423s] Level 1:colcon.colcon_core.package_discovery:discover_packages(path) discover
[19.423s] Level 1:colcon.colcon_core.package_discovery:discover_packages(path) using defaults
[21.144s] Level 1:colcon.colcon_core.package_discovery:discover_packages(prefix_path) check parameters
[21.144s] Level 1:colcon.colcon_core.package_discovery:discover_packages(prefix_path) discover
[21.840s] DEBUG:colcon.colcon_installed_package_information.package_discovery:Found 2 installed packages in /home/alper/ros2_ws/install
[22.180s] DEBUG:colcon.colcon_installed_package_information.package_discovery:Found 263 installed packages in /opt/ros/foxy
[22.183s] Level 1:colcon.colcon_core.package_discovery:discover_packages(prefix_path) using defaults
[22.978s] Level 5:colcon.colcon_core.verb:set package 'my_robot_interfaces' build argument 'cmake_args' from command line to 'None'
[22.978s] Level 5:colcon.colcon_core.verb:set package 'my_robot_interfaces' build argument 'cmake_target' from command line to 'None'
[22.978s] Level 5:colcon.colcon_core.verb:set package 'my_robot_interfaces' build argument 'cmake_target_skip_unavailable' from command line to 'False'
[22.978s] Level 5:colcon.colcon_core.verb:set package 'my_robot_interfaces' build argument 'cmake_clean_cache' from command line to 'False'
[22.978s] Level 5:colcon.colcon_core.verb:set package 'my_robot_interfaces' build argument 'cmake_clean_first' from command line to 'False'
[22.978s] Level 5:colcon.colcon_core.verb:set package 'my_robot_interfaces' build argument 'cmake_force_configure' from command line to 'False'
[22.978s] Level 5:colcon.colcon_core.verb:set package 'my_robot_interfaces' build argument 'ament_cmake_args' from command line to 'None'
[22.978s] Level 5:colcon.colcon_core.verb:set package 'my_robot_interfaces' build argument 'catkin_cmake_args' from command line to 'None'
[22.978s] Level 5:colcon.colcon_core.verb:set package 'my_robot_interfaces' build argument 'catkin_skip_building_tests' from command line to 'False'
[22.978s] DEBUG:colcon.colcon_core.verb:Building package 'my_robot_interfaces' with the following arguments: {'ament_cmake_args': None, 'build_base': '/home/alper/ros2_ws/build/my_robot_interfaces', 'catkin_cmake_args': None, 'catkin_skip_building_tests': False, 'cmake_args': None, 'cmake_clean_cache': False, 'cmake_clean_first': False, 'cmake_force_configure': False, 'cmake_target': None, 'cmake_target_skip_unavailable': False, 'install_base': '/home/alper/ros2_ws/install/my_robot_interfaces', 'merge_install': False, 'path': '/home/alper/ros2_ws/src/my_robot_interfaces', 'symlink_install': True, 'test_result_base': None}
[23.313s] Level 5:colcon.colcon_core.verb:set package 'my_py_pkg' build argument 'cmake_args' from command line to 'None'
[23.313s] Level 5:colcon.colcon_core.verb:set package 'my_py_pkg' build argument 'cmake_target' from command line to 'None'
[23.313s] Level 5:colcon.colcon_core.verb:set package 'my_py_pkg' build argument 'cmake_target_skip_unavailable' from command line to 'False'
[23.313s] Level 5:colcon.colcon_core.verb:set package 'my_py_pkg' build argument 'cmake_clean_cache' from command line to 'False'
[23.313s] Level 5:colcon.colcon_core.verb:set package 'my_py_pkg' build argument 'cmake_clean_first' from command line to 'False'
[23.313s] Level 5:colcon.colcon_core.verb:set package 'my_py_pkg' build argument 'cmake_force_configure' from command line to 'False'
[23.313s] Level 5:colcon.colcon_core.verb:set package 'my_py_pkg' build argument 'ament_cmake_args' from command line to 'None'
[23.314s] Level 5:colcon.colcon_core.verb:set package 'my_py_pkg' build argument 'catkin_cmake_args' from command line to 'None'
[23.314s] Level 5:colcon.colcon_core.verb:set package 'my_py_pkg' build argument 'catkin_skip_building_tests' from command line to 'False'
[23.314s] DEBUG:colcon.colcon_core.verb:Building package 'my_py_pkg' with the following arguments: {'ament_cmake_args': None, 'build_base': '/home/alper/ros2_ws/build/my_py_pkg', 'catkin_cmake_args': None, 'catkin_skip_building_tests': False, 'cmake_args': None, 'cmake_clean_cache': False, 'cmake_clean_first': False, 'cmake_force_configure': False, 'cmake_target': None, 'cmake_target_skip_unavailable': False, 'install_base': '/home/alper/ros2_ws/install/my_py_pkg', 'merge_install': False, 'path': '/home/alper/ros2_ws/src/my_py_pkg', 'symlink_install': True, 'test_result_base': None}
[23.647s] INFO:colcon.colcon_core.executor:Executing jobs using 'parallel' executor
[23.983s] DEBUG:colcon.colcon_parallel_executor.executor.parallel:run_until_complete
[23.983s] INFO:colcon.colcon_ros.task.ament_cmake.build:Building ROS package in '/home/alper/ros2_ws/src/my_robot_interfaces' with build type 'ament_cmake'
[23.983s] INFO:colcon.colcon_cmake.task.cmake.build:Building CMake package in '/home/alper/ros2_ws/src/my_robot_interfaces'
[24.350s] INFO:colcon.colcon_core.plugin_system:Skipping extension 'colcon_core.shell.bat': Not used on non-Windows systems
[24.351s] INFO:colcon.colcon_core.shell:Skip shell extension 'powershell' for command environment: Not usable outside of PowerShell
[24.351s] DEBUG:colcon.colcon_core.shell:Skip shell extension 'dsv' for command environment
[25.425s] DEBUG:colcon.colcon_core.event_handler.log_command:Invoking command in '/home/alper/ros2_ws/build/my_robot_interfaces': CMAKE_PREFIX_PATH=${CMAKE_PREFIX_PATH}:/home/alper/ros2_ws/install/my_py_pkg:/opt/ros/foxy /usr/bin/cmake --build /home/alper/ros2_ws/build/my_robot_interfaces -- -j8 -l8
[25.595s] DEBUG:colcon.colcon_core.event_handler.log_command:Invoked command in '/home/alper/ros2_ws/build/my_robot_interfaces' returned '0': CMAKE_PREFIX_PATH=${CMAKE_PREFIX_PATH}:/home/alper/ros2_ws/install/my_py_pkg:/opt/ros/foxy /usr/bin/cmake --build /home/alper/ros2_ws/build/my_robot_interfaces -- -j8 -l8
[25.709s] DEBUG:colcon.colcon_core.event_handler.log_command:Invoking command in '/home/alper/ros2_ws/build/my_robot_interfaces': CMAKE_PREFIX_PATH=${CMAKE_PREFIX_PATH}:/home/alper/ros2_ws/install/my_py_pkg:/opt/ros/foxy /usr/bin/cmake --install /home/alper/ros2_ws/build/my_robot_interfaces
[25.812s] Level 1:colcon.colcon_core.environment:create_environment_scripts_only(my_robot_interfaces)
[25.813s] DEBUG:colcon.colcon_core.event_handler.log_command:Invoked command in '/home/alper/ros2_ws/build/my_robot_interfaces' returned '0': CMAKE_PREFIX_PATH=${CMAKE_PREFIX_PATH}:/home/alper/ros2_ws/install/my_py_pkg:/opt/ros/foxy /usr/bin/cmake --install /home/alper/ros2_ws/build/my_robot_interfaces
[26.166s] Level 1:colcon.colcon_core.environment:checking '/home/alper/ros2_ws/install/my_robot_interfaces' for CMake module files
[26.167s] Level 1:colcon.colcon_core.environment:checking '/home/alper/ros2_ws/install/my_robot_interfaces' for CMake config files
[26.168s] Level 1:colcon.colcon_core.shell:create_environment_hook('my_robot_interfaces', 'cmake_prefix_path')
[26.525s] INFO:colcon.colcon_core.shell:Creating environment hook '/home/alper/ros2_ws/install/my_robot_interfaces/share/my_robot_interfaces/hook/cmake_prefix_path.ps1'
[26.526s] INFO:colcon.colcon_core.shell:Creating environment descriptor '/home/alper/ros2_ws/install/my_robot_interfaces/share/my_robot_interfaces/hook/cmake_prefix_path.dsv'
[26.526s] INFO:colcon.colcon_core.shell:Creating environment hook '/home/alper/ros2_ws/install/my_robot_interfaces/share/my_robot_interfaces/hook/cmake_prefix_path.sh'
[26.528s] Level 1:colcon.colcon_core.environment:checking '/home/alper/ros2_ws/install/my_robot_interfaces/lib'
[26.528s] Level 1:colcon.colcon_core.shell:create_environment_hook('my_robot_interfaces', 'ld_library_path_lib')
[26.864s] INFO:colcon.colcon_core.shell:Creating environment hook '/home/alper/ros2_ws/install/my_robot_interfaces/share/my_robot_interfaces/hook/ld_library_path_lib.ps1'
[26.866s] INFO:colcon.colcon_core.shell:Creating environment descriptor '/home/alper/ros2_ws/install/my_robot_interfaces/share/my_robot_interfaces/hook/ld_library_path_lib.dsv'
[26.866s] INFO:colcon.colcon_core.shell:Creating environment hook '/home/alper/ros2_ws/install/my_robot_interfaces/share/my_robot_interfaces/hook/ld_library_path_lib.sh'
[26.867s] Level 1:colcon.colcon_core.environment:checking '/home/alper/ros2_ws/install/my_robot_interfaces/bin'
[26.867s] Level 1:colcon.colcon_core.environment:checking '/home/alper/ros2_ws/install/my_robot_interfaces/lib/pkgconfig/my_robot_interfaces.pc'
[26.867s] Level 1:colcon.colcon_core.environment:checking '/home/alper/ros2_ws/install/my_robot_interfaces/lib/python3.8/site-packages'
[26.867s] Level 1:colcon.colcon_core.shell:create_environment_hook('my_robot_interfaces', 'pythonpath')
[27.207s] INFO:colcon.colcon_core.shell:Creating environment hook '/home/alper/ros2_ws/install/my_robot_interfaces/share/my_robot_interfaces/hook/pythonpath.ps1'
[27.208s] INFO:colcon.colcon_core.shell:Creating environment descriptor '/home/alper/ros2_ws/install/my_robot_interfaces/share/my_robot_interfaces/hook/pythonpath.dsv'
[27.208s] INFO:colcon.colcon_core.shell:Creating environment hook '/home/alper/ros2_ws/install/my_robot_interfaces/share/my_robot_interfaces/hook/pythonpath.sh'
[27.209s] Level 1:colcon.colcon_core.environment:checking '/home/alper/ros2_ws/install/my_robot_interfaces/bin'
[27.552s] INFO:colcon.colcon_core.shell:Creating package script '/home/alper/ros2_ws/install/my_robot_interfaces/share/my_robot_interfaces/package.ps1'
[27.554s] INFO:colcon.colcon_core.shell:Creating package descriptor '/home/alper/ros2_ws/install/my_robot_interfaces/share/my_robot_interfaces/package.dsv'
[27.555s] INFO:colcon.colcon_core.shell:Creating package script '/home/alper/ros2_ws/install/my_robot_interfaces/share/my_robot_interfaces/package.sh'
[27.556s] INFO:colcon.colcon_core.shell:Creating package script '/home/alper/ros2_ws/install/my_robot_interfaces/share/my_robot_interfaces/package.bash'
[27.557s] INFO:colcon.colcon_core.shell:Creating package script '/home/alper/ros2_ws/install/my_robot_interfaces/share/my_robot_interfaces/package.zsh'
[27.558s] Level 1:colcon.colcon_core.environment:create_file_with_runtime_dependencies(/home/alper/ros2_ws/install/my_robot_interfaces/share/colcon-core/packages/my_robot_interfaces)
[28.017s] Level 1:colcon.colcon_core.environment:create_environment_scripts_only(my_robot_interfaces)
[28.369s] Level 1:colcon.colcon_core.environment:checking '/home/alper/ros2_ws/install/my_robot_interfaces' for CMake module files
[28.370s] Level 1:colcon.colcon_core.environment:checking '/home/alper/ros2_ws/install/my_robot_interfaces' for CMake config files
[28.371s] Level 1:colcon.colcon_core.shell:create_environment_hook('my_robot_interfaces', 'cmake_prefix_path')
[28.721s] INFO:colcon.colcon_core.shell:Creating environment hook '/home/alper/ros2_ws/install/my_robot_interfaces/share/my_robot_interfaces/hook/cmake_prefix_path.ps1'
[28.722s] INFO:colcon.colcon_core.shell:Creating environment descriptor '/home/alper/ros2_ws/install/my_robot_interfaces/share/my_robot_interfaces/hook/cmake_prefix_path.dsv'
[28.722s] INFO:colcon.colcon_core.shell:Creating environment hook '/home/alper/ros2_ws/install/my_robot_interfaces/share/my_robot_interfaces/hook/cmake_prefix_path.sh'
[28.723s] Level 1:colcon.colcon_core.environment:checking '/home/alper/ros2_ws/install/my_robot_interfaces/lib'
[28.723s] Level 1:colcon.colcon_core.shell:create_environment_hook('my_robot_interfaces', 'ld_library_path_lib')
[29.076s] INFO:colcon.colcon_core.shell:Creating environment hook '/home/alper/ros2_ws/install/my_robot_interfaces/share/my_robot_interfaces/hook/ld_library_path_lib.ps1'
[29.077s] INFO:colcon.colcon_core.shell:Creating environment descriptor '/home/alper/ros2_ws/install/my_robot_interfaces/share/my_robot_interfaces/hook/ld_library_path_lib.dsv'
[29.078s] INFO:colcon.colcon_core.shell:Creating environment hook '/home/alper/ros2_ws/install/my_robot_interfaces/share/my_robot_interfaces/hook/ld_library_path_lib.sh'
[29.078s] Level 1:colcon.colcon_core.environment:checking '/home/alper/ros2_ws/install/my_robot_interfaces/bin'
[29.078s] Level 1:colcon.colcon_core.environment:checking '/home/alper/ros2_ws/install/my_robot_interfaces/lib/pkgconfig/my_robot_interfaces.pc'
[29.079s] Level 1:colcon.colcon_core.environment:checking '/home/alper/ros2_ws/install/my_robot_interfaces/lib/python3.8/site-packages'
[29.079s] Level 1:colcon.colcon_core.shell:create_environment_hook('my_robot_interfaces', 'pythonpath')
[29.442s] INFO:colcon.colcon_core.shell:Creating environment hook '/home/alper/ros2_ws/install/my_robot_interfaces/share/my_robot_interfaces/hook/pythonpath.ps1'
[29.442s] INFO:colcon.colcon_core.shell:Creating environment descriptor '/home/alper/ros2_ws/install/my_robot_interfaces/share/my_robot_interfaces/hook/pythonpath.dsv'
[29.443s] INFO:colcon.colcon_core.shell:Creating environment hook '/home/alper/ros2_ws/install/my_robot_interfaces/share/my_robot_interfaces/hook/pythonpath.sh'
[29.444s] Level 1:colcon.colcon_core.environment:checking '/home/alper/ros2_ws/install/my_robot_interfaces/bin'
[29.787s] INFO:colcon.colcon_core.shell:Creating package script '/home/alper/ros2_ws/install/my_robot_interfaces/share/my_robot_interfaces/package.ps1'
[29.788s] INFO:colcon.colcon_core.shell:Creating package descriptor '/home/alper/ros2_ws/install/my_robot_interfaces/share/my_robot_interfaces/package.dsv'
[29.789s] INFO:colcon.colcon_core.shell:Creating package script '/home/alper/ros2_ws/install/my_robot_interfaces/share/my_robot_interfaces/package.sh'
[29.790s] INFO:colcon.colcon_core.shell:Creating package script '/home/alper/ros2_ws/install/my_robot_interfaces/share/my_robot_interfaces/package.bash'
[29.790s] INFO:colcon.colcon_core.shell:Creating package script '/home/alper/ros2_ws/install/my_robot_interfaces/share/my_robot_interfaces/package.zsh'
[29.791s] Level 1:colcon.colcon_core.environment:create_file_with_runtime_dependencies(/home/alper/ros2_ws/install/my_robot_interfaces/share/colcon-core/packages/my_robot_interfaces)
[29.791s] INFO:colcon.colcon_ros.task.ament_python.build:Building ROS package in '/home/alper/ros2_ws/src/my_py_pkg' with build type 'ament_python'
[29.791s] Level 1:colcon.colcon_core.shell:create_environment_hook('my_py_pkg', 'ament_prefix_path')
[30.149s] INFO:colcon.colcon_core.shell:Creating environment hook '/home/alper/ros2_ws/install/my_py_pkg/share/my_py_pkg/hook/ament_prefix_path.ps1'
[30.149s] INFO:colcon.colcon_core.shell:Creating environment descriptor '/home/alper/ros2_ws/install/my_py_pkg/share/my_py_pkg/hook/ament_prefix_path.dsv'
[30.150s] INFO:colcon.colcon_core.shell:Creating environment hook '/home/alper/ros2_ws/install/my_py_pkg/share/my_py_pkg/hook/ament_prefix_path.sh'
[30.519s] INFO:colcon.colcon_core.shell:Skip shell extension 'powershell' for command environment: Not usable outside of PowerShell
[30.519s] DEBUG:colcon.colcon_core.shell:Skip shell extension 'dsv' for command environment
[32.127s] INFO:colcon.colcon_core.task.python.build:Building Python package in '/home/alper/ros2_ws/src/my_py_pkg'
[32.482s] INFO:colcon.colcon_core.shell:Skip shell extension 'powershell' for command environment: Not usable outside of PowerShell
[32.482s] DEBUG:colcon.colcon_core.shell:Skip shell extension 'dsv' for command environment
[34.400s] DEBUG:colcon.colcon_core.event_handler.log_command:Invoking command in '/home/alper/ros2_ws/build/my_py_pkg': PYTHONPATH=/home/alper/ros2_ws/build/my_py_pkg/prefix_override:/home/alper/ros2_ws/install/my_py_pkg/lib/python3.8/site-packages:/home/alper/ros2_ws/install/my_robot_interfaces/lib/python3.8/site-packages:/home/alper/ros2_ws/build/my_py_pkg:/home/alper/ros2_ws/install/my_py_pkg/lib/python3.8/site-packages:/opt/ros/foxy/lib/python3.8/site-packages /usr/bin/python3 setup.py develop --editable --build-directory /home/alper/ros2_ws/build/my_py_pkg/build --no-deps install_data
[35.480s] Level 1:colcon.colcon_core.shell:create_environment_hook('my_py_pkg', 'pythonpath_develop')
[35.481s] DEBUG:colcon.colcon_core.event_handler.log_command:Invoked command in '/home/alper/ros2_ws/build/my_py_pkg' returned '0': PYTHONPATH=/home/alper/ros2_ws/build/my_py_pkg/prefix_override:/home/alper/ros2_ws/install/my_py_pkg/lib/python3.8/site-packages:/home/alper/ros2_ws/install/my_robot_interfaces/lib/python3.8/site-packages:/home/alper/ros2_ws/build/my_py_pkg:/home/alper/ros2_ws/install/my_py_pkg/lib/python3.8/site-packages:/opt/ros/foxy/lib/python3.8/site-packages /usr/bin/python3 setup.py develop --editable --build-directory /home/alper/ros2_ws/build/my_py_pkg/build --no-deps install_data
[35.826s] INFO:colcon.colcon_core.shell:Creating environment hook '/home/alper/ros2_ws/build/my_py_pkg/share/my_py_pkg/hook/pythonpath_develop.ps1'
[35.827s] INFO:colcon.colcon_core.shell:Creating environment descriptor '/home/alper/ros2_ws/build/my_py_pkg/share/my_py_pkg/hook/pythonpath_develop.dsv'
[35.827s] INFO:colcon.colcon_core.shell:Creating environment hook '/home/alper/ros2_ws/build/my_py_pkg/share/my_py_pkg/hook/pythonpath_develop.sh'
[36.174s] Level 1:colcon.colcon_core.environment:checking '/home/alper/ros2_ws/install/my_py_pkg' for CMake module files
[36.175s] Level 1:colcon.colcon_core.environment:checking '/home/alper/ros2_ws/install/my_py_pkg' for CMake config files
[36.175s] Level 1:colcon.colcon_core.environment:checking '/home/alper/ros2_ws/install/my_py_pkg/lib'
[36.175s] Level 1:colcon.colcon_core.environment:checking '/home/alper/ros2_ws/install/my_py_pkg/bin'
[36.176s] Level 1:colcon.colcon_core.environment:checking '/home/alper/ros2_ws/install/my_py_pkg/lib/pkgconfig/my_py_pkg.pc'
[36.176s] Level 1:colcon.colcon_core.environment:checking '/home/alper/ros2_ws/install/my_py_pkg/lib/python3.8/site-packages'
[36.176s] Level 1:colcon.colcon_core.shell:create_environment_hook('my_py_pkg', 'pythonpath')
[36.514s] INFO:colcon.colcon_core.shell:Creating environment hook '/home/alper/ros2_ws/install/my_py_pkg/share/my_py_pkg/hook/pythonpath.ps1'
[36.515s] INFO:colcon.colcon_core.shell:Creating environment descriptor '/home/alper/ros2_ws/install/my_py_pkg/share/my_py_pkg/hook/pythonpath.dsv'
[36.515s] INFO:colcon.colcon_core.shell:Creating environment hook '/home/alper/ros2_ws/install/my_py_pkg/share/my_py_pkg/hook/pythonpath.sh'
[36.516s] Level 1:colcon.colcon_core.environment:checking '/home/alper/ros2_ws/install/my_py_pkg/bin'
[36.516s] Level 1:colcon.colcon_core.environment:create_environment_scripts_only(my_py_pkg)
[36.858s] INFO:colcon.colcon_core.shell:Creating package script '/home/alper/ros2_ws/install/my_py_pkg/share/my_py_pkg/package.ps1'
[36.859s] INFO:colcon.colcon_core.shell:Creating package descriptor '/home/alper/ros2_ws/install/my_py_pkg/share/my_py_pkg/package.dsv'
[36.859s] INFO:colcon.colcon_core.shell:Creating package script '/home/alper/ros2_ws/install/my_py_pkg/share/my_py_pkg/package.sh'
[36.860s] INFO:colcon.colcon_core.shell:Creating package script '/home/alper/ros2_ws/install/my_py_pkg/share/my_py_pkg/package.bash'
[36.860s] INFO:colcon.colcon_core.shell:Creating package script '/home/alper/ros2_ws/install/my_py_pkg/share/my_py_pkg/package.zsh'
[36.861s] Level 1:colcon.colcon_core.environment:create_file_with_runtime_dependencies(/home/alper/ros2_ws/install/my_py_pkg/share/colcon-core/packages/my_py_pkg)
[36.861s] DEBUG:colcon.colcon_parallel_executor.executor.parallel:closing loop
[36.862s] DEBUG:colcon.colcon_parallel_executor.executor.parallel:loop closed
[36.862s] DEBUG:colcon.colcon_parallel_executor.executor.parallel:run_until_complete finished with '0'
[36.862s] DEBUG:colcon.colcon_core.event_reactor:joining thread
[37.227s] INFO:colcon.colcon_core.plugin_system:Skipping extension 'colcon_notification.desktop_notification.terminal_notifier': Not used on non-Darwin systems
[37.228s] INFO:colcon.colcon_core.plugin_system:Skipping extension 'colcon_notification.desktop_notification.win32': Not used on non-Windows systems
[37.228s] INFO:colcon.colcon_notification.desktop_notification:Sending desktop notification using 'notify2'
[37.243s] DEBUG:colcon.colcon_core.event_reactor:joined thread
[37.599s] INFO:colcon.colcon_core.shell:Creating prefix script '/home/alper/ros2_ws/install/local_setup.ps1'
[37.601s] INFO:colcon.colcon_core.shell:Creating prefix util module '/home/alper/ros2_ws/install/_local_setup_util_ps1.py'
[37.603s] INFO:colcon.colcon_core.shell:Creating prefix chain script '/home/alper/ros2_ws/install/setup.ps1'
[37.943s] INFO:colcon.colcon_core.shell:Creating prefix script '/home/alper/ros2_ws/install/local_setup.sh'
[37.944s] INFO:colcon.colcon_core.shell:Creating prefix util module '/home/alper/ros2_ws/install/_local_setup_util_sh.py'
[37.945s] INFO:colcon.colcon_core.shell:Creating prefix chain script '/home/alper/ros2_ws/install/setup.sh'
[38.293s] INFO:colcon.colcon_core.shell:Creating prefix script '/home/alper/ros2_ws/install/local_setup.bash'
[38.294s] INFO:colcon.colcon_core.shell:Creating prefix chain script '/home/alper/ros2_ws/install/setup.bash'
[38.651s] INFO:colcon.colcon_core.shell:Creating prefix script '/home/alper/ros2_ws/install/local_setup.zsh'
[38.652s] INFO:colcon.colcon_core.shell:Creating prefix chain script '/home/alper/ros2_ws/install/setup.zsh'
