[1.397s] Invoking command in '/home/alper/ros2_ws/build/my_robot_interfaces': CMAKE_PREFIX_PATH=${CMAKE_PREFIX_PATH}:/home/alper/ros2_ws/install/turtlesim_catch_them_all:/home/alper/ros2_ws/install/my_py_pkg:/opt/ros/foxy /usr/bin/cmake /home/alper/ros2_ws/src/my_robot_interfaces -DCMAKE_INSTALL_PREFIX=/home/alper/ros2_ws/install/my_robot_interfaces
[1.415s] -- Found ament_cmake: 0.9.12 (/opt/ros/foxy/share/ament_cmake/cmake)
[1.461s] -- Found PythonInterp: /usr/bin/python3 (found suitable version "3.8.10", minimum required is "3") 
[1.461s] -- Using PYTHON_EXECUTABLE: /usr/bin/python3
[1.886s] -- Override CMake install command with custom implementation using symlinks instead of copying resources
[1.898s] -- Found rosidl_default_generators: 1.0.1 (/opt/ros/foxy/share/rosidl_default_generators/cmake)
[1.901s] -- Using all available rosidl_typesupport_c: rosidl_typesupport_fastrtps_c;rosidl_typesupport_introspection_c
[1.907s] -- Found rosidl_adapter: 1.3.1 (/opt/ros/foxy/share/rosidl_adapter/cmake)
[2.128s] -- Using all available rosidl_typesupport_cpp: rosidl_typesupport_fastrtps_cpp;rosidl_typesupport_introspection_cpp
[2.207s] -- Found PythonInterp: /usr/bin/python3 (found version "3.8.10") 
[2.458s] -- Found ament_cmake_ros: 0.9.2 (/opt/ros/foxy/share/ament_cmake_ros/cmake)
[2.619s] -- Using all available rosidl_typesupport_c: rosidl_typesupport_fastrtps_c;rosidl_typesupport_introspection_c
[2.632s] -- Using all available rosidl_typesupport_cpp: rosidl_typesupport_fastrtps_cpp;rosidl_typesupport_introspection_cpp
[2.683s] -- Found PythonInterp: /usr/bin/python3 (found suitable version "3.8.10", minimum required is "3.5") 
[2.683s] -- Found python_cmake_module: 0.8.1 (/opt/ros/foxy/share/python_cmake_module/cmake)
[2.736s] -- Using PYTHON_EXECUTABLE: /usr/bin/python3
[2.736s] -- Using PYTHON_INCLUDE_DIRS: /usr/include/python3.8
[2.737s] -- Using PYTHON_LIBRARIES: /usr/lib/x86_64-linux-gnu/libpython3.8.so
[2.775s] -- Configuring done
[2.843s] -- Generating done
[2.848s] -- Build files have been written to: /home/alper/ros2_ws/build/my_robot_interfaces
[2.862s] Invoked command in '/home/alper/ros2_ws/build/my_robot_interfaces' returned '0': CMAKE_PREFIX_PATH=${CMAKE_PREFIX_PATH}:/home/alper/ros2_ws/install/turtlesim_catch_them_all:/home/alper/ros2_ws/install/my_py_pkg:/opt/ros/foxy /usr/bin/cmake /home/alper/ros2_ws/src/my_robot_interfaces -DCMAKE_INSTALL_PREFIX=/home/alper/ros2_ws/install/my_robot_interfaces
[2.867s] Invoking command in '/home/alper/ros2_ws/build/my_robot_interfaces': CMAKE_PREFIX_PATH=${CMAKE_PREFIX_PATH}:/home/alper/ros2_ws/install/turtlesim_catch_them_all:/home/alper/ros2_ws/install/my_py_pkg:/opt/ros/foxy /usr/bin/cmake --build /home/alper/ros2_ws/build/my_robot_interfaces -- -j8 -l8
[2.905s] [  1%] Built target my_robot_interfaces__cpp
[2.910s] [ 12%] Built target my_robot_interfaces__rosidl_generator_c
[2.930s] [ 35%] Built target my_robot_interfaces__rosidl_typesupport_c
[2.930s] [ 35%] Built target my_robot_interfaces__rosidl_typesupport_introspection_c
[2.931s] [ 46%] Built target my_robot_interfaces__rosidl_typesupport_introspection_cpp
[2.934s] [ 57%] Built target my_robot_interfaces__rosidl_typesupport_cpp
[2.934s] [ 69%] Built target my_robot_interfaces__rosidl_typesupport_fastrtps_cpp
[2.962s] [ 80%] Built target my_robot_interfaces__rosidl_typesupport_fastrtps_c
[2.975s] [ 80%] Built target my_robot_interfaces
[2.991s] [ 81%] Built target my_robot_interfaces__py
[3.018s] [ 91%] Built target my_robot_interfaces__python
[3.036s] [100%] Built target my_robot_interfaces__rosidl_typesupport_c__pyext
[3.036s] [100%] Built target my_robot_interfaces__rosidl_typesupport_introspection_c__pyext
[3.037s] [100%] Built target my_robot_interfaces__rosidl_typesupport_fastrtps_c__pyext
[3.044s] Invoked command in '/home/alper/ros2_ws/build/my_robot_interfaces' returned '0': CMAKE_PREFIX_PATH=${CMAKE_PREFIX_PATH}:/home/alper/ros2_ws/install/turtlesim_catch_them_all:/home/alper/ros2_ws/install/my_py_pkg:/opt/ros/foxy /usr/bin/cmake --build /home/alper/ros2_ws/build/my_robot_interfaces -- -j8 -l8
[3.188s] Invoking command in '/home/alper/ros2_ws/build/my_robot_interfaces': CMAKE_PREFIX_PATH=${CMAKE_PREFIX_PATH}:/home/alper/ros2_ws/install/turtlesim_catch_them_all:/home/alper/ros2_ws/install/my_py_pkg:/opt/ros/foxy /usr/bin/cmake --install /home/alper/ros2_ws/build/my_robot_interfaces
[3.196s] -- Install configuration: ""
[3.197s] -- Execute custom install script
[3.197s] -- Up-to-date symlink: /home/alper/ros2_ws/install/my_robot_interfaces/share/ament_index/resource_index/rosidl_interfaces/my_robot_interfaces
[3.198s] -- Up-to-date symlink: /home/alper/ros2_ws/install/my_robot_interfaces/include/my_robot_interfaces/msg/detail/hardware_status__functions.h
[3.198s] -- Up-to-date symlink: /home/alper/ros2_ws/install/my_robot_interfaces/include/my_robot_interfaces/msg/detail/hardware_status__struct.h
[3.198s] -- Up-to-date symlink: /home/alper/ros2_ws/install/my_robot_interfaces/include/my_robot_interfaces/msg/detail/hardware_status__type_support.h
[3.198s] -- Up-to-date symlink: /home/alper/ros2_ws/install/my_robot_interfaces/include/my_robot_interfaces/msg/detail/led_states__functions.h
[3.199s] -- Up-to-date symlink: /home/alper/ros2_ws/install/my_robot_interfaces/include/my_robot_interfaces/msg/detail/led_states__struct.h
[3.199s] -- Up-to-date symlink: /home/alper/ros2_ws/install/my_robot_interfaces/include/my_robot_interfaces/msg/detail/led_states__type_support.h
[3.199s] -- Up-to-date symlink: /home/alper/ros2_ws/install/my_robot_interfaces/include/my_robot_interfaces/msg/detail/turtle__functions.h
[3.199s] -- Up-to-date symlink: /home/alper/ros2_ws/install/my_robot_interfaces/include/my_robot_interfaces/msg/detail/turtle__struct.h
[3.199s] -- Up-to-date symlink: /home/alper/ros2_ws/install/my_robot_interfaces/include/my_robot_interfaces/msg/detail/turtle__type_support.h
[3.199s] -- Up-to-date symlink: /home/alper/ros2_ws/install/my_robot_interfaces/include/my_robot_interfaces/msg/detail/turtle_array__functions.h
[3.200s] -- Up-to-date symlink: /home/alper/ros2_ws/install/my_robot_interfaces/include/my_robot_interfaces/msg/detail/turtle_array__struct.h
[3.200s] -- Up-to-date symlink: /home/alper/ros2_ws/install/my_robot_interfaces/include/my_robot_interfaces/msg/detail/turtle_array__type_support.h
[3.200s] -- Up-to-date symlink: /home/alper/ros2_ws/install/my_robot_interfaces/include/my_robot_interfaces/msg/hardware_status.h
[3.200s] -- Up-to-date symlink: /home/alper/ros2_ws/install/my_robot_interfaces/include/my_robot_interfaces/msg/led_states.h
[3.200s] -- Up-to-date symlink: /home/alper/ros2_ws/install/my_robot_interfaces/include/my_robot_interfaces/msg/rosidl_generator_c__visibility_control.h
[3.201s] -- Up-to-date symlink: /home/alper/ros2_ws/install/my_robot_interfaces/include/my_robot_interfaces/msg/turtle.h
[3.201s] -- Up-to-date symlink: /home/alper/ros2_ws/install/my_robot_interfaces/include/my_robot_interfaces/msg/turtle_array.h
[3.201s] -- Up-to-date symlink: /home/alper/ros2_ws/install/my_robot_interfaces/include/my_robot_interfaces/srv/compute_rectangle_area.h
[3.201s] -- Up-to-date symlink: /home/alper/ros2_ws/install/my_robot_interfaces/include/my_robot_interfaces/srv/detail/compute_rectangle_area__functions.h
[3.201s] -- Up-to-date symlink: /home/alper/ros2_ws/install/my_robot_interfaces/include/my_robot_interfaces/srv/detail/compute_rectangle_area__struct.h
[3.201s] -- Up-to-date symlink: /home/alper/ros2_ws/install/my_robot_interfaces/include/my_robot_interfaces/srv/detail/compute_rectangle_area__type_support.h
[3.202s] -- Up-to-date symlink: /home/alper/ros2_ws/install/my_robot_interfaces/include/my_robot_interfaces/srv/detail/set_led__functions.h
[3.202s] -- Up-to-date symlink: /home/alper/ros2_ws/install/my_robot_interfaces/include/my_robot_interfaces/srv/detail/set_led__struct.h
[3.202s] -- Up-to-date symlink: /home/alper/ros2_ws/install/my_robot_interfaces/include/my_robot_interfaces/srv/detail/set_led__type_support.h
[3.203s] -- Up-to-date symlink: /home/alper/ros2_ws/install/my_robot_interfaces/include/my_robot_interfaces/srv/set_led.h
[3.203s] -- Up-to-date symlink: /home/alper/ros2_ws/install/my_robot_interfaces/share/my_robot_interfaces/environment/library_path.sh
[3.204s] -- Up-to-date symlink: /home/alper/ros2_ws/install/my_robot_interfaces/share/my_robot_interfaces/environment/library_path.dsv
[3.205s] -- Up-to-date symlink: /home/alper/ros2_ws/install/my_robot_interfaces/include/my_robot_interfaces/msg/detail/hardware_status__rosidl_typesupport_fastrtps_c.h
[3.205s] -- Up-to-date symlink: /home/alper/ros2_ws/install/my_robot_interfaces/include/my_robot_interfaces/msg/detail/led_states__rosidl_typesupport_fastrtps_c.h
[3.205s] -- Up-to-date symlink: /home/alper/ros2_ws/install/my_robot_interfaces/include/my_robot_interfaces/msg/detail/turtle__rosidl_typesupport_fastrtps_c.h
[3.206s] -- Up-to-date symlink: /home/alper/ros2_ws/install/my_robot_interfaces/include/my_robot_interfaces/msg/detail/turtle_array__rosidl_typesupport_fastrtps_c.h
[3.206s] -- Up-to-date symlink: /home/alper/ros2_ws/install/my_robot_interfaces/include/my_robot_interfaces/msg/rosidl_typesupport_fastrtps_c__visibility_control.h
[3.206s] -- Up-to-date symlink: /home/alper/ros2_ws/install/my_robot_interfaces/include/my_robot_interfaces/srv/detail/compute_rectangle_area__rosidl_typesupport_fastrtps_c.h
[3.206s] -- Up-to-date symlink: /home/alper/ros2_ws/install/my_robot_interfaces/include/my_robot_interfaces/srv/detail/set_led__rosidl_typesupport_fastrtps_c.h
[3.206s] -- Up-to-date symlink: /home/alper/ros2_ws/install/my_robot_interfaces/lib/libmy_robot_interfaces__rosidl_typesupport_fastrtps_c.so
[3.207s] -- Up-to-date symlink: /home/alper/ros2_ws/install/my_robot_interfaces/include/my_robot_interfaces/msg/detail/hardware_status__rosidl_typesupport_fastrtps_cpp.hpp
[3.208s] -- Up-to-date symlink: /home/alper/ros2_ws/install/my_robot_interfaces/include/my_robot_interfaces/msg/detail/led_states__rosidl_typesupport_fastrtps_cpp.hpp
[3.208s] -- Up-to-date symlink: /home/alper/ros2_ws/install/my_robot_interfaces/include/my_robot_interfaces/msg/detail/turtle__rosidl_typesupport_fastrtps_cpp.hpp
[3.208s] -- Up-to-date symlink: /home/alper/ros2_ws/install/my_robot_interfaces/include/my_robot_interfaces/msg/detail/turtle_array__rosidl_typesupport_fastrtps_cpp.hpp
[3.208s] -- Up-to-date symlink: /home/alper/ros2_ws/install/my_robot_interfaces/include/my_robot_interfaces/msg/rosidl_typesupport_fastrtps_cpp__visibility_control.h
[3.208s] -- Up-to-date symlink: /home/alper/ros2_ws/install/my_robot_interfaces/include/my_robot_interfaces/srv/detail/compute_rectangle_area__rosidl_typesupport_fastrtps_cpp.hpp
[3.209s] -- Up-to-date symlink: /home/alper/ros2_ws/install/my_robot_interfaces/include/my_robot_interfaces/srv/detail/set_led__rosidl_typesupport_fastrtps_cpp.hpp
[3.209s] -- Up-to-date symlink: /home/alper/ros2_ws/install/my_robot_interfaces/lib/libmy_robot_interfaces__rosidl_typesupport_fastrtps_cpp.so
[3.210s] -- Up-to-date symlink: /home/alper/ros2_ws/install/my_robot_interfaces/include/my_robot_interfaces/msg/detail/hardware_status__rosidl_typesupport_introspection_c.h
[3.210s] -- Up-to-date symlink: /home/alper/ros2_ws/install/my_robot_interfaces/include/my_robot_interfaces/msg/detail/led_states__rosidl_typesupport_introspection_c.h
[3.210s] -- Up-to-date symlink: /home/alper/ros2_ws/install/my_robot_interfaces/include/my_robot_interfaces/msg/detail/turtle__rosidl_typesupport_introspection_c.h
[3.210s] -- Up-to-date symlink: /home/alper/ros2_ws/install/my_robot_interfaces/include/my_robot_interfaces/msg/detail/turtle_array__rosidl_typesupport_introspection_c.h
[3.210s] -- Up-to-date symlink: /home/alper/ros2_ws/install/my_robot_interfaces/include/my_robot_interfaces/msg/rosidl_typesupport_introspection_c__visibility_control.h
[3.210s] -- Up-to-date symlink: /home/alper/ros2_ws/install/my_robot_interfaces/include/my_robot_interfaces/srv/detail/compute_rectangle_area__rosidl_typesupport_introspection_c.h
[3.211s] -- Up-to-date symlink: /home/alper/ros2_ws/install/my_robot_interfaces/include/my_robot_interfaces/srv/detail/set_led__rosidl_typesupport_introspection_c.h
[3.212s] -- Up-to-date symlink: /home/alper/ros2_ws/install/my_robot_interfaces/include/my_robot_interfaces/msg/detail/hardware_status__builder.hpp
[3.212s] -- Up-to-date symlink: /home/alper/ros2_ws/install/my_robot_interfaces/include/my_robot_interfaces/msg/detail/hardware_status__struct.hpp
[3.212s] -- Up-to-date symlink: /home/alper/ros2_ws/install/my_robot_interfaces/include/my_robot_interfaces/msg/detail/hardware_status__traits.hpp
[3.212s] -- Up-to-date symlink: /home/alper/ros2_ws/install/my_robot_interfaces/include/my_robot_interfaces/msg/detail/hardware_status__type_support.hpp
[3.212s] -- Up-to-date symlink: /home/alper/ros2_ws/install/my_robot_interfaces/include/my_robot_interfaces/msg/detail/led_states__builder.hpp
[3.213s] -- Up-to-date symlink: /home/alper/ros2_ws/install/my_robot_interfaces/include/my_robot_interfaces/msg/detail/led_states__struct.hpp
[3.213s] -- Up-to-date symlink: /home/alper/ros2_ws/install/my_robot_interfaces/include/my_robot_interfaces/msg/detail/led_states__traits.hpp
[3.213s] -- Up-to-date symlink: /home/alper/ros2_ws/install/my_robot_interfaces/include/my_robot_interfaces/msg/detail/led_states__type_support.hpp
[3.213s] -- Up-to-date symlink: /home/alper/ros2_ws/install/my_robot_interfaces/include/my_robot_interfaces/msg/detail/turtle__builder.hpp
[3.213s] -- Up-to-date symlink: /home/alper/ros2_ws/install/my_robot_interfaces/include/my_robot_interfaces/msg/detail/turtle__struct.hpp
[3.213s] -- Up-to-date symlink: /home/alper/ros2_ws/install/my_robot_interfaces/include/my_robot_interfaces/msg/detail/turtle__traits.hpp
[3.214s] -- Up-to-date symlink: /home/alper/ros2_ws/install/my_robot_interfaces/include/my_robot_interfaces/msg/detail/turtle__type_support.hpp
[3.214s] -- Up-to-date symlink: /home/alper/ros2_ws/install/my_robot_interfaces/include/my_robot_interfaces/msg/detail/turtle_array__builder.hpp
[3.214s] -- Up-to-date symlink: /home/alper/ros2_ws/install/my_robot_interfaces/include/my_robot_interfaces/msg/detail/turtle_array__struct.hpp
[3.214s] -- Up-to-date symlink: /home/alper/ros2_ws/install/my_robot_interfaces/include/my_robot_interfaces/msg/detail/turtle_array__traits.hpp
[3.214s] -- Up-to-date symlink: /home/alper/ros2_ws/install/my_robot_interfaces/include/my_robot_interfaces/msg/detail/turtle_array__type_support.hpp
[3.215s] -- Up-to-date symlink: /home/alper/ros2_ws/install/my_robot_interfaces/include/my_robot_interfaces/msg/hardware_status.hpp
[3.215s] -- Up-to-date symlink: /home/alper/ros2_ws/install/my_robot_interfaces/include/my_robot_interfaces/msg/led_states.hpp
[3.215s] -- Up-to-date symlink: /home/alper/ros2_ws/install/my_robot_interfaces/include/my_robot_interfaces/msg/rosidl_generator_cpp__visibility_control.hpp
[3.215s] -- Up-to-date symlink: /home/alper/ros2_ws/install/my_robot_interfaces/include/my_robot_interfaces/msg/turtle.hpp
[3.215s] -- Up-to-date symlink: /home/alper/ros2_ws/install/my_robot_interfaces/include/my_robot_interfaces/msg/turtle_array.hpp
[3.215s] -- Up-to-date symlink: /home/alper/ros2_ws/install/my_robot_interfaces/include/my_robot_interfaces/srv/compute_rectangle_area.hpp
[3.216s] -- Up-to-date symlink: /home/alper/ros2_ws/install/my_robot_interfaces/include/my_robot_interfaces/srv/detail/compute_rectangle_area__builder.hpp
[3.216s] -- Up-to-date symlink: /home/alper/ros2_ws/install/my_robot_interfaces/include/my_robot_interfaces/srv/detail/compute_rectangle_area__struct.hpp
[3.216s] -- Up-to-date symlink: /home/alper/ros2_ws/install/my_robot_interfaces/include/my_robot_interfaces/srv/detail/compute_rectangle_area__traits.hpp
[3.216s] -- Up-to-date symlink: /home/alper/ros2_ws/install/my_robot_interfaces/include/my_robot_interfaces/srv/detail/compute_rectangle_area__type_support.hpp
[3.216s] -- Up-to-date symlink: /home/alper/ros2_ws/install/my_robot_interfaces/include/my_robot_interfaces/srv/detail/set_led__builder.hpp
[3.217s] -- Up-to-date symlink: /home/alper/ros2_ws/install/my_robot_interfaces/include/my_robot_interfaces/srv/detail/set_led__struct.hpp
[3.217s] -- Up-to-date symlink: /home/alper/ros2_ws/install/my_robot_interfaces/include/my_robot_interfaces/srv/detail/set_led__traits.hpp
[3.217s] -- Up-to-date symlink: /home/alper/ros2_ws/install/my_robot_interfaces/include/my_robot_interfaces/srv/detail/set_led__type_support.hpp
[3.217s] -- Up-to-date symlink: /home/alper/ros2_ws/install/my_robot_interfaces/include/my_robot_interfaces/srv/set_led.hpp
[3.218s] -- Up-to-date symlink: /home/alper/ros2_ws/install/my_robot_interfaces/include/my_robot_interfaces/msg/detail/hardware_status__rosidl_typesupport_introspection_cpp.hpp
[3.218s] -- Up-to-date symlink: /home/alper/ros2_ws/install/my_robot_interfaces/include/my_robot_interfaces/msg/detail/led_states__rosidl_typesupport_introspection_cpp.hpp
[3.218s] -- Up-to-date symlink: /home/alper/ros2_ws/install/my_robot_interfaces/include/my_robot_interfaces/msg/detail/turtle__rosidl_typesupport_introspection_cpp.hpp
[3.218s] -- Up-to-date symlink: /home/alper/ros2_ws/install/my_robot_interfaces/include/my_robot_interfaces/msg/detail/turtle_array__rosidl_typesupport_introspection_cpp.hpp
[3.219s] -- Up-to-date symlink: /home/alper/ros2_ws/install/my_robot_interfaces/include/my_robot_interfaces/srv/detail/compute_rectangle_area__rosidl_typesupport_introspection_cpp.hpp
[3.219s] -- Up-to-date symlink: /home/alper/ros2_ws/install/my_robot_interfaces/include/my_robot_interfaces/srv/detail/set_led__rosidl_typesupport_introspection_cpp.hpp
[3.219s] -- Up-to-date symlink: /home/alper/ros2_ws/install/my_robot_interfaces/share/my_robot_interfaces/environment/pythonpath.sh
[3.219s] -- Up-to-date symlink: /home/alper/ros2_ws/install/my_robot_interfaces/share/my_robot_interfaces/environment/pythonpath.dsv
[3.220s] -- Up-to-date symlink: /home/alper/ros2_ws/install/my_robot_interfaces/lib/python3.8/site-packages/my_robot_interfaces/__init__.py
[3.220s] -- Up-to-date symlink: /home/alper/ros2_ws/install/my_robot_interfaces/lib/python3.8/site-packages/my_robot_interfaces/msg/__init__.py
[3.220s] -- Up-to-date symlink: /home/alper/ros2_ws/install/my_robot_interfaces/lib/python3.8/site-packages/my_robot_interfaces/msg/_hardware_status.py
[3.220s] -- Up-to-date symlink: /home/alper/ros2_ws/install/my_robot_interfaces/lib/python3.8/site-packages/my_robot_interfaces/msg/_led_states.py
[3.221s] -- Up-to-date symlink: /home/alper/ros2_ws/install/my_robot_interfaces/lib/python3.8/site-packages/my_robot_interfaces/msg/_turtle.py
[3.221s] -- Up-to-date symlink: /home/alper/ros2_ws/install/my_robot_interfaces/lib/python3.8/site-packages/my_robot_interfaces/msg/_turtle_array.py
[3.221s] -- Up-to-date symlink: /home/alper/ros2_ws/install/my_robot_interfaces/lib/python3.8/site-packages/my_robot_interfaces/srv/__init__.py
[3.221s] -- Up-to-date symlink: /home/alper/ros2_ws/install/my_robot_interfaces/lib/python3.8/site-packages/my_robot_interfaces/srv/_compute_rectangle_area.py
[3.222s] -- Up-to-date symlink: /home/alper/ros2_ws/install/my_robot_interfaces/lib/python3.8/site-packages/my_robot_interfaces/srv/_set_led.py
[3.222s] -- Up-to-date symlink: /home/alper/ros2_ws/install/my_robot_interfaces/lib/python3.8/site-packages/my_robot_interfaces/my_robot_interfaces_s__rosidl_typesupport_fastrtps_c.cpython-38-x86_64-linux-gnu.so
[3.222s] -- Up-to-date symlink: /home/alper/ros2_ws/install/my_robot_interfaces/lib/python3.8/site-packages/my_robot_interfaces/my_robot_interfaces_s__rosidl_typesupport_introspection_c.cpython-38-x86_64-linux-gnu.so
[3.223s] -- Up-to-date symlink: /home/alper/ros2_ws/install/my_robot_interfaces/lib/python3.8/site-packages/my_robot_interfaces/my_robot_interfaces_s__rosidl_typesupport_c.cpython-38-x86_64-linux-gnu.so
[3.223s] -- Up-to-date symlink: /home/alper/ros2_ws/install/my_robot_interfaces/lib/libmy_robot_interfaces__python.so
[3.224s] -- Up-to-date symlink: /home/alper/ros2_ws/install/my_robot_interfaces/share/my_robot_interfaces/msg/HardwareStatus.idl
[3.224s] -- Up-to-date symlink: /home/alper/ros2_ws/install/my_robot_interfaces/share/my_robot_interfaces/msg/LedStates.idl
[3.224s] -- Up-to-date symlink: /home/alper/ros2_ws/install/my_robot_interfaces/share/my_robot_interfaces/msg/Turtle.idl
[3.224s] -- Up-to-date symlink: /home/alper/ros2_ws/install/my_robot_interfaces/share/my_robot_interfaces/msg/TurtleArray.idl
[3.225s] -- Up-to-date symlink: /home/alper/ros2_ws/install/my_robot_interfaces/share/my_robot_interfaces/srv/ComputeRectangleArea.idl
[3.225s] -- Up-to-date symlink: /home/alper/ros2_ws/install/my_robot_interfaces/share/my_robot_interfaces/srv/SetLed.idl
[3.225s] -- Up-to-date symlink: /home/alper/ros2_ws/install/my_robot_interfaces/share/my_robot_interfaces/msg/HardwareStatus.msg
[3.225s] -- Up-to-date symlink: /home/alper/ros2_ws/install/my_robot_interfaces/share/my_robot_interfaces/msg/LedStates.msg
[3.226s] -- Up-to-date symlink: /home/alper/ros2_ws/install/my_robot_interfaces/share/my_robot_interfaces/msg/Turtle.msg
[3.226s] -- Up-to-date symlink: /home/alper/ros2_ws/install/my_robot_interfaces/share/my_robot_interfaces/msg/TurtleArray.msg
[3.226s] -- Up-to-date symlink: /home/alper/ros2_ws/install/my_robot_interfaces/share/my_robot_interfaces/srv/ComputeRectangleArea.srv
[3.226s] -- Up-to-date symlink: /home/alper/ros2_ws/install/my_robot_interfaces/share/my_robot_interfaces/srv/ComputeRectangleArea_Request.msg
[3.227s] -- Up-to-date symlink: /home/alper/ros2_ws/install/my_robot_interfaces/share/my_robot_interfaces/srv/ComputeRectangleArea_Response.msg
[3.227s] -- Up-to-date symlink: /home/alper/ros2_ws/install/my_robot_interfaces/share/my_robot_interfaces/srv/SetLed.srv
[3.227s] -- Up-to-date symlink: /home/alper/ros2_ws/install/my_robot_interfaces/share/my_robot_interfaces/srv/SetLed_Request.msg
[3.227s] -- Up-to-date symlink: /home/alper/ros2_ws/install/my_robot_interfaces/share/my_robot_interfaces/srv/SetLed_Response.msg
[3.228s] -- Up-to-date symlink: /home/alper/ros2_ws/install/my_robot_interfaces/share/ament_index/resource_index/package_run_dependencies/my_robot_interfaces
[3.228s] -- Up-to-date symlink: /home/alper/ros2_ws/install/my_robot_interfaces/share/ament_index/resource_index/parent_prefix_path/my_robot_interfaces
[3.228s] -- Up-to-date symlink: /home/alper/ros2_ws/install/my_robot_interfaces/share/my_robot_interfaces/environment/ament_prefix_path.sh
[3.229s] -- Up-to-date symlink: /home/alper/ros2_ws/install/my_robot_interfaces/share/my_robot_interfaces/environment/ament_prefix_path.dsv
[3.229s] -- Up-to-date symlink: /home/alper/ros2_ws/install/my_robot_interfaces/share/my_robot_interfaces/environment/path.sh
[3.229s] -- Up-to-date symlink: /home/alper/ros2_ws/install/my_robot_interfaces/share/my_robot_interfaces/environment/path.dsv
[3.229s] -- Up-to-date symlink: /home/alper/ros2_ws/install/my_robot_interfaces/share/my_robot_interfaces/local_setup.bash
[3.230s] -- Up-to-date symlink: /home/alper/ros2_ws/install/my_robot_interfaces/share/my_robot_interfaces/local_setup.sh
[3.230s] -- Up-to-date symlink: /home/alper/ros2_ws/install/my_robot_interfaces/share/my_robot_interfaces/local_setup.zsh
[3.230s] -- Up-to-date symlink: /home/alper/ros2_ws/install/my_robot_interfaces/share/my_robot_interfaces/local_setup.dsv
[3.230s] -- Symlinking: /home/alper/ros2_ws/install/my_robot_interfaces/share/my_robot_interfaces/package.dsv
[3.235s] -- Up-to-date symlink: /home/alper/ros2_ws/install/my_robot_interfaces/share/ament_index/resource_index/packages/my_robot_interfaces
[3.236s] -- Up-to-date symlink: /home/alper/ros2_ws/install/my_robot_interfaces/share/my_robot_interfaces/cmake/rosidl_cmake-extras.cmake
[3.236s] -- Up-to-date symlink: /home/alper/ros2_ws/install/my_robot_interfaces/share/my_robot_interfaces/cmake/ament_cmake_export_dependencies-extras.cmake
[3.236s] -- Up-to-date symlink: /home/alper/ros2_ws/install/my_robot_interfaces/share/my_robot_interfaces/cmake/ament_cmake_export_libraries-extras.cmake
[3.236s] -- Up-to-date symlink: /home/alper/ros2_ws/install/my_robot_interfaces/share/my_robot_interfaces/cmake/ament_cmake_export_targets-extras.cmake
[3.236s] -- Up-to-date symlink: /home/alper/ros2_ws/install/my_robot_interfaces/share/my_robot_interfaces/cmake/ament_cmake_export_include_directories-extras.cmake
[3.237s] -- Up-to-date symlink: /home/alper/ros2_ws/install/my_robot_interfaces/share/my_robot_interfaces/cmake/rosidl_cmake_export_typesupport_libraries-extras.cmake
[3.237s] -- Up-to-date symlink: /home/alper/ros2_ws/install/my_robot_interfaces/share/my_robot_interfaces/cmake/rosidl_cmake_export_typesupport_targets-extras.cmake
[3.237s] -- Up-to-date symlink: /home/alper/ros2_ws/install/my_robot_interfaces/share/my_robot_interfaces/cmake/my_robot_interfacesConfig.cmake
[3.237s] -- Up-to-date symlink: /home/alper/ros2_ws/install/my_robot_interfaces/share/my_robot_interfaces/cmake/my_robot_interfacesConfig-version.cmake
[3.238s] -- Up-to-date symlink: /home/alper/ros2_ws/install/my_robot_interfaces/share/my_robot_interfaces/package.xml
[3.238s] -- Up-to-date: /home/alper/ros2_ws/install/my_robot_interfaces/lib/libmy_robot_interfaces__rosidl_generator_c.so
[3.238s] -- Up-to-date: /home/alper/ros2_ws/install/my_robot_interfaces/lib/libmy_robot_interfaces__rosidl_typesupport_introspection_c.so
[3.239s] -- Up-to-date: /home/alper/ros2_ws/install/my_robot_interfaces/lib/libmy_robot_interfaces__rosidl_typesupport_c.so
[3.239s] -- Up-to-date: /home/alper/ros2_ws/install/my_robot_interfaces/lib/libmy_robot_interfaces__rosidl_typesupport_introspection_cpp.so
[3.239s] -- Up-to-date: /home/alper/ros2_ws/install/my_robot_interfaces/lib/libmy_robot_interfaces__rosidl_typesupport_cpp.so
[3.297s] Compiling '/home/alper/ros2_ws/install/my_robot_interfaces/lib/python3.8/site-packages/my_robot_interfaces/__init__.py'...
[3.304s] -- Up-to-date: /home/alper/ros2_ws/install/my_robot_interfaces/share/my_robot_interfaces/cmake/my_robot_interfaces__rosidl_generator_cExport.cmake
[3.305s] -- Up-to-date: /home/alper/ros2_ws/install/my_robot_interfaces/share/my_robot_interfaces/cmake/my_robot_interfaces__rosidl_generator_cExport-noconfig.cmake
[3.305s] -- Up-to-date: /home/alper/ros2_ws/install/my_robot_interfaces/share/my_robot_interfaces/cmake/my_robot_interfaces__rosidl_typesupport_introspection_cExport.cmake
[3.305s] -- Up-to-date: /home/alper/ros2_ws/install/my_robot_interfaces/share/my_robot_interfaces/cmake/my_robot_interfaces__rosidl_typesupport_introspection_cExport-noconfig.cmake
[3.305s] -- Up-to-date: /home/alper/ros2_ws/install/my_robot_interfaces/share/my_robot_interfaces/cmake/my_robot_interfaces__rosidl_typesupport_cExport.cmake
[3.305s] -- Up-to-date: /home/alper/ros2_ws/install/my_robot_interfaces/share/my_robot_interfaces/cmake/my_robot_interfaces__rosidl_typesupport_cExport-noconfig.cmake
[3.306s] -- Up-to-date: /home/alper/ros2_ws/install/my_robot_interfaces/share/my_robot_interfaces/cmake/my_robot_interfaces__rosidl_generator_cppExport.cmake
[3.306s] -- Up-to-date: /home/alper/ros2_ws/install/my_robot_interfaces/share/my_robot_interfaces/cmake/my_robot_interfaces__rosidl_typesupport_introspection_cppExport.cmake
[3.306s] -- Up-to-date: /home/alper/ros2_ws/install/my_robot_interfaces/share/my_robot_interfaces/cmake/my_robot_interfaces__rosidl_typesupport_introspection_cppExport-noconfig.cmake
[3.306s] -- Up-to-date: /home/alper/ros2_ws/install/my_robot_interfaces/share/my_robot_interfaces/cmake/my_robot_interfaces__rosidl_typesupport_cppExport.cmake
[3.306s] -- Up-to-date: /home/alper/ros2_ws/install/my_robot_interfaces/share/my_robot_interfaces/cmake/my_robot_interfaces__rosidl_typesupport_cppExport-noconfig.cmake
[3.308s] Invoked command in '/home/alper/ros2_ws/build/my_robot_interfaces' returned '0': CMAKE_PREFIX_PATH=${CMAKE_PREFIX_PATH}:/home/alper/ros2_ws/install/turtlesim_catch_them_all:/home/alper/ros2_ws/install/my_py_pkg:/opt/ros/foxy /usr/bin/cmake --install /home/alper/ros2_ws/build/my_robot_interfaces
